[2016-11-24 10:24:46] /index.php?act=login&op=login ( act=login&op=login ) 
ERR: Db Error: La table 'kk2.user_lock' n'existe pas
SELECT * FROM `user_lock` WHERE ( pid = '213070643301' ) LIMIT 1  
[2016-11-24 10:24:46] /index.php?act=login&op=login ( act=login&op=login ) 
ERR: Db Error: La table 'kk2.user_lock' n'existe pas
DELETE  FROM `user_lock` WHERE ( pid = '213070643301' )
[2016-11-24 10:24:46] /index.php?act=login&op=login ( act=login&op=login ) 
ERR: Db Error: La table 'kk2.user_lock' n'existe pas
DELETE  FROM `user_lock` WHERE ( pid = '21307064331' )
[2016-11-24 13:07:42] /index.php?act=login&op=login ( act=login&op=login ) 
ERR: Db Error: La table 'kk2.user_lock' n'existe pas
SELECT * FROM `user_lock` WHERE ( pid = '213070643301' ) LIMIT 1  
[2016-11-24 13:07:42] /index.php?act=login&op=login ( act=login&op=login ) 
ERR: Db Error: La table 'kk2.user_lock' n'existe pas
SELECT * FROM `user_lock` WHERE ( pid = '21307064331' ) LIMIT 1  
[2016-11-24 13:07:42] /index.php?act=login&op=login ( act=login&op=login ) 
ERR: Db Error: La table 'kk2.user_lock' n'existe pas
SELECT * FROM `user_lock` WHERE ( pid = '21307064331' ) LIMIT 1  
[2016-11-24 13:07:42] /index.php?act=login&op=login ( act=login&op=login ) 
ERR: Db Error: La table 'kk2.user_lock' n'existe pas
INSERT  INTO `user_lock` (pid,pvalue,expiretime) VALUES ('21307064331','1','1479964662')
[2016-11-24 13:07:53] /index.php?act=login&op=login ( act=login&op=login ) 
ERR: Db Error: La table 'kk2.user_lock' n'existe pas
SELECT * FROM `user_lock` WHERE ( pid = '213070643301' ) LIMIT 1  
[2016-11-24 13:07:53] /index.php?act=login&op=login ( act=login&op=login ) 
ERR: Db Error: La table 'kk2.user_lock' n'existe pas
DELETE  FROM `user_lock` WHERE ( pid = '213070643301' )
[2016-11-24 13:07:53] /index.php?act=login&op=login ( act=login&op=login ) 
ERR: Db Error: La table 'kk2.user_lock' n'existe pas
DELETE  FROM `user_lock` WHERE ( pid = '21307064331' )
[2016-11-24 14:51:33] /index.php?act=login&op=login ( act=login&op=login ) 
ERR: Db Error: La table 'kk2.user_lock' n'existe pas
SELECT * FROM `user_lock` WHERE ( pid = '213070643301' ) LIMIT 1  
[2016-11-24 14:51:33] /index.php?act=login&op=login ( act=login&op=login ) 
ERR: Db Error: La table 'kk2.user_lock' n'existe pas
DELETE  FROM `user_lock` WHERE ( pid = '213070643301' )
[2016-11-24 14:51:33] /index.php?act=login&op=login ( act=login&op=login ) 
ERR: Db Error: La table 'kk2.user_lock' n'existe pas
DELETE  FROM `user_lock` WHERE ( pid = '21307064331' )
[2016-11-24 16:59:25] /index.php?act=login&op=login ( act=login&op=login ) 
ERR: Db Error: La table 'kk2.user_lock' n'existe pas
SELECT * FROM `user_lock` WHERE ( pid = '213070643301' ) LIMIT 1  
[2016-11-24 16:59:25] /index.php?act=login&op=login ( act=login&op=login ) 
ERR: Db Error: La table 'kk2.user_lock' n'existe pas
DELETE  FROM `user_lock` WHERE ( pid = '213070643301' )
[2016-11-24 16:59:25] /index.php?act=login&op=login ( act=login&op=login ) 
ERR: Db Error: La table 'kk2.user_lock' n'existe pas
DELETE  FROM `user_lock` WHERE ( pid = '21307064331' )
[2016-11-24 17:27:51] /admin/index.php?act=login&op=login ( act=login&op=login ) 
ERR: Db Error: La table 'kk2.user_lock' n'existe pas
SELECT * FROM `user_lock` WHERE ( pid = '213070643305' ) LIMIT 1  
[2016-11-24 17:27:51] /admin/index.php?act=login&op=login ( act=login&op=login ) 
ERR: Db Error: La table 'kk2.user_lock' n'existe pas
DELETE  FROM `user_lock` WHERE ( pid = '213070643305' )
[2016-11-24 17:27:51] /admin/index.php?act=login&op=login ( act=login&op=login ) 
ERR: Db Error: La table 'kk2.user_lock' n'existe pas
DELETE  FROM `user_lock` WHERE ( pid = '21307064335' )
[2016-11-24 18:48:07] /index.php?act=login&op=login ( act=login&op=login ) 
ERR: Db Error: La table 'kk2.user_lock' n'existe pas
SELECT * FROM `user_lock` WHERE ( pid = '213070643301' ) LIMIT 1  
[2016-11-24 18:48:07] /index.php?act=login&op=login ( act=login&op=login ) 
ERR: Db Error: La table 'kk2.user_lock' n'existe pas
DELETE  FROM `user_lock` WHERE ( pid = '213070643301' )
[2016-11-24 18:48:07] /index.php?act=login&op=login ( act=login&op=login ) 
ERR: Db Error: La table 'kk2.user_lock' n'existe pas
DELETE  FROM `user_lock` WHERE ( pid = '21307064331' )
[2016-11-24 20:09:55] /index.php?act=login&op=login ( act=login&op=login ) 
ERR: Db Error: Table 'kk2.user_lock' doesn't exist
SELECT * FROM `user_lock` WHERE ( pid = '000000000001' ) LIMIT 1  
[2016-11-24 20:09:55] /index.php?act=login&op=login ( act=login&op=login ) 
ERR: Db Error: Table 'kk2.user_lock' doesn't exist
DELETE  FROM `user_lock` WHERE ( pid = '000000000001' )
[2016-11-24 20:09:55] /index.php?act=login&op=login ( act=login&op=login ) 
ERR: Db Error: Table 'kk2.user_lock' doesn't exist
DELETE  FROM `user_lock` WHERE ( pid = '00000000001' )
[2016-11-24 20:10:08] /admin/index.php?act=login&op=login ( act=login&op=login ) 
ERR: Db Error: Table 'kk2.user_lock' doesn't exist
SELECT * FROM `user_lock` WHERE ( pid = '000000000005' ) LIMIT 1  
[2016-11-24 20:10:08] /admin/index.php?act=login&op=login ( act=login&op=login ) 
ERR: Db Error: Table 'kk2.user_lock' doesn't exist
DELETE  FROM `user_lock` WHERE ( pid = '000000000005' )
[2016-11-24 20:10:08] /admin/index.php?act=login&op=login ( act=login&op=login ) 
ERR: Db Error: Table 'kk2.user_lock' doesn't exist
DELETE  FROM `user_lock` WHERE ( pid = '00000000005' )
[2016-11-24 23:05:56] /admin/index.php?act=login&op=login ( act=login&op=login ) 
ERR: Db Error: Table 'kk2.user_lock' doesn't exist
SELECT * FROM `user_lock` WHERE ( pid = '000000000005' ) LIMIT 1  
[2016-11-24 23:05:56] /admin/index.php?act=login&op=login ( act=login&op=login ) 
ERR: Db Error: Table 'kk2.user_lock' doesn't exist
DELETE  FROM `user_lock` WHERE ( pid = '000000000005' )
[2016-11-24 23:05:56] /admin/index.php?act=login&op=login ( act=login&op=login ) 
ERR: Db Error: Table 'kk2.user_lock' doesn't exist
DELETE  FROM `user_lock` WHERE ( pid = '00000000005' )
[2016-11-24 23:52:30] /index.php?act=login&op=login ( act=login&op=login ) 
ERR: Db Error: Table 'kk2.user_lock' doesn't exist
SELECT * FROM `user_lock` WHERE ( pid = '000000000001' ) LIMIT 1  
[2016-11-24 23:52:30] /index.php?act=login&op=login ( act=login&op=login ) 
ERR: Db Error: Table 'kk2.user_lock' doesn't exist
DELETE  FROM `user_lock` WHERE ( pid = '000000000001' )
[2016-11-24 23:52:30] /index.php?act=login&op=login ( act=login&op=login ) 
ERR: Db Error: Table 'kk2.user_lock' doesn't exist
DELETE  FROM `user_lock` WHERE ( pid = '00000000001' )
