[2016-11-22 09:04:46] /index.php?act=login&op=login ( act=login&op=login ) 
ERR: Db Error: La table 'kk2.user_lock' n'existe pas
SELECT * FROM `user_lock` WHERE ( pid = '213070643301' ) LIMIT 1  
[2016-11-22 09:04:46] /index.php?act=login&op=login ( act=login&op=login ) 
ERR: Db Error: La table 'kk2.user_lock' n'existe pas
DELETE  FROM `user_lock` WHERE ( pid = '213070643301' )
[2016-11-22 09:04:46] /index.php?act=login&op=login ( act=login&op=login ) 
ERR: Db Error: La table 'kk2.user_lock' n'existe pas
DELETE  FROM `user_lock` WHERE ( pid = '21307064331' )
[2016-11-22 09:13:09] /admin/index.php?act=login&op=login ( act=login&op=login ) 
ERR: Db Error: La table 'kk2.user_lock' n'existe pas
SELECT * FROM `user_lock` WHERE ( pid = '213070643305' ) LIMIT 1  
[2016-11-22 09:13:09] /admin/index.php?act=login&op=login ( act=login&op=login ) 
ERR: Db Error: La table 'kk2.user_lock' n'existe pas
DELETE  FROM `user_lock` WHERE ( pid = '213070643305' )
[2016-11-22 09:13:09] /admin/index.php?act=login&op=login ( act=login&op=login ) 
ERR: Db Error: La table 'kk2.user_lock' n'existe pas
DELETE  FROM `user_lock` WHERE ( pid = '21307064335' )
[2016-11-22 11:09:11] /admin/modules/system/index.php?act=cs&op=groupEdit&group_id=1 ( act=cs&op=groupedit ) 
ERR: Db Error: Champ 'form_submit' inconnu dans field list
UPDATE `user_group` AS `group` SET form_submit = 'ok', group_id = '1', ref_url = 'http://localhost/admin/modules/system/index.php?act=cs&op=group', lsk = '2800', tj = '1', dpj = '1'  WHERE  group_id = '1'
[2016-11-22 11:11:52] /admin/modules/system/index.php?act=cs&op=groupEdit&group_id=1 ( act=cs&op=groupedit ) 
ERR: Db Error: Champ 'form_submit' inconnu dans field list
UPDATE `user_group` AS `group` SET form_submit = 'ok', group_id = '1', ref_url = 'http://localhost/admin/modules/system/index.php?act=cs&op=groupEdit&group_id=1', lsk = '2800', tj = '1', dpj = '1'  WHERE  group_id = '1'
[2016-11-22 11:12:13] /admin/modules/system/index.php?act=cs&op=groupEdit&group_id=1 ( act=cs&op=groupedit ) 
ERR: Db Error: Champ 'form_submit' inconnu dans field list
UPDATE `user_group` AS `group` SET form_submit = 'ok', group_id = '1', ref_url = 'http://localhost/admin/modules/system/index.php?act=cs&op=groupEdit&group_id=1', lsk = '2800', tj = '50', dpj = '15'  WHERE  group_id = '1'
[2016-11-22 11:43:49] /index.php?act=login&op=login ( act=login&op=login ) 
ERR: Db Error: La table 'kk2.user_lock' n'existe pas
SELECT * FROM `user_lock` WHERE ( pid = '213070643301' ) LIMIT 1  
[2016-11-22 11:43:49] /index.php?act=login&op=login ( act=login&op=login ) 
ERR: Db Error: La table 'kk2.user_lock' n'existe pas
DELETE  FROM `user_lock` WHERE ( pid = '213070643301' )
[2016-11-22 11:43:49] /index.php?act=login&op=login ( act=login&op=login ) 
ERR: Db Error: La table 'kk2.user_lock' n'existe pas
DELETE  FROM `user_lock` WHERE ( pid = '21307064331' )
[2016-11-22 12:51:18] /index.php?act=login&op=login ( act=login&op=login ) 
ERR: Db Error: La table 'kk2.user_lock' n'existe pas
SELECT * FROM `user_lock` WHERE ( pid = '213070643301' ) LIMIT 1  
[2016-11-22 12:51:18] /index.php?act=login&op=login ( act=login&op=login ) 
ERR: Db Error: La table 'kk2.user_lock' n'existe pas
DELETE  FROM `user_lock` WHERE ( pid = '213070643301' )
[2016-11-22 12:51:18] /index.php?act=login&op=login ( act=login&op=login ) 
ERR: Db Error: La table 'kk2.user_lock' n'existe pas
DELETE  FROM `user_lock` WHERE ( pid = '21307064331' )
[2016-11-22 14:04:05] /admin/index.php?act=login&op=login ( act=login&op=login ) 
ERR: Db Error: La table 'kk2.user_lock' n'existe pas
SELECT * FROM `user_lock` WHERE ( pid = '213070643305' ) LIMIT 1  
[2016-11-22 14:04:05] /admin/index.php?act=login&op=login ( act=login&op=login ) 
ERR: Db Error: La table 'kk2.user_lock' n'existe pas
DELETE  FROM `user_lock` WHERE ( pid = '213070643305' )
[2016-11-22 14:04:05] /admin/index.php?act=login&op=login ( act=login&op=login ) 
ERR: Db Error: La table 'kk2.user_lock' n'existe pas
DELETE  FROM `user_lock` WHERE ( pid = '21307064335' )
[2016-11-22 14:11:37] /index.php?act=login&op=login ( act=login&op=login ) 
ERR: Db Error: La table 'kk2.user_lock' n'existe pas
SELECT * FROM `user_lock` WHERE ( pid = '213070643301' ) LIMIT 1  
[2016-11-22 14:11:37] /index.php?act=login&op=login ( act=login&op=login ) 
ERR: Db Error: La table 'kk2.user_lock' n'existe pas
DELETE  FROM `user_lock` WHERE ( pid = '213070643301' )
[2016-11-22 14:11:37] /index.php?act=login&op=login ( act=login&op=login ) 
ERR: Db Error: La table 'kk2.user_lock' n'existe pas
DELETE  FROM `user_lock` WHERE ( pid = '21307064331' )
[2016-11-22 15:11:50] /index.php?act=login&op=login ( act=login&op=login ) 
ERR: Db Error: La table 'kk2.user_lock' n'existe pas
SELECT * FROM `user_lock` WHERE ( pid = '213070643301' ) LIMIT 1  
[2016-11-22 15:11:50] /index.php?act=login&op=login ( act=login&op=login ) 
ERR: Db Error: La table 'kk2.user_lock' n'existe pas
DELETE  FROM `user_lock` WHERE ( pid = '213070643301' )
[2016-11-22 15:11:50] /index.php?act=login&op=login ( act=login&op=login ) 
ERR: Db Error: La table 'kk2.user_lock' n'existe pas
DELETE  FROM `user_lock` WHERE ( pid = '21307064331' )
[2016-11-22 15:25:27] /admin/index.php?act=login&op=login ( act=login&op=login ) 
ERR: Db Error: La table 'kk2.user_lock' n'existe pas
SELECT * FROM `user_lock` WHERE ( pid = '213070643305' ) LIMIT 1  
[2016-11-22 15:25:27] /admin/index.php?act=login&op=login ( act=login&op=login ) 
ERR: Db Error: La table 'kk2.user_lock' n'existe pas
DELETE  FROM `user_lock` WHERE ( pid = '213070643305' )
[2016-11-22 15:25:27] /admin/index.php?act=login&op=login ( act=login&op=login ) 
ERR: Db Error: La table 'kk2.user_lock' n'existe pas
DELETE  FROM `user_lock` WHERE ( pid = '21307064335' )
[2016-11-22 16:23:31] /index.php?act=login&op=login ( act=login&op=login ) 
ERR: Db Error: La table 'kk2.user_lock' n'existe pas
SELECT * FROM `user_lock` WHERE ( pid = '213070643301' ) LIMIT 1  
[2016-11-22 16:23:31] /index.php?act=login&op=login ( act=login&op=login ) 
ERR: Db Error: La table 'kk2.user_lock' n'existe pas
SELECT * FROM `user_lock` WHERE ( pid = '21307064331' ) LIMIT 1  
[2016-11-22 16:23:31] /index.php?act=login&op=login ( act=login&op=login ) 
ERR: Db Error: La table 'kk2.user_lock' n'existe pas
SELECT * FROM `user_lock` WHERE ( pid = '21307064331' ) LIMIT 1  
[2016-11-22 16:23:31] /index.php?act=login&op=login ( act=login&op=login ) 
ERR: Db Error: La table 'kk2.user_lock' n'existe pas
INSERT  INTO `user_lock` (pid,pvalue,expiretime) VALUES ('21307064331','1','1479803611')
[2016-11-22 16:23:43] /index.php?act=login&op=login ( act=login&op=login ) 
ERR: Db Error: La table 'kk2.user_lock' n'existe pas
SELECT * FROM `user_lock` WHERE ( pid = '213070643301' ) LIMIT 1  
[2016-11-22 16:23:43] /index.php?act=login&op=login ( act=login&op=login ) 
ERR: Db Error: La table 'kk2.user_lock' n'existe pas
SELECT * FROM `user_lock` WHERE ( pid = '21307064331' ) LIMIT 1  
[2016-11-22 16:23:43] /index.php?act=login&op=login ( act=login&op=login ) 
ERR: Db Error: La table 'kk2.user_lock' n'existe pas
SELECT * FROM `user_lock` WHERE ( pid = '21307064331' ) LIMIT 1  
[2016-11-22 16:23:43] /index.php?act=login&op=login ( act=login&op=login ) 
ERR: Db Error: La table 'kk2.user_lock' n'existe pas
INSERT  INTO `user_lock` (pid,pvalue,expiretime) VALUES ('21307064331','1','1479803623')
[2016-11-22 16:23:55] /index.php?act=login&op=login ( act=login&op=login ) 
ERR: Db Error: La table 'kk2.user_lock' n'existe pas
SELECT * FROM `user_lock` WHERE ( pid = '213070643301' ) LIMIT 1  
[2016-11-22 16:23:55] /index.php?act=login&op=login ( act=login&op=login ) 
ERR: Db Error: La table 'kk2.user_lock' n'existe pas
DELETE  FROM `user_lock` WHERE ( pid = '213070643301' )
[2016-11-22 16:23:55] /index.php?act=login&op=login ( act=login&op=login ) 
ERR: Db Error: La table 'kk2.user_lock' n'existe pas
DELETE  FROM `user_lock` WHERE ( pid = '21307064331' )
[2016-11-22 17:26:56] /index.php?act=login&op=login ( act=login&op=login ) 
ERR: Db Error: La table 'kk2.user_lock' n'existe pas
SELECT * FROM `user_lock` WHERE ( pid = '213070643301' ) LIMIT 1  
[2016-11-22 17:26:56] /index.php?act=login&op=login ( act=login&op=login ) 
ERR: Db Error: La table 'kk2.user_lock' n'existe pas
DELETE  FROM `user_lock` WHERE ( pid = '213070643301' )
[2016-11-22 17:26:56] /index.php?act=login&op=login ( act=login&op=login ) 
ERR: Db Error: La table 'kk2.user_lock' n'existe pas
DELETE  FROM `user_lock` WHERE ( pid = '21307064331' )
[2016-11-22 17:27:56] /index.php?act=login&op=login ( act=login&op=login ) 
ERR: Db Error: La table 'kk2.user_lock' n'existe pas
SELECT * FROM `user_lock` WHERE ( pid = '000000000001' ) LIMIT 1  
[2016-11-22 17:27:56] /index.php?act=login&op=login ( act=login&op=login ) 
ERR: Db Error: La table 'kk2.user_lock' n'existe pas
SELECT * FROM `user_lock` WHERE ( pid = '00000000001' ) LIMIT 1  
[2016-11-22 17:27:56] /index.php?act=login&op=login ( act=login&op=login ) 
ERR: Db Error: La table 'kk2.user_lock' n'existe pas
SELECT * FROM `user_lock` WHERE ( pid = '00000000001' ) LIMIT 1  
[2016-11-22 17:27:56] /index.php?act=login&op=login ( act=login&op=login ) 
ERR: Db Error: La table 'kk2.user_lock' n'existe pas
INSERT  INTO `user_lock` (pid,pvalue,expiretime) VALUES ('00000000001','1','1479807476')
[2016-11-22 17:28:12] /index.php?act=login&op=login ( act=login&op=login ) 
ERR: Db Error: La table 'kk2.user_lock' n'existe pas
SELECT * FROM `user_lock` WHERE ( pid = '000000000001' ) LIMIT 1  
[2016-11-22 17:28:12] /index.php?act=login&op=login ( act=login&op=login ) 
ERR: Db Error: La table 'kk2.user_lock' n'existe pas
DELETE  FROM `user_lock` WHERE ( pid = '000000000001' )
[2016-11-22 17:28:12] /index.php?act=login&op=login ( act=login&op=login ) 
ERR: Db Error: La table 'kk2.user_lock' n'existe pas
DELETE  FROM `user_lock` WHERE ( pid = '00000000001' )
[2016-11-22 19:36:18] /index.php?act=login&op=login ( act=login&op=login ) 
ERR: Db Error: Table 'kk2.user_lock' doesn't exist
SELECT * FROM `user_lock` WHERE ( pid = '000000000001' ) LIMIT 1  
[2016-11-22 19:36:18] /index.php?act=login&op=login ( act=login&op=login ) 
ERR: Db Error: Table 'kk2.user_lock' doesn't exist
SELECT * FROM `user_lock` WHERE ( pid = '00000000001' ) LIMIT 1  
[2016-11-22 19:36:18] /index.php?act=login&op=login ( act=login&op=login ) 
ERR: Db Error: Table 'kk2.user_lock' doesn't exist
SELECT * FROM `user_lock` WHERE ( pid = '00000000001' ) LIMIT 1  
[2016-11-22 19:36:18] /index.php?act=login&op=login ( act=login&op=login ) 
ERR: Db Error: Table 'kk2.user_lock' doesn't exist
INSERT  INTO `user_lock` (pid,pvalue,expiretime) VALUES ('00000000001','1','1479815178')
[2016-11-22 19:36:29] /index.php?act=login&op=login ( act=login&op=login ) 
ERR: Db Error: Table 'kk2.user_lock' doesn't exist
SELECT * FROM `user_lock` WHERE ( pid = '000000000001' ) LIMIT 1  
[2016-11-22 19:36:29] /index.php?act=login&op=login ( act=login&op=login ) 
ERR: Db Error: Table 'kk2.user_lock' doesn't exist
DELETE  FROM `user_lock` WHERE ( pid = '000000000001' )
[2016-11-22 19:36:29] /index.php?act=login&op=login ( act=login&op=login ) 
ERR: Db Error: Table 'kk2.user_lock' doesn't exist
DELETE  FROM `user_lock` WHERE ( pid = '00000000001' )
[2016-11-22 20:46:01] /index.php?act=login&op=login ( act=login&op=login ) 
ERR: Db Error: Table 'kk2.user_lock' doesn't exist
SELECT * FROM `user_lock` WHERE ( pid = '000000000001' ) LIMIT 1  
[2016-11-22 20:46:01] /index.php?act=login&op=login ( act=login&op=login ) 
ERR: Db Error: Table 'kk2.user_lock' doesn't exist
DELETE  FROM `user_lock` WHERE ( pid = '000000000001' )
[2016-11-22 20:46:01] /index.php?act=login&op=login ( act=login&op=login ) 
ERR: Db Error: Table 'kk2.user_lock' doesn't exist
DELETE  FROM `user_lock` WHERE ( pid = '00000000001' )
[2016-11-22 21:46:09] /index.php?act=login&op=login ( act=login&op=login ) 
ERR: Db Error: Table 'kk2.user_lock' doesn't exist
SELECT * FROM `user_lock` WHERE ( pid = '000000000001' ) LIMIT 1  
[2016-11-22 21:46:09] /index.php?act=login&op=login ( act=login&op=login ) 
ERR: Db Error: Table 'kk2.user_lock' doesn't exist
DELETE  FROM `user_lock` WHERE ( pid = '000000000001' )
[2016-11-22 21:46:09] /index.php?act=login&op=login ( act=login&op=login ) 
ERR: Db Error: Table 'kk2.user_lock' doesn't exist
DELETE  FROM `user_lock` WHERE ( pid = '00000000001' )
[2016-11-22 21:47:54] /index.php?act=team&op=activation ( act=team&op=activation ) 
ERR: Db Error: Unknown table 'user'
SELECT user.*,group.name as group_name FROM `user_group` as `group` left join `user_users` as `users` ON group.group_id=users.group_id  WHERE  users.status = '' order by id asc limit 0,15
[2016-11-22 21:54:33] /index.php?act=team&op=register ( act=team&op=register ) 
ERR: Db Error: Unknown column 'users.status' in 'where clause'
SELECT * FROM `user_group` as `group`  WHERE  users.status = '' order by group_id asc
[2016-11-22 21:54:38] /index.php?act=team&op=register ( act=team&op=register ) 
ERR: Db Error: Unknown column 'users.status' in 'where clause'
SELECT * FROM `user_group` as `group`  WHERE  users.status = '' order by group_id asc
[2016-11-22 21:54:50] /index.php?act=team&op=register ( act=team&op=register ) 
ERR: Db Error: Unknown column 'users.status' in 'where clause'
SELECT * FROM `user_group` as `group`  WHERE  users.status = '' order by group_id asc
[2016-11-22 21:54:59] /index.php?act=team&op=register ( act=team&op=register ) 
ERR: Db Error: Unknown column 'users.status' in 'where clause'
SELECT * FROM `user_group` as `group`  WHERE  users.status = '' order by group_id asc
[2016-11-22 21:56:02] /index.php?act=team&op=register ( act=team&op=register ) 
ERR: Db Error: Unknown column 'users.status' in 'where clause'
SELECT * FROM `user_group` as `group`  WHERE  users.status = '' order by group_id asc
[2016-11-22 21:56:34] /index.php?act=team&op=register ( act=team&op=register ) 
ERR: Db Error: Unknown column 'users.status' in 'where clause'
SELECT * FROM `user_group` as `group`  WHERE  users.status = '' order by group_id asc
[2016-11-22 21:56:35] /index.php?act=team&op=register ( act=team&op=register ) 
ERR: Db Error: Unknown column 'users.status' in 'where clause'
SELECT * FROM `user_group` as `group`  WHERE  users.status = '' order by group_id asc
[2016-11-22 21:56:54] /index.php?act=team&op=register ( act=team&op=register ) 
ERR: Db Error: Unknown column 'users.status' in 'where clause'
SELECT * FROM `user_group` as `group`  WHERE  users.status = '' order by group_id asc
[2016-11-22 22:46:17] /index.php?act=login&op=login ( act=login&op=login ) 
ERR: Db Error: Table 'kk2.user_lock' doesn't exist
SELECT * FROM `user_lock` WHERE ( pid = '000000000001' ) LIMIT 1  
[2016-11-22 22:46:17] /index.php?act=login&op=login ( act=login&op=login ) 
ERR: Db Error: Table 'kk2.user_lock' doesn't exist
DELETE  FROM `user_lock` WHERE ( pid = '000000000001' )
[2016-11-22 22:46:17] /index.php?act=login&op=login ( act=login&op=login ) 
ERR: Db Error: Table 'kk2.user_lock' doesn't exist
DELETE  FROM `user_lock` WHERE ( pid = '00000000001' )
[2016-11-22 23:53:16] /index.php?act=login&op=login ( act=login&op=login ) 
ERR: Db Error: Table 'kk2.user_lock' doesn't exist
SELECT * FROM `user_lock` WHERE ( pid = '000000000001' ) LIMIT 1  
[2016-11-22 23:53:16] /index.php?act=login&op=login ( act=login&op=login ) 
ERR: Db Error: Table 'kk2.user_lock' doesn't exist
DELETE  FROM `user_lock` WHERE ( pid = '000000000001' )
[2016-11-22 23:53:16] /index.php?act=login&op=login ( act=login&op=login ) 
ERR: Db Error: Table 'kk2.user_lock' doesn't exist
DELETE  FROM `user_lock` WHERE ( pid = '00000000001' )
[2016-11-22 23:53:49] /index.php?act=team&op=confirm_add ( act=team&op=confirm_add ) 
ERR: Db Error: Unknown column 'area' in 'field list'
INSERT  INTO `user_record` (new_id,jdr_id,zc_id,tjr_id,time,area) VALUES ('2','1','1','1','1479830029','1')
[2016-11-22 23:55:06] /index.php?act=team&op=confirm_add ( act=team&op=confirm_add ) 
ERR: Db Error: Unknown column 'area' in 'field list'
INSERT  INTO `user_record` (new_id,jdr_id,zc_id,tjr_id,time,area) VALUES ('2','1','1','1','1479830106','1')
