[2016-12-06 10:57:06] /admin/index.php?act=login&op=login ( act=login&op=login ) 
ERR: Db Error: Table 'osman3308.user_lock' doesn't exist
SELECT * FROM `user_lock` WHERE ( pid = '305564882205' ) LIMIT 1  
[2016-12-06 10:57:06] /admin/index.php?act=login&op=login ( act=login&op=login ) 
ERR: Db Error: Table 'osman3308.user_lock' doesn't exist
DELETE  FROM `user_lock` WHERE ( pid = '305564882205' )
[2016-12-06 10:57:06] /admin/index.php?act=login&op=login ( act=login&op=login ) 
ERR: Db Error: Table 'osman3308.user_lock' doesn't exist
DELETE  FROM `user_lock` WHERE ( pid = '30556488225' )
[2016-12-06 10:57:37] /index.php?act=login&op=login ( act=login&op=login ) 
ERR: Db Error: Table 'osman3308.user_lock' doesn't exist
SELECT * FROM `user_lock` WHERE ( pid = '305564882201' ) LIMIT 1  
[2016-12-06 10:57:37] /index.php?act=login&op=login ( act=login&op=login ) 
ERR: Db Error: Table 'osman3308.user_lock' doesn't exist
DELETE  FROM `user_lock` WHERE ( pid = '305564882201' )
[2016-12-06 10:57:37] /index.php?act=login&op=login ( act=login&op=login ) 
ERR: Db Error: Table 'osman3308.user_lock' doesn't exist
DELETE  FROM `user_lock` WHERE ( pid = '30556488221' )
[2016-12-06 11:05:10] /index.php?act=login&op=login ( act=login&op=login ) 
ERR: Db Error: Table 'osman3308.user_lock' doesn't exist
SELECT * FROM `user_lock` WHERE ( pid = '305564882201' ) LIMIT 1  
[2016-12-06 11:05:10] /index.php?act=login&op=login ( act=login&op=login ) 
ERR: Db Error: Table 'osman3308.user_lock' doesn't exist
DELETE  FROM `user_lock` WHERE ( pid = '305564882201' )
[2016-12-06 11:05:10] /index.php?act=login&op=login ( act=login&op=login ) 
ERR: Db Error: Table 'osman3308.user_lock' doesn't exist
DELETE  FROM `user_lock` WHERE ( pid = '30556488221' )
[2016-12-06 11:07:33] /index.php?act=login&op=login ( act=login&op=login ) 
ERR: Db Error: Table 'osman3308.user_lock' doesn't exist
SELECT * FROM `user_lock` WHERE ( pid = '305564882201' ) LIMIT 1  
[2016-12-06 11:07:33] /index.php?act=login&op=login ( act=login&op=login ) 
ERR: Db Error: Table 'osman3308.user_lock' doesn't exist
DELETE  FROM `user_lock` WHERE ( pid = '305564882201' )
[2016-12-06 11:07:33] /index.php?act=login&op=login ( act=login&op=login ) 
ERR: Db Error: Table 'osman3308.user_lock' doesn't exist
DELETE  FROM `user_lock` WHERE ( pid = '30556488221' )
[2016-12-06 11:09:14] /index.php?act=login&op=login ( act=login&op=login ) 
ERR: Db Error: Table 'osman3308.user_lock' doesn't exist
SELECT * FROM `user_lock` WHERE ( pid = '305564882201' ) LIMIT 1  
[2016-12-06 11:09:14] /index.php?act=login&op=login ( act=login&op=login ) 
ERR: Db Error: Table 'osman3308.user_lock' doesn't exist
DELETE  FROM `user_lock` WHERE ( pid = '305564882201' )
[2016-12-06 11:09:14] /index.php?act=login&op=login ( act=login&op=login ) 
ERR: Db Error: Table 'osman3308.user_lock' doesn't exist
DELETE  FROM `user_lock` WHERE ( pid = '30556488221' )
[2016-12-06 11:11:23] /index.php?act=login&op=login ( act=login&op=login ) 
ERR: Db Error: Table 'osman3308.user_lock' doesn't exist
SELECT * FROM `user_lock` WHERE ( pid = '305564882201' ) LIMIT 1  
[2016-12-06 11:11:23] /index.php?act=login&op=login ( act=login&op=login ) 
ERR: Db Error: Table 'osman3308.user_lock' doesn't exist
DELETE  FROM `user_lock` WHERE ( pid = '305564882201' )
[2016-12-06 11:11:23] /index.php?act=login&op=login ( act=login&op=login ) 
ERR: Db Error: Table 'osman3308.user_lock' doesn't exist
DELETE  FROM `user_lock` WHERE ( pid = '30556488221' )
[2016-12-06 11:12:04] /index.php?act=login&op=login ( act=login&op=login ) 
ERR: Db Error: Table 'osman3308.user_lock' doesn't exist
SELECT * FROM `user_lock` WHERE ( pid = '305564882201' ) LIMIT 1  
[2016-12-06 11:12:04] /index.php?act=login&op=login ( act=login&op=login ) 
ERR: Db Error: Table 'osman3308.user_lock' doesn't exist
DELETE  FROM `user_lock` WHERE ( pid = '305564882201' )
[2016-12-06 11:12:04] /index.php?act=login&op=login ( act=login&op=login ) 
ERR: Db Error: Table 'osman3308.user_lock' doesn't exist
DELETE  FROM `user_lock` WHERE ( pid = '30556488221' )
[2016-12-06 11:14:07] /index.php?act=login&op=login ( act=login&op=login ) 
ERR: Db Error: Table 'osman3308.user_lock' doesn't exist
SELECT * FROM `user_lock` WHERE ( pid = '305564882201' ) LIMIT 1  
[2016-12-06 11:14:07] /index.php?act=login&op=login ( act=login&op=login ) 
ERR: Db Error: Table 'osman3308.user_lock' doesn't exist
SELECT * FROM `user_lock` WHERE ( pid = '30556488221' ) LIMIT 1  
[2016-12-06 11:14:07] /index.php?act=login&op=login ( act=login&op=login ) 
ERR: Db Error: Table 'osman3308.user_lock' doesn't exist
SELECT * FROM `user_lock` WHERE ( pid = '30556488221' ) LIMIT 1  
[2016-12-06 11:14:07] /index.php?act=login&op=login ( act=login&op=login ) 
ERR: Db Error: Table 'osman3308.user_lock' doesn't exist
INSERT  INTO `user_lock` (pid,pvalue,expiretime) VALUES ('30556488221','1','1480994647')
[2016-12-06 11:14:29] /index.php?act=login&op=login ( act=login&op=login ) 
ERR: Db Error: Table 'osman3308.user_lock' doesn't exist
SELECT * FROM `user_lock` WHERE ( pid = '305564882201' ) LIMIT 1  
[2016-12-06 11:14:29] /index.php?act=login&op=login ( act=login&op=login ) 
ERR: Db Error: Table 'osman3308.user_lock' doesn't exist
DELETE  FROM `user_lock` WHERE ( pid = '305564882201' )
[2016-12-06 11:14:29] /index.php?act=login&op=login ( act=login&op=login ) 
ERR: Db Error: Table 'osman3308.user_lock' doesn't exist
DELETE  FROM `user_lock` WHERE ( pid = '30556488221' )
[2016-12-06 11:15:26] /index.php?act=login&op=login ( act=login&op=login ) 
ERR: Db Error: Table 'osman3308.user_lock' doesn't exist
SELECT * FROM `user_lock` WHERE ( pid = '305564882201' ) LIMIT 1  
[2016-12-06 11:15:26] /index.php?act=login&op=login ( act=login&op=login ) 
ERR: Db Error: Table 'osman3308.user_lock' doesn't exist
DELETE  FROM `user_lock` WHERE ( pid = '305564882201' )
[2016-12-06 11:15:26] /index.php?act=login&op=login ( act=login&op=login ) 
ERR: Db Error: Table 'osman3308.user_lock' doesn't exist
DELETE  FROM `user_lock` WHERE ( pid = '30556488221' )
[2016-12-06 12:23:09] /index.php?act=login&op=login ( act=login&op=login ) 
ERR: Db Error: Table 'osman3308.user_lock' doesn't exist
SELECT * FROM `user_lock` WHERE ( pid = '305564882201' ) LIMIT 1  
[2016-12-06 12:23:09] /index.php?act=login&op=login ( act=login&op=login ) 
ERR: Db Error: Table 'osman3308.user_lock' doesn't exist
DELETE  FROM `user_lock` WHERE ( pid = '305564882201' )
[2016-12-06 12:23:09] /index.php?act=login&op=login ( act=login&op=login ) 
ERR: Db Error: Table 'osman3308.user_lock' doesn't exist
DELETE  FROM `user_lock` WHERE ( pid = '30556488221' )
[2016-12-06 12:52:48] /index.php?act=login&op=login ( act=login&op=login ) 
ERR: Db Error: Table 'osman3308.user_lock' doesn't exist
SELECT * FROM `user_lock` WHERE ( pid = '305564882201' ) LIMIT 1  
[2016-12-06 12:52:48] /index.php?act=login&op=login ( act=login&op=login ) 
ERR: Db Error: Table 'osman3308.user_lock' doesn't exist
DELETE  FROM `user_lock` WHERE ( pid = '305564882201' )
[2016-12-06 12:52:48] /index.php?act=login&op=login ( act=login&op=login ) 
ERR: Db Error: Table 'osman3308.user_lock' doesn't exist
DELETE  FROM `user_lock` WHERE ( pid = '30556488221' )
[2016-12-06 14:19:00] /index.php?act=login&op=login ( act=login&op=login ) 
ERR: Db Error: Table 'osman3308.user_lock' doesn't exist
SELECT * FROM `user_lock` WHERE ( pid = '305564882201' ) LIMIT 1  
[2016-12-06 14:19:00] /index.php?act=login&op=login ( act=login&op=login ) 
ERR: Db Error: Table 'osman3308.user_lock' doesn't exist
DELETE  FROM `user_lock` WHERE ( pid = '305564882201' )
[2016-12-06 14:19:00] /index.php?act=login&op=login ( act=login&op=login ) 
ERR: Db Error: Table 'osman3308.user_lock' doesn't exist
DELETE  FROM `user_lock` WHERE ( pid = '30556488221' )
[2016-12-06 14:21:13] /index.php?act=login&op=login ( act=login&op=login ) 
ERR: Db Error: Table 'osman3308.user_lock' doesn't exist
SELECT * FROM `user_lock` WHERE ( pid = '305564882201' ) LIMIT 1  
[2016-12-06 14:21:13] /index.php?act=login&op=login ( act=login&op=login ) 
ERR: Db Error: Table 'osman3308.user_lock' doesn't exist
DELETE  FROM `user_lock` WHERE ( pid = '305564882201' )
[2016-12-06 14:21:13] /index.php?act=login&op=login ( act=login&op=login ) 
ERR: Db Error: Table 'osman3308.user_lock' doesn't exist
DELETE  FROM `user_lock` WHERE ( pid = '30556488221' )
[2016-12-06 20:49:05] /admin/index.php?act=login&op=login ( act=login&op=login ) 
ERR: Db Error: Table 'osman3308.user_lock' doesn't exist
SELECT * FROM `user_lock` WHERE ( pid = '374648613305' ) LIMIT 1  
[2016-12-06 20:49:05] /admin/index.php?act=login&op=login ( act=login&op=login ) 
ERR: Db Error: Table 'osman3308.user_lock' doesn't exist
DELETE  FROM `user_lock` WHERE ( pid = '374648613305' )
[2016-12-06 20:49:05] /admin/index.php?act=login&op=login ( act=login&op=login ) 
ERR: Db Error: Table 'osman3308.user_lock' doesn't exist
DELETE  FROM `user_lock` WHERE ( pid = '37464861335' )
