[2016-12-08 07:59:44] /admin/index.php?act=login&op=login ( act=login&op=login ) 
ERR: Db Error: Table 'osman3308.user_lock' doesn't exist
SELECT * FROM `user_lock` WHERE ( pid = '374648561805' ) LIMIT 1  
[2016-12-08 07:59:44] /admin/index.php?act=login&op=login ( act=login&op=login ) 
ERR: Db Error: Table 'osman3308.user_lock' doesn't exist
SELECT * FROM `user_lock` WHERE ( pid = '37464856185' ) LIMIT 1  
[2016-12-08 07:59:44] /admin/index.php?act=login&op=login ( act=login&op=login ) 
ERR: Db Error: Table 'osman3308.user_lock' doesn't exist
SELECT * FROM `user_lock` WHERE ( pid = '37464856185' ) LIMIT 1  
[2016-12-08 07:59:44] /admin/index.php?act=login&op=login ( act=login&op=login ) 
ERR: Db Error: Table 'osman3308.user_lock' doesn't exist
INSERT  INTO `user_lock` (pid,pvalue,expiretime) VALUES ('37464856185','1','1481155784')
[2016-12-08 08:00:04] /admin/index.php?act=login&op=login ( act=login&op=login ) 
ERR: Db Error: Table 'osman3308.user_lock' doesn't exist
SELECT * FROM `user_lock` WHERE ( pid = '374648561805' ) LIMIT 1  
[2016-12-08 08:00:04] /admin/index.php?act=login&op=login ( act=login&op=login ) 
ERR: Db Error: Table 'osman3308.user_lock' doesn't exist
SELECT * FROM `user_lock` WHERE ( pid = '37464856185' ) LIMIT 1  
[2016-12-08 08:00:04] /admin/index.php?act=login&op=login ( act=login&op=login ) 
ERR: Db Error: Table 'osman3308.user_lock' doesn't exist
SELECT * FROM `user_lock` WHERE ( pid = '37464856185' ) LIMIT 1  
[2016-12-08 08:00:04] /admin/index.php?act=login&op=login ( act=login&op=login ) 
ERR: Db Error: Table 'osman3308.user_lock' doesn't exist
INSERT  INTO `user_lock` (pid,pvalue,expiretime) VALUES ('37464856185','1','1481155804')
[2016-12-08 08:00:30] /admin/index.php?act=login&op=login ( act=login&op=login ) 
ERR: Db Error: Table 'osman3308.user_lock' doesn't exist
SELECT * FROM `user_lock` WHERE ( pid = '374648561805' ) LIMIT 1  
[2016-12-08 08:00:30] /admin/index.php?act=login&op=login ( act=login&op=login ) 
ERR: Db Error: Table 'osman3308.user_lock' doesn't exist
DELETE  FROM `user_lock` WHERE ( pid = '374648561805' )
[2016-12-08 08:00:30] /admin/index.php?act=login&op=login ( act=login&op=login ) 
ERR: Db Error: Table 'osman3308.user_lock' doesn't exist
DELETE  FROM `user_lock` WHERE ( pid = '37464856185' )
[2016-12-08 08:02:04] /index.php?act=login&op=login ( act=login&op=login ) 
ERR: Db Error: Table 'osman3308.user_lock' doesn't exist
SELECT * FROM `user_lock` WHERE ( pid = '374648561801' ) LIMIT 1  
[2016-12-08 08:02:04] /index.php?act=login&op=login ( act=login&op=login ) 
ERR: Db Error: Table 'osman3308.user_lock' doesn't exist
SELECT * FROM `user_lock` WHERE ( pid = '37464856181' ) LIMIT 1  
[2016-12-08 08:02:04] /index.php?act=login&op=login ( act=login&op=login ) 
ERR: Db Error: Table 'osman3308.user_lock' doesn't exist
SELECT * FROM `user_lock` WHERE ( pid = '37464856181' ) LIMIT 1  
[2016-12-08 08:02:04] /index.php?act=login&op=login ( act=login&op=login ) 
ERR: Db Error: Table 'osman3308.user_lock' doesn't exist
INSERT  INTO `user_lock` (pid,pvalue,expiretime) VALUES ('37464856181','1','1481155924')
[2016-12-08 08:02:49] /admin/index.php?act=login&op=login ( act=login&op=login ) 
ERR: Db Error: Table 'osman3308.user_lock' doesn't exist
SELECT * FROM `user_lock` WHERE ( pid = '374648561805' ) LIMIT 1  
[2016-12-08 08:02:49] /admin/index.php?act=login&op=login ( act=login&op=login ) 
ERR: Db Error: Table 'osman3308.user_lock' doesn't exist
DELETE  FROM `user_lock` WHERE ( pid = '374648561805' )
[2016-12-08 08:02:49] /admin/index.php?act=login&op=login ( act=login&op=login ) 
ERR: Db Error: Table 'osman3308.user_lock' doesn't exist
DELETE  FROM `user_lock` WHERE ( pid = '37464856185' )
[2016-12-08 08:03:09] /index.php?act=login&op=login ( act=login&op=login ) 
ERR: Db Error: Table 'osman3308.user_lock' doesn't exist
SELECT * FROM `user_lock` WHERE ( pid = '374648561801' ) LIMIT 1  
[2016-12-08 08:03:09] /index.php?act=login&op=login ( act=login&op=login ) 
ERR: Db Error: Table 'osman3308.user_lock' doesn't exist
SELECT * FROM `user_lock` WHERE ( pid = '37464856181' ) LIMIT 1  
[2016-12-08 08:03:09] /index.php?act=login&op=login ( act=login&op=login ) 
ERR: Db Error: Table 'osman3308.user_lock' doesn't exist
SELECT * FROM `user_lock` WHERE ( pid = '37464856181' ) LIMIT 1  
[2016-12-08 08:03:09] /index.php?act=login&op=login ( act=login&op=login ) 
ERR: Db Error: Table 'osman3308.user_lock' doesn't exist
INSERT  INTO `user_lock` (pid,pvalue,expiretime) VALUES ('37464856181','1','1481155989')
[2016-12-08 08:04:25] /index.php?act=login&op=login ( act=login&op=login ) 
ERR: Db Error: Table 'osman3308.user_lock' doesn't exist
SELECT * FROM `user_lock` WHERE ( pid = '374648561801' ) LIMIT 1  
[2016-12-08 08:04:25] /index.php?act=login&op=login ( act=login&op=login ) 
ERR: Db Error: Table 'osman3308.user_lock' doesn't exist
SELECT * FROM `user_lock` WHERE ( pid = '37464856181' ) LIMIT 1  
[2016-12-08 08:04:25] /index.php?act=login&op=login ( act=login&op=login ) 
ERR: Db Error: Table 'osman3308.user_lock' doesn't exist
SELECT * FROM `user_lock` WHERE ( pid = '37464856181' ) LIMIT 1  
[2016-12-08 08:04:25] /index.php?act=login&op=login ( act=login&op=login ) 
ERR: Db Error: Table 'osman3308.user_lock' doesn't exist
INSERT  INTO `user_lock` (pid,pvalue,expiretime) VALUES ('37464856181','1','1481156065')
[2016-12-08 08:04:59] /index.php?act=login&op=login ( act=login&op=login ) 
ERR: Db Error: Table 'osman3308.user_lock' doesn't exist
SELECT * FROM `user_lock` WHERE ( pid = '374648561801' ) LIMIT 1  
[2016-12-08 08:04:59] /index.php?act=login&op=login ( act=login&op=login ) 
ERR: Db Error: Table 'osman3308.user_lock' doesn't exist
SELECT * FROM `user_lock` WHERE ( pid = '37464856181' ) LIMIT 1  
[2016-12-08 08:04:59] /index.php?act=login&op=login ( act=login&op=login ) 
ERR: Db Error: Table 'osman3308.user_lock' doesn't exist
SELECT * FROM `user_lock` WHERE ( pid = '37464856181' ) LIMIT 1  
[2016-12-08 08:04:59] /index.php?act=login&op=login ( act=login&op=login ) 
ERR: Db Error: Table 'osman3308.user_lock' doesn't exist
INSERT  INTO `user_lock` (pid,pvalue,expiretime) VALUES ('37464856181','1','1481156099')
[2016-12-08 08:05:23] /index.php?act=login&op=login ( act=login&op=login ) 
ERR: Db Error: Table 'osman3308.user_lock' doesn't exist
SELECT * FROM `user_lock` WHERE ( pid = '374648561801' ) LIMIT 1  
[2016-12-08 08:05:23] /index.php?act=login&op=login ( act=login&op=login ) 
ERR: Db Error: Table 'osman3308.user_lock' doesn't exist
SELECT * FROM `user_lock` WHERE ( pid = '37464856181' ) LIMIT 1  
[2016-12-08 08:05:24] /index.php?act=login&op=login ( act=login&op=login ) 
ERR: Db Error: Table 'osman3308.user_lock' doesn't exist
SELECT * FROM `user_lock` WHERE ( pid = '37464856181' ) LIMIT 1  
[2016-12-08 08:05:24] /index.php?act=login&op=login ( act=login&op=login ) 
ERR: Db Error: Table 'osman3308.user_lock' doesn't exist
INSERT  INTO `user_lock` (pid,pvalue,expiretime) VALUES ('37464856181','1','1481156123')
[2016-12-08 08:05:49] /index.php?act=login&op=login ( act=login&op=login ) 
ERR: Db Error: Table 'osman3308.user_lock' doesn't exist
SELECT * FROM `user_lock` WHERE ( pid = '374648561801' ) LIMIT 1  
[2016-12-08 08:05:49] /index.php?act=login&op=login ( act=login&op=login ) 
ERR: Db Error: Table 'osman3308.user_lock' doesn't exist
SELECT * FROM `user_lock` WHERE ( pid = '37464856181' ) LIMIT 1  
[2016-12-08 08:05:49] /index.php?act=login&op=login ( act=login&op=login ) 
ERR: Db Error: Table 'osman3308.user_lock' doesn't exist
SELECT * FROM `user_lock` WHERE ( pid = '37464856181' ) LIMIT 1  
[2016-12-08 08:05:49] /index.php?act=login&op=login ( act=login&op=login ) 
ERR: Db Error: Table 'osman3308.user_lock' doesn't exist
INSERT  INTO `user_lock` (pid,pvalue,expiretime) VALUES ('37464856181','1','1481156149')
[2016-12-08 08:06:41] /index.php?act=login&op=login ( act=login&op=login ) 
ERR: Db Error: Table 'osman3308.user_lock' doesn't exist
SELECT * FROM `user_lock` WHERE ( pid = '374648561801' ) LIMIT 1  
[2016-12-08 08:06:41] /index.php?act=login&op=login ( act=login&op=login ) 
ERR: Db Error: Table 'osman3308.user_lock' doesn't exist
SELECT * FROM `user_lock` WHERE ( pid = '37464856181' ) LIMIT 1  
[2016-12-08 08:06:41] /index.php?act=login&op=login ( act=login&op=login ) 
ERR: Db Error: Table 'osman3308.user_lock' doesn't exist
SELECT * FROM `user_lock` WHERE ( pid = '37464856181' ) LIMIT 1  
[2016-12-08 08:06:41] /index.php?act=login&op=login ( act=login&op=login ) 
ERR: Db Error: Table 'osman3308.user_lock' doesn't exist
INSERT  INTO `user_lock` (pid,pvalue,expiretime) VALUES ('37464856181','1','1481156201')
[2016-12-08 08:08:20] /index.php?act=login&op=login ( act=login&op=login ) 
ERR: Db Error: Table 'osman3308.user_lock' doesn't exist
SELECT * FROM `user_lock` WHERE ( pid = '374648561801' ) LIMIT 1  
[2016-12-08 08:08:20] /index.php?act=login&op=login ( act=login&op=login ) 
ERR: Db Error: Table 'osman3308.user_lock' doesn't exist
SELECT * FROM `user_lock` WHERE ( pid = '37464856181' ) LIMIT 1  
[2016-12-08 08:08:20] /index.php?act=login&op=login ( act=login&op=login ) 
ERR: Db Error: Table 'osman3308.user_lock' doesn't exist
SELECT * FROM `user_lock` WHERE ( pid = '37464856181' ) LIMIT 1  
[2016-12-08 08:08:20] /index.php?act=login&op=login ( act=login&op=login ) 
ERR: Db Error: Table 'osman3308.user_lock' doesn't exist
INSERT  INTO `user_lock` (pid,pvalue,expiretime) VALUES ('37464856181','1','1481156300')
[2016-12-08 08:08:43] /index.php?act=login&op=login ( act=login&op=login ) 
ERR: Db Error: Table 'osman3308.user_lock' doesn't exist
SELECT * FROM `user_lock` WHERE ( pid = '374648561801' ) LIMIT 1  
[2016-12-08 08:08:43] /index.php?act=login&op=login ( act=login&op=login ) 
ERR: Db Error: Table 'osman3308.user_lock' doesn't exist
SELECT * FROM `user_lock` WHERE ( pid = '37464856181' ) LIMIT 1  
[2016-12-08 08:08:43] /index.php?act=login&op=login ( act=login&op=login ) 
ERR: Db Error: Table 'osman3308.user_lock' doesn't exist
SELECT * FROM `user_lock` WHERE ( pid = '37464856181' ) LIMIT 1  
[2016-12-08 08:08:43] /index.php?act=login&op=login ( act=login&op=login ) 
ERR: Db Error: Table 'osman3308.user_lock' doesn't exist
INSERT  INTO `user_lock` (pid,pvalue,expiretime) VALUES ('37464856181','1','1481156323')
[2016-12-08 08:10:22] /admin/modules/member/index.php?act=member&op=ajax&branch=check_email&member_email=awtf%40163.com&user_name=awtf%40163.com&member_id= ( act=member&op=ajax ) 
ERR: Db Error: Unknown column 'member_email' in 'where clause'
SELECT * FROM `user_users` WHERE ( member_email = 'awtf@163.com' ) AND ( member_id <> '0' ) LIMIT 1  
[2016-12-08 08:12:58] /index.php?act=login&op=login ( act=login&op=login ) 
ERR: Db Error: Table 'osman3308.user_lock' doesn't exist
SELECT * FROM `user_lock` WHERE ( pid = '374648561801' ) LIMIT 1  
[2016-12-08 08:12:58] /index.php?act=login&op=login ( act=login&op=login ) 
ERR: Db Error: Table 'osman3308.user_lock' doesn't exist
SELECT * FROM `user_lock` WHERE ( pid = '37464856181' ) LIMIT 1  
[2016-12-08 08:12:58] /index.php?act=login&op=login ( act=login&op=login ) 
ERR: Db Error: Table 'osman3308.user_lock' doesn't exist
SELECT * FROM `user_lock` WHERE ( pid = '37464856181' ) LIMIT 1  
[2016-12-08 08:12:58] /index.php?act=login&op=login ( act=login&op=login ) 
ERR: Db Error: Table 'osman3308.user_lock' doesn't exist
INSERT  INTO `user_lock` (pid,pvalue,expiretime) VALUES ('37464856181','1','1481156578')
[2016-12-08 11:06:54] /admin/index.php?act=login&op=login ( act=login&op=login ) 
ERR: Db Error: Table 'osman3308.user_lock' doesn't exist
SELECT * FROM `user_lock` WHERE ( pid = '305564882205' ) LIMIT 1  
[2016-12-08 11:06:54] /admin/index.php?act=login&op=login ( act=login&op=login ) 
ERR: Db Error: Table 'osman3308.user_lock' doesn't exist
DELETE  FROM `user_lock` WHERE ( pid = '305564882205' )
[2016-12-08 11:06:54] /admin/index.php?act=login&op=login ( act=login&op=login ) 
ERR: Db Error: Table 'osman3308.user_lock' doesn't exist
DELETE  FROM `user_lock` WHERE ( pid = '30556488225' )
[2016-12-08 11:07:10] /index.php?act=login&op=login ( act=login&op=login ) 
ERR: Db Error: Table 'osman3308.user_lock' doesn't exist
SELECT * FROM `user_lock` WHERE ( pid = '305564882201' ) LIMIT 1  
[2016-12-08 11:07:10] /index.php?act=login&op=login ( act=login&op=login ) 
ERR: Db Error: Table 'osman3308.user_lock' doesn't exist
SELECT * FROM `user_lock` WHERE ( pid = '30556488221' ) LIMIT 1  
[2016-12-08 11:07:10] /index.php?act=login&op=login ( act=login&op=login ) 
ERR: Db Error: Table 'osman3308.user_lock' doesn't exist
SELECT * FROM `user_lock` WHERE ( pid = '30556488221' ) LIMIT 1  
[2016-12-08 11:07:10] /index.php?act=login&op=login ( act=login&op=login ) 
ERR: Db Error: Table 'osman3308.user_lock' doesn't exist
INSERT  INTO `user_lock` (pid,pvalue,expiretime) VALUES ('30556488221','1','1481167030')
[2016-12-08 11:08:39] /index.php?act=login&op=login ( act=login&op=login ) 
ERR: Db Error: Table 'osman3308.user_lock' doesn't exist
SELECT * FROM `user_lock` WHERE ( pid = '305564882201' ) LIMIT 1  
[2016-12-08 11:08:39] /index.php?act=login&op=login ( act=login&op=login ) 
ERR: Db Error: Table 'osman3308.user_lock' doesn't exist
SELECT * FROM `user_lock` WHERE ( pid = '30556488221' ) LIMIT 1  
[2016-12-08 11:08:39] /index.php?act=login&op=login ( act=login&op=login ) 
ERR: Db Error: Table 'osman3308.user_lock' doesn't exist
SELECT * FROM `user_lock` WHERE ( pid = '30556488221' ) LIMIT 1  
[2016-12-08 11:08:39] /index.php?act=login&op=login ( act=login&op=login ) 
ERR: Db Error: Table 'osman3308.user_lock' doesn't exist
INSERT  INTO `user_lock` (pid,pvalue,expiretime) VALUES ('30556488221','1','1481167119')
[2016-12-08 11:08:51] /index.php?act=login&op=login ( act=login&op=login ) 
ERR: Db Error: Table 'osman3308.user_lock' doesn't exist
SELECT * FROM `user_lock` WHERE ( pid = '305564882201' ) LIMIT 1  
[2016-12-08 11:08:51] /index.php?act=login&op=login ( act=login&op=login ) 
ERR: Db Error: Table 'osman3308.user_lock' doesn't exist
SELECT * FROM `user_lock` WHERE ( pid = '30556488221' ) LIMIT 1  
[2016-12-08 11:08:51] /index.php?act=login&op=login ( act=login&op=login ) 
ERR: Db Error: Table 'osman3308.user_lock' doesn't exist
SELECT * FROM `user_lock` WHERE ( pid = '30556488221' ) LIMIT 1  
[2016-12-08 11:08:51] /index.php?act=login&op=login ( act=login&op=login ) 
ERR: Db Error: Table 'osman3308.user_lock' doesn't exist
INSERT  INTO `user_lock` (pid,pvalue,expiretime) VALUES ('30556488221','1','1481167130')
[2016-12-08 11:12:52] /index.php?act=login&op=login ( act=login&op=login ) 
ERR: Db Error: Table 'osman3308.user_lock' doesn't exist
SELECT * FROM `user_lock` WHERE ( pid = '305564882201' ) LIMIT 1  
[2016-12-08 11:12:52] /index.php?act=login&op=login ( act=login&op=login ) 
ERR: Db Error: Table 'osman3308.user_lock' doesn't exist
SELECT * FROM `user_lock` WHERE ( pid = '30556488221' ) LIMIT 1  
[2016-12-08 11:12:52] /index.php?act=login&op=login ( act=login&op=login ) 
ERR: Db Error: Table 'osman3308.user_lock' doesn't exist
SELECT * FROM `user_lock` WHERE ( pid = '30556488221' ) LIMIT 1  
[2016-12-08 11:12:52] /index.php?act=login&op=login ( act=login&op=login ) 
ERR: Db Error: Table 'osman3308.user_lock' doesn't exist
INSERT  INTO `user_lock` (pid,pvalue,expiretime) VALUES ('30556488221','1','1481167372')
[2016-12-08 11:21:43] /admin/index.php?act=login&op=login ( act=login&op=login ) 
ERR: Db Error: Table 'osman3308.user_lock' doesn't exist
SELECT * FROM `user_lock` WHERE ( pid = '463304919005' ) LIMIT 1  
[2016-12-08 11:21:43] /admin/index.php?act=login&op=login ( act=login&op=login ) 
ERR: Db Error: Table 'osman3308.user_lock' doesn't exist
DELETE  FROM `user_lock` WHERE ( pid = '463304919005' )
[2016-12-08 11:21:43] /admin/index.php?act=login&op=login ( act=login&op=login ) 
ERR: Db Error: Table 'osman3308.user_lock' doesn't exist
DELETE  FROM `user_lock` WHERE ( pid = '46330491905' )
[2016-12-08 11:22:52] /index.php?act=login&op=login ( act=login&op=login ) 
ERR: Db Error: Table 'osman3308.user_lock' doesn't exist
SELECT * FROM `user_lock` WHERE ( pid = '463304919001' ) LIMIT 1  
[2016-12-08 11:22:52] /index.php?act=login&op=login ( act=login&op=login ) 
ERR: Db Error: Table 'osman3308.user_lock' doesn't exist
SELECT * FROM `user_lock` WHERE ( pid = '46330491901' ) LIMIT 1  
[2016-12-08 11:22:52] /index.php?act=login&op=login ( act=login&op=login ) 
ERR: Db Error: Table 'osman3308.user_lock' doesn't exist
SELECT * FROM `user_lock` WHERE ( pid = '46330491901' ) LIMIT 1  
[2016-12-08 11:22:52] /index.php?act=login&op=login ( act=login&op=login ) 
ERR: Db Error: Table 'osman3308.user_lock' doesn't exist
INSERT  INTO `user_lock` (pid,pvalue,expiretime) VALUES ('46330491901','1','1481167972')
[2016-12-08 11:24:28] /index.php?act=login&op=login ( act=login&op=login ) 
ERR: Db Error: Table 'osman3308.user_lock' doesn't exist
SELECT * FROM `user_lock` WHERE ( pid = '368327398001' ) LIMIT 1  
[2016-12-08 11:24:28] /index.php?act=login&op=login ( act=login&op=login ) 
ERR: Db Error: Table 'osman3308.user_lock' doesn't exist
SELECT * FROM `user_lock` WHERE ( pid = '36832739801' ) LIMIT 1  
[2016-12-08 11:24:28] /index.php?act=login&op=login ( act=login&op=login ) 
ERR: Db Error: Table 'osman3308.user_lock' doesn't exist
SELECT * FROM `user_lock` WHERE ( pid = '36832739801' ) LIMIT 1  
[2016-12-08 11:24:28] /index.php?act=login&op=login ( act=login&op=login ) 
ERR: Db Error: Table 'osman3308.user_lock' doesn't exist
INSERT  INTO `user_lock` (pid,pvalue,expiretime) VALUES ('36832739801','1','1481168068')
[2016-12-08 11:24:38] /index.php?act=login&op=login ( act=login&op=login ) 
ERR: Db Error: Table 'osman3308.user_lock' doesn't exist
SELECT * FROM `user_lock` WHERE ( pid = '368327398001' ) LIMIT 1  
[2016-12-08 11:24:38] /index.php?act=login&op=login ( act=login&op=login ) 
ERR: Db Error: Table 'osman3308.user_lock' doesn't exist
SELECT * FROM `user_lock` WHERE ( pid = '36832739801' ) LIMIT 1  
[2016-12-08 11:24:38] /index.php?act=login&op=login ( act=login&op=login ) 
ERR: Db Error: Table 'osman3308.user_lock' doesn't exist
SELECT * FROM `user_lock` WHERE ( pid = '36832739801' ) LIMIT 1  
[2016-12-08 11:24:38] /index.php?act=login&op=login ( act=login&op=login ) 
ERR: Db Error: Table 'osman3308.user_lock' doesn't exist
INSERT  INTO `user_lock` (pid,pvalue,expiretime) VALUES ('36832739801','1','1481168078')
[2016-12-08 11:29:19] /index.php?act=login&op=login ( act=login&op=login ) 
ERR: Db Error: Table 'osman3308.user_lock' doesn't exist
SELECT * FROM `user_lock` WHERE ( pid = '368327398001' ) LIMIT 1  
[2016-12-08 11:29:19] /index.php?act=login&op=login ( act=login&op=login ) 
ERR: Db Error: Table 'osman3308.user_lock' doesn't exist
DELETE  FROM `user_lock` WHERE ( pid = '368327398001' )
[2016-12-08 11:29:19] /index.php?act=login&op=login ( act=login&op=login ) 
ERR: Db Error: Table 'osman3308.user_lock' doesn't exist
DELETE  FROM `user_lock` WHERE ( pid = '36832739801' )
[2016-12-08 11:29:47] /admin/index.php?act=login&op=login ( act=login&op=login ) 
ERR: Db Error: Table 'osman3308.user_lock' doesn't exist
SELECT * FROM `user_lock` WHERE ( pid = '368327398005' ) LIMIT 1  
[2016-12-08 11:29:47] /admin/index.php?act=login&op=login ( act=login&op=login ) 
ERR: Db Error: Table 'osman3308.user_lock' doesn't exist
DELETE  FROM `user_lock` WHERE ( pid = '368327398005' )
[2016-12-08 11:29:47] /admin/index.php?act=login&op=login ( act=login&op=login ) 
ERR: Db Error: Table 'osman3308.user_lock' doesn't exist
DELETE  FROM `user_lock` WHERE ( pid = '36832739805' )
[2016-12-08 11:38:48] /index.php?act=login&op=login ( act=login&op=login ) 
ERR: Db Error: Table 'osman3308.user_lock' doesn't exist
SELECT * FROM `user_lock` WHERE ( pid = '368327398001' ) LIMIT 1  
[2016-12-08 11:38:48] /index.php?act=login&op=login ( act=login&op=login ) 
ERR: Db Error: Table 'osman3308.user_lock' doesn't exist
DELETE  FROM `user_lock` WHERE ( pid = '368327398001' )
[2016-12-08 11:38:48] /index.php?act=login&op=login ( act=login&op=login ) 
ERR: Db Error: Table 'osman3308.user_lock' doesn't exist
DELETE  FROM `user_lock` WHERE ( pid = '36832739801' )
[2016-12-08 11:39:24] /index.php?act=login&op=login ( act=login&op=login ) 
ERR: Db Error: Table 'osman3308.user_lock' doesn't exist
SELECT * FROM `user_lock` WHERE ( pid = '463304919001' ) LIMIT 1  
[2016-12-08 11:39:24] /index.php?act=login&op=login ( act=login&op=login ) 
ERR: Db Error: Table 'osman3308.user_lock' doesn't exist
SELECT * FROM `user_lock` WHERE ( pid = '46330491901' ) LIMIT 1  
[2016-12-08 11:39:24] /index.php?act=login&op=login ( act=login&op=login ) 
ERR: Db Error: Table 'osman3308.user_lock' doesn't exist
SELECT * FROM `user_lock` WHERE ( pid = '46330491901' ) LIMIT 1  
[2016-12-08 11:39:24] /index.php?act=login&op=login ( act=login&op=login ) 
ERR: Db Error: Table 'osman3308.user_lock' doesn't exist
INSERT  INTO `user_lock` (pid,pvalue,expiretime) VALUES ('46330491901','1','1481168964')
[2016-12-08 11:40:33] /index.php?act=login&op=login ( act=login&op=login ) 
ERR: Db Error: Table 'osman3308.user_lock' doesn't exist
SELECT * FROM `user_lock` WHERE ( pid = '463304919001' ) LIMIT 1  
[2016-12-08 11:40:33] /index.php?act=login&op=login ( act=login&op=login ) 
ERR: Db Error: Table 'osman3308.user_lock' doesn't exist
DELETE  FROM `user_lock` WHERE ( pid = '463304919001' )
[2016-12-08 11:40:33] /index.php?act=login&op=login ( act=login&op=login ) 
ERR: Db Error: Table 'osman3308.user_lock' doesn't exist
DELETE  FROM `user_lock` WHERE ( pid = '46330491901' )
[2016-12-08 12:22:46] /index.php?act=login&op=login ( act=login&op=login ) 
ERR: Db Error: Table 'osman3308.user_lock' doesn't exist
SELECT * FROM `user_lock` WHERE ( pid = '463304919001' ) LIMIT 1  
[2016-12-08 12:22:46] /index.php?act=login&op=login ( act=login&op=login ) 
ERR: Db Error: Table 'osman3308.user_lock' doesn't exist
DELETE  FROM `user_lock` WHERE ( pid = '463304919001' )
[2016-12-08 12:22:46] /index.php?act=login&op=login ( act=login&op=login ) 
ERR: Db Error: Table 'osman3308.user_lock' doesn't exist
DELETE  FROM `user_lock` WHERE ( pid = '46330491901' )
[2016-12-08 12:38:05] /admin/index.php?act=login&op=login ( act=login&op=login ) 
ERR: Db Error: Table 'osman3308.user_lock' doesn't exist
SELECT * FROM `user_lock` WHERE ( pid = '305564882205' ) LIMIT 1  
[2016-12-08 12:38:05] /admin/index.php?act=login&op=login ( act=login&op=login ) 
ERR: Db Error: Table 'osman3308.user_lock' doesn't exist
DELETE  FROM `user_lock` WHERE ( pid = '305564882205' )
[2016-12-08 12:38:05] /admin/index.php?act=login&op=login ( act=login&op=login ) 
ERR: Db Error: Table 'osman3308.user_lock' doesn't exist
DELETE  FROM `user_lock` WHERE ( pid = '30556488225' )
[2016-12-08 12:38:29] /index.php?act=login&op=login ( act=login&op=login ) 
ERR: Db Error: Table 'osman3308.user_lock' doesn't exist
SELECT * FROM `user_lock` WHERE ( pid = '305564882201' ) LIMIT 1  
[2016-12-08 12:38:29] /index.php?act=login&op=login ( act=login&op=login ) 
ERR: Db Error: Table 'osman3308.user_lock' doesn't exist
DELETE  FROM `user_lock` WHERE ( pid = '305564882201' )
[2016-12-08 12:38:29] /index.php?act=login&op=login ( act=login&op=login ) 
ERR: Db Error: Table 'osman3308.user_lock' doesn't exist
DELETE  FROM `user_lock` WHERE ( pid = '30556488221' )
[2016-12-08 12:48:36] /index.php?act=login&op=login ( act=login&op=login ) 
ERR: Db Error: Table 'osman3308.user_lock' doesn't exist
SELECT * FROM `user_lock` WHERE ( pid = '463304919001' ) LIMIT 1  
[2016-12-08 12:48:36] /index.php?act=login&op=login ( act=login&op=login ) 
ERR: Db Error: Table 'osman3308.user_lock' doesn't exist
DELETE  FROM `user_lock` WHERE ( pid = '463304919001' )
[2016-12-08 12:48:36] /index.php?act=login&op=login ( act=login&op=login ) 
ERR: Db Error: Table 'osman3308.user_lock' doesn't exist
DELETE  FROM `user_lock` WHERE ( pid = '46330491901' )
[2016-12-08 13:17:24] /index.php?act=login&op=login ( act=login&op=login ) 
ERR: Db Error: Table 'osman3308.user_lock' doesn't exist
SELECT * FROM `user_lock` WHERE ( pid = '368327398001' ) LIMIT 1  
[2016-12-08 13:17:24] /index.php?act=login&op=login ( act=login&op=login ) 
ERR: Db Error: Table 'osman3308.user_lock' doesn't exist
DELETE  FROM `user_lock` WHERE ( pid = '368327398001' )
[2016-12-08 13:17:24] /index.php?act=login&op=login ( act=login&op=login ) 
ERR: Db Error: Table 'osman3308.user_lock' doesn't exist
DELETE  FROM `user_lock` WHERE ( pid = '36832739801' )
[2016-12-08 13:37:06] /index.php?act=login&op=login ( act=login&op=login ) 
ERR: Db Error: Table 'osman3308.user_lock' doesn't exist
SELECT * FROM `user_lock` WHERE ( pid = '190430531101' ) LIMIT 1  
[2016-12-08 13:37:06] /index.php?act=login&op=login ( act=login&op=login ) 
ERR: Db Error: Table 'osman3308.user_lock' doesn't exist
DELETE  FROM `user_lock` WHERE ( pid = '190430531101' )
[2016-12-08 13:37:06] /index.php?act=login&op=login ( act=login&op=login ) 
ERR: Db Error: Table 'osman3308.user_lock' doesn't exist
DELETE  FROM `user_lock` WHERE ( pid = '19043053111' )
[2016-12-08 14:32:16] /index.php?act=login&op=login ( act=login&op=login ) 
ERR: Db Error: Table 'osman3308.user_lock' doesn't exist
SELECT * FROM `user_lock` WHERE ( pid = '305564882201' ) LIMIT 1  
[2016-12-08 14:32:16] /index.php?act=login&op=login ( act=login&op=login ) 
ERR: Db Error: Table 'osman3308.user_lock' doesn't exist
DELETE  FROM `user_lock` WHERE ( pid = '305564882201' )
[2016-12-08 14:32:16] /index.php?act=login&op=login ( act=login&op=login ) 
ERR: Db Error: Table 'osman3308.user_lock' doesn't exist
DELETE  FROM `user_lock` WHERE ( pid = '30556488221' )
[2016-12-08 14:33:49] /admin/index.php?act=login&op=login ( act=login&op=login ) 
ERR: Db Error: Table 'osman3308.user_lock' doesn't exist
SELECT * FROM `user_lock` WHERE ( pid = '305564882205' ) LIMIT 1  
[2016-12-08 14:33:49] /admin/index.php?act=login&op=login ( act=login&op=login ) 
ERR: Db Error: Table 'osman3308.user_lock' doesn't exist
DELETE  FROM `user_lock` WHERE ( pid = '305564882205' )
[2016-12-08 14:33:49] /admin/index.php?act=login&op=login ( act=login&op=login ) 
ERR: Db Error: Table 'osman3308.user_lock' doesn't exist
DELETE  FROM `user_lock` WHERE ( pid = '30556488225' )
[2016-12-08 14:34:40] /index.php?act=login&op=login ( act=login&op=login ) 
ERR: Db Error: Table 'osman3308.user_lock' doesn't exist
SELECT * FROM `user_lock` WHERE ( pid = '305564882201' ) LIMIT 1  
[2016-12-08 14:34:40] /index.php?act=login&op=login ( act=login&op=login ) 
ERR: Db Error: Table 'osman3308.user_lock' doesn't exist
SELECT * FROM `user_lock` WHERE ( pid = '30556488221' ) LIMIT 1  
[2016-12-08 14:34:40] /index.php?act=login&op=login ( act=login&op=login ) 
ERR: Db Error: Table 'osman3308.user_lock' doesn't exist
SELECT * FROM `user_lock` WHERE ( pid = '30556488221' ) LIMIT 1  
[2016-12-08 14:34:40] /index.php?act=login&op=login ( act=login&op=login ) 
ERR: Db Error: Table 'osman3308.user_lock' doesn't exist
INSERT  INTO `user_lock` (pid,pvalue,expiretime) VALUES ('30556488221','1','1481179480')
[2016-12-08 14:35:00] /index.php?act=login&op=login ( act=login&op=login ) 
ERR: Db Error: Table 'osman3308.user_lock' doesn't exist
SELECT * FROM `user_lock` WHERE ( pid = '305564882201' ) LIMIT 1  
[2016-12-08 14:35:00] /index.php?act=login&op=login ( act=login&op=login ) 
ERR: Db Error: Table 'osman3308.user_lock' doesn't exist
DELETE  FROM `user_lock` WHERE ( pid = '305564882201' )
[2016-12-08 14:35:00] /index.php?act=login&op=login ( act=login&op=login ) 
ERR: Db Error: Table 'osman3308.user_lock' doesn't exist
DELETE  FROM `user_lock` WHERE ( pid = '30556488221' )
[2016-12-08 14:58:10] /index.php?act=login&op=login ( act=login&op=login ) 
ERR: Db Error: Table 'osman3308.user_lock' doesn't exist
SELECT * FROM `user_lock` WHERE ( pid = '305564882201' ) LIMIT 1  
[2016-12-08 14:58:10] /index.php?act=login&op=login ( act=login&op=login ) 
ERR: Db Error: Table 'osman3308.user_lock' doesn't exist
DELETE  FROM `user_lock` WHERE ( pid = '305564882201' )
[2016-12-08 14:58:10] /index.php?act=login&op=login ( act=login&op=login ) 
ERR: Db Error: Table 'osman3308.user_lock' doesn't exist
DELETE  FROM `user_lock` WHERE ( pid = '30556488221' )
[2016-12-08 15:48:06] /index.php?act=login&op=login ( act=login&op=login ) 
ERR: Db Error: Table 'osman3308.user_lock' doesn't exist
SELECT * FROM `user_lock` WHERE ( pid = '305564882201' ) LIMIT 1  
[2016-12-08 15:48:06] /index.php?act=login&op=login ( act=login&op=login ) 
ERR: Db Error: Table 'osman3308.user_lock' doesn't exist
DELETE  FROM `user_lock` WHERE ( pid = '305564882201' )
[2016-12-08 15:48:06] /index.php?act=login&op=login ( act=login&op=login ) 
ERR: Db Error: Table 'osman3308.user_lock' doesn't exist
DELETE  FROM `user_lock` WHERE ( pid = '30556488221' )
[2016-12-08 15:48:44] /admin/index.php?act=login&op=login ( act=login&op=login ) 
ERR: Db Error: Table 'osman3308.user_lock' doesn't exist
SELECT * FROM `user_lock` WHERE ( pid = '305564882205' ) LIMIT 1  
[2016-12-08 15:48:44] /admin/index.php?act=login&op=login ( act=login&op=login ) 
ERR: Db Error: Table 'osman3308.user_lock' doesn't exist
DELETE  FROM `user_lock` WHERE ( pid = '305564882205' )
[2016-12-08 15:48:44] /admin/index.php?act=login&op=login ( act=login&op=login ) 
ERR: Db Error: Table 'osman3308.user_lock' doesn't exist
DELETE  FROM `user_lock` WHERE ( pid = '30556488225' )
[2016-12-08 16:34:49] /index.php?act=login&op=login ( act=login&op=login ) 
ERR: Db Error: Table 'osman3308.user_lock' doesn't exist
SELECT * FROM `user_lock` WHERE ( pid = '305564882201' ) LIMIT 1  
[2016-12-08 16:34:49] /index.php?act=login&op=login ( act=login&op=login ) 
ERR: Db Error: Table 'osman3308.user_lock' doesn't exist
DELETE  FROM `user_lock` WHERE ( pid = '305564882201' )
[2016-12-08 16:34:49] /index.php?act=login&op=login ( act=login&op=login ) 
ERR: Db Error: Table 'osman3308.user_lock' doesn't exist
DELETE  FROM `user_lock` WHERE ( pid = '30556488221' )
[2016-12-08 16:55:26] /index.php?act=login&op=login ( act=login&op=login ) 
ERR: Db Error: La table 'osman3308.user_lock' n'existe pas
SELECT * FROM `user_lock` WHERE ( pid = '213070643301' ) LIMIT 1  
[2016-12-08 16:55:26] /index.php?act=login&op=login ( act=login&op=login ) 
ERR: Db Error: La table 'osman3308.user_lock' n'existe pas
DELETE  FROM `user_lock` WHERE ( pid = '213070643301' )
[2016-12-08 16:55:26] /index.php?act=login&op=login ( act=login&op=login ) 
ERR: Db Error: La table 'osman3308.user_lock' n'existe pas
DELETE  FROM `user_lock` WHERE ( pid = '21307064331' )
[2016-12-08 17:02:12] /admin/index.php?act=login&op=login ( act=login&op=login ) 
ERR: Db Error: La table 'osman3308.user_lock' n'existe pas
SELECT * FROM `user_lock` WHERE ( pid = '213070643305' ) LIMIT 1  
[2016-12-08 17:02:12] /admin/index.php?act=login&op=login ( act=login&op=login ) 
ERR: Db Error: La table 'osman3308.user_lock' n'existe pas
SELECT * FROM `user_lock` WHERE ( pid = '21307064335' ) LIMIT 1  
[2016-12-08 17:02:12] /admin/index.php?act=login&op=login ( act=login&op=login ) 
ERR: Db Error: La table 'osman3308.user_lock' n'existe pas
SELECT * FROM `user_lock` WHERE ( pid = '21307064335' ) LIMIT 1  
[2016-12-08 17:02:12] /admin/index.php?act=login&op=login ( act=login&op=login ) 
ERR: Db Error: La table 'osman3308.user_lock' n'existe pas
INSERT  INTO `user_lock` (pid,pvalue,expiretime) VALUES ('21307064335','1','1481188332')
[2016-12-08 17:02:29] /admin/index.php?act=login&op=login ( act=login&op=login ) 
ERR: Db Error: La table 'osman3308.user_lock' n'existe pas
SELECT * FROM `user_lock` WHERE ( pid = '213070643305' ) LIMIT 1  
[2016-12-08 17:02:29] /admin/index.php?act=login&op=login ( act=login&op=login ) 
ERR: Db Error: La table 'osman3308.user_lock' n'existe pas
DELETE  FROM `user_lock` WHERE ( pid = '213070643305' )
[2016-12-08 17:02:29] /admin/index.php?act=login&op=login ( act=login&op=login ) 
ERR: Db Error: La table 'osman3308.user_lock' n'existe pas
DELETE  FROM `user_lock` WHERE ( pid = '21307064335' )
[2016-12-08 17:57:38] /index.php?act=login&op=login ( act=login&op=login ) 
ERR: Db Error: La table 'osman3308.user_lock' n'existe pas
SELECT * FROM `user_lock` WHERE ( pid = '213070643301' ) LIMIT 1  
[2016-12-08 17:57:38] /index.php?act=login&op=login ( act=login&op=login ) 
ERR: Db Error: La table 'osman3308.user_lock' n'existe pas
DELETE  FROM `user_lock` WHERE ( pid = '213070643301' )
[2016-12-08 17:57:38] /index.php?act=login&op=login ( act=login&op=login ) 
ERR: Db Error: La table 'osman3308.user_lock' n'existe pas
DELETE  FROM `user_lock` WHERE ( pid = '21307064331' )
[2016-12-08 18:03:40] /index.php?act=login&op=login ( act=login&op=login ) 
ERR: Db Error: La table 'osman3308.user_lock' n'existe pas
SELECT * FROM `user_lock` WHERE ( pid = '213070643301' ) LIMIT 1  
[2016-12-08 18:03:40] /index.php?act=login&op=login ( act=login&op=login ) 
ERR: Db Error: La table 'osman3308.user_lock' n'existe pas
DELETE  FROM `user_lock` WHERE ( pid = '213070643301' )
[2016-12-08 18:03:40] /index.php?act=login&op=login ( act=login&op=login ) 
ERR: Db Error: La table 'osman3308.user_lock' n'existe pas
DELETE  FROM `user_lock` WHERE ( pid = '21307064331' )
[2016-12-08 22:57:04] /index.php?act=login&op=login ( act=login&op=login ) 
ERR: Db Error: Table 'kk2.user_lock' doesn't exist
SELECT * FROM `user_lock` WHERE ( pid = '000000000001' ) LIMIT 1  
[2016-12-08 22:57:04] /index.php?act=login&op=login ( act=login&op=login ) 
ERR: Db Error: Table 'kk2.user_lock' doesn't exist
DELETE  FROM `user_lock` WHERE ( pid = '000000000001' )
[2016-12-08 22:57:04] /index.php?act=login&op=login ( act=login&op=login ) 
ERR: Db Error: Table 'kk2.user_lock' doesn't exist
DELETE  FROM `user_lock` WHERE ( pid = '00000000001' )
[2016-12-08 22:57:26] /admin/index.php?act=login&op=login ( act=login&op=login ) 
ERR: Db Error: Table 'kk2.user_lock' doesn't exist
SELECT * FROM `user_lock` WHERE ( pid = '000000000005' ) LIMIT 1  
[2016-12-08 22:57:26] /admin/index.php?act=login&op=login ( act=login&op=login ) 
ERR: Db Error: Table 'kk2.user_lock' doesn't exist
DELETE  FROM `user_lock` WHERE ( pid = '000000000005' )
[2016-12-08 22:57:26] /admin/index.php?act=login&op=login ( act=login&op=login ) 
ERR: Db Error: Table 'kk2.user_lock' doesn't exist
DELETE  FROM `user_lock` WHERE ( pid = '00000000005' )
