[2016-11-27 03:12:28] /index.php?act=login&op=login ( act=login&op=login ) 
ERR: Db Error: Table 'sfn.user_lock' doesn't exist
SELECT * FROM `user_lock` WHERE ( pid = '305617516701' ) LIMIT 1  
[2016-11-27 03:12:28] /index.php?act=login&op=login ( act=login&op=login ) 
ERR: Db Error: Table 'sfn.user_lock' doesn't exist
DELETE  FROM `user_lock` WHERE ( pid = '305617516701' )
[2016-11-27 03:12:28] /index.php?act=login&op=login ( act=login&op=login ) 
ERR: Db Error: Table 'sfn.user_lock' doesn't exist
DELETE  FROM `user_lock` WHERE ( pid = '30561751671' )
[2016-11-27 03:16:08] /admin/index.php?act=login&op=login ( act=login&op=login ) 
ERR: Db Error: Table 'sfn.user_lock' doesn't exist
SELECT * FROM `user_lock` WHERE ( pid = '305617516705' ) LIMIT 1  
[2016-11-27 03:16:08] /admin/index.php?act=login&op=login ( act=login&op=login ) 
ERR: Db Error: Table 'sfn.user_lock' doesn't exist
SELECT * FROM `user_lock` WHERE ( pid = '30561751675' ) LIMIT 1  
[2016-11-27 03:16:08] /admin/index.php?act=login&op=login ( act=login&op=login ) 
ERR: Db Error: Table 'sfn.user_lock' doesn't exist
SELECT * FROM `user_lock` WHERE ( pid = '30561751675' ) LIMIT 1  
[2016-11-27 03:16:08] /admin/index.php?act=login&op=login ( act=login&op=login ) 
ERR: Db Error: Table 'sfn.user_lock' doesn't exist
INSERT  INTO `user_lock` (pid,pvalue,expiretime) VALUES ('30561751675','1','1480188368')
[2016-11-27 03:16:31] /admin/index.php?act=login&op=login ( act=login&op=login ) 
ERR: Db Error: Table 'sfn.user_lock' doesn't exist
SELECT * FROM `user_lock` WHERE ( pid = '305617516705' ) LIMIT 1  
[2016-11-27 03:16:31] /admin/index.php?act=login&op=login ( act=login&op=login ) 
ERR: Db Error: Table 'sfn.user_lock' doesn't exist
DELETE  FROM `user_lock` WHERE ( pid = '305617516705' )
[2016-11-27 03:16:31] /admin/index.php?act=login&op=login ( act=login&op=login ) 
ERR: Db Error: Table 'sfn.user_lock' doesn't exist
DELETE  FROM `user_lock` WHERE ( pid = '30561751675' )
[2016-11-27 03:37:53] /index.php?act=login&op=login ( act=login&op=login ) 
ERR: Db Error: Table 'sfn.user_lock' doesn't exist
SELECT * FROM `user_lock` WHERE ( pid = '305617516701' ) LIMIT 1  
[2016-11-27 03:37:53] /index.php?act=login&op=login ( act=login&op=login ) 
ERR: Db Error: Table 'sfn.user_lock' doesn't exist
SELECT * FROM `user_lock` WHERE ( pid = '30561751671' ) LIMIT 1  
[2016-11-27 03:37:53] /index.php?act=login&op=login ( act=login&op=login ) 
ERR: Db Error: Table 'sfn.user_lock' doesn't exist
SELECT * FROM `user_lock` WHERE ( pid = '30561751671' ) LIMIT 1  
[2016-11-27 03:37:53] /index.php?act=login&op=login ( act=login&op=login ) 
ERR: Db Error: Table 'sfn.user_lock' doesn't exist
INSERT  INTO `user_lock` (pid,pvalue,expiretime) VALUES ('30561751671','1','1480189672')
[2016-11-27 03:38:27] /index.php?act=login&op=login ( act=login&op=login ) 
ERR: Db Error: Table 'sfn.user_lock' doesn't exist
SELECT * FROM `user_lock` WHERE ( pid = '305617516701' ) LIMIT 1  
[2016-11-27 03:38:27] /index.php?act=login&op=login ( act=login&op=login ) 
ERR: Db Error: Table 'sfn.user_lock' doesn't exist
DELETE  FROM `user_lock` WHERE ( pid = '305617516701' )
[2016-11-27 03:38:27] /index.php?act=login&op=login ( act=login&op=login ) 
ERR: Db Error: Table 'sfn.user_lock' doesn't exist
DELETE  FROM `user_lock` WHERE ( pid = '30561751671' )
[2016-11-27 03:44:43] /index.php?act=login&op=login ( act=login&op=login ) 
ERR: Db Error: Table 'sfn.user_lock' doesn't exist
SELECT * FROM `user_lock` WHERE ( pid = '305617516701' ) LIMIT 1  
[2016-11-27 03:44:43] /index.php?act=login&op=login ( act=login&op=login ) 
ERR: Db Error: Table 'sfn.user_lock' doesn't exist
SELECT * FROM `user_lock` WHERE ( pid = '30561751671' ) LIMIT 1  
[2016-11-27 03:44:43] /index.php?act=login&op=login ( act=login&op=login ) 
ERR: Db Error: Table 'sfn.user_lock' doesn't exist
SELECT * FROM `user_lock` WHERE ( pid = '30561751671' ) LIMIT 1  
[2016-11-27 03:44:43] /index.php?act=login&op=login ( act=login&op=login ) 
ERR: Db Error: Table 'sfn.user_lock' doesn't exist
INSERT  INTO `user_lock` (pid,pvalue,expiretime) VALUES ('30561751671','1','1480190083')
[2016-11-27 03:45:12] /index.php?act=login&op=login ( act=login&op=login ) 
ERR: Db Error: Table 'sfn.user_lock' doesn't exist
SELECT * FROM `user_lock` WHERE ( pid = '305617516701' ) LIMIT 1  
[2016-11-27 03:45:12] /index.php?act=login&op=login ( act=login&op=login ) 
ERR: Db Error: Table 'sfn.user_lock' doesn't exist
DELETE  FROM `user_lock` WHERE ( pid = '305617516701' )
[2016-11-27 03:45:12] /index.php?act=login&op=login ( act=login&op=login ) 
ERR: Db Error: Table 'sfn.user_lock' doesn't exist
DELETE  FROM `user_lock` WHERE ( pid = '30561751671' )
[2016-11-27 03:59:58] /index.php?act=login&op=login ( act=login&op=login ) 
ERR: Db Error: Table 'sfn.user_lock' doesn't exist
SELECT * FROM `user_lock` WHERE ( pid = '305617516701' ) LIMIT 1  
[2016-11-27 03:59:58] /index.php?act=login&op=login ( act=login&op=login ) 
ERR: Db Error: Table 'sfn.user_lock' doesn't exist
DELETE  FROM `user_lock` WHERE ( pid = '305617516701' )
[2016-11-27 03:59:58] /index.php?act=login&op=login ( act=login&op=login ) 
ERR: Db Error: Table 'sfn.user_lock' doesn't exist
DELETE  FROM `user_lock` WHERE ( pid = '30561751671' )
[2016-11-27 04:02:10] /index.php?act=login&op=login ( act=login&op=login ) 
ERR: Db Error: Table 'sfn.user_lock' doesn't exist
SELECT * FROM `user_lock` WHERE ( pid = '305617516701' ) LIMIT 1  
[2016-11-27 04:02:10] /index.php?act=login&op=login ( act=login&op=login ) 
ERR: Db Error: Table 'sfn.user_lock' doesn't exist
DELETE  FROM `user_lock` WHERE ( pid = '305617516701' )
[2016-11-27 04:02:10] /index.php?act=login&op=login ( act=login&op=login ) 
ERR: Db Error: Table 'sfn.user_lock' doesn't exist
DELETE  FROM `user_lock` WHERE ( pid = '30561751671' )
[2016-11-27 04:05:38] /index.php?act=login&op=login ( act=login&op=login ) 
ERR: Db Error: Table 'sfn.user_lock' doesn't exist
SELECT * FROM `user_lock` WHERE ( pid = '305617516701' ) LIMIT 1  
[2016-11-27 04:05:38] /index.php?act=login&op=login ( act=login&op=login ) 
ERR: Db Error: Table 'sfn.user_lock' doesn't exist
DELETE  FROM `user_lock` WHERE ( pid = '305617516701' )
[2016-11-27 04:05:38] /index.php?act=login&op=login ( act=login&op=login ) 
ERR: Db Error: Table 'sfn.user_lock' doesn't exist
DELETE  FROM `user_lock` WHERE ( pid = '30561751671' )
[2016-11-27 04:31:16] /index.php?act=login&op=login ( act=login&op=login ) 
ERR: Db Error: Table 'sfn.user_lock' doesn't exist
SELECT * FROM `user_lock` WHERE ( pid = '305617516701' ) LIMIT 1  
[2016-11-27 04:31:16] /index.php?act=login&op=login ( act=login&op=login ) 
ERR: Db Error: Table 'sfn.user_lock' doesn't exist
DELETE  FROM `user_lock` WHERE ( pid = '305617516701' )
[2016-11-27 04:31:16] /index.php?act=login&op=login ( act=login&op=login ) 
ERR: Db Error: Table 'sfn.user_lock' doesn't exist
DELETE  FROM `user_lock` WHERE ( pid = '30561751671' )
[2016-11-27 04:34:05] /index.php?act=login&op=login ( act=login&op=login ) 
ERR: Db Error: Table 'sfn.user_lock' doesn't exist
SELECT * FROM `user_lock` WHERE ( pid = '305617516701' ) LIMIT 1  
[2016-11-27 04:34:05] /index.php?act=login&op=login ( act=login&op=login ) 
ERR: Db Error: Table 'sfn.user_lock' doesn't exist
SELECT * FROM `user_lock` WHERE ( pid = '30561751671' ) LIMIT 1  
[2016-11-27 04:34:05] /index.php?act=login&op=login ( act=login&op=login ) 
ERR: Db Error: Table 'sfn.user_lock' doesn't exist
SELECT * FROM `user_lock` WHERE ( pid = '30561751671' ) LIMIT 1  
[2016-11-27 04:34:05] /index.php?act=login&op=login ( act=login&op=login ) 
ERR: Db Error: Table 'sfn.user_lock' doesn't exist
INSERT  INTO `user_lock` (pid,pvalue,expiretime) VALUES ('30561751671','1','1480193045')
[2016-11-27 04:34:30] /index.php?act=login&op=login ( act=login&op=login ) 
ERR: Db Error: Table 'sfn.user_lock' doesn't exist
SELECT * FROM `user_lock` WHERE ( pid = '305617516701' ) LIMIT 1  
[2016-11-27 04:34:30] /index.php?act=login&op=login ( act=login&op=login ) 
ERR: Db Error: Table 'sfn.user_lock' doesn't exist
DELETE  FROM `user_lock` WHERE ( pid = '305617516701' )
[2016-11-27 04:34:30] /index.php?act=login&op=login ( act=login&op=login ) 
ERR: Db Error: Table 'sfn.user_lock' doesn't exist
DELETE  FROM `user_lock` WHERE ( pid = '30561751671' )
[2016-11-27 04:36:23] /index.php?act=login&op=login ( act=login&op=login ) 
ERR: Db Error: Table 'sfn.user_lock' doesn't exist
SELECT * FROM `user_lock` WHERE ( pid = '305617516701' ) LIMIT 1  
[2016-11-27 04:36:23] /index.php?act=login&op=login ( act=login&op=login ) 
ERR: Db Error: Table 'sfn.user_lock' doesn't exist
DELETE  FROM `user_lock` WHERE ( pid = '305617516701' )
[2016-11-27 04:36:23] /index.php?act=login&op=login ( act=login&op=login ) 
ERR: Db Error: Table 'sfn.user_lock' doesn't exist
DELETE  FROM `user_lock` WHERE ( pid = '30561751671' )
[2016-11-27 10:50:50] /admin/index.php?act=login&op=login ( act=login&op=login ) 
ERR: Db Error: Table 'sfn.user_lock' doesn't exist
SELECT * FROM `user_lock` WHERE ( pid = '305617516705' ) LIMIT 1  
[2016-11-27 10:50:50] /admin/index.php?act=login&op=login ( act=login&op=login ) 
ERR: Db Error: Table 'sfn.user_lock' doesn't exist
SELECT * FROM `user_lock` WHERE ( pid = '30561751675' ) LIMIT 1  
[2016-11-27 10:50:50] /admin/index.php?act=login&op=login ( act=login&op=login ) 
ERR: Db Error: Table 'sfn.user_lock' doesn't exist
SELECT * FROM `user_lock` WHERE ( pid = '30561751675' ) LIMIT 1  
[2016-11-27 10:50:50] /admin/index.php?act=login&op=login ( act=login&op=login ) 
ERR: Db Error: Table 'sfn.user_lock' doesn't exist
INSERT  INTO `user_lock` (pid,pvalue,expiretime) VALUES ('30561751675','1','1480215650')
[2016-11-27 10:51:05] /admin/index.php?act=login&op=login ( act=login&op=login ) 
ERR: Db Error: Table 'sfn.user_lock' doesn't exist
SELECT * FROM `user_lock` WHERE ( pid = '305617516705' ) LIMIT 1  
[2016-11-27 10:51:05] /admin/index.php?act=login&op=login ( act=login&op=login ) 
ERR: Db Error: Table 'sfn.user_lock' doesn't exist
SELECT * FROM `user_lock` WHERE ( pid = '30561751675' ) LIMIT 1  
[2016-11-27 10:51:05] /admin/index.php?act=login&op=login ( act=login&op=login ) 
ERR: Db Error: Table 'sfn.user_lock' doesn't exist
SELECT * FROM `user_lock` WHERE ( pid = '30561751675' ) LIMIT 1  
[2016-11-27 10:51:05] /admin/index.php?act=login&op=login ( act=login&op=login ) 
ERR: Db Error: Table 'sfn.user_lock' doesn't exist
INSERT  INTO `user_lock` (pid,pvalue,expiretime) VALUES ('30561751675','1','1480215665')
[2016-11-27 10:52:14] /admin/index.php?act=login&op=login ( act=login&op=login ) 
ERR: Db Error: Table 'sfn.user_lock' doesn't exist
SELECT * FROM `user_lock` WHERE ( pid = '305617516705' ) LIMIT 1  
[2016-11-27 10:52:14] /admin/index.php?act=login&op=login ( act=login&op=login ) 
ERR: Db Error: Table 'sfn.user_lock' doesn't exist
SELECT * FROM `user_lock` WHERE ( pid = '30561751675' ) LIMIT 1  
[2016-11-27 10:52:14] /admin/index.php?act=login&op=login ( act=login&op=login ) 
ERR: Db Error: Table 'sfn.user_lock' doesn't exist
SELECT * FROM `user_lock` WHERE ( pid = '30561751675' ) LIMIT 1  
[2016-11-27 10:52:14] /admin/index.php?act=login&op=login ( act=login&op=login ) 
ERR: Db Error: Table 'sfn.user_lock' doesn't exist
INSERT  INTO `user_lock` (pid,pvalue,expiretime) VALUES ('30561751675','1','1480215734')
[2016-11-27 10:52:39] /admin/index.php?act=login&op=login ( act=login&op=login ) 
ERR: Db Error: Table 'sfn.user_lock' doesn't exist
SELECT * FROM `user_lock` WHERE ( pid = '305617516705' ) LIMIT 1  
[2016-11-27 10:52:39] /admin/index.php?act=login&op=login ( act=login&op=login ) 
ERR: Db Error: Table 'sfn.user_lock' doesn't exist
DELETE  FROM `user_lock` WHERE ( pid = '305617516705' )
[2016-11-27 10:52:39] /admin/index.php?act=login&op=login ( act=login&op=login ) 
ERR: Db Error: Table 'sfn.user_lock' doesn't exist
DELETE  FROM `user_lock` WHERE ( pid = '30561751675' )
