[2016-12-04 11:13:27] /index.php?act=login&op=login ( act=login&op=login ) 
ERR: Db Error: Table 'osman3308.user_lock' doesn't exist
SELECT * FROM `user_lock` WHERE ( pid = '463304919001' ) LIMIT 1  
[2016-12-04 11:13:27] /index.php?act=login&op=login ( act=login&op=login ) 
ERR: Db Error: Table 'osman3308.user_lock' doesn't exist
SELECT * FROM `user_lock` WHERE ( pid = '46330491901' ) LIMIT 1  
[2016-12-04 11:13:27] /index.php?act=login&op=login ( act=login&op=login ) 
ERR: Db Error: Table 'osman3308.user_lock' doesn't exist
SELECT * FROM `user_lock` WHERE ( pid = '46330491901' ) LIMIT 1  
[2016-12-04 11:13:27] /index.php?act=login&op=login ( act=login&op=login ) 
ERR: Db Error: Table 'osman3308.user_lock' doesn't exist
INSERT  INTO `user_lock` (pid,pvalue,expiretime) VALUES ('46330491901','1','1480821807')
[2016-12-04 11:15:10] /index.php?act=login&op=login ( act=login&op=login ) 
ERR: Db Error: Table 'osman3308.user_lock' doesn't exist
SELECT * FROM `user_lock` WHERE ( pid = '463304919001' ) LIMIT 1  
[2016-12-04 11:15:10] /index.php?act=login&op=login ( act=login&op=login ) 
ERR: Db Error: Table 'osman3308.user_lock' doesn't exist
SELECT * FROM `user_lock` WHERE ( pid = '46330491901' ) LIMIT 1  
[2016-12-04 11:15:10] /index.php?act=login&op=login ( act=login&op=login ) 
ERR: Db Error: Table 'osman3308.user_lock' doesn't exist
SELECT * FROM `user_lock` WHERE ( pid = '46330491901' ) LIMIT 1  
[2016-12-04 11:15:10] /index.php?act=login&op=login ( act=login&op=login ) 
ERR: Db Error: Table 'osman3308.user_lock' doesn't exist
INSERT  INTO `user_lock` (pid,pvalue,expiretime) VALUES ('46330491901','1','1480821910')
[2016-12-04 11:15:35] /admin/index.php?act=login&op=login ( act=login&op=login ) 
ERR: Db Error: Table 'osman3308.user_lock' doesn't exist
SELECT * FROM `user_lock` WHERE ( pid = '463304919005' ) LIMIT 1  
[2016-12-04 11:15:35] /admin/index.php?act=login&op=login ( act=login&op=login ) 
ERR: Db Error: Table 'osman3308.user_lock' doesn't exist
SELECT * FROM `user_lock` WHERE ( pid = '46330491905' ) LIMIT 1  
[2016-12-04 11:15:35] /admin/index.php?act=login&op=login ( act=login&op=login ) 
ERR: Db Error: Table 'osman3308.user_lock' doesn't exist
SELECT * FROM `user_lock` WHERE ( pid = '46330491905' ) LIMIT 1  
[2016-12-04 11:15:35] /admin/index.php?act=login&op=login ( act=login&op=login ) 
ERR: Db Error: Table 'osman3308.user_lock' doesn't exist
INSERT  INTO `user_lock` (pid,pvalue,expiretime) VALUES ('46330491905','1','1480821935')
[2016-12-04 11:18:34] /admin/index.php?act=login&op=login ( act=login&op=login ) 
ERR: Db Error: Table 'osman3308.user_lock' doesn't exist
SELECT * FROM `user_lock` WHERE ( pid = '463304919005' ) LIMIT 1  
[2016-12-04 11:18:34] /admin/index.php?act=login&op=login ( act=login&op=login ) 
ERR: Db Error: Table 'osman3308.user_lock' doesn't exist
SELECT * FROM `user_lock` WHERE ( pid = '46330491905' ) LIMIT 1  
[2016-12-04 11:18:34] /admin/index.php?act=login&op=login ( act=login&op=login ) 
ERR: Db Error: Table 'osman3308.user_lock' doesn't exist
SELECT * FROM `user_lock` WHERE ( pid = '46330491905' ) LIMIT 1  
[2016-12-04 11:18:34] /admin/index.php?act=login&op=login ( act=login&op=login ) 
ERR: Db Error: Table 'osman3308.user_lock' doesn't exist
INSERT  INTO `user_lock` (pid,pvalue,expiretime) VALUES ('46330491905','1','1480822114')
[2016-12-04 11:19:22] /index.php?act=login&op=login ( act=login&op=login ) 
ERR: Db Error: Table 'osman3308.user_lock' doesn't exist
SELECT * FROM `user_lock` WHERE ( pid = '463304919001' ) LIMIT 1  
[2016-12-04 11:19:22] /index.php?act=login&op=login ( act=login&op=login ) 
ERR: Db Error: Table 'osman3308.user_lock' doesn't exist
DELETE  FROM `user_lock` WHERE ( pid = '463304919001' )
[2016-12-04 11:19:22] /index.php?act=login&op=login ( act=login&op=login ) 
ERR: Db Error: Table 'osman3308.user_lock' doesn't exist
DELETE  FROM `user_lock` WHERE ( pid = '46330491901' )
[2016-12-04 12:18:47] /index.php?act=login&op=login ( act=login&op=login ) 
ERR: Db Error: Table 'osman3308.user_lock' doesn't exist
SELECT * FROM `user_lock` WHERE ( pid = '190431429801' ) LIMIT 1  
[2016-12-04 12:18:47] /index.php?act=login&op=login ( act=login&op=login ) 
ERR: Db Error: Table 'osman3308.user_lock' doesn't exist
SELECT * FROM `user_lock` WHERE ( pid = '19043142981' ) LIMIT 1  
[2016-12-04 12:18:47] /index.php?act=login&op=login ( act=login&op=login ) 
ERR: Db Error: Table 'osman3308.user_lock' doesn't exist
SELECT * FROM `user_lock` WHERE ( pid = '19043142981' ) LIMIT 1  
[2016-12-04 12:18:47] /index.php?act=login&op=login ( act=login&op=login ) 
ERR: Db Error: Table 'osman3308.user_lock' doesn't exist
INSERT  INTO `user_lock` (pid,pvalue,expiretime) VALUES ('19043142981','1','1480825727')
[2016-12-04 13:15:29] /index.php?act=login&op=login ( act=login&op=login ) 
ERR: Db Error: Table 'osman3308.user_lock' doesn't exist
SELECT * FROM `user_lock` WHERE ( pid = '190431429801' ) LIMIT 1  
[2016-12-04 13:15:29] /index.php?act=login&op=login ( act=login&op=login ) 
ERR: Db Error: Table 'osman3308.user_lock' doesn't exist
SELECT * FROM `user_lock` WHERE ( pid = '19043142981' ) LIMIT 1  
[2016-12-04 13:15:29] /index.php?act=login&op=login ( act=login&op=login ) 
ERR: Db Error: Table 'osman3308.user_lock' doesn't exist
SELECT * FROM `user_lock` WHERE ( pid = '19043142981' ) LIMIT 1  
[2016-12-04 13:15:29] /index.php?act=login&op=login ( act=login&op=login ) 
ERR: Db Error: Table 'osman3308.user_lock' doesn't exist
INSERT  INTO `user_lock` (pid,pvalue,expiretime) VALUES ('19043142981','1','1480829129')
[2016-12-04 13:16:00] /index.php?act=login&op=login ( act=login&op=login ) 
ERR: Db Error: Table 'osman3308.user_lock' doesn't exist
SELECT * FROM `user_lock` WHERE ( pid = '190431429801' ) LIMIT 1  
[2016-12-04 13:16:00] /index.php?act=login&op=login ( act=login&op=login ) 
ERR: Db Error: Table 'osman3308.user_lock' doesn't exist
SELECT * FROM `user_lock` WHERE ( pid = '19043142981' ) LIMIT 1  
[2016-12-04 13:16:00] /index.php?act=login&op=login ( act=login&op=login ) 
ERR: Db Error: Table 'osman3308.user_lock' doesn't exist
SELECT * FROM `user_lock` WHERE ( pid = '19043142981' ) LIMIT 1  
[2016-12-04 13:16:00] /index.php?act=login&op=login ( act=login&op=login ) 
ERR: Db Error: Table 'osman3308.user_lock' doesn't exist
INSERT  INTO `user_lock` (pid,pvalue,expiretime) VALUES ('19043142981','1','1480829160')
[2016-12-04 17:28:45] /index.php?act=login&op=login ( act=login&op=login ) 
ERR: Db Error: Table 'osman3308.user_lock' doesn't exist
SELECT * FROM `user_lock` WHERE ( pid = '242396354001' ) LIMIT 1  
[2016-12-04 17:28:45] /index.php?act=login&op=login ( act=login&op=login ) 
ERR: Db Error: Table 'osman3308.user_lock' doesn't exist
SELECT * FROM `user_lock` WHERE ( pid = '24239635401' ) LIMIT 1  
[2016-12-04 17:28:45] /index.php?act=login&op=login ( act=login&op=login ) 
ERR: Db Error: Table 'osman3308.user_lock' doesn't exist
SELECT * FROM `user_lock` WHERE ( pid = '24239635401' ) LIMIT 1  
[2016-12-04 17:28:45] /index.php?act=login&op=login ( act=login&op=login ) 
ERR: Db Error: Table 'osman3308.user_lock' doesn't exist
INSERT  INTO `user_lock` (pid,pvalue,expiretime) VALUES ('24239635401','1','1480844324')
[2016-12-04 17:29:02] /index.php?act=login&op=login ( act=login&op=login ) 
ERR: Db Error: Table 'osman3308.user_lock' doesn't exist
SELECT * FROM `user_lock` WHERE ( pid = '242396354001' ) LIMIT 1  
[2016-12-04 17:29:02] /index.php?act=login&op=login ( act=login&op=login ) 
ERR: Db Error: Table 'osman3308.user_lock' doesn't exist
SELECT * FROM `user_lock` WHERE ( pid = '24239635401' ) LIMIT 1  
[2016-12-04 17:29:02] /index.php?act=login&op=login ( act=login&op=login ) 
ERR: Db Error: Table 'osman3308.user_lock' doesn't exist
SELECT * FROM `user_lock` WHERE ( pid = '24239635401' ) LIMIT 1  
[2016-12-04 17:29:02] /index.php?act=login&op=login ( act=login&op=login ) 
ERR: Db Error: Table 'osman3308.user_lock' doesn't exist
INSERT  INTO `user_lock` (pid,pvalue,expiretime) VALUES ('24239635401','1','1480844342')
[2016-12-04 17:29:22] /index.php?act=login&op=login ( act=login&op=login ) 
ERR: Db Error: Table 'osman3308.user_lock' doesn't exist
SELECT * FROM `user_lock` WHERE ( pid = '242396354001' ) LIMIT 1  
[2016-12-04 17:29:22] /index.php?act=login&op=login ( act=login&op=login ) 
ERR: Db Error: Table 'osman3308.user_lock' doesn't exist
SELECT * FROM `user_lock` WHERE ( pid = '24239635401' ) LIMIT 1  
[2016-12-04 17:29:22] /index.php?act=login&op=login ( act=login&op=login ) 
ERR: Db Error: Table 'osman3308.user_lock' doesn't exist
SELECT * FROM `user_lock` WHERE ( pid = '24239635401' ) LIMIT 1  
[2016-12-04 17:29:22] /index.php?act=login&op=login ( act=login&op=login ) 
ERR: Db Error: Table 'osman3308.user_lock' doesn't exist
INSERT  INTO `user_lock` (pid,pvalue,expiretime) VALUES ('24239635401','1','1480844362')
[2016-12-04 17:29:44] /index.php?act=login&op=login ( act=login&op=login ) 
ERR: Db Error: Table 'osman3308.user_lock' doesn't exist
SELECT * FROM `user_lock` WHERE ( pid = '242396354001' ) LIMIT 1  
[2016-12-04 17:29:44] /index.php?act=login&op=login ( act=login&op=login ) 
ERR: Db Error: Table 'osman3308.user_lock' doesn't exist
SELECT * FROM `user_lock` WHERE ( pid = '24239635401' ) LIMIT 1  
[2016-12-04 17:29:44] /index.php?act=login&op=login ( act=login&op=login ) 
ERR: Db Error: Table 'osman3308.user_lock' doesn't exist
SELECT * FROM `user_lock` WHERE ( pid = '24239635401' ) LIMIT 1  
[2016-12-04 17:29:44] /index.php?act=login&op=login ( act=login&op=login ) 
ERR: Db Error: Table 'osman3308.user_lock' doesn't exist
INSERT  INTO `user_lock` (pid,pvalue,expiretime) VALUES ('24239635401','1','1480844384')
[2016-12-04 17:58:07] /admin/index.php?act=login&op=login ( act=login&op=login ) 
ERR: Db Error: Table 'osman3308.user_lock' doesn't exist
SELECT * FROM `user_lock` WHERE ( pid = '463304919005' ) LIMIT 1  
[2016-12-04 17:58:07] /admin/index.php?act=login&op=login ( act=login&op=login ) 
ERR: Db Error: Table 'osman3308.user_lock' doesn't exist
SELECT * FROM `user_lock` WHERE ( pid = '46330491905' ) LIMIT 1  
[2016-12-04 17:58:07] /admin/index.php?act=login&op=login ( act=login&op=login ) 
ERR: Db Error: Table 'osman3308.user_lock' doesn't exist
SELECT * FROM `user_lock` WHERE ( pid = '46330491905' ) LIMIT 1  
[2016-12-04 17:58:07] /admin/index.php?act=login&op=login ( act=login&op=login ) 
ERR: Db Error: Table 'osman3308.user_lock' doesn't exist
INSERT  INTO `user_lock` (pid,pvalue,expiretime) VALUES ('46330491905','1','1480846087')
[2016-12-04 17:58:20] /admin/index.php?act=login&op=login ( act=login&op=login ) 
ERR: Db Error: Table 'osman3308.user_lock' doesn't exist
SELECT * FROM `user_lock` WHERE ( pid = '463304919005' ) LIMIT 1  
[2016-12-04 17:58:20] /admin/index.php?act=login&op=login ( act=login&op=login ) 
ERR: Db Error: Table 'osman3308.user_lock' doesn't exist
DELETE  FROM `user_lock` WHERE ( pid = '463304919005' )
[2016-12-04 17:58:20] /admin/index.php?act=login&op=login ( act=login&op=login ) 
ERR: Db Error: Table 'osman3308.user_lock' doesn't exist
DELETE  FROM `user_lock` WHERE ( pid = '46330491905' )
[2016-12-04 18:04:09] /admin/index.php?act=login&op=login ( act=login&op=login ) 
ERR: Db Error: Table 'osman3308.user_lock' doesn't exist
SELECT * FROM `user_lock` WHERE ( pid = '190431429805' ) LIMIT 1  
[2016-12-04 18:04:57] /index.php?act=login&op=login ( act=login&op=login ) 
ERR: Db Error: Table 'osman3308.user_lock' doesn't exist
SELECT * FROM `user_lock` WHERE ( pid = '190431429801' ) LIMIT 1  
[2016-12-04 18:04:58] /index.php?act=login&op=login ( act=login&op=login ) 
ERR: Db Error: Table 'osman3308.user_lock' doesn't exist
DELETE  FROM `user_lock` WHERE ( pid = '190431429801' )
[2016-12-04 18:04:58] /index.php?act=login&op=login ( act=login&op=login ) 
ERR: Db Error: Table 'osman3308.user_lock' doesn't exist
DELETE  FROM `user_lock` WHERE ( pid = '19043142981' )
