[2016-11-23 13:03:21] /index.php?act=login&op=login ( act=login&op=login ) 
ERR: Db Error: La table 'kk2.user_lock' n'existe pas
SELECT * FROM `user_lock` WHERE ( pid = '213070643301' ) LIMIT 1  
[2016-11-23 13:03:21] /index.php?act=login&op=login ( act=login&op=login ) 
ERR: Db Error: La table 'kk2.user_lock' n'existe pas
DELETE  FROM `user_lock` WHERE ( pid = '213070643301' )
[2016-11-23 13:03:21] /index.php?act=login&op=login ( act=login&op=login ) 
ERR: Db Error: La table 'kk2.user_lock' n'existe pas
DELETE  FROM `user_lock` WHERE ( pid = '21307064331' )
[2016-11-23 14:03:50] /index.php?act=login&op=login ( act=login&op=login ) 
ERR: Db Error: La table 'kk2.user_lock' n'existe pas
SELECT * FROM `user_lock` WHERE ( pid = '213070643301' ) LIMIT 1  
[2016-11-23 14:03:50] /index.php?act=login&op=login ( act=login&op=login ) 
ERR: Db Error: La table 'kk2.user_lock' n'existe pas
DELETE  FROM `user_lock` WHERE ( pid = '213070643301' )
[2016-11-23 14:03:50] /index.php?act=login&op=login ( act=login&op=login ) 
ERR: Db Error: La table 'kk2.user_lock' n'existe pas
DELETE  FROM `user_lock` WHERE ( pid = '21307064331' )
[2016-11-23 14:05:22] /index.php?act=login&op=login ( act=login&op=login ) 
ERR: Db Error: La table 'kk2.user_lock' n'existe pas
SELECT * FROM `user_lock` WHERE ( pid = '000000000001' ) LIMIT 1  
[2016-11-23 14:05:22] /index.php?act=login&op=login ( act=login&op=login ) 
ERR: Db Error: La table 'kk2.user_lock' n'existe pas
DELETE  FROM `user_lock` WHERE ( pid = '000000000001' )
[2016-11-23 14:05:22] /index.php?act=login&op=login ( act=login&op=login ) 
ERR: Db Error: La table 'kk2.user_lock' n'existe pas
DELETE  FROM `user_lock` WHERE ( pid = '00000000001' )
[2016-11-23 14:12:29] /admin/index.php?act=login&op=login ( act=login&op=login ) 
ERR: Db Error: La table 'kk2.user_lock' n'existe pas
SELECT * FROM `user_lock` WHERE ( pid = '213070643305' ) LIMIT 1  
[2016-11-23 14:12:29] /admin/index.php?act=login&op=login ( act=login&op=login ) 
ERR: Db Error: La table 'kk2.user_lock' n'existe pas
DELETE  FROM `user_lock` WHERE ( pid = '213070643305' )
[2016-11-23 14:12:29] /admin/index.php?act=login&op=login ( act=login&op=login ) 
ERR: Db Error: La table 'kk2.user_lock' n'existe pas
DELETE  FROM `user_lock` WHERE ( pid = '21307064335' )
[2016-11-23 15:28:34] /index.php?act=login&op=login ( act=login&op=login ) 
ERR: Db Error: La table 'kk2.user_lock' n'existe pas
SELECT * FROM `user_lock` WHERE ( pid = '000000000001' ) LIMIT 1  
[2016-11-23 15:28:34] /index.php?act=login&op=login ( act=login&op=login ) 
ERR: Db Error: La table 'kk2.user_lock' n'existe pas
DELETE  FROM `user_lock` WHERE ( pid = '000000000001' )
[2016-11-23 15:28:34] /index.php?act=login&op=login ( act=login&op=login ) 
ERR: Db Error: La table 'kk2.user_lock' n'existe pas
DELETE  FROM `user_lock` WHERE ( pid = '00000000001' )
[2016-11-23 15:33:41] /index.php?act=login&op=login ( act=login&op=login ) 
ERR: Db Error: La table 'kk2.user_lock' n'existe pas
SELECT * FROM `user_lock` WHERE ( pid = '213070643301' ) LIMIT 1  
[2016-11-23 15:33:41] /index.php?act=login&op=login ( act=login&op=login ) 
ERR: Db Error: La table 'kk2.user_lock' n'existe pas
DELETE  FROM `user_lock` WHERE ( pid = '213070643301' )
[2016-11-23 15:33:41] /index.php?act=login&op=login ( act=login&op=login ) 
ERR: Db Error: La table 'kk2.user_lock' n'existe pas
DELETE  FROM `user_lock` WHERE ( pid = '21307064331' )
[2016-11-23 15:53:33] /admin/index.php?act=login&op=login ( act=login&op=login ) 
ERR: Db Error: La table 'kk2.user_lock' n'existe pas
SELECT * FROM `user_lock` WHERE ( pid = '213070643305' ) LIMIT 1  
[2016-11-23 15:53:33] /admin/index.php?act=login&op=login ( act=login&op=login ) 
ERR: Db Error: La table 'kk2.user_lock' n'existe pas
DELETE  FROM `user_lock` WHERE ( pid = '213070643305' )
[2016-11-23 15:53:33] /admin/index.php?act=login&op=login ( act=login&op=login ) 
ERR: Db Error: La table 'kk2.user_lock' n'existe pas
DELETE  FROM `user_lock` WHERE ( pid = '21307064335' )
[2016-11-23 19:53:28] /admin/index.php?act=login&op=login ( act=login&op=login ) 
ERR: Db Error: Table 'kk2.user_lock' doesn't exist
SELECT * FROM `user_lock` WHERE ( pid = '000000000005' ) LIMIT 1  
[2016-11-23 19:53:28] /admin/index.php?act=login&op=login ( act=login&op=login ) 
ERR: Db Error: Table 'kk2.user_lock' doesn't exist
DELETE  FROM `user_lock` WHERE ( pid = '000000000005' )
[2016-11-23 19:53:28] /admin/index.php?act=login&op=login ( act=login&op=login ) 
ERR: Db Error: Table 'kk2.user_lock' doesn't exist
DELETE  FROM `user_lock` WHERE ( pid = '00000000005' )
[2016-11-23 21:28:25] /index.php?act=login&op=login ( act=login&op=login ) 
ERR: Db Error: Table 'kk2.user_lock' doesn't exist
SELECT * FROM `user_lock` WHERE ( pid = '000000000001' ) LIMIT 1  
[2016-11-23 21:28:25] /index.php?act=login&op=login ( act=login&op=login ) 
ERR: Db Error: Table 'kk2.user_lock' doesn't exist
SELECT * FROM `user_lock` WHERE ( pid = '00000000001' ) LIMIT 1  
[2016-11-23 21:28:25] /index.php?act=login&op=login ( act=login&op=login ) 
ERR: Db Error: Table 'kk2.user_lock' doesn't exist
SELECT * FROM `user_lock` WHERE ( pid = '00000000001' ) LIMIT 1  
[2016-11-23 21:28:25] /index.php?act=login&op=login ( act=login&op=login ) 
ERR: Db Error: Table 'kk2.user_lock' doesn't exist
INSERT  INTO `user_lock` (pid,pvalue,expiretime) VALUES ('00000000001','1','1479908305')
[2016-11-23 21:28:35] /index.php?act=login&op=login ( act=login&op=login ) 
ERR: Db Error: Table 'kk2.user_lock' doesn't exist
SELECT * FROM `user_lock` WHERE ( pid = '000000000001' ) LIMIT 1  
[2016-11-23 21:28:35] /index.php?act=login&op=login ( act=login&op=login ) 
ERR: Db Error: Table 'kk2.user_lock' doesn't exist
DELETE  FROM `user_lock` WHERE ( pid = '000000000001' )
[2016-11-23 21:28:35] /index.php?act=login&op=login ( act=login&op=login ) 
ERR: Db Error: Table 'kk2.user_lock' doesn't exist
DELETE  FROM `user_lock` WHERE ( pid = '00000000001' )
[2016-11-23 22:07:43] /admin/index.php?act=login&op=login ( act=login&op=login ) 
ERR: Db Error: Table 'kk2.user_lock' doesn't exist
SELECT * FROM `user_lock` WHERE ( pid = '000000000005' ) LIMIT 1  
[2016-11-23 22:07:43] /admin/index.php?act=login&op=login ( act=login&op=login ) 
ERR: Db Error: Table 'kk2.user_lock' doesn't exist
DELETE  FROM `user_lock` WHERE ( pid = '000000000005' )
[2016-11-23 22:07:43] /admin/index.php?act=login&op=login ( act=login&op=login ) 
ERR: Db Error: Table 'kk2.user_lock' doesn't exist
DELETE  FROM `user_lock` WHERE ( pid = '00000000005' )
[2016-11-23 23:46:34] /index.php?act=login&op=login ( act=login&op=login ) 
ERR: Db Error: Table 'kk2.user_lock' doesn't exist
SELECT * FROM `user_lock` WHERE ( pid = '000000000001' ) LIMIT 1  
[2016-11-23 23:46:34] /index.php?act=login&op=login ( act=login&op=login ) 
ERR: Db Error: Table 'kk2.user_lock' doesn't exist
SELECT * FROM `user_lock` WHERE ( pid = '00000000001' ) LIMIT 1  
[2016-11-23 23:46:34] /index.php?act=login&op=login ( act=login&op=login ) 
ERR: Db Error: Table 'kk2.user_lock' doesn't exist
SELECT * FROM `user_lock` WHERE ( pid = '00000000001' ) LIMIT 1  
[2016-11-23 23:46:34] /index.php?act=login&op=login ( act=login&op=login ) 
ERR: Db Error: Table 'kk2.user_lock' doesn't exist
INSERT  INTO `user_lock` (pid,pvalue,expiretime) VALUES ('00000000001','1','1479916594')
[2016-11-23 23:46:43] /index.php?act=login&op=login ( act=login&op=login ) 
ERR: Db Error: Table 'kk2.user_lock' doesn't exist
SELECT * FROM `user_lock` WHERE ( pid = '000000000001' ) LIMIT 1  
[2016-11-23 23:46:43] /index.php?act=login&op=login ( act=login&op=login ) 
ERR: Db Error: Table 'kk2.user_lock' doesn't exist
DELETE  FROM `user_lock` WHERE ( pid = '000000000001' )
[2016-11-23 23:46:43] /index.php?act=login&op=login ( act=login&op=login ) 
ERR: Db Error: Table 'kk2.user_lock' doesn't exist
DELETE  FROM `user_lock` WHERE ( pid = '00000000001' )
