[2016-12-07 02:44:15] /admin/index.php?act=login&op=login ( act=login&op=login ) 
ERR: Db Error: Table 'osman3308.user_lock' doesn't exist
SELECT * FROM `user_lock` WHERE ( pid = '374648613305' ) LIMIT 1  
[2016-12-07 02:44:15] /admin/index.php?act=login&op=login ( act=login&op=login ) 
ERR: Db Error: Table 'osman3308.user_lock' doesn't exist
DELETE  FROM `user_lock` WHERE ( pid = '374648613305' )
[2016-12-07 02:44:15] /admin/index.php?act=login&op=login ( act=login&op=login ) 
ERR: Db Error: Table 'osman3308.user_lock' doesn't exist
DELETE  FROM `user_lock` WHERE ( pid = '37464861335' )
[2016-12-07 02:47:21] /index.php?act=login&op=login ( act=login&op=login ) 
ERR: Db Error: Table 'osman3308.user_lock' doesn't exist
SELECT * FROM `user_lock` WHERE ( pid = '374648613301' ) LIMIT 1  
[2016-12-07 02:47:21] /index.php?act=login&op=login ( act=login&op=login ) 
ERR: Db Error: Table 'osman3308.user_lock' doesn't exist
SELECT * FROM `user_lock` WHERE ( pid = '37464861331' ) LIMIT 1  
[2016-12-07 02:47:21] /index.php?act=login&op=login ( act=login&op=login ) 
ERR: Db Error: Table 'osman3308.user_lock' doesn't exist
SELECT * FROM `user_lock` WHERE ( pid = '37464861331' ) LIMIT 1  
[2016-12-07 02:47:21] /index.php?act=login&op=login ( act=login&op=login ) 
ERR: Db Error: Table 'osman3308.user_lock' doesn't exist
INSERT  INTO `user_lock` (pid,pvalue,expiretime) VALUES ('37464861331','1','1481050641')
[2016-12-07 02:49:13] /index.php?act=login&op=login ( act=login&op=login ) 
ERR: Db Error: Table 'osman3308.user_lock' doesn't exist
SELECT * FROM `user_lock` WHERE ( pid = '374648613301' ) LIMIT 1  
[2016-12-07 02:49:13] /index.php?act=login&op=login ( act=login&op=login ) 
ERR: Db Error: Table 'osman3308.user_lock' doesn't exist
SELECT * FROM `user_lock` WHERE ( pid = '37464861331' ) LIMIT 1  
[2016-12-07 02:49:13] /index.php?act=login&op=login ( act=login&op=login ) 
ERR: Db Error: Table 'osman3308.user_lock' doesn't exist
SELECT * FROM `user_lock` WHERE ( pid = '37464861331' ) LIMIT 1  
[2016-12-07 02:49:13] /index.php?act=login&op=login ( act=login&op=login ) 
ERR: Db Error: Table 'osman3308.user_lock' doesn't exist
INSERT  INTO `user_lock` (pid,pvalue,expiretime) VALUES ('37464861331','1','1481050753')
[2016-12-07 02:50:20] /index.php?act=login&op=login ( act=login&op=login ) 
ERR: Db Error: Table 'osman3308.user_lock' doesn't exist
SELECT * FROM `user_lock` WHERE ( pid = '374648613301' ) LIMIT 1  
[2016-12-07 02:50:20] /index.php?act=login&op=login ( act=login&op=login ) 
ERR: Db Error: Table 'osman3308.user_lock' doesn't exist
SELECT * FROM `user_lock` WHERE ( pid = '37464861331' ) LIMIT 1  
[2016-12-07 02:50:20] /index.php?act=login&op=login ( act=login&op=login ) 
ERR: Db Error: Table 'osman3308.user_lock' doesn't exist
SELECT * FROM `user_lock` WHERE ( pid = '37464861331' ) LIMIT 1  
[2016-12-07 02:50:20] /index.php?act=login&op=login ( act=login&op=login ) 
ERR: Db Error: Table 'osman3308.user_lock' doesn't exist
INSERT  INTO `user_lock` (pid,pvalue,expiretime) VALUES ('37464861331','1','1481050820')
[2016-12-07 02:52:52] /index.php?act=login&op=login ( act=login&op=login ) 
ERR: Db Error: Table 'osman3308.user_lock' doesn't exist
SELECT * FROM `user_lock` WHERE ( pid = '374648613301' ) LIMIT 1  
[2016-12-07 02:52:52] /index.php?act=login&op=login ( act=login&op=login ) 
ERR: Db Error: Table 'osman3308.user_lock' doesn't exist
SELECT * FROM `user_lock` WHERE ( pid = '37464861331' ) LIMIT 1  
[2016-12-07 02:52:52] /index.php?act=login&op=login ( act=login&op=login ) 
ERR: Db Error: Table 'osman3308.user_lock' doesn't exist
SELECT * FROM `user_lock` WHERE ( pid = '37464861331' ) LIMIT 1  
[2016-12-07 02:52:52] /index.php?act=login&op=login ( act=login&op=login ) 
ERR: Db Error: Table 'osman3308.user_lock' doesn't exist
INSERT  INTO `user_lock` (pid,pvalue,expiretime) VALUES ('37464861331','1','1481050972')
[2016-12-07 02:53:38] /index.php?act=login&op=login ( act=login&op=login ) 
ERR: Db Error: Table 'osman3308.user_lock' doesn't exist
SELECT * FROM `user_lock` WHERE ( pid = '374648613301' ) LIMIT 1  
[2016-12-07 02:53:38] /index.php?act=login&op=login ( act=login&op=login ) 
ERR: Db Error: Table 'osman3308.user_lock' doesn't exist
SELECT * FROM `user_lock` WHERE ( pid = '37464861331' ) LIMIT 1  
[2016-12-07 02:53:38] /index.php?act=login&op=login ( act=login&op=login ) 
ERR: Db Error: Table 'osman3308.user_lock' doesn't exist
SELECT * FROM `user_lock` WHERE ( pid = '37464861331' ) LIMIT 1  
[2016-12-07 02:53:38] /index.php?act=login&op=login ( act=login&op=login ) 
ERR: Db Error: Table 'osman3308.user_lock' doesn't exist
INSERT  INTO `user_lock` (pid,pvalue,expiretime) VALUES ('37464861331','1','1481051017')
[2016-12-07 02:54:31] /index.php?act=login&op=login ( act=login&op=login ) 
ERR: Db Error: Table 'osman3308.user_lock' doesn't exist
SELECT * FROM `user_lock` WHERE ( pid = '374648613301' ) LIMIT 1  
[2016-12-07 02:54:31] /index.php?act=login&op=login ( act=login&op=login ) 
ERR: Db Error: Table 'osman3308.user_lock' doesn't exist
SELECT * FROM `user_lock` WHERE ( pid = '37464861331' ) LIMIT 1  
[2016-12-07 02:54:31] /index.php?act=login&op=login ( act=login&op=login ) 
ERR: Db Error: Table 'osman3308.user_lock' doesn't exist
SELECT * FROM `user_lock` WHERE ( pid = '37464861331' ) LIMIT 1  
[2016-12-07 02:54:31] /index.php?act=login&op=login ( act=login&op=login ) 
ERR: Db Error: Table 'osman3308.user_lock' doesn't exist
INSERT  INTO `user_lock` (pid,pvalue,expiretime) VALUES ('37464861331','1','1481051071')
[2016-12-07 02:54:50] /index.php?act=login&op=login ( act=login&op=login ) 
ERR: Db Error: Table 'osman3308.user_lock' doesn't exist
SELECT * FROM `user_lock` WHERE ( pid = '374648613301' ) LIMIT 1  
[2016-12-07 02:54:50] /index.php?act=login&op=login ( act=login&op=login ) 
ERR: Db Error: Table 'osman3308.user_lock' doesn't exist
SELECT * FROM `user_lock` WHERE ( pid = '37464861331' ) LIMIT 1  
[2016-12-07 02:54:50] /index.php?act=login&op=login ( act=login&op=login ) 
ERR: Db Error: Table 'osman3308.user_lock' doesn't exist
SELECT * FROM `user_lock` WHERE ( pid = '37464861331' ) LIMIT 1  
[2016-12-07 02:54:50] /index.php?act=login&op=login ( act=login&op=login ) 
ERR: Db Error: Table 'osman3308.user_lock' doesn't exist
INSERT  INTO `user_lock` (pid,pvalue,expiretime) VALUES ('37464861331','1','1481051089')
[2016-12-07 02:55:15] /admin/index.php?act=login&op=login ( act=login&op=login ) 
ERR: Db Error: Table 'osman3308.user_lock' doesn't exist
SELECT * FROM `user_lock` WHERE ( pid = '374648613305' ) LIMIT 1  
[2016-12-07 02:55:15] /admin/index.php?act=login&op=login ( act=login&op=login ) 
ERR: Db Error: Table 'osman3308.user_lock' doesn't exist
DELETE  FROM `user_lock` WHERE ( pid = '374648613305' )
[2016-12-07 02:55:15] /admin/index.php?act=login&op=login ( act=login&op=login ) 
ERR: Db Error: Table 'osman3308.user_lock' doesn't exist
DELETE  FROM `user_lock` WHERE ( pid = '37464861335' )
[2016-12-07 02:55:34] /index.php?act=login&op=login ( act=login&op=login ) 
ERR: Db Error: Table 'osman3308.user_lock' doesn't exist
SELECT * FROM `user_lock` WHERE ( pid = '374648613301' ) LIMIT 1  
[2016-12-07 02:55:34] /index.php?act=login&op=login ( act=login&op=login ) 
ERR: Db Error: Table 'osman3308.user_lock' doesn't exist
SELECT * FROM `user_lock` WHERE ( pid = '37464861331' ) LIMIT 1  
[2016-12-07 02:55:34] /index.php?act=login&op=login ( act=login&op=login ) 
ERR: Db Error: Table 'osman3308.user_lock' doesn't exist
SELECT * FROM `user_lock` WHERE ( pid = '37464861331' ) LIMIT 1  
[2016-12-07 02:55:34] /index.php?act=login&op=login ( act=login&op=login ) 
ERR: Db Error: Table 'osman3308.user_lock' doesn't exist
INSERT  INTO `user_lock` (pid,pvalue,expiretime) VALUES ('37464861331','1','1481051134')
[2016-12-07 02:56:38] /admin/index.php?act=login&op=login ( act=login&op=login ) 
ERR: Db Error: Table 'osman3308.user_lock' doesn't exist
SELECT * FROM `user_lock` WHERE ( pid = '374648613305' ) LIMIT 1  
[2016-12-07 02:56:38] /admin/index.php?act=login&op=login ( act=login&op=login ) 
ERR: Db Error: Table 'osman3308.user_lock' doesn't exist
DELETE  FROM `user_lock` WHERE ( pid = '374648613305' )
[2016-12-07 02:56:38] /admin/index.php?act=login&op=login ( act=login&op=login ) 
ERR: Db Error: Table 'osman3308.user_lock' doesn't exist
DELETE  FROM `user_lock` WHERE ( pid = '37464861335' )
[2016-12-07 02:57:01] /index.php?act=login&op=login ( act=login&op=login ) 
ERR: Db Error: Table 'osman3308.user_lock' doesn't exist
SELECT * FROM `user_lock` WHERE ( pid = '374648613301' ) LIMIT 1  
[2016-12-07 02:57:01] /index.php?act=login&op=login ( act=login&op=login ) 
ERR: Db Error: Table 'osman3308.user_lock' doesn't exist
SELECT * FROM `user_lock` WHERE ( pid = '37464861331' ) LIMIT 1  
[2016-12-07 02:57:01] /index.php?act=login&op=login ( act=login&op=login ) 
ERR: Db Error: Table 'osman3308.user_lock' doesn't exist
SELECT * FROM `user_lock` WHERE ( pid = '37464861331' ) LIMIT 1  
[2016-12-07 02:57:01] /index.php?act=login&op=login ( act=login&op=login ) 
ERR: Db Error: Table 'osman3308.user_lock' doesn't exist
INSERT  INTO `user_lock` (pid,pvalue,expiretime) VALUES ('37464861331','1','1481051221')
[2016-12-07 03:02:48] /admin/index.php?act=login&op=login ( act=login&op=login ) 
ERR: Db Error: Table 'osman3308.user_lock' doesn't exist
SELECT * FROM `user_lock` WHERE ( pid = '374648613305' ) LIMIT 1  
[2016-12-07 03:02:48] /admin/index.php?act=login&op=login ( act=login&op=login ) 
ERR: Db Error: Table 'osman3308.user_lock' doesn't exist
DELETE  FROM `user_lock` WHERE ( pid = '374648613305' )
[2016-12-07 03:02:48] /admin/index.php?act=login&op=login ( act=login&op=login ) 
ERR: Db Error: Table 'osman3308.user_lock' doesn't exist
DELETE  FROM `user_lock` WHERE ( pid = '37464861335' )
[2016-12-07 03:03:11] /index.php?act=login&op=login ( act=login&op=login ) 
ERR: Db Error: Table 'osman3308.user_lock' doesn't exist
SELECT * FROM `user_lock` WHERE ( pid = '374648613301' ) LIMIT 1  
[2016-12-07 03:03:11] /index.php?act=login&op=login ( act=login&op=login ) 
ERR: Db Error: Table 'osman3308.user_lock' doesn't exist
SELECT * FROM `user_lock` WHERE ( pid = '37464861331' ) LIMIT 1  
[2016-12-07 03:03:11] /index.php?act=login&op=login ( act=login&op=login ) 
ERR: Db Error: Table 'osman3308.user_lock' doesn't exist
SELECT * FROM `user_lock` WHERE ( pid = '37464861331' ) LIMIT 1  
[2016-12-07 03:03:11] /index.php?act=login&op=login ( act=login&op=login ) 
ERR: Db Error: Table 'osman3308.user_lock' doesn't exist
INSERT  INTO `user_lock` (pid,pvalue,expiretime) VALUES ('37464861331','1','1481051591')
[2016-12-07 03:06:36] /index.php?act=login&op=login ( act=login&op=login ) 
ERR: Db Error: Table 'osman3308.user_lock' doesn't exist
SELECT * FROM `user_lock` WHERE ( pid = '463304919001' ) LIMIT 1  
[2016-12-07 03:06:36] /index.php?act=login&op=login ( act=login&op=login ) 
ERR: Db Error: Table 'osman3308.user_lock' doesn't exist
SELECT * FROM `user_lock` WHERE ( pid = '46330491901' ) LIMIT 1  
[2016-12-07 03:06:36] /index.php?act=login&op=login ( act=login&op=login ) 
ERR: Db Error: Table 'osman3308.user_lock' doesn't exist
SELECT * FROM `user_lock` WHERE ( pid = '46330491901' ) LIMIT 1  
[2016-12-07 03:06:36] /index.php?act=login&op=login ( act=login&op=login ) 
ERR: Db Error: Table 'osman3308.user_lock' doesn't exist
INSERT  INTO `user_lock` (pid,pvalue,expiretime) VALUES ('46330491901','1','1481051796')
[2016-12-07 03:07:02] /admin/index.php?act=login&op=login ( act=login&op=login ) 
ERR: Db Error: Table 'osman3308.user_lock' doesn't exist
SELECT * FROM `user_lock` WHERE ( pid = '463304919005' ) LIMIT 1  
[2016-12-07 03:07:02] /admin/index.php?act=login&op=login ( act=login&op=login ) 
ERR: Db Error: Table 'osman3308.user_lock' doesn't exist
DELETE  FROM `user_lock` WHERE ( pid = '463304919005' )
[2016-12-07 03:07:02] /admin/index.php?act=login&op=login ( act=login&op=login ) 
ERR: Db Error: Table 'osman3308.user_lock' doesn't exist
DELETE  FROM `user_lock` WHERE ( pid = '46330491905' )
[2016-12-07 09:00:54] /admin/index.php?act=login&op=login ( act=login&op=login ) 
ERR: Db Error: Table 'osman3308.user_lock' doesn't exist
SELECT * FROM `user_lock` WHERE ( pid = '368327398005' ) LIMIT 1  
[2016-12-07 09:00:54] /admin/index.php?act=login&op=login ( act=login&op=login ) 
ERR: Db Error: Table 'osman3308.user_lock' doesn't exist
DELETE  FROM `user_lock` WHERE ( pid = '368327398005' )
[2016-12-07 09:00:54] /admin/index.php?act=login&op=login ( act=login&op=login ) 
ERR: Db Error: Table 'osman3308.user_lock' doesn't exist
DELETE  FROM `user_lock` WHERE ( pid = '36832739805' )
[2016-12-07 15:04:05] /index.php?act=login&op=login ( act=login&op=login ) 
ERR: Db Error: Table 'osman3308.user_lock' doesn't exist
SELECT * FROM `user_lock` WHERE ( pid = '190430828201' ) LIMIT 1  
[2016-12-07 15:04:05] /index.php?act=login&op=login ( act=login&op=login ) 
ERR: Db Error: Table 'osman3308.user_lock' doesn't exist
SELECT * FROM `user_lock` WHERE ( pid = '19043082821' ) LIMIT 1  
[2016-12-07 15:04:05] /index.php?act=login&op=login ( act=login&op=login ) 
ERR: Db Error: Table 'osman3308.user_lock' doesn't exist
SELECT * FROM `user_lock` WHERE ( pid = '19043082821' ) LIMIT 1  
[2016-12-07 15:04:05] /index.php?act=login&op=login ( act=login&op=login ) 
ERR: Db Error: Table 'osman3308.user_lock' doesn't exist
INSERT  INTO `user_lock` (pid,pvalue,expiretime) VALUES ('19043082821','1','1481094845')
[2016-12-07 19:12:17] /index.php?act=login&op=login ( act=login&op=login ) 
ERR: Db Error: Table 'osman3308.user_lock' doesn't exist
SELECT * FROM `user_lock` WHERE ( pid = '189500146401' ) LIMIT 1  
[2016-12-07 19:12:17] /index.php?act=login&op=login ( act=login&op=login ) 
ERR: Db Error: Table 'osman3308.user_lock' doesn't exist
SELECT * FROM `user_lock` WHERE ( pid = '18950014641' ) LIMIT 1  
[2016-12-07 19:12:17] /index.php?act=login&op=login ( act=login&op=login ) 
ERR: Db Error: Table 'osman3308.user_lock' doesn't exist
SELECT * FROM `user_lock` WHERE ( pid = '18950014641' ) LIMIT 1  
[2016-12-07 19:12:17] /index.php?act=login&op=login ( act=login&op=login ) 
ERR: Db Error: Table 'osman3308.user_lock' doesn't exist
INSERT  INTO `user_lock` (pid,pvalue,expiretime) VALUES ('18950014641','1','1481109737')
