[2016-08-18 16:01:50] /index.php?act=login&op=login ( act=login&op=login ) 
ERR: Db Error: Table 'kk.user_lock' doesn't exist
SELECT * FROM `user_lock` WHERE ( pid = '213070643301' ) LIMIT 1  
[2016-08-18 16:01:51] /index.php?act=login&op=login ( act=login&op=login ) 
ERR: Db Error: Table 'kk.user_lock' doesn't exist
SELECT * FROM `user_lock` WHERE ( pid = '21307064331' ) LIMIT 1  
[2016-08-18 16:01:51] /index.php?act=login&op=login ( act=login&op=login ) 
ERR: Db Error: Table 'kk.user_lock' doesn't exist
SELECT * FROM `user_lock` WHERE ( pid = '21307064331' ) LIMIT 1  
[2016-08-18 16:01:51] /index.php?act=login&op=login ( act=login&op=login ) 
ERR: Db Error: Table 'kk.user_lock' doesn't exist
INSERT  INTO `user_lock` (pid,pvalue,expiretime) VALUES ('21307064331','1','1471507910')
[2016-08-18 16:10:56] /index.php?act=login&op=login ( act=login&op=login ) 
ERR: Db Error: Table 'kk.user_lock' doesn't exist
SELECT * FROM `user_lock` WHERE ( pid = '213070643301' ) LIMIT 1  
[2016-08-18 16:10:56] /index.php?act=login&op=login ( act=login&op=login ) 
ERR: Db Error: Table 'kk.user_lock' doesn't exist
DELETE  FROM `user_lock` WHERE ( pid = '213070643301' )
[2016-08-18 16:10:56] /index.php?act=login&op=login ( act=login&op=login ) 
ERR: Db Error: Table 'kk.user_lock' doesn't exist
DELETE  FROM `user_lock` WHERE ( pid = '21307064331' )
