[2016-11-29 01:50:26] /index.php?act=login&op=login ( act=login&op=login ) 
ERR: Db Error: Table 'sfn.user_lock' doesn't exist
SELECT * FROM `user_lock` WHERE ( pid = '374648588601' ) LIMIT 1  
[2016-11-29 01:50:26] /index.php?act=login&op=login ( act=login&op=login ) 
ERR: Db Error: Table 'sfn.user_lock' doesn't exist
SELECT * FROM `user_lock` WHERE ( pid = '37464858861' ) LIMIT 1  
[2016-11-29 01:50:26] /index.php?act=login&op=login ( act=login&op=login ) 
ERR: Db Error: Table 'sfn.user_lock' doesn't exist
SELECT * FROM `user_lock` WHERE ( pid = '37464858861' ) LIMIT 1  
[2016-11-29 01:50:26] /index.php?act=login&op=login ( act=login&op=login ) 
ERR: Db Error: Table 'sfn.user_lock' doesn't exist
INSERT  INTO `user_lock` (pid,pvalue,expiretime) VALUES ('37464858861','1','1480356026')
[2016-11-29 01:50:52] /index.php?act=login&op=login ( act=login&op=login ) 
ERR: Db Error: Table 'sfn.user_lock' doesn't exist
SELECT * FROM `user_lock` WHERE ( pid = '374648588601' ) LIMIT 1  
[2016-11-29 01:50:52] /index.php?act=login&op=login ( act=login&op=login ) 
ERR: Db Error: Table 'sfn.user_lock' doesn't exist
SELECT * FROM `user_lock` WHERE ( pid = '37464858861' ) LIMIT 1  
[2016-11-29 01:50:52] /index.php?act=login&op=login ( act=login&op=login ) 
ERR: Db Error: Table 'sfn.user_lock' doesn't exist
SELECT * FROM `user_lock` WHERE ( pid = '37464858861' ) LIMIT 1  
[2016-11-29 01:50:52] /index.php?act=login&op=login ( act=login&op=login ) 
ERR: Db Error: Table 'sfn.user_lock' doesn't exist
INSERT  INTO `user_lock` (pid,pvalue,expiretime) VALUES ('37464858861','1','1480356052')
[2016-11-29 01:51:25] /index.php?act=login&op=login ( act=login&op=login ) 
ERR: Db Error: Table 'sfn.user_lock' doesn't exist
SELECT * FROM `user_lock` WHERE ( pid = '374648588601' ) LIMIT 1  
[2016-11-29 01:51:25] /index.php?act=login&op=login ( act=login&op=login ) 
ERR: Db Error: Table 'sfn.user_lock' doesn't exist
SELECT * FROM `user_lock` WHERE ( pid = '37464858861' ) LIMIT 1  
[2016-11-29 01:51:25] /index.php?act=login&op=login ( act=login&op=login ) 
ERR: Db Error: Table 'sfn.user_lock' doesn't exist
SELECT * FROM `user_lock` WHERE ( pid = '37464858861' ) LIMIT 1  
[2016-11-29 01:51:25] /index.php?act=login&op=login ( act=login&op=login ) 
ERR: Db Error: Table 'sfn.user_lock' doesn't exist
INSERT  INTO `user_lock` (pid,pvalue,expiretime) VALUES ('37464858861','1','1480356085')
[2016-11-29 01:52:17] /index.php?act=login&op=login ( act=login&op=login ) 
ERR: Db Error: Table 'sfn.user_lock' doesn't exist
SELECT * FROM `user_lock` WHERE ( pid = '374648588601' ) LIMIT 1  
[2016-11-29 01:52:17] /index.php?act=login&op=login ( act=login&op=login ) 
ERR: Db Error: Table 'sfn.user_lock' doesn't exist
SELECT * FROM `user_lock` WHERE ( pid = '37464858861' ) LIMIT 1  
[2016-11-29 01:52:17] /index.php?act=login&op=login ( act=login&op=login ) 
ERR: Db Error: Table 'sfn.user_lock' doesn't exist
SELECT * FROM `user_lock` WHERE ( pid = '37464858861' ) LIMIT 1  
[2016-11-29 01:52:17] /index.php?act=login&op=login ( act=login&op=login ) 
ERR: Db Error: Table 'sfn.user_lock' doesn't exist
INSERT  INTO `user_lock` (pid,pvalue,expiretime) VALUES ('37464858861','1','1480356137')
[2016-11-29 02:07:19] /index.php?act=login&op=login ( act=login&op=login ) 
ERR: Db Error: Table 'sfn.user_lock' doesn't exist
SELECT * FROM `user_lock` WHERE ( pid = '374648588601' ) LIMIT 1  
[2016-11-29 02:07:19] /index.php?act=login&op=login ( act=login&op=login ) 
ERR: Db Error: Table 'sfn.user_lock' doesn't exist
DELETE  FROM `user_lock` WHERE ( pid = '374648588601' )
[2016-11-29 02:07:19] /index.php?act=login&op=login ( act=login&op=login ) 
ERR: Db Error: Table 'sfn.user_lock' doesn't exist
DELETE  FROM `user_lock` WHERE ( pid = '37464858861' )
[2016-11-29 02:38:01] /index.php?act=login&op=login ( act=login&op=login ) 
ERR: Db Error: Table 'sfn.user_lock' doesn't exist
SELECT * FROM `user_lock` WHERE ( pid = '000000000001' ) LIMIT 1  
[2016-11-29 02:38:01] /index.php?act=login&op=login ( act=login&op=login ) 
ERR: Db Error: Table 'sfn.user_lock' doesn't exist
DELETE  FROM `user_lock` WHERE ( pid = '000000000001' )
[2016-11-29 02:38:01] /index.php?act=login&op=login ( act=login&op=login ) 
ERR: Db Error: Table 'sfn.user_lock' doesn't exist
DELETE  FROM `user_lock` WHERE ( pid = '00000000001' )
[2016-11-29 03:36:45] /index.php?act=login&op=login ( act=login&op=login ) 
ERR: Db Error: Table 'sfn.user_lock' doesn't exist
SELECT * FROM `user_lock` WHERE ( pid = '374648588601' ) LIMIT 1  
[2016-11-29 03:36:45] /index.php?act=login&op=login ( act=login&op=login ) 
ERR: Db Error: Table 'sfn.user_lock' doesn't exist
DELETE  FROM `user_lock` WHERE ( pid = '374648588601' )
[2016-11-29 03:36:45] /index.php?act=login&op=login ( act=login&op=login ) 
ERR: Db Error: Table 'sfn.user_lock' doesn't exist
DELETE  FROM `user_lock` WHERE ( pid = '37464858861' )
[2016-11-29 14:03:10] /index.php?act=login&op=login ( act=login&op=login ) 
ERR: Db Error: Table 'sfn.user_lock' doesn't exist
SELECT * FROM `user_lock` WHERE ( pid = '374648530301' ) LIMIT 1  
[2016-11-29 14:03:10] /index.php?act=login&op=login ( act=login&op=login ) 
ERR: Db Error: Table 'sfn.user_lock' doesn't exist
SELECT * FROM `user_lock` WHERE ( pid = '37464853031' ) LIMIT 1  
[2016-11-29 14:03:10] /index.php?act=login&op=login ( act=login&op=login ) 
ERR: Db Error: Table 'sfn.user_lock' doesn't exist
SELECT * FROM `user_lock` WHERE ( pid = '37464853031' ) LIMIT 1  
[2016-11-29 14:03:10] /index.php?act=login&op=login ( act=login&op=login ) 
ERR: Db Error: Table 'sfn.user_lock' doesn't exist
INSERT  INTO `user_lock` (pid,pvalue,expiretime) VALUES ('37464853031','1','1480399990')
[2016-11-29 14:03:32] /index.php?act=login&op=login ( act=login&op=login ) 
ERR: Db Error: Table 'sfn.user_lock' doesn't exist
SELECT * FROM `user_lock` WHERE ( pid = '374648530301' ) LIMIT 1  
[2016-11-29 14:03:32] /index.php?act=login&op=login ( act=login&op=login ) 
ERR: Db Error: Table 'sfn.user_lock' doesn't exist
DELETE  FROM `user_lock` WHERE ( pid = '374648530301' )
[2016-11-29 14:03:32] /index.php?act=login&op=login ( act=login&op=login ) 
ERR: Db Error: Table 'sfn.user_lock' doesn't exist
DELETE  FROM `user_lock` WHERE ( pid = '37464853031' )
[2016-11-29 14:42:47] /admin/index.php?act=login&op=login ( act=login&op=login ) 
ERR: Db Error: Table 'sfn.user_lock' doesn't exist
SELECT * FROM `user_lock` WHERE ( pid = '187943646905' ) LIMIT 1  
[2016-11-29 14:42:47] /admin/index.php?act=login&op=login ( act=login&op=login ) 
ERR: Db Error: Table 'sfn.user_lock' doesn't exist
DELETE  FROM `user_lock` WHERE ( pid = '187943646905' )
[2016-11-29 14:42:47] /admin/index.php?act=login&op=login ( act=login&op=login ) 
ERR: Db Error: Table 'sfn.user_lock' doesn't exist
DELETE  FROM `user_lock` WHERE ( pid = '18794364695' )
[2016-11-29 14:43:18] /index.php?act=login&op=login ( act=login&op=login ) 
ERR: Db Error: Table 'sfn.user_lock' doesn't exist
SELECT * FROM `user_lock` WHERE ( pid = '187943646901' ) LIMIT 1  
[2016-11-29 14:43:18] /index.php?act=login&op=login ( act=login&op=login ) 
ERR: Db Error: Table 'sfn.user_lock' doesn't exist
DELETE  FROM `user_lock` WHERE ( pid = '187943646901' )
[2016-11-29 14:43:18] /index.php?act=login&op=login ( act=login&op=login ) 
ERR: Db Error: Table 'sfn.user_lock' doesn't exist
DELETE  FROM `user_lock` WHERE ( pid = '18794364691' )
[2016-11-29 14:48:44] /index.php?act=login&op=login ( act=login&op=login ) 
ERR: Db Error: Table 'sfn.user_lock' doesn't exist
SELECT * FROM `user_lock` WHERE ( pid = '993495484001' ) LIMIT 1  
[2016-11-29 14:48:44] /index.php?act=login&op=login ( act=login&op=login ) 
ERR: Db Error: Table 'sfn.user_lock' doesn't exist
DELETE  FROM `user_lock` WHERE ( pid = '993495484001' )
[2016-11-29 14:48:44] /index.php?act=login&op=login ( act=login&op=login ) 
ERR: Db Error: Table 'sfn.user_lock' doesn't exist
DELETE  FROM `user_lock` WHERE ( pid = '99349548401' )
[2016-11-29 15:22:56] /index.php?act=login&op=login ( act=login&op=login ) 
ERR: Db Error: Table 'sfn.user_lock' doesn't exist
SELECT * FROM `user_lock` WHERE ( pid = '374648530301' ) LIMIT 1  
[2016-11-29 15:22:56] /index.php?act=login&op=login ( act=login&op=login ) 
ERR: Db Error: Table 'sfn.user_lock' doesn't exist
DELETE  FROM `user_lock` WHERE ( pid = '374648530301' )
[2016-11-29 15:22:56] /index.php?act=login&op=login ( act=login&op=login ) 
ERR: Db Error: Table 'sfn.user_lock' doesn't exist
DELETE  FROM `user_lock` WHERE ( pid = '37464853031' )
[2016-11-29 16:28:24] /index.php?act=login&op=login ( act=login&op=login ) 
ERR: Db Error: Table 'sfn.user_lock' doesn't exist
SELECT * FROM `user_lock` WHERE ( pid = '374648530301' ) LIMIT 1  
[2016-11-29 16:28:24] /index.php?act=login&op=login ( act=login&op=login ) 
ERR: Db Error: Table 'sfn.user_lock' doesn't exist
DELETE  FROM `user_lock` WHERE ( pid = '374648530301' )
[2016-11-29 16:28:24] /index.php?act=login&op=login ( act=login&op=login ) 
ERR: Db Error: Table 'sfn.user_lock' doesn't exist
DELETE  FROM `user_lock` WHERE ( pid = '37464853031' )
[2016-11-29 16:52:42] /index.php?act=login&op=login ( act=login&op=login ) 
ERR: Db Error: Table 'sfn.user_lock' doesn't exist
SELECT * FROM `user_lock` WHERE ( pid = '374648530301' ) LIMIT 1  
[2016-11-29 16:52:42] /index.php?act=login&op=login ( act=login&op=login ) 
ERR: Db Error: Table 'sfn.user_lock' doesn't exist
DELETE  FROM `user_lock` WHERE ( pid = '374648530301' )
[2016-11-29 16:52:42] /index.php?act=login&op=login ( act=login&op=login ) 
ERR: Db Error: Table 'sfn.user_lock' doesn't exist
DELETE  FROM `user_lock` WHERE ( pid = '37464853031' )
[2016-11-29 16:54:43] /index.php?act=login&op=login ( act=login&op=login ) 
ERR: Db Error: Table 'sfn.user_lock' doesn't exist
SELECT * FROM `user_lock` WHERE ( pid = '374648530301' ) LIMIT 1  
[2016-11-29 16:54:43] /index.php?act=login&op=login ( act=login&op=login ) 
ERR: Db Error: Table 'sfn.user_lock' doesn't exist
DELETE  FROM `user_lock` WHERE ( pid = '374648530301' )
[2016-11-29 16:54:43] /index.php?act=login&op=login ( act=login&op=login ) 
ERR: Db Error: Table 'sfn.user_lock' doesn't exist
DELETE  FROM `user_lock` WHERE ( pid = '37464853031' )
[2016-11-29 18:35:21] /index.php?act=login&op=login ( act=login&op=login ) 
ERR: Db Error: Table 'sfn.user_lock' doesn't exist
SELECT * FROM `user_lock` WHERE ( pid = '374648530301' ) LIMIT 1  
[2016-11-29 18:35:21] /index.php?act=login&op=login ( act=login&op=login ) 
ERR: Db Error: Table 'sfn.user_lock' doesn't exist
DELETE  FROM `user_lock` WHERE ( pid = '374648530301' )
[2016-11-29 18:35:21] /index.php?act=login&op=login ( act=login&op=login ) 
ERR: Db Error: Table 'sfn.user_lock' doesn't exist
DELETE  FROM `user_lock` WHERE ( pid = '37464853031' )
[2016-11-29 19:21:03] /admin/index.php?act=login&op=login ( act=login&op=login ) 
ERR: Db Error: Table 'sfn.user_lock' doesn't exist
SELECT * FROM `user_lock` WHERE ( pid = '187362981205' ) LIMIT 1  
[2016-11-29 19:21:03] /admin/index.php?act=login&op=login ( act=login&op=login ) 
ERR: Db Error: Table 'sfn.user_lock' doesn't exist
DELETE  FROM `user_lock` WHERE ( pid = '187362981205' )
[2016-11-29 19:21:03] /admin/index.php?act=login&op=login ( act=login&op=login ) 
ERR: Db Error: Table 'sfn.user_lock' doesn't exist
DELETE  FROM `user_lock` WHERE ( pid = '18736298125' )
[2016-11-29 19:46:41] /index.php?act=login&op=login ( act=login&op=login ) 
ERR: Db Error: Table 'sfn.user_lock' doesn't exist
SELECT * FROM `user_lock` WHERE ( pid = '374648530301' ) LIMIT 1  
[2016-11-29 19:46:41] /index.php?act=login&op=login ( act=login&op=login ) 
ERR: Db Error: Table 'sfn.user_lock' doesn't exist
SELECT * FROM `user_lock` WHERE ( pid = '37464853031' ) LIMIT 1  
[2016-11-29 19:46:41] /index.php?act=login&op=login ( act=login&op=login ) 
ERR: Db Error: Table 'sfn.user_lock' doesn't exist
SELECT * FROM `user_lock` WHERE ( pid = '37464853031' ) LIMIT 1  
[2016-11-29 19:46:41] /index.php?act=login&op=login ( act=login&op=login ) 
ERR: Db Error: Table 'sfn.user_lock' doesn't exist
INSERT  INTO `user_lock` (pid,pvalue,expiretime) VALUES ('37464853031','1','1480420600')
[2016-11-29 19:47:04] /index.php?act=login&op=login ( act=login&op=login ) 
ERR: Db Error: Table 'sfn.user_lock' doesn't exist
SELECT * FROM `user_lock` WHERE ( pid = '374648530301' ) LIMIT 1  
[2016-11-29 19:47:04] /index.php?act=login&op=login ( act=login&op=login ) 
ERR: Db Error: Table 'sfn.user_lock' doesn't exist
DELETE  FROM `user_lock` WHERE ( pid = '374648530301' )
[2016-11-29 19:47:04] /index.php?act=login&op=login ( act=login&op=login ) 
ERR: Db Error: Table 'sfn.user_lock' doesn't exist
DELETE  FROM `user_lock` WHERE ( pid = '37464853031' )
[2016-11-29 19:47:12] /index.php?act=login&op=login ( act=login&op=login ) 
ERR: Db Error: Table 'sfn.user_lock' doesn't exist
SELECT * FROM `user_lock` WHERE ( pid = '187362981201' ) LIMIT 1  
[2016-11-29 19:47:12] /index.php?act=login&op=login ( act=login&op=login ) 
ERR: Db Error: Table 'sfn.user_lock' doesn't exist
SELECT * FROM `user_lock` WHERE ( pid = '18736298121' ) LIMIT 1  
[2016-11-29 19:47:12] /index.php?act=login&op=login ( act=login&op=login ) 
ERR: Db Error: Table 'sfn.user_lock' doesn't exist
SELECT * FROM `user_lock` WHERE ( pid = '18736298121' ) LIMIT 1  
[2016-11-29 19:47:12] /index.php?act=login&op=login ( act=login&op=login ) 
ERR: Db Error: Table 'sfn.user_lock' doesn't exist
INSERT  INTO `user_lock` (pid,pvalue,expiretime) VALUES ('18736298121','1','1480420632')
[2016-11-29 19:47:36] /index.php?act=login&op=login ( act=login&op=login ) 
ERR: Db Error: Table 'sfn.user_lock' doesn't exist
SELECT * FROM `user_lock` WHERE ( pid = '187362981201' ) LIMIT 1  
[2016-11-29 19:47:36] /index.php?act=login&op=login ( act=login&op=login ) 
ERR: Db Error: Table 'sfn.user_lock' doesn't exist
DELETE  FROM `user_lock` WHERE ( pid = '187362981201' )
[2016-11-29 19:47:36] /index.php?act=login&op=login ( act=login&op=login ) 
ERR: Db Error: Table 'sfn.user_lock' doesn't exist
DELETE  FROM `user_lock` WHERE ( pid = '18736298121' )
