[2016-12-11 10:55:56] /index.php?act=login&op=login ( act=login&op=login ) 
ERR: Db Error: Table 'kk2.user_lock' doesn't exist
SELECT * FROM `user_lock` WHERE ( pid = '000000000001' ) LIMIT 1  
[2016-12-11 10:55:56] /index.php?act=login&op=login ( act=login&op=login ) 
ERR: Db Error: Table 'kk2.user_lock' doesn't exist
DELETE  FROM `user_lock` WHERE ( pid = '000000000001' )
[2016-12-11 10:55:56] /index.php?act=login&op=login ( act=login&op=login ) 
ERR: Db Error: Table 'kk2.user_lock' doesn't exist
DELETE  FROM `user_lock` WHERE ( pid = '00000000001' )
[2016-12-11 10:56:07] /admin/index.php?act=login&op=login ( act=login&op=login ) 
ERR: Db Error: Table 'kk2.user_lock' doesn't exist
SELECT * FROM `user_lock` WHERE ( pid = '000000000005' ) LIMIT 1  
[2016-12-11 10:56:07] /admin/index.php?act=login&op=login ( act=login&op=login ) 
ERR: Db Error: Table 'kk2.user_lock' doesn't exist
DELETE  FROM `user_lock` WHERE ( pid = '000000000005' )
[2016-12-11 10:56:07] /admin/index.php?act=login&op=login ( act=login&op=login ) 
ERR: Db Error: Table 'kk2.user_lock' doesn't exist
DELETE  FROM `user_lock` WHERE ( pid = '00000000005' )
[2016-12-11 11:47:02] /index.php?act=login&op=login ( act=login&op=login ) 
ERR: Db Error: Table 'kk2.user_lock' doesn't exist
SELECT * FROM `user_lock` WHERE ( pid = '000000000001' ) LIMIT 1  
[2016-12-11 11:47:02] /index.php?act=login&op=login ( act=login&op=login ) 
ERR: Db Error: Table 'kk2.user_lock' doesn't exist
DELETE  FROM `user_lock` WHERE ( pid = '000000000001' )
[2016-12-11 11:47:02] /index.php?act=login&op=login ( act=login&op=login ) 
ERR: Db Error: Table 'kk2.user_lock' doesn't exist
DELETE  FROM `user_lock` WHERE ( pid = '00000000001' )
[2016-12-11 11:47:52] /index.php?act=team&op=confirm_add ( act=team&op=confirm_add ) 
ERR: Db Error: Duplicate entry '54' for key 'PRIMARY'
INSERT  INTO `user_parent` (uid,net_id,parent_id,parent) VALUES ('54','55','27',',1,3,6,13,27,')
