[2017-04-28 08:22:17] /index.php?act=login&op=login ( act=login&op=login ) 
ERR: Db Error: Table 'posw.user_lock' doesn't exist
SELECT * FROM `user_lock` WHERE ( pid = '213070643301' ) LIMIT 1  
[2017-04-28 08:22:17] /index.php?act=login&op=login ( act=login&op=login ) 
ERR: Db Error: Table 'posw.user_lock' doesn't exist
DELETE  FROM `user_lock` WHERE ( pid = '213070643301' )
[2017-04-28 08:22:17] /index.php?act=login&op=login ( act=login&op=login ) 
ERR: Db Error: Table 'posw.user_lock' doesn't exist
DELETE  FROM `user_lock` WHERE ( pid = '21307064331' )
[2017-04-28 08:24:06] /admin/index.php?act=login&op=login ( act=login&op=login ) 
ERR: Db Error: Table 'posw.user_lock' doesn't exist
SELECT * FROM `user_lock` WHERE ( pid = '213070643305' ) LIMIT 1  
[2017-04-28 08:24:06] /admin/index.php?act=login&op=login ( act=login&op=login ) 
ERR: Db Error: Table 'posw.user_lock' doesn't exist
DELETE  FROM `user_lock` WHERE ( pid = '213070643305' )
[2017-04-28 08:24:06] /admin/index.php?act=login&op=login ( act=login&op=login ) 
ERR: Db Error: Table 'posw.user_lock' doesn't exist
DELETE  FROM `user_lock` WHERE ( pid = '21307064335' )
[2017-04-28 09:39:43] /index.php?act=login&op=login ( act=login&op=login ) 
ERR: Db Error: Table 'posw.user_lock' doesn't exist
SELECT * FROM `user_lock` WHERE ( pid = '213070643301' ) LIMIT 1  
[2017-04-28 09:39:43] /index.php?act=login&op=login ( act=login&op=login ) 
ERR: Db Error: Table 'posw.user_lock' doesn't exist
DELETE  FROM `user_lock` WHERE ( pid = '213070643301' )
[2017-04-28 09:39:43] /index.php?act=login&op=login ( act=login&op=login ) 
ERR: Db Error: Table 'posw.user_lock' doesn't exist
DELETE  FROM `user_lock` WHERE ( pid = '21307064331' )
[2017-04-28 09:49:08] /admin/index.php?act=login&op=login ( act=login&op=login ) 
ERR: Db Error: Table 'posw.user_lock' doesn't exist
SELECT * FROM `user_lock` WHERE ( pid = '213070643305' ) LIMIT 1  
[2017-04-28 09:49:08] /admin/index.php?act=login&op=login ( act=login&op=login ) 
ERR: Db Error: Table 'posw.user_lock' doesn't exist
DELETE  FROM `user_lock` WHERE ( pid = '213070643305' )
[2017-04-28 09:49:08] /admin/index.php?act=login&op=login ( act=login&op=login ) 
ERR: Db Error: Table 'posw.user_lock' doesn't exist
DELETE  FROM `user_lock` WHERE ( pid = '21307064335' )
[2017-04-28 10:04:26] /index.php?act=login&op=login ( act=login&op=login ) 
ERR: Db Error: Table 'posw.user_lock' doesn't exist
SELECT * FROM `user_lock` WHERE ( pid = '213070643301' ) LIMIT 1  
[2017-04-28 10:04:26] /index.php?act=login&op=login ( act=login&op=login ) 
ERR: Db Error: Table 'posw.user_lock' doesn't exist
SELECT * FROM `user_lock` WHERE ( pid = '21307064331' ) LIMIT 1  
[2017-04-28 10:04:26] /index.php?act=login&op=login ( act=login&op=login ) 
ERR: Db Error: Table 'posw.user_lock' doesn't exist
SELECT * FROM `user_lock` WHERE ( pid = '21307064331' ) LIMIT 1  
[2017-04-28 10:04:26] /index.php?act=login&op=login ( act=login&op=login ) 
ERR: Db Error: Table 'posw.user_lock' doesn't exist
INSERT  INTO `user_lock` (pid,pvalue,expiretime) VALUES ('21307064331','1','1493345665')
[2017-04-28 10:04:38] /index.php?act=login&op=login ( act=login&op=login ) 
ERR: Db Error: Table 'posw.user_lock' doesn't exist
SELECT * FROM `user_lock` WHERE ( pid = '213070643301' ) LIMIT 1  
[2017-04-28 10:04:38] /index.php?act=login&op=login ( act=login&op=login ) 
ERR: Db Error: Table 'posw.user_lock' doesn't exist
DELETE  FROM `user_lock` WHERE ( pid = '213070643301' )
[2017-04-28 10:04:38] /index.php?act=login&op=login ( act=login&op=login ) 
ERR: Db Error: Table 'posw.user_lock' doesn't exist
DELETE  FROM `user_lock` WHERE ( pid = '21307064331' )
[2017-04-28 10:41:34] /index.php?act=login&op=login ( act=login&op=login ) 
ERR: Db Error: Table 'posw.user_lock' doesn't exist
SELECT * FROM `user_lock` WHERE ( pid = '213070643301' ) LIMIT 1  
[2017-04-28 10:41:34] /index.php?act=login&op=login ( act=login&op=login ) 
ERR: Db Error: Table 'posw.user_lock' doesn't exist
DELETE  FROM `user_lock` WHERE ( pid = '213070643301' )
[2017-04-28 10:41:34] /index.php?act=login&op=login ( act=login&op=login ) 
ERR: Db Error: Table 'posw.user_lock' doesn't exist
DELETE  FROM `user_lock` WHERE ( pid = '21307064331' )
[2017-04-28 11:44:18] /index.php?act=login&op=login ( act=login&op=login ) 
ERR: Db Error: Table 'posw.user_lock' doesn't exist
SELECT * FROM `user_lock` WHERE ( pid = '213070643301' ) LIMIT 1  
[2017-04-28 11:44:18] /index.php?act=login&op=login ( act=login&op=login ) 
ERR: Db Error: Table 'posw.user_lock' doesn't exist
DELETE  FROM `user_lock` WHERE ( pid = '213070643301' )
[2017-04-28 11:44:18] /index.php?act=login&op=login ( act=login&op=login ) 
ERR: Db Error: Table 'posw.user_lock' doesn't exist
DELETE  FROM `user_lock` WHERE ( pid = '21307064331' )
[2017-04-28 14:25:54] /index.php?act=login&op=login ( act=login&op=login ) 
ERR: Db Error: Table 'posw.user_lock' doesn't exist
SELECT * FROM `user_lock` WHERE ( pid = '213070643301' ) LIMIT 1  
[2017-04-28 14:25:54] /index.php?act=login&op=login ( act=login&op=login ) 
ERR: Db Error: Table 'posw.user_lock' doesn't exist
DELETE  FROM `user_lock` WHERE ( pid = '213070643301' )
[2017-04-28 14:25:54] /index.php?act=login&op=login ( act=login&op=login ) 
ERR: Db Error: Table 'posw.user_lock' doesn't exist
DELETE  FROM `user_lock` WHERE ( pid = '21307064331' )
[2017-04-28 15:09:42] /index.php?act=net&op=network ( act=net&op=network ) 
ERR: Db Error: You have an error in your SQL syntax; check the manual that corresponds to your MySQL server version for the right syntax to use near ') and '2017-04-28'=FROM_UNIXTIME(time,'%Y-%m-%d') ORDER BY id desc LIMIT 1000' at line 1
SELECT area FROM `user_users` WHERE id in ($2,4,5,6,7,8,9,10,11,12,13,14,15,16 =) and '2017-04-28'=FROM_UNIXTIME(time,'%Y-%m-%d') ORDER BY id desc LIMIT 1000  
[2017-04-28 15:10:00] /index.php?act=net&op=network ( act=net&op=network ) 
ERR: Db Error: You have an error in your SQL syntax; check the manual that corresponds to your MySQL server version for the right syntax to use near ') and '2017-04-28'=FROM_UNIXTIME(time,'%Y-%m-%d') ORDER BY id desc LIMIT 1000' at line 1
SELECT area FROM `user_users` WHERE id in ($2,4,5,6,7,8,9,10,11,12,13,14,15,16 =) and '2017-04-28'=FROM_UNIXTIME(time,'%Y-%m-%d') ORDER BY id desc LIMIT 1000  
[2017-04-28 15:10:10] /index.php?act=net&op=network ( act=net&op=network ) 
ERR: Db Error: Unknown column 'area' in 'field list'
SELECT area FROM `user_users` WHERE id in (2,4,5,6,7,8,9,10,11,12,13,14,15,16) and '2017-04-28'=FROM_UNIXTIME(time,'%Y-%m-%d') ORDER BY id desc LIMIT 1000  
[2017-04-28 15:10:21] /index.php?act=net&op=network ( act=net&op=network ) 
ERR: Db Error: Unknown column 'area' in 'field list'
SELECT area FROM `user_users` WHERE id in (2,4,5,6,7,8,9,10,11,12,13,14,15,16) and '2017-04-28'=FROM_UNIXTIME(time,'%Y-%m-%d') ORDER BY id desc LIMIT 1000  
[2017-04-28 15:14:44] /index.php?act=net&op=network ( act=net&op=network ) 
ERR: Db Error: Unknown column 'area' in 'field list'
SELECT area FROM `user_users` WHERE id in (2,4,5,6,7,8,9,10,11,12,13,14,15,16) and '2017-04-28'=FROM_UNIXTIME(time,'%Y-%m-%d') ORDER BY id desc LIMIT 1000  
[2017-04-28 15:27:50] /index.php?act=login&op=login ( act=login&op=login ) 
ERR: Db Error: Table 'posw.user_lock' doesn't exist
SELECT * FROM `user_lock` WHERE ( pid = '213070643301' ) LIMIT 1  
[2017-04-28 15:27:50] /index.php?act=login&op=login ( act=login&op=login ) 
ERR: Db Error: Table 'posw.user_lock' doesn't exist
DELETE  FROM `user_lock` WHERE ( pid = '213070643301' )
[2017-04-28 15:27:50] /index.php?act=login&op=login ( act=login&op=login ) 
ERR: Db Error: Table 'posw.user_lock' doesn't exist
DELETE  FROM `user_lock` WHERE ( pid = '21307064331' )
[2017-04-28 16:27:28] /index.php?act=net&op=network ( act=net&op=network ) 
ERR: Db Error: Unknown column 'uid' in 'field list'
SELECT id,uid,area FROM `user_users` WHERE pid = 1 ORDER BY id asc LIMIT 1000  
[2017-04-28 16:27:34] /index.php?act=net&op=network ( act=net&op=network ) 
ERR: Db Error: Unknown column 'uid' in 'field list'
SELECT id,uid,area FROM `user_users` WHERE pid = 1 ORDER BY id asc LIMIT 1000  
[2017-04-28 16:28:05] /index.php?act=login&op=login ( act=login&op=login ) 
ERR: Db Error: Table 'posw.user_lock' doesn't exist
SELECT * FROM `user_lock` WHERE ( pid = '213070643301' ) LIMIT 1  
[2017-04-28 16:28:05] /index.php?act=login&op=login ( act=login&op=login ) 
ERR: Db Error: Table 'posw.user_lock' doesn't exist
DELETE  FROM `user_lock` WHERE ( pid = '213070643301' )
[2017-04-28 16:28:05] /index.php?act=login&op=login ( act=login&op=login ) 
ERR: Db Error: Table 'posw.user_lock' doesn't exist
DELETE  FROM `user_lock` WHERE ( pid = '21307064331' )
[2017-04-28 16:28:07] /index.php?act=net&op=network ( act=net&op=network ) 
ERR: Db Error: Unknown column 'uid' in 'field list'
SELECT id,uid,area FROM `user_users` WHERE pid = 2 ORDER BY id asc LIMIT 1000  
[2017-04-28 16:28:23] /index.php?act=net&op=network ( act=net&op=network ) 
ERR: Db Error: Unknown column 'uid' in 'field list'
SELECT id,uid,area FROM `user_users` WHERE pid = 2 ORDER BY id asc LIMIT 1000  
[2017-04-28 16:28:42] /index.php?act=net&op=network ( act=net&op=network ) 
ERR: Db Error: You have an error in your SQL syntax; check the manual that corresponds to your MySQL server version for the right syntax to use near 'ORDER BY id asc LIMIT 1000' at line 1
SELECT id,uid,area FROM `user_users` WHERE pid =  ORDER BY id asc LIMIT 1000  
[2017-04-28 16:29:18] /index.php?act=net&op=network ( act=net&op=network ) 
ERR: Db Error: You have an error in your SQL syntax; check the manual that corresponds to your MySQL server version for the right syntax to use near 'ORDER BY id asc LIMIT 1000' at line 1
SELECT id,uid,area FROM `user_users` WHERE pid =  ORDER BY id asc LIMIT 1000  
[2017-04-28 16:30:11] /index.php?act=net&op=network ( act=net&op=network ) 
ERR: Db Error: You have an error in your SQL syntax; check the manual that corresponds to your MySQL server version for the right syntax to use near 'ORDER BY id asc LIMIT 1000' at line 1
SELECT id,uid,area FROM `user_users` WHERE pid =  ORDER BY id asc LIMIT 1000  
[2017-04-28 16:30:26] /index.php?act=net&op=network ( act=net&op=network ) 
ERR: Db Error: You have an error in your SQL syntax; check the manual that corresponds to your MySQL server version for the right syntax to use near 'ORDER BY id asc LIMIT 1000' at line 1
SELECT id,uid,area FROM `user_users` WHERE pid =  ORDER BY id asc LIMIT 1000  
[2017-04-28 16:30:38] /index.php?act=net&op=network ( act=net&op=network ) 
ERR: Db Error: Unknown column 'uid' in 'field list'
SELECT id,uid,area FROM `user_users` WHERE pid = 2 ORDER BY id asc LIMIT 1000  
[2017-04-28 16:30:48] /index.php?act=net&op=network ( act=net&op=network ) 
ERR: Db Error: Unknown column 'uid' in 'field list'
SELECT id,uid,area FROM `user_users` WHERE pid = 2 ORDER BY id asc LIMIT 1000  
[2017-04-28 16:30:54] /index.php?act=net&op=network ( act=net&op=network ) 
ERR: Db Error: Unknown column 'uid' in 'field list'
SELECT id,uid,area FROM `user_users` WHERE pid = 2 ORDER BY id asc LIMIT 1000  
[2017-04-28 16:31:15] /index.php?act=net&op=network ( act=net&op=network ) 
ERR: Db Error: Unknown column 'uid' in 'field list'
SELECT id,uid,area FROM `user_users` WHERE pid = 2 ORDER BY id asc LIMIT 1000  
[2017-04-28 16:31:15] /index.php?act=net&op=network ( act=net&op=network ) 
ERR: Db Error: Unknown column 'uid' in 'field list'
SELECT id,uid,area FROM `user_users` WHERE pid = 2 ORDER BY id asc LIMIT 1000  
[2017-04-28 16:31:40] /index.php?act=net&op=network ( act=net&op=network ) 
ERR: Db Error: Unknown column 'uid' in 'field list'
SELECT id,uid,area FROM `user_users` WHERE pid = 2 ORDER BY id asc LIMIT 1000  
[2017-04-28 16:32:49] /index.php?act=net&op=network ( act=net&op=network ) 
ERR: Db Error: Unknown column 'uid' in 'field list'
SELECT id,uid,area FROM `user_users` WHERE pid = 2 ORDER BY id asc LIMIT 1000  
[2017-04-28 16:32:49] /index.php?act=net&op=network ( act=net&op=network ) 
ERR: Db Error: Unknown column 'uid' in 'field list'
SELECT id,uid,area FROM `user_users` WHERE pid = 2 ORDER BY id asc LIMIT 1000  
[2017-04-28 16:33:27] /index.php?act=net&op=network ( act=net&op=network ) 
ERR: Db Error: Unknown column 'uid' in 'field list'
SELECT id,uid,area FROM `user_users` WHERE pid = 2 ORDER BY id asc LIMIT 1000  
[2017-04-28 16:35:04] /index.php?act=net&op=network ( act=net&op=network ) 
ERR: Db Error: Unknown column 'uid' in 'field list'
SELECT id,uid,area FROM `user_users` WHERE pid = 2 ORDER BY id asc LIMIT 1000  
[2017-04-28 16:35:04] /index.php?act=net&op=network ( act=net&op=network ) 
ERR: Db Error: Unknown column 'uid' in 'field list'
SELECT id,uid,area FROM `user_users` WHERE pid = 2 ORDER BY id asc LIMIT 1000  
[2017-04-28 16:36:01] /index.php?act=net&op=network ( act=net&op=network ) 
ERR: Db Error: Unknown column 'uid' in 'field list'
SELECT id,uid,area FROM `user_users` WHERE pid = 2 ORDER BY id asc LIMIT 1000  
[2017-04-28 16:36:09] /index.php?act=net&op=network ( act=net&op=network ) 
ERR: Db Error: Unknown column 'uid' in 'field list'
SELECT id,uid,area FROM `user_users` WHERE pid = 2 ORDER BY id asc LIMIT 1000  
[2017-04-28 16:36:18] /index.php?act=net&op=network ( act=net&op=network ) 
ERR: Db Error: Unknown column 'uid' in 'field list'
SELECT id,uid,area FROM `user_users` WHERE pid = 2 ORDER BY id asc LIMIT 1000  
[2017-04-28 16:36:38] /index.php?act=net&op=network ( act=net&op=network ) 
ERR: Db Error: Unknown column 'uid' in 'field list'
SELECT id,uid,area FROM `user_users` WHERE pid = 2 ORDER BY id asc LIMIT 1000  
[2017-04-28 16:36:38] /index.php?act=net&op=network ( act=net&op=network ) 
ERR: Db Error: Unknown column 'uid' in 'field list'
SELECT id,uid,area FROM `user_users` WHERE pid = 2 ORDER BY id asc LIMIT 1000  
[2017-04-28 16:36:59] /index.php?act=net&op=network ( act=net&op=network ) 
ERR: Db Error: Unknown column 'uid' in 'field list'
SELECT id,uid,area FROM `user_users` WHERE pid = 2 ORDER BY id asc LIMIT 1000  
[2017-04-28 16:36:59] /index.php?act=net&op=network ( act=net&op=network ) 
ERR: Db Error: Unknown column 'uid' in 'field list'
SELECT id,uid,area FROM `user_users` WHERE pid = 2 ORDER BY id asc LIMIT 1000  
[2017-04-28 16:37:19] /index.php?act=net&op=network ( act=net&op=network ) 
ERR: Db Error: Unknown column 'uid' in 'field list'
SELECT id,uid,area FROM `user_users` WHERE pid = 2 ORDER BY id asc LIMIT 1000  
[2017-04-28 16:37:19] /index.php?act=net&op=network ( act=net&op=network ) 
ERR: Db Error: Unknown column 'uid' in 'field list'
SELECT id,uid,area FROM `user_users` WHERE pid = 2 ORDER BY id asc LIMIT 1000  
[2017-04-28 16:37:31] /index.php?act=net&op=network ( act=net&op=network ) 
ERR: Db Error: Unknown column 'uid' in 'field list'
SELECT id,uid,area FROM `user_users` WHERE pid = 2 ORDER BY id asc LIMIT 1000  
[2017-04-28 16:37:31] /index.php?act=net&op=network ( act=net&op=network ) 
ERR: Db Error: Unknown column 'uid' in 'field list'
SELECT id,uid,area FROM `user_users` WHERE pid = 2 ORDER BY id asc LIMIT 1000  
[2017-04-28 16:38:13] /index.php?act=net&op=network ( act=net&op=network ) 
ERR: Db Error: Unknown column 'uid' in 'field list'
SELECT id,uid,area FROM `user_users` WHERE pid = 2 ORDER BY id asc LIMIT 1000  
[2017-04-28 16:38:13] /index.php?act=net&op=network ( act=net&op=network ) 
ERR: Db Error: Unknown column 'uid' in 'field list'
SELECT id,uid,area FROM `user_users` WHERE pid = 2 ORDER BY id asc LIMIT 1000  
[2017-04-28 16:39:07] /index.php?act=net&op=network ( act=net&op=network ) 
ERR: Db Error: Unknown column 'uid' in 'field list'
SELECT id,uid,area FROM `user_users` WHERE pid = 2 ORDER BY id asc LIMIT 1000  
[2017-04-28 16:39:07] /index.php?act=net&op=network ( act=net&op=network ) 
ERR: Db Error: Unknown column 'uid' in 'field list'
SELECT id,uid,area FROM `user_users` WHERE pid = 2 ORDER BY id asc LIMIT 1000  
[2017-04-28 16:39:51] /index.php?act=net&op=network ( act=net&op=network ) 
ERR: Db Error: Unknown column 'uid' in 'field list'
SELECT id,uid,area FROM `user_users` WHERE pid = 2 ORDER BY id asc LIMIT 1000  
[2017-04-28 16:39:51] /index.php?act=net&op=network ( act=net&op=network ) 
ERR: Db Error: Unknown column 'uid' in 'field list'
SELECT id,uid,area FROM `user_users` WHERE pid = 2 ORDER BY id asc LIMIT 1000  
[2017-04-28 17:29:30] /index.php?act=login&op=login ( act=login&op=login ) 
ERR: Db Error: Table 'posw.user_lock' doesn't exist
SELECT * FROM `user_lock` WHERE ( pid = '213070643301' ) LIMIT 1  
[2017-04-28 17:29:30] /index.php?act=login&op=login ( act=login&op=login ) 
ERR: Db Error: Table 'posw.user_lock' doesn't exist
DELETE  FROM `user_lock` WHERE ( pid = '213070643301' )
[2017-04-28 17:29:30] /index.php?act=login&op=login ( act=login&op=login ) 
ERR: Db Error: Table 'posw.user_lock' doesn't exist
DELETE  FROM `user_lock` WHERE ( pid = '21307064331' )
