[2017-06-20 11:37:52] /admin/index.php?act=login&op=login ( act=login&op=login ) 
ERR: Db Error: Table 'posw13.user_lock' doesn't exist
SELECT * FROM `user_lock` WHERE ( pid = '241595810705' ) LIMIT 1  
[2017-06-20 11:37:52] /admin/index.php?act=login&op=login ( act=login&op=login ) 
ERR: Db Error: Table 'posw13.user_lock' doesn't exist
DELETE  FROM `user_lock` WHERE ( pid = '241595810705' )
[2017-06-20 11:37:52] /admin/index.php?act=login&op=login ( act=login&op=login ) 
ERR: Db Error: Table 'posw13.user_lock' doesn't exist
DELETE  FROM `user_lock` WHERE ( pid = '24159581075' )
[2017-06-20 11:38:53] /index.php?act=login&op=login ( act=login&op=login ) 
ERR: Db Error: Table 'posw13.user_lock' doesn't exist
SELECT * FROM `user_lock` WHERE ( pid = '241595810701' ) LIMIT 1  
[2017-06-20 11:38:53] /index.php?act=login&op=login ( act=login&op=login ) 
ERR: Db Error: Table 'posw13.user_lock' doesn't exist
SELECT * FROM `user_lock` WHERE ( pid = '24159581071' ) LIMIT 1  
[2017-06-20 11:38:53] /index.php?act=login&op=login ( act=login&op=login ) 
ERR: Db Error: Table 'posw13.user_lock' doesn't exist
SELECT * FROM `user_lock` WHERE ( pid = '24159581071' ) LIMIT 1  
[2017-06-20 11:38:53] /index.php?act=login&op=login ( act=login&op=login ) 
ERR: Db Error: Table 'posw13.user_lock' doesn't exist
INSERT  INTO `user_lock` (pid,pvalue,expiretime) VALUES ('24159581071','1','1497930533')
[2017-06-20 11:42:55] /index.php?act=login&op=login ( act=login&op=login ) 
ERR: Db Error: Table 'posw13.user_lock' doesn't exist
SELECT * FROM `user_lock` WHERE ( pid = '241595810701' ) LIMIT 1  
[2017-06-20 11:42:55] /index.php?act=login&op=login ( act=login&op=login ) 
ERR: Db Error: Table 'posw13.user_lock' doesn't exist
DELETE  FROM `user_lock` WHERE ( pid = '241595810701' )
[2017-06-20 11:42:55] /index.php?act=login&op=login ( act=login&op=login ) 
ERR: Db Error: Table 'posw13.user_lock' doesn't exist
DELETE  FROM `user_lock` WHERE ( pid = '24159581071' )
[2017-06-20 14:05:34] /admin/index.php?act=login&op=login ( act=login&op=login ) 
ERR: Db Error: Table 'posw13.user_lock' doesn't exist
SELECT * FROM `user_lock` WHERE ( pid = '241595810705' ) LIMIT 1  
[2017-06-20 14:05:35] /admin/index.php?act=login&op=login ( act=login&op=login ) 
ERR: Db Error: Table 'posw13.user_lock' doesn't exist
DELETE  FROM `user_lock` WHERE ( pid = '241595810705' )
[2017-06-20 14:05:35] /admin/index.php?act=login&op=login ( act=login&op=login ) 
ERR: Db Error: Table 'posw13.user_lock' doesn't exist
DELETE  FROM `user_lock` WHERE ( pid = '24159581075' )
