[2017-03-07 00:01:45] /index.php?act=login&op=login ( act=login&op=login ) 
ERR: Db Error: Table 'a0302174411.user_lock' doesn't exist
SELECT * FROM `user_lock` WHERE ( pid = '306104963701' ) LIMIT 1  
[2017-03-07 00:01:45] /index.php?act=login&op=login ( act=login&op=login ) 
ERR: Db Error: Table 'a0302174411.user_lock' doesn't exist
SELECT * FROM `user_lock` WHERE ( pid = '30610496371' ) LIMIT 1  
[2017-03-07 00:01:45] /index.php?act=login&op=login ( act=login&op=login ) 
ERR: Db Error: Table 'a0302174411.user_lock' doesn't exist
SELECT * FROM `user_lock` WHERE ( pid = '30610496371' ) LIMIT 1  
[2017-03-07 00:01:45] /index.php?act=login&op=login ( act=login&op=login ) 
ERR: Db Error: Table 'a0302174411.user_lock' doesn't exist
INSERT  INTO `user_lock` (pid,pvalue,expiretime) VALUES ('30610496371','1','1488816704')
[2017-03-07 00:02:30] /admin/index.php?act=login&op=login ( act=login&op=login ) 
ERR: Db Error: Table 'a0302174411.user_lock' doesn't exist
SELECT * FROM `user_lock` WHERE ( pid = '306104963705' ) LIMIT 1  
[2017-03-07 00:02:30] /admin/index.php?act=login&op=login ( act=login&op=login ) 
ERR: Db Error: Table 'a0302174411.user_lock' doesn't exist
SELECT * FROM `user_lock` WHERE ( pid = '30610496375' ) LIMIT 1  
[2017-03-07 00:02:30] /admin/index.php?act=login&op=login ( act=login&op=login ) 
ERR: Db Error: Table 'a0302174411.user_lock' doesn't exist
SELECT * FROM `user_lock` WHERE ( pid = '30610496375' ) LIMIT 1  
[2017-03-07 00:02:30] /admin/index.php?act=login&op=login ( act=login&op=login ) 
ERR: Db Error: Table 'a0302174411.user_lock' doesn't exist
INSERT  INTO `user_lock` (pid,pvalue,expiretime) VALUES ('30610496375','1','1488816749')
[2017-03-07 00:02:36] /index.php?act=login&op=login ( act=login&op=login ) 
ERR: Db Error: Table 'a0302174411.user_lock' doesn't exist
SELECT * FROM `user_lock` WHERE ( pid = '196464089401' ) LIMIT 1  
[2017-03-07 00:02:36] /index.php?act=login&op=login ( act=login&op=login ) 
ERR: Db Error: Table 'a0302174411.user_lock' doesn't exist
SELECT * FROM `user_lock` WHERE ( pid = '19646408941' ) LIMIT 1  
[2017-03-07 00:02:36] /index.php?act=login&op=login ( act=login&op=login ) 
ERR: Db Error: Table 'a0302174411.user_lock' doesn't exist
SELECT * FROM `user_lock` WHERE ( pid = '19646408941' ) LIMIT 1  
[2017-03-07 00:02:36] /index.php?act=login&op=login ( act=login&op=login ) 
ERR: Db Error: Table 'a0302174411.user_lock' doesn't exist
INSERT  INTO `user_lock` (pid,pvalue,expiretime) VALUES ('19646408941','1','1488816755')
[2017-03-07 00:03:23] /admin/index.php?act=login&op=login ( act=login&op=login ) 
ERR: Db Error: Table 'a0302174411.user_lock' doesn't exist
SELECT * FROM `user_lock` WHERE ( pid = '306104963705' ) LIMIT 1  
[2017-03-07 00:03:23] /admin/index.php?act=login&op=login ( act=login&op=login ) 
ERR: Db Error: Table 'a0302174411.user_lock' doesn't exist
SELECT * FROM `user_lock` WHERE ( pid = '30610496375' ) LIMIT 1  
[2017-03-07 00:03:23] /admin/index.php?act=login&op=login ( act=login&op=login ) 
ERR: Db Error: Table 'a0302174411.user_lock' doesn't exist
SELECT * FROM `user_lock` WHERE ( pid = '30610496375' ) LIMIT 1  
[2017-03-07 00:03:23] /admin/index.php?act=login&op=login ( act=login&op=login ) 
ERR: Db Error: Table 'a0302174411.user_lock' doesn't exist
INSERT  INTO `user_lock` (pid,pvalue,expiretime) VALUES ('30610496375','1','1488816802')
[2017-03-07 00:03:55] /admin/index.php?act=login&op=login ( act=login&op=login ) 
ERR: Db Error: Table 'a0302174411.user_lock' doesn't exist
SELECT * FROM `user_lock` WHERE ( pid = '196464089405' ) LIMIT 1  
[2017-03-07 00:03:55] /admin/index.php?act=login&op=login ( act=login&op=login ) 
ERR: Db Error: Table 'a0302174411.user_lock' doesn't exist
DELETE  FROM `user_lock` WHERE ( pid = '196464089405' )
[2017-03-07 00:03:55] /admin/index.php?act=login&op=login ( act=login&op=login ) 
ERR: Db Error: Table 'a0302174411.user_lock' doesn't exist
DELETE  FROM `user_lock` WHERE ( pid = '19646408945' )
[2017-03-07 00:04:34] /admin/index.php?act=login&op=login ( act=login&op=login ) 
ERR: Db Error: Table 'a0302174411.user_lock' doesn't exist
SELECT * FROM `user_lock` WHERE ( pid = '306104963705' ) LIMIT 1  
[2017-03-07 00:04:34] /admin/index.php?act=login&op=login ( act=login&op=login ) 
ERR: Db Error: Table 'a0302174411.user_lock' doesn't exist
DELETE  FROM `user_lock` WHERE ( pid = '306104963705' )
[2017-03-07 00:04:34] /admin/index.php?act=login&op=login ( act=login&op=login ) 
ERR: Db Error: Table 'a0302174411.user_lock' doesn't exist
DELETE  FROM `user_lock` WHERE ( pid = '30610496375' )
[2017-03-07 00:05:16] /index.php?act=login&op=login ( act=login&op=login ) 
ERR: Db Error: Table 'a0302174411.user_lock' doesn't exist
SELECT * FROM `user_lock` WHERE ( pid = '306104963701' ) LIMIT 1  
[2017-03-07 00:05:16] /index.php?act=login&op=login ( act=login&op=login ) 
ERR: Db Error: Table 'a0302174411.user_lock' doesn't exist
SELECT * FROM `user_lock` WHERE ( pid = '30610496371' ) LIMIT 1  
[2017-03-07 00:05:16] /index.php?act=login&op=login ( act=login&op=login ) 
ERR: Db Error: Table 'a0302174411.user_lock' doesn't exist
SELECT * FROM `user_lock` WHERE ( pid = '30610496371' ) LIMIT 1  
[2017-03-07 00:05:16] /index.php?act=login&op=login ( act=login&op=login ) 
ERR: Db Error: Table 'a0302174411.user_lock' doesn't exist
INSERT  INTO `user_lock` (pid,pvalue,expiretime) VALUES ('30610496371','1','1488816915')
[2017-03-07 00:06:41] /index.php?act=login&op=login ( act=login&op=login ) 
ERR: Db Error: Table 'a0302174411.user_lock' doesn't exist
SELECT * FROM `user_lock` WHERE ( pid = '306104963701' ) LIMIT 1  
[2017-03-07 00:06:41] /index.php?act=login&op=login ( act=login&op=login ) 
ERR: Db Error: Table 'a0302174411.user_lock' doesn't exist
SELECT * FROM `user_lock` WHERE ( pid = '30610496371' ) LIMIT 1  
[2017-03-07 00:06:41] /index.php?act=login&op=login ( act=login&op=login ) 
ERR: Db Error: Table 'a0302174411.user_lock' doesn't exist
SELECT * FROM `user_lock` WHERE ( pid = '30610496371' ) LIMIT 1  
[2017-03-07 00:06:41] /index.php?act=login&op=login ( act=login&op=login ) 
ERR: Db Error: Table 'a0302174411.user_lock' doesn't exist
INSERT  INTO `user_lock` (pid,pvalue,expiretime) VALUES ('30610496371','1','1488817000')
[2017-03-07 00:07:33] /index.php?act=login&op=login ( act=login&op=login ) 
ERR: Db Error: Table 'a0302174411.user_lock' doesn't exist
SELECT * FROM `user_lock` WHERE ( pid = '306104963701' ) LIMIT 1  
[2017-03-07 00:07:33] /index.php?act=login&op=login ( act=login&op=login ) 
ERR: Db Error: Table 'a0302174411.user_lock' doesn't exist
SELECT * FROM `user_lock` WHERE ( pid = '30610496371' ) LIMIT 1  
[2017-03-07 00:07:33] /index.php?act=login&op=login ( act=login&op=login ) 
ERR: Db Error: Table 'a0302174411.user_lock' doesn't exist
SELECT * FROM `user_lock` WHERE ( pid = '30610496371' ) LIMIT 1  
[2017-03-07 00:07:33] /index.php?act=login&op=login ( act=login&op=login ) 
ERR: Db Error: Table 'a0302174411.user_lock' doesn't exist
INSERT  INTO `user_lock` (pid,pvalue,expiretime) VALUES ('30610496371','1','1488817052')
[2017-03-07 00:08:51] /index.php?act=login&op=login ( act=login&op=login ) 
ERR: Db Error: Table 'a0302174411.user_lock' doesn't exist
SELECT * FROM `user_lock` WHERE ( pid = '306104963701' ) LIMIT 1  
[2017-03-07 00:08:51] /index.php?act=login&op=login ( act=login&op=login ) 
ERR: Db Error: Table 'a0302174411.user_lock' doesn't exist
SELECT * FROM `user_lock` WHERE ( pid = '30610496371' ) LIMIT 1  
[2017-03-07 00:08:51] /index.php?act=login&op=login ( act=login&op=login ) 
ERR: Db Error: Table 'a0302174411.user_lock' doesn't exist
SELECT * FROM `user_lock` WHERE ( pid = '30610496371' ) LIMIT 1  
[2017-03-07 00:08:51] /index.php?act=login&op=login ( act=login&op=login ) 
ERR: Db Error: Table 'a0302174411.user_lock' doesn't exist
INSERT  INTO `user_lock` (pid,pvalue,expiretime) VALUES ('30610496371','1','1488817130')
[2017-03-07 00:09:09] /index.php?act=login&op=login ( act=login&op=login ) 
ERR: Db Error: Table 'a0302174411.user_lock' doesn't exist
SELECT * FROM `user_lock` WHERE ( pid = '306104963701' ) LIMIT 1  
[2017-03-07 00:09:09] /index.php?act=login&op=login ( act=login&op=login ) 
ERR: Db Error: Table 'a0302174411.user_lock' doesn't exist
SELECT * FROM `user_lock` WHERE ( pid = '30610496371' ) LIMIT 1  
[2017-03-07 00:09:09] /index.php?act=login&op=login ( act=login&op=login ) 
ERR: Db Error: Table 'a0302174411.user_lock' doesn't exist
SELECT * FROM `user_lock` WHERE ( pid = '30610496371' ) LIMIT 1  
[2017-03-07 00:09:09] /index.php?act=login&op=login ( act=login&op=login ) 
ERR: Db Error: Table 'a0302174411.user_lock' doesn't exist
INSERT  INTO `user_lock` (pid,pvalue,expiretime) VALUES ('30610496371','1','1488817148')
[2017-03-07 00:10:31] /index.php?act=login&op=login ( act=login&op=login ) 
ERR: Db Error: Table 'a0302174411.user_lock' doesn't exist
SELECT * FROM `user_lock` WHERE ( pid = '306104963701' ) LIMIT 1  
[2017-03-07 00:10:31] /index.php?act=login&op=login ( act=login&op=login ) 
ERR: Db Error: Table 'a0302174411.user_lock' doesn't exist
SELECT * FROM `user_lock` WHERE ( pid = '30610496371' ) LIMIT 1  
[2017-03-07 00:10:31] /index.php?act=login&op=login ( act=login&op=login ) 
ERR: Db Error: Table 'a0302174411.user_lock' doesn't exist
SELECT * FROM `user_lock` WHERE ( pid = '30610496371' ) LIMIT 1  
[2017-03-07 00:10:31] /index.php?act=login&op=login ( act=login&op=login ) 
ERR: Db Error: Table 'a0302174411.user_lock' doesn't exist
INSERT  INTO `user_lock` (pid,pvalue,expiretime) VALUES ('30610496371','1','1488817229')
[2017-03-07 00:13:55] /admin/index.php?act=login&op=login ( act=login&op=login ) 
ERR: Db Error: Table 'a0302174411.user_lock' doesn't exist
SELECT * FROM `user_lock` WHERE ( pid = '306104963705' ) LIMIT 1  
[2017-03-07 00:13:55] /admin/index.php?act=login&op=login ( act=login&op=login ) 
ERR: Db Error: Table 'a0302174411.user_lock' doesn't exist
DELETE  FROM `user_lock` WHERE ( pid = '306104963705' )
[2017-03-07 00:13:55] /admin/index.php?act=login&op=login ( act=login&op=login ) 
ERR: Db Error: Table 'a0302174411.user_lock' doesn't exist
DELETE  FROM `user_lock` WHERE ( pid = '30610496375' )
[2017-03-07 00:17:57] /index.php?act=login&op=login ( act=login&op=login ) 
ERR: Db Error: Table 'a0302174411.user_lock' doesn't exist
SELECT * FROM `user_lock` WHERE ( pid = '196464089401' ) LIMIT 1  
[2017-03-07 00:17:57] /index.php?act=login&op=login ( act=login&op=login ) 
ERR: Db Error: Table 'a0302174411.user_lock' doesn't exist
SELECT * FROM `user_lock` WHERE ( pid = '19646408941' ) LIMIT 1  
[2017-03-07 00:17:57] /index.php?act=login&op=login ( act=login&op=login ) 
ERR: Db Error: Table 'a0302174411.user_lock' doesn't exist
SELECT * FROM `user_lock` WHERE ( pid = '19646408941' ) LIMIT 1  
[2017-03-07 00:17:57] /index.php?act=login&op=login ( act=login&op=login ) 
ERR: Db Error: Table 'a0302174411.user_lock' doesn't exist
INSERT  INTO `user_lock` (pid,pvalue,expiretime) VALUES ('19646408941','1','1488817676')
[2017-03-07 00:19:10] /index.php?act=login&op=login ( act=login&op=login ) 
ERR: Db Error: Table 'a0302174411.user_lock' doesn't exist
SELECT * FROM `user_lock` WHERE ( pid = '306104963701' ) LIMIT 1  
[2017-03-07 00:19:10] /index.php?act=login&op=login ( act=login&op=login ) 
ERR: Db Error: Table 'a0302174411.user_lock' doesn't exist
SELECT * FROM `user_lock` WHERE ( pid = '30610496371' ) LIMIT 1  
[2017-03-07 00:19:10] /index.php?act=login&op=login ( act=login&op=login ) 
ERR: Db Error: Table 'a0302174411.user_lock' doesn't exist
SELECT * FROM `user_lock` WHERE ( pid = '30610496371' ) LIMIT 1  
[2017-03-07 00:19:10] /index.php?act=login&op=login ( act=login&op=login ) 
ERR: Db Error: Table 'a0302174411.user_lock' doesn't exist
INSERT  INTO `user_lock` (pid,pvalue,expiretime) VALUES ('30610496371','1','1488817749')
[2017-03-07 00:22:46] /index.php?act=login&op=login ( act=login&op=login ) 
ERR: Db Error: Table 'a0302174411.user_lock' doesn't exist
SELECT * FROM `user_lock` WHERE ( pid = '306104963701' ) LIMIT 1  
[2017-03-07 00:22:46] /index.php?act=login&op=login ( act=login&op=login ) 
ERR: Db Error: Table 'a0302174411.user_lock' doesn't exist
SELECT * FROM `user_lock` WHERE ( pid = '30610496371' ) LIMIT 1  
[2017-03-07 00:22:46] /index.php?act=login&op=login ( act=login&op=login ) 
ERR: Db Error: Table 'a0302174411.user_lock' doesn't exist
SELECT * FROM `user_lock` WHERE ( pid = '30610496371' ) LIMIT 1  
[2017-03-07 00:22:46] /index.php?act=login&op=login ( act=login&op=login ) 
ERR: Db Error: Table 'a0302174411.user_lock' doesn't exist
INSERT  INTO `user_lock` (pid,pvalue,expiretime) VALUES ('30610496371','1','1488817964')
[2017-03-07 00:23:07] /index.php?act=login&op=login ( act=login&op=login ) 
ERR: Db Error: Table 'a0302174411.user_lock' doesn't exist
SELECT * FROM `user_lock` WHERE ( pid = '306104963701' ) LIMIT 1  
[2017-03-07 00:23:07] /index.php?act=login&op=login ( act=login&op=login ) 
ERR: Db Error: Table 'a0302174411.user_lock' doesn't exist
SELECT * FROM `user_lock` WHERE ( pid = '30610496371' ) LIMIT 1  
[2017-03-07 00:23:07] /index.php?act=login&op=login ( act=login&op=login ) 
ERR: Db Error: Table 'a0302174411.user_lock' doesn't exist
SELECT * FROM `user_lock` WHERE ( pid = '30610496371' ) LIMIT 1  
[2017-03-07 00:23:07] /index.php?act=login&op=login ( act=login&op=login ) 
ERR: Db Error: Table 'a0302174411.user_lock' doesn't exist
INSERT  INTO `user_lock` (pid,pvalue,expiretime) VALUES ('30610496371','1','1488817986')
[2017-03-07 00:27:52] /index.php?act=login&op=login ( act=login&op=login ) 
ERR: Db Error: Table 'a0302174411.user_lock' doesn't exist
SELECT * FROM `user_lock` WHERE ( pid = '306104963701' ) LIMIT 1  
[2017-03-07 00:27:52] /index.php?act=login&op=login ( act=login&op=login ) 
ERR: Db Error: Table 'a0302174411.user_lock' doesn't exist
SELECT * FROM `user_lock` WHERE ( pid = '30610496371' ) LIMIT 1  
[2017-03-07 00:27:52] /index.php?act=login&op=login ( act=login&op=login ) 
ERR: Db Error: Table 'a0302174411.user_lock' doesn't exist
SELECT * FROM `user_lock` WHERE ( pid = '30610496371' ) LIMIT 1  
[2017-03-07 00:27:52] /index.php?act=login&op=login ( act=login&op=login ) 
ERR: Db Error: Table 'a0302174411.user_lock' doesn't exist
INSERT  INTO `user_lock` (pid,pvalue,expiretime) VALUES ('30610496371','1','1488818271')
[2017-03-07 00:28:49] /index.php?act=login&op=login ( act=login&op=login ) 
ERR: Db Error: Table 'a0302174411.user_lock' doesn't exist
SELECT * FROM `user_lock` WHERE ( pid = '306104963701' ) LIMIT 1  
[2017-03-07 00:28:49] /index.php?act=login&op=login ( act=login&op=login ) 
ERR: Db Error: Table 'a0302174411.user_lock' doesn't exist
DELETE  FROM `user_lock` WHERE ( pid = '306104963701' )
[2017-03-07 00:28:49] /index.php?act=login&op=login ( act=login&op=login ) 
ERR: Db Error: Table 'a0302174411.user_lock' doesn't exist
DELETE  FROM `user_lock` WHERE ( pid = '30610496371' )
[2017-03-07 00:30:09] /index.php?act=login&op=login ( act=login&op=login ) 
ERR: Db Error: Table 'a0302174411.user_lock' doesn't exist
SELECT * FROM `user_lock` WHERE ( pid = '306104963701' ) LIMIT 1  
[2017-03-07 00:30:09] /index.php?act=login&op=login ( act=login&op=login ) 
ERR: Db Error: Table 'a0302174411.user_lock' doesn't exist
SELECT * FROM `user_lock` WHERE ( pid = '30610496371' ) LIMIT 1  
[2017-03-07 00:30:09] /index.php?act=login&op=login ( act=login&op=login ) 
ERR: Db Error: Table 'a0302174411.user_lock' doesn't exist
SELECT * FROM `user_lock` WHERE ( pid = '30610496371' ) LIMIT 1  
[2017-03-07 00:30:09] /index.php?act=login&op=login ( act=login&op=login ) 
ERR: Db Error: Table 'a0302174411.user_lock' doesn't exist
INSERT  INTO `user_lock` (pid,pvalue,expiretime) VALUES ('30610496371','1','1488818408')
[2017-03-07 00:30:36] /index.php?act=login&op=login ( act=login&op=login ) 
ERR: Db Error: Table 'a0302174411.user_lock' doesn't exist
SELECT * FROM `user_lock` WHERE ( pid = '306104963701' ) LIMIT 1  
[2017-03-07 00:30:36] /index.php?act=login&op=login ( act=login&op=login ) 
ERR: Db Error: Table 'a0302174411.user_lock' doesn't exist
SELECT * FROM `user_lock` WHERE ( pid = '30610496371' ) LIMIT 1  
[2017-03-07 00:30:36] /index.php?act=login&op=login ( act=login&op=login ) 
ERR: Db Error: Table 'a0302174411.user_lock' doesn't exist
SELECT * FROM `user_lock` WHERE ( pid = '30610496371' ) LIMIT 1  
[2017-03-07 00:30:36] /index.php?act=login&op=login ( act=login&op=login ) 
ERR: Db Error: Table 'a0302174411.user_lock' doesn't exist
INSERT  INTO `user_lock` (pid,pvalue,expiretime) VALUES ('30610496371','1','1488818435')
[2017-03-07 00:31:38] /index.php?act=login&op=login ( act=login&op=login ) 
ERR: Db Error: Table 'a0302174411.user_lock' doesn't exist
SELECT * FROM `user_lock` WHERE ( pid = '306104963701' ) LIMIT 1  
[2017-03-07 00:31:38] /index.php?act=login&op=login ( act=login&op=login ) 
ERR: Db Error: Table 'a0302174411.user_lock' doesn't exist
SELECT * FROM `user_lock` WHERE ( pid = '30610496371' ) LIMIT 1  
[2017-03-07 00:31:38] /index.php?act=login&op=login ( act=login&op=login ) 
ERR: Db Error: Table 'a0302174411.user_lock' doesn't exist
SELECT * FROM `user_lock` WHERE ( pid = '30610496371' ) LIMIT 1  
[2017-03-07 00:31:38] /index.php?act=login&op=login ( act=login&op=login ) 
ERR: Db Error: Table 'a0302174411.user_lock' doesn't exist
INSERT  INTO `user_lock` (pid,pvalue,expiretime) VALUES ('30610496371','1','1488818497')
[2017-03-07 00:32:26] /index.php?act=login&op=login ( act=login&op=login ) 
ERR: Db Error: Table 'a0302174411.user_lock' doesn't exist
SELECT * FROM `user_lock` WHERE ( pid = '306104963701' ) LIMIT 1  
[2017-03-07 00:32:26] /index.php?act=login&op=login ( act=login&op=login ) 
ERR: Db Error: Table 'a0302174411.user_lock' doesn't exist
DELETE  FROM `user_lock` WHERE ( pid = '306104963701' )
[2017-03-07 00:32:26] /index.php?act=login&op=login ( act=login&op=login ) 
ERR: Db Error: Table 'a0302174411.user_lock' doesn't exist
DELETE  FROM `user_lock` WHERE ( pid = '30610496371' )
[2017-03-07 00:33:35] /index.php?act=login&op=login ( act=login&op=login ) 
ERR: Db Error: Table 'a0302174411.user_lock' doesn't exist
SELECT * FROM `user_lock` WHERE ( pid = '306104963701' ) LIMIT 1  
[2017-03-07 00:33:35] /index.php?act=login&op=login ( act=login&op=login ) 
ERR: Db Error: Table 'a0302174411.user_lock' doesn't exist
DELETE  FROM `user_lock` WHERE ( pid = '306104963701' )
[2017-03-07 00:33:35] /index.php?act=login&op=login ( act=login&op=login ) 
ERR: Db Error: Table 'a0302174411.user_lock' doesn't exist
DELETE  FROM `user_lock` WHERE ( pid = '30610496371' )
[2017-03-07 00:35:26] /index.php?act=login&op=login ( act=login&op=login ) 
ERR: Db Error: Table 'a0302174411.user_lock' doesn't exist
SELECT * FROM `user_lock` WHERE ( pid = '196464089401' ) LIMIT 1  
[2017-03-07 00:35:26] /index.php?act=login&op=login ( act=login&op=login ) 
ERR: Db Error: Table 'a0302174411.user_lock' doesn't exist
DELETE  FROM `user_lock` WHERE ( pid = '196464089401' )
[2017-03-07 00:35:26] /index.php?act=login&op=login ( act=login&op=login ) 
ERR: Db Error: Table 'a0302174411.user_lock' doesn't exist
DELETE  FROM `user_lock` WHERE ( pid = '19646408941' )
[2017-03-07 00:39:47] /index.php?act=login&op=login ( act=login&op=login ) 
ERR: Db Error: Table 'a0302174411.user_lock' doesn't exist
SELECT * FROM `user_lock` WHERE ( pid = '196464089401' ) LIMIT 1  
[2017-03-07 00:39:47] /index.php?act=login&op=login ( act=login&op=login ) 
ERR: Db Error: Table 'a0302174411.user_lock' doesn't exist
DELETE  FROM `user_lock` WHERE ( pid = '196464089401' )
[2017-03-07 00:39:47] /index.php?act=login&op=login ( act=login&op=login ) 
ERR: Db Error: Table 'a0302174411.user_lock' doesn't exist
DELETE  FROM `user_lock` WHERE ( pid = '19646408941' )
[2017-03-07 00:40:34] /index.php?act=login&op=login ( act=login&op=login ) 
ERR: Db Error: Table 'a0302174411.user_lock' doesn't exist
SELECT * FROM `user_lock` WHERE ( pid = '196464089401' ) LIMIT 1  
[2017-03-07 00:40:34] /index.php?act=login&op=login ( act=login&op=login ) 
ERR: Db Error: Table 'a0302174411.user_lock' doesn't exist
DELETE  FROM `user_lock` WHERE ( pid = '196464089401' )
[2017-03-07 00:40:34] /index.php?act=login&op=login ( act=login&op=login ) 
ERR: Db Error: Table 'a0302174411.user_lock' doesn't exist
DELETE  FROM `user_lock` WHERE ( pid = '19646408941' )
[2017-03-07 00:42:09] /index.php?act=login&op=login ( act=login&op=login ) 
ERR: Db Error: Table 'a0302174411.user_lock' doesn't exist
SELECT * FROM `user_lock` WHERE ( pid = '306104963701' ) LIMIT 1  
[2017-03-07 00:42:09] /index.php?act=login&op=login ( act=login&op=login ) 
ERR: Db Error: Table 'a0302174411.user_lock' doesn't exist
DELETE  FROM `user_lock` WHERE ( pid = '306104963701' )
[2017-03-07 00:42:09] /index.php?act=login&op=login ( act=login&op=login ) 
ERR: Db Error: Table 'a0302174411.user_lock' doesn't exist
DELETE  FROM `user_lock` WHERE ( pid = '30610496371' )
[2017-03-07 00:42:47] /index.php?act=login&op=login ( act=login&op=login ) 
ERR: Db Error: Table 'a0302174411.user_lock' doesn't exist
SELECT * FROM `user_lock` WHERE ( pid = '306104963701' ) LIMIT 1  
[2017-03-07 00:42:47] /index.php?act=login&op=login ( act=login&op=login ) 
ERR: Db Error: Table 'a0302174411.user_lock' doesn't exist
DELETE  FROM `user_lock` WHERE ( pid = '306104963701' )
[2017-03-07 00:42:47] /index.php?act=login&op=login ( act=login&op=login ) 
ERR: Db Error: Table 'a0302174411.user_lock' doesn't exist
DELETE  FROM `user_lock` WHERE ( pid = '30610496371' )
[2017-03-07 00:44:01] /index.php?act=login&op=login ( act=login&op=login ) 
ERR: Db Error: Table 'a0302174411.user_lock' doesn't exist
SELECT * FROM `user_lock` WHERE ( pid = '306104963701' ) LIMIT 1  
[2017-03-07 00:44:01] /index.php?act=login&op=login ( act=login&op=login ) 
ERR: Db Error: Table 'a0302174411.user_lock' doesn't exist
DELETE  FROM `user_lock` WHERE ( pid = '306104963701' )
[2017-03-07 00:44:01] /index.php?act=login&op=login ( act=login&op=login ) 
ERR: Db Error: Table 'a0302174411.user_lock' doesn't exist
DELETE  FROM `user_lock` WHERE ( pid = '30610496371' )
[2017-03-07 00:44:53] /index.php?act=login&op=login ( act=login&op=login ) 
ERR: Db Error: Table 'a0302174411.user_lock' doesn't exist
SELECT * FROM `user_lock` WHERE ( pid = '306104963701' ) LIMIT 1  
[2017-03-07 00:44:53] /index.php?act=login&op=login ( act=login&op=login ) 
ERR: Db Error: Table 'a0302174411.user_lock' doesn't exist
SELECT * FROM `user_lock` WHERE ( pid = '30610496371' ) LIMIT 1  
[2017-03-07 00:44:53] /index.php?act=login&op=login ( act=login&op=login ) 
ERR: Db Error: Table 'a0302174411.user_lock' doesn't exist
SELECT * FROM `user_lock` WHERE ( pid = '30610496371' ) LIMIT 1  
[2017-03-07 00:44:53] /index.php?act=login&op=login ( act=login&op=login ) 
ERR: Db Error: Table 'a0302174411.user_lock' doesn't exist
INSERT  INTO `user_lock` (pid,pvalue,expiretime) VALUES ('30610496371','1','1488819292')
[2017-03-07 00:45:48] /index.php?act=login&op=login ( act=login&op=login ) 
ERR: Db Error: Table 'a0302174411.user_lock' doesn't exist
SELECT * FROM `user_lock` WHERE ( pid = '306104963701' ) LIMIT 1  
[2017-03-07 00:45:48] /index.php?act=login&op=login ( act=login&op=login ) 
ERR: Db Error: Table 'a0302174411.user_lock' doesn't exist
DELETE  FROM `user_lock` WHERE ( pid = '306104963701' )
[2017-03-07 00:45:48] /index.php?act=login&op=login ( act=login&op=login ) 
ERR: Db Error: Table 'a0302174411.user_lock' doesn't exist
DELETE  FROM `user_lock` WHERE ( pid = '30610496371' )
[2017-03-07 00:47:31] /index.php?act=login&op=login ( act=login&op=login ) 
ERR: Db Error: Table 'a0302174411.user_lock' doesn't exist
SELECT * FROM `user_lock` WHERE ( pid = '306104963701' ) LIMIT 1  
[2017-03-07 00:47:31] /index.php?act=login&op=login ( act=login&op=login ) 
ERR: Db Error: Table 'a0302174411.user_lock' doesn't exist
DELETE  FROM `user_lock` WHERE ( pid = '306104963701' )
[2017-03-07 00:47:31] /index.php?act=login&op=login ( act=login&op=login ) 
ERR: Db Error: Table 'a0302174411.user_lock' doesn't exist
DELETE  FROM `user_lock` WHERE ( pid = '30610496371' )
[2017-03-07 00:48:54] /index.php?act=login&op=login ( act=login&op=login ) 
ERR: Db Error: Table 'a0302174411.user_lock' doesn't exist
SELECT * FROM `user_lock` WHERE ( pid = '306104963701' ) LIMIT 1  
[2017-03-07 00:48:54] /index.php?act=login&op=login ( act=login&op=login ) 
ERR: Db Error: Table 'a0302174411.user_lock' doesn't exist
DELETE  FROM `user_lock` WHERE ( pid = '306104963701' )
[2017-03-07 00:48:54] /index.php?act=login&op=login ( act=login&op=login ) 
ERR: Db Error: Table 'a0302174411.user_lock' doesn't exist
DELETE  FROM `user_lock` WHERE ( pid = '30610496371' )
[2017-03-07 11:02:54] /admin/index.php?act=login&op=login ( act=login&op=login ) 
ERR: Db Error: Table 'a0302174411.user_lock' doesn't exist
SELECT * FROM `user_lock` WHERE ( pid = '462997909005' ) LIMIT 1  
[2017-03-07 11:02:54] /admin/index.php?act=login&op=login ( act=login&op=login ) 
ERR: Db Error: Table 'a0302174411.user_lock' doesn't exist
DELETE  FROM `user_lock` WHERE ( pid = '462997909005' )
[2017-03-07 11:02:54] /admin/index.php?act=login&op=login ( act=login&op=login ) 
ERR: Db Error: Table 'a0302174411.user_lock' doesn't exist
DELETE  FROM `user_lock` WHERE ( pid = '46299790905' )
[2017-03-07 11:04:05] /admin/index.php?act=login&op=login ( act=login&op=login ) 
ERR: Db Error: Table 'a0302174411.user_lock' doesn't exist
SELECT * FROM `user_lock` WHERE ( pid = '462997909005' ) LIMIT 1  
[2017-03-07 11:04:05] /admin/index.php?act=login&op=login ( act=login&op=login ) 
ERR: Db Error: Table 'a0302174411.user_lock' doesn't exist
DELETE  FROM `user_lock` WHERE ( pid = '462997909005' )
[2017-03-07 11:04:05] /admin/index.php?act=login&op=login ( act=login&op=login ) 
ERR: Db Error: Table 'a0302174411.user_lock' doesn't exist
DELETE  FROM `user_lock` WHERE ( pid = '46299790905' )
[2017-03-07 11:05:45] /index.php?act=login&op=login ( act=login&op=login ) 
ERR: Db Error: Table 'a0302174411.user_lock' doesn't exist
SELECT * FROM `user_lock` WHERE ( pid = '462997909001' ) LIMIT 1  
[2017-03-07 11:05:45] /index.php?act=login&op=login ( act=login&op=login ) 
ERR: Db Error: Table 'a0302174411.user_lock' doesn't exist
DELETE  FROM `user_lock` WHERE ( pid = '462997909001' )
[2017-03-07 11:05:45] /index.php?act=login&op=login ( act=login&op=login ) 
ERR: Db Error: Table 'a0302174411.user_lock' doesn't exist
DELETE  FROM `user_lock` WHERE ( pid = '46299790901' )
[2017-03-07 11:16:54] /index.php?act=login&op=login ( act=login&op=login ) 
ERR: Db Error: Table 'a0302174411.user_lock' doesn't exist
SELECT * FROM `user_lock` WHERE ( pid = '462997909001' ) LIMIT 1  
[2017-03-07 11:16:54] /index.php?act=login&op=login ( act=login&op=login ) 
ERR: Db Error: Table 'a0302174411.user_lock' doesn't exist
DELETE  FROM `user_lock` WHERE ( pid = '462997909001' )
[2017-03-07 11:16:54] /index.php?act=login&op=login ( act=login&op=login ) 
ERR: Db Error: Table 'a0302174411.user_lock' doesn't exist
DELETE  FROM `user_lock` WHERE ( pid = '46299790901' )
[2017-03-07 12:02:51] /index.php?act=login&op=login ( act=login&op=login ) 
ERR: Db Error: Table 'a0302174411.user_lock' doesn't exist
SELECT * FROM `user_lock` WHERE ( pid = '462997909001' ) LIMIT 1  
[2017-03-07 12:02:51] /index.php?act=login&op=login ( act=login&op=login ) 
ERR: Db Error: Table 'a0302174411.user_lock' doesn't exist
DELETE  FROM `user_lock` WHERE ( pid = '462997909001' )
[2017-03-07 12:02:51] /index.php?act=login&op=login ( act=login&op=login ) 
ERR: Db Error: Table 'a0302174411.user_lock' doesn't exist
DELETE  FROM `user_lock` WHERE ( pid = '46299790901' )
[2017-03-07 12:17:43] /admin/index.php?act=login&op=login ( act=login&op=login ) 
ERR: Db Error: Table 'a0302174411.user_lock' doesn't exist
SELECT * FROM `user_lock` WHERE ( pid = '462997909005' ) LIMIT 1  
[2017-03-07 12:17:43] /admin/index.php?act=login&op=login ( act=login&op=login ) 
ERR: Db Error: Table 'a0302174411.user_lock' doesn't exist
DELETE  FROM `user_lock` WHERE ( pid = '462997909005' )
[2017-03-07 12:17:43] /admin/index.php?act=login&op=login ( act=login&op=login ) 
ERR: Db Error: Table 'a0302174411.user_lock' doesn't exist
DELETE  FROM `user_lock` WHERE ( pid = '46299790905' )
[2017-03-07 15:03:51] /index.php?act=login&op=login ( act=login&op=login ) 
ERR: Db Error: Table 'a0302174411.user_lock' doesn't exist
SELECT * FROM `user_lock` WHERE ( pid = '462997909001' ) LIMIT 1  
[2017-03-07 15:03:51] /index.php?act=login&op=login ( act=login&op=login ) 
ERR: Db Error: Table 'a0302174411.user_lock' doesn't exist
DELETE  FROM `user_lock` WHERE ( pid = '462997909001' )
[2017-03-07 15:03:51] /index.php?act=login&op=login ( act=login&op=login ) 
ERR: Db Error: Table 'a0302174411.user_lock' doesn't exist
DELETE  FROM `user_lock` WHERE ( pid = '46299790901' )
[2017-03-07 15:07:48] /index.php?act=login&op=login ( act=login&op=login ) 
ERR: Db Error: Table 'a0302174411.user_lock' doesn't exist
SELECT * FROM `user_lock` WHERE ( pid = '462997909001' ) LIMIT 1  
[2017-03-07 15:07:48] /index.php?act=login&op=login ( act=login&op=login ) 
ERR: Db Error: Table 'a0302174411.user_lock' doesn't exist
DELETE  FROM `user_lock` WHERE ( pid = '462997909001' )
[2017-03-07 15:07:48] /index.php?act=login&op=login ( act=login&op=login ) 
ERR: Db Error: Table 'a0302174411.user_lock' doesn't exist
DELETE  FROM `user_lock` WHERE ( pid = '46299790901' )
[2017-03-07 19:01:59] /index.php?act=login&op=login ( act=login&op=login ) 
ERR: Db Error: Table 'a0302174411.user_lock' doesn't exist
SELECT * FROM `user_lock` WHERE ( pid = '462997909001' ) LIMIT 1  
[2017-03-07 19:01:59] /index.php?act=login&op=login ( act=login&op=login ) 
ERR: Db Error: Table 'a0302174411.user_lock' doesn't exist
DELETE  FROM `user_lock` WHERE ( pid = '462997909001' )
[2017-03-07 19:01:59] /index.php?act=login&op=login ( act=login&op=login ) 
ERR: Db Error: Table 'a0302174411.user_lock' doesn't exist
DELETE  FROM `user_lock` WHERE ( pid = '46299790901' )
[2017-03-07 20:00:47] /admin/index.php?act=login&op=login ( act=login&op=login ) 
ERR: Db Error: Table 'a0302174411.user_lock' doesn't exist
SELECT * FROM `user_lock` WHERE ( pid = '462997909005' ) LIMIT 1  
[2017-03-07 20:00:47] /admin/index.php?act=login&op=login ( act=login&op=login ) 
ERR: Db Error: Table 'a0302174411.user_lock' doesn't exist
DELETE  FROM `user_lock` WHERE ( pid = '462997909005' )
[2017-03-07 20:00:47] /admin/index.php?act=login&op=login ( act=login&op=login ) 
ERR: Db Error: Table 'a0302174411.user_lock' doesn't exist
DELETE  FROM `user_lock` WHERE ( pid = '46299790905' )
[2017-03-07 20:03:01] /index.php?act=login&op=login ( act=login&op=login ) 
ERR: Db Error: Table 'a0302174411.user_lock' doesn't exist
SELECT * FROM `user_lock` WHERE ( pid = '462997909001' ) LIMIT 1  
[2017-03-07 20:03:01] /index.php?act=login&op=login ( act=login&op=login ) 
ERR: Db Error: Table 'a0302174411.user_lock' doesn't exist
DELETE  FROM `user_lock` WHERE ( pid = '462997909001' )
[2017-03-07 20:03:01] /index.php?act=login&op=login ( act=login&op=login ) 
ERR: Db Error: Table 'a0302174411.user_lock' doesn't exist
DELETE  FROM `user_lock` WHERE ( pid = '46299790901' )
[2017-03-07 20:08:38] /index.php?act=login&op=login ( act=login&op=login ) 
ERR: Db Error: Table 'a0302174411.user_lock' doesn't exist
SELECT * FROM `user_lock` WHERE ( pid = '462997909001' ) LIMIT 1  
[2017-03-07 20:08:38] /index.php?act=login&op=login ( act=login&op=login ) 
ERR: Db Error: Table 'a0302174411.user_lock' doesn't exist
DELETE  FROM `user_lock` WHERE ( pid = '462997909001' )
[2017-03-07 20:08:38] /index.php?act=login&op=login ( act=login&op=login ) 
ERR: Db Error: Table 'a0302174411.user_lock' doesn't exist
DELETE  FROM `user_lock` WHERE ( pid = '46299790901' )
[2017-03-07 20:11:28] /index.php?act=login&op=login ( act=login&op=login ) 
ERR: Db Error: Table 'a0302174411.user_lock' doesn't exist
SELECT * FROM `user_lock` WHERE ( pid = '197186287101' ) LIMIT 1  
[2017-03-07 20:11:28] /index.php?act=login&op=login ( act=login&op=login ) 
ERR: Db Error: Table 'a0302174411.user_lock' doesn't exist
SELECT * FROM `user_lock` WHERE ( pid = '19718628711' ) LIMIT 1  
[2017-03-07 20:11:28] /index.php?act=login&op=login ( act=login&op=login ) 
ERR: Db Error: Table 'a0302174411.user_lock' doesn't exist
SELECT * FROM `user_lock` WHERE ( pid = '19718628711' ) LIMIT 1  
[2017-03-07 20:11:28] /index.php?act=login&op=login ( act=login&op=login ) 
ERR: Db Error: Table 'a0302174411.user_lock' doesn't exist
INSERT  INTO `user_lock` (pid,pvalue,expiretime) VALUES ('19718628711','1','1488889287')
[2017-03-07 20:11:43] /index.php?act=login&op=login ( act=login&op=login ) 
ERR: Db Error: Table 'a0302174411.user_lock' doesn't exist
SELECT * FROM `user_lock` WHERE ( pid = '462997909001' ) LIMIT 1  
[2017-03-07 20:11:43] /index.php?act=login&op=login ( act=login&op=login ) 
ERR: Db Error: Table 'a0302174411.user_lock' doesn't exist
DELETE  FROM `user_lock` WHERE ( pid = '462997909001' )
[2017-03-07 20:11:43] /index.php?act=login&op=login ( act=login&op=login ) 
ERR: Db Error: Table 'a0302174411.user_lock' doesn't exist
DELETE  FROM `user_lock` WHERE ( pid = '46299790901' )
[2017-03-07 20:12:12] /index.php?act=login&op=login ( act=login&op=login ) 
ERR: Db Error: Table 'a0302174411.user_lock' doesn't exist
SELECT * FROM `user_lock` WHERE ( pid = '463280945001' ) LIMIT 1  
[2017-03-07 20:12:12] /index.php?act=login&op=login ( act=login&op=login ) 
ERR: Db Error: Table 'a0302174411.user_lock' doesn't exist
DELETE  FROM `user_lock` WHERE ( pid = '463280945001' )
[2017-03-07 20:12:12] /index.php?act=login&op=login ( act=login&op=login ) 
ERR: Db Error: Table 'a0302174411.user_lock' doesn't exist
DELETE  FROM `user_lock` WHERE ( pid = '46328094501' )
[2017-03-07 20:12:28] /index.php?act=login&op=login ( act=login&op=login ) 
ERR: Db Error: Table 'a0302174411.user_lock' doesn't exist
SELECT * FROM `user_lock` WHERE ( pid = '463280945001' ) LIMIT 1  
[2017-03-07 20:12:28] /index.php?act=login&op=login ( act=login&op=login ) 
ERR: Db Error: Table 'a0302174411.user_lock' doesn't exist
DELETE  FROM `user_lock` WHERE ( pid = '463280945001' )
[2017-03-07 20:12:28] /index.php?act=login&op=login ( act=login&op=login ) 
ERR: Db Error: Table 'a0302174411.user_lock' doesn't exist
DELETE  FROM `user_lock` WHERE ( pid = '46328094501' )
[2017-03-07 20:13:30] /admin/index.php?act=login&op=login ( act=login&op=login ) 
ERR: Db Error: Table 'a0302174411.user_lock' doesn't exist
SELECT * FROM `user_lock` WHERE ( pid = '463280945005' ) LIMIT 1  
[2017-03-07 20:13:30] /admin/index.php?act=login&op=login ( act=login&op=login ) 
ERR: Db Error: Table 'a0302174411.user_lock' doesn't exist
DELETE  FROM `user_lock` WHERE ( pid = '463280945005' )
[2017-03-07 20:13:30] /admin/index.php?act=login&op=login ( act=login&op=login ) 
ERR: Db Error: Table 'a0302174411.user_lock' doesn't exist
DELETE  FROM `user_lock` WHERE ( pid = '46328094505' )
[2017-03-07 20:15:52] /index.php?act=login&op=login ( act=login&op=login ) 
ERR: Db Error: Table 'a0302174411.user_lock' doesn't exist
SELECT * FROM `user_lock` WHERE ( pid = '462997909001' ) LIMIT 1  
[2017-03-07 20:15:52] /index.php?act=login&op=login ( act=login&op=login ) 
ERR: Db Error: Table 'a0302174411.user_lock' doesn't exist
DELETE  FROM `user_lock` WHERE ( pid = '462997909001' )
[2017-03-07 20:15:52] /index.php?act=login&op=login ( act=login&op=login ) 
ERR: Db Error: Table 'a0302174411.user_lock' doesn't exist
DELETE  FROM `user_lock` WHERE ( pid = '46299790901' )
[2017-03-07 20:17:09] /admin/index.php?act=login&op=login ( act=login&op=login ) 
ERR: Db Error: Table 'a0302174411.user_lock' doesn't exist
SELECT * FROM `user_lock` WHERE ( pid = '462997909005' ) LIMIT 1  
[2017-03-07 20:17:09] /admin/index.php?act=login&op=login ( act=login&op=login ) 
ERR: Db Error: Table 'a0302174411.user_lock' doesn't exist
DELETE  FROM `user_lock` WHERE ( pid = '462997909005' )
[2017-03-07 20:17:09] /admin/index.php?act=login&op=login ( act=login&op=login ) 
ERR: Db Error: Table 'a0302174411.user_lock' doesn't exist
DELETE  FROM `user_lock` WHERE ( pid = '46299790905' )
[2017-03-07 20:20:01] /index.php?act=login&op=login ( act=login&op=login ) 
ERR: Db Error: Table 'a0302174411.user_lock' doesn't exist
SELECT * FROM `user_lock` WHERE ( pid = '462997909001' ) LIMIT 1  
[2017-03-07 20:20:01] /index.php?act=login&op=login ( act=login&op=login ) 
ERR: Db Error: Table 'a0302174411.user_lock' doesn't exist
DELETE  FROM `user_lock` WHERE ( pid = '462997909001' )
[2017-03-07 20:20:01] /index.php?act=login&op=login ( act=login&op=login ) 
ERR: Db Error: Table 'a0302174411.user_lock' doesn't exist
DELETE  FROM `user_lock` WHERE ( pid = '46299790901' )
[2017-03-07 20:42:12] /admin/index.php?act=login&op=login ( act=login&op=login ) 
ERR: Db Error: Table 'a0302174411.user_lock' doesn't exist
SELECT * FROM `user_lock` WHERE ( pid = '287181966105' ) LIMIT 1  
[2017-03-07 20:42:12] /admin/index.php?act=login&op=login ( act=login&op=login ) 
ERR: Db Error: Table 'a0302174411.user_lock' doesn't exist
DELETE  FROM `user_lock` WHERE ( pid = '287181966105' )
[2017-03-07 20:42:12] /admin/index.php?act=login&op=login ( act=login&op=login ) 
ERR: Db Error: Table 'a0302174411.user_lock' doesn't exist
DELETE  FROM `user_lock` WHERE ( pid = '28718196615' )
[2017-03-07 22:50:41] /index.php?act=login&op=login ( act=login&op=login ) 
ERR: Db Error: Table 'a0302174411.user_lock' doesn't exist
SELECT * FROM `user_lock` WHERE ( pid = '210228050101' ) LIMIT 1  
[2017-03-07 22:50:41] /index.php?act=login&op=login ( act=login&op=login ) 
ERR: Db Error: Table 'a0302174411.user_lock' doesn't exist
DELETE  FROM `user_lock` WHERE ( pid = '210228050101' )
[2017-03-07 22:50:41] /index.php?act=login&op=login ( act=login&op=login ) 
ERR: Db Error: Table 'a0302174411.user_lock' doesn't exist
DELETE  FROM `user_lock` WHERE ( pid = '21022805011' )
[2017-03-07 22:55:23] /admin/index.php?act=login&op=login ( act=login&op=login ) 
ERR: Db Error: Table 'a0302174411.user_lock' doesn't exist
SELECT * FROM `user_lock` WHERE ( pid = '210228050105' ) LIMIT 1  
[2017-03-07 22:55:23] /admin/index.php?act=login&op=login ( act=login&op=login ) 
ERR: Db Error: Table 'a0302174411.user_lock' doesn't exist
DELETE  FROM `user_lock` WHERE ( pid = '210228050105' )
[2017-03-07 22:55:23] /admin/index.php?act=login&op=login ( act=login&op=login ) 
ERR: Db Error: Table 'a0302174411.user_lock' doesn't exist
DELETE  FROM `user_lock` WHERE ( pid = '21022805015' )
[2017-03-07 23:15:35] /admin/index.php?act=login&op=login ( act=login&op=login ) 
ERR: Db Error: Table 'a0302174411.user_lock' doesn't exist
SELECT * FROM `user_lock` WHERE ( pid = '210228050105' ) LIMIT 1  
[2017-03-07 23:15:35] /admin/index.php?act=login&op=login ( act=login&op=login ) 
ERR: Db Error: Table 'a0302174411.user_lock' doesn't exist
DELETE  FROM `user_lock` WHERE ( pid = '210228050105' )
[2017-03-07 23:15:35] /admin/index.php?act=login&op=login ( act=login&op=login ) 
ERR: Db Error: Table 'a0302174411.user_lock' doesn't exist
DELETE  FROM `user_lock` WHERE ( pid = '21022805015' )
[2017-03-07 23:16:26] /index.php?act=login&op=login ( act=login&op=login ) 
ERR: Db Error: Table 'a0302174411.user_lock' doesn't exist
SELECT * FROM `user_lock` WHERE ( pid = '210228050101' ) LIMIT 1  
[2017-03-07 23:16:26] /index.php?act=login&op=login ( act=login&op=login ) 
ERR: Db Error: Table 'a0302174411.user_lock' doesn't exist
SELECT * FROM `user_lock` WHERE ( pid = '21022805011' ) LIMIT 1  
[2017-03-07 23:16:26] /index.php?act=login&op=login ( act=login&op=login ) 
ERR: Db Error: Table 'a0302174411.user_lock' doesn't exist
SELECT * FROM `user_lock` WHERE ( pid = '21022805011' ) LIMIT 1  
[2017-03-07 23:16:26] /index.php?act=login&op=login ( act=login&op=login ) 
ERR: Db Error: Table 'a0302174411.user_lock' doesn't exist
INSERT  INTO `user_lock` (pid,pvalue,expiretime) VALUES ('21022805011','1','1488900385')
[2017-03-07 23:16:46] /index.php?act=login&op=login ( act=login&op=login ) 
ERR: Db Error: Table 'a0302174411.user_lock' doesn't exist
SELECT * FROM `user_lock` WHERE ( pid = '210228050101' ) LIMIT 1  
[2017-03-07 23:16:46] /index.php?act=login&op=login ( act=login&op=login ) 
ERR: Db Error: Table 'a0302174411.user_lock' doesn't exist
DELETE  FROM `user_lock` WHERE ( pid = '210228050101' )
[2017-03-07 23:16:46] /index.php?act=login&op=login ( act=login&op=login ) 
ERR: Db Error: Table 'a0302174411.user_lock' doesn't exist
DELETE  FROM `user_lock` WHERE ( pid = '21022805011' )
[2017-03-07 23:22:41] /index.php?act=login&op=login ( act=login&op=login ) 
ERR: Db Error: Table 'a0302174411.user_lock' doesn't exist
SELECT * FROM `user_lock` WHERE ( pid = '210228050101' ) LIMIT 1  
[2017-03-07 23:22:41] /index.php?act=login&op=login ( act=login&op=login ) 
ERR: Db Error: Table 'a0302174411.user_lock' doesn't exist
DELETE  FROM `user_lock` WHERE ( pid = '210228050101' )
[2017-03-07 23:22:41] /index.php?act=login&op=login ( act=login&op=login ) 
ERR: Db Error: Table 'a0302174411.user_lock' doesn't exist
DELETE  FROM `user_lock` WHERE ( pid = '21022805011' )
[2017-03-07 23:23:54] /index.php?act=login&op=login ( act=login&op=login ) 
ERR: Db Error: Table 'a0302174411.user_lock' doesn't exist
SELECT * FROM `user_lock` WHERE ( pid = '210228050101' ) LIMIT 1  
[2017-03-07 23:23:54] /index.php?act=login&op=login ( act=login&op=login ) 
ERR: Db Error: Table 'a0302174411.user_lock' doesn't exist
DELETE  FROM `user_lock` WHERE ( pid = '210228050101' )
[2017-03-07 23:23:54] /index.php?act=login&op=login ( act=login&op=login ) 
ERR: Db Error: Table 'a0302174411.user_lock' doesn't exist
DELETE  FROM `user_lock` WHERE ( pid = '21022805011' )
[2017-03-07 23:27:44] /index.php?act=login&op=login ( act=login&op=login ) 
ERR: Db Error: Table 'a0302174411.user_lock' doesn't exist
SELECT * FROM `user_lock` WHERE ( pid = '210228050101' ) LIMIT 1  
[2017-03-07 23:27:44] /index.php?act=login&op=login ( act=login&op=login ) 
ERR: Db Error: Table 'a0302174411.user_lock' doesn't exist
DELETE  FROM `user_lock` WHERE ( pid = '210228050101' )
[2017-03-07 23:27:44] /index.php?act=login&op=login ( act=login&op=login ) 
ERR: Db Error: Table 'a0302174411.user_lock' doesn't exist
DELETE  FROM `user_lock` WHERE ( pid = '21022805011' )
[2017-03-07 23:34:26] /index.php?act=login&op=login ( act=login&op=login ) 
ERR: Db Error: Table 'a0302174411.user_lock' doesn't exist
SELECT * FROM `user_lock` WHERE ( pid = '210228050101' ) LIMIT 1  
[2017-03-07 23:34:26] /index.php?act=login&op=login ( act=login&op=login ) 
ERR: Db Error: Table 'a0302174411.user_lock' doesn't exist
DELETE  FROM `user_lock` WHERE ( pid = '210228050101' )
[2017-03-07 23:34:26] /index.php?act=login&op=login ( act=login&op=login ) 
ERR: Db Error: Table 'a0302174411.user_lock' doesn't exist
DELETE  FROM `user_lock` WHERE ( pid = '21022805011' )
[2017-03-07 23:58:28] /admin/index.php?act=login&op=login ( act=login&op=login ) 
ERR: Db Error: Table 'a0302174411.user_lock' doesn't exist
SELECT * FROM `user_lock` WHERE ( pid = '193336202305' ) LIMIT 1  
[2017-03-07 23:58:28] /admin/index.php?act=login&op=login ( act=login&op=login ) 
ERR: Db Error: Table 'a0302174411.user_lock' doesn't exist
DELETE  FROM `user_lock` WHERE ( pid = '193336202305' )
[2017-03-07 23:58:28] /admin/index.php?act=login&op=login ( act=login&op=login ) 
ERR: Db Error: Table 'a0302174411.user_lock' doesn't exist
DELETE  FROM `user_lock` WHERE ( pid = '19333620235' )
