[2017-05-03 03:52:55] /admin/index.php?act=login&op=login ( act=login&op=login ) 
ERR: Db Error: Table 'posw.user_lock' doesn't exist
SELECT * FROM `user_lock` WHERE ( pid = '189483599905' ) LIMIT 1  
[2017-05-03 03:52:55] /admin/index.php?act=login&op=login ( act=login&op=login ) 
ERR: Db Error: Table 'posw.user_lock' doesn't exist
SELECT * FROM `user_lock` WHERE ( pid = '18948359995' ) LIMIT 1  
[2017-05-03 03:52:55] /admin/index.php?act=login&op=login ( act=login&op=login ) 
ERR: Db Error: Table 'posw.user_lock' doesn't exist
SELECT * FROM `user_lock` WHERE ( pid = '18948359995' ) LIMIT 1  
[2017-05-03 03:52:55] /admin/index.php?act=login&op=login ( act=login&op=login ) 
ERR: Db Error: Table 'posw.user_lock' doesn't exist
INSERT  INTO `user_lock` (pid,pvalue,expiretime) VALUES ('18948359995','1','1493755375')
[2017-05-03 03:53:36] /admin/index.php?act=login&op=login ( act=login&op=login ) 
ERR: Db Error: Table 'posw.user_lock' doesn't exist
SELECT * FROM `user_lock` WHERE ( pid = '189483599905' ) LIMIT 1  
[2017-05-03 03:53:36] /admin/index.php?act=login&op=login ( act=login&op=login ) 
ERR: Db Error: Table 'posw.user_lock' doesn't exist
SELECT * FROM `user_lock` WHERE ( pid = '18948359995' ) LIMIT 1  
[2017-05-03 03:53:36] /admin/index.php?act=login&op=login ( act=login&op=login ) 
ERR: Db Error: Table 'posw.user_lock' doesn't exist
SELECT * FROM `user_lock` WHERE ( pid = '18948359995' ) LIMIT 1  
[2017-05-03 03:53:36] /admin/index.php?act=login&op=login ( act=login&op=login ) 
ERR: Db Error: Table 'posw.user_lock' doesn't exist
INSERT  INTO `user_lock` (pid,pvalue,expiretime) VALUES ('18948359995','1','1493755416')
[2017-05-03 03:54:41] /admin/index.php?act=login&op=login ( act=login&op=login ) 
ERR: Db Error: Table 'posw.user_lock' doesn't exist
SELECT * FROM `user_lock` WHERE ( pid = '189483599905' ) LIMIT 1  
[2017-05-03 03:54:41] /admin/index.php?act=login&op=login ( act=login&op=login ) 
ERR: Db Error: Table 'posw.user_lock' doesn't exist
DELETE  FROM `user_lock` WHERE ( pid = '189483599905' )
[2017-05-03 03:54:41] /admin/index.php?act=login&op=login ( act=login&op=login ) 
ERR: Db Error: Table 'posw.user_lock' doesn't exist
DELETE  FROM `user_lock` WHERE ( pid = '18948359995' )
[2017-05-03 06:39:44] /admin/index.php?act=login&op=login ( act=login&op=login ) 
ERR: Db Error: Table 'posw.user_lock' doesn't exist
SELECT * FROM `user_lock` WHERE ( pid = '374764975005' ) LIMIT 1  
[2017-05-03 06:39:44] /admin/index.php?act=login&op=login ( act=login&op=login ) 
ERR: Db Error: Table 'posw.user_lock' doesn't exist
SELECT * FROM `user_lock` WHERE ( pid = '37476497505' ) LIMIT 1  
[2017-05-03 06:39:44] /admin/index.php?act=login&op=login ( act=login&op=login ) 
ERR: Db Error: Table 'posw.user_lock' doesn't exist
SELECT * FROM `user_lock` WHERE ( pid = '37476497505' ) LIMIT 1  
[2017-05-03 06:39:44] /admin/index.php?act=login&op=login ( act=login&op=login ) 
ERR: Db Error: Table 'posw.user_lock' doesn't exist
INSERT  INTO `user_lock` (pid,pvalue,expiretime) VALUES ('37476497505','1','1493765384')
[2017-05-03 16:43:54] /index.php?act=login&op=login ( act=login&op=login ) 
ERR: Db Error: Table 'posw.user_lock' doesn't exist
SELECT * FROM `user_lock` WHERE ( pid = '241595849501' ) LIMIT 1  
[2017-05-03 16:43:54] /index.php?act=login&op=login ( act=login&op=login ) 
ERR: Db Error: Table 'posw.user_lock' doesn't exist
SELECT * FROM `user_lock` WHERE ( pid = '24159584951' ) LIMIT 1  
[2017-05-03 16:43:54] /index.php?act=login&op=login ( act=login&op=login ) 
ERR: Db Error: Table 'posw.user_lock' doesn't exist
SELECT * FROM `user_lock` WHERE ( pid = '24159584951' ) LIMIT 1  
[2017-05-03 16:43:54] /index.php?act=login&op=login ( act=login&op=login ) 
ERR: Db Error: Table 'posw.user_lock' doesn't exist
INSERT  INTO `user_lock` (pid,pvalue,expiretime) VALUES ('24159584951','1','1493801634')
[2017-05-03 16:44:03] /index.php?act=login&op=login ( act=login&op=login ) 
ERR: Db Error: Table 'posw.user_lock' doesn't exist
SELECT * FROM `user_lock` WHERE ( pid = '241595849501' ) LIMIT 1  
[2017-05-03 16:44:03] /index.php?act=login&op=login ( act=login&op=login ) 
ERR: Db Error: Table 'posw.user_lock' doesn't exist
DELETE  FROM `user_lock` WHERE ( pid = '241595849501' )
[2017-05-03 16:44:03] /index.php?act=login&op=login ( act=login&op=login ) 
ERR: Db Error: Table 'posw.user_lock' doesn't exist
DELETE  FROM `user_lock` WHERE ( pid = '24159584951' )
