[2017-03-12 07:32:45] /index.php?act=login&op=login ( act=login&op=login ) 
ERR: Db Error: Table 'a0303094705.user_lock' doesn't exist
SELECT * FROM `user_lock` WHERE ( pid = '194296133001' ) LIMIT 1  
[2017-03-12 07:32:45] /index.php?act=login&op=login ( act=login&op=login ) 
ERR: Db Error: Table 'a0303094705.user_lock' doesn't exist
DELETE  FROM `user_lock` WHERE ( pid = '194296133001' )
[2017-03-12 07:32:45] /index.php?act=login&op=login ( act=login&op=login ) 
ERR: Db Error: Table 'a0303094705.user_lock' doesn't exist
DELETE  FROM `user_lock` WHERE ( pid = '19429613301' )
[2017-03-12 07:33:10] /index.php?act=login&op=login ( act=login&op=login ) 
ERR: Db Error: Table 'a0303094705.user_lock' doesn't exist
SELECT * FROM `user_lock` WHERE ( pid = '194296133001' ) LIMIT 1  
[2017-03-12 07:33:10] /index.php?act=login&op=login ( act=login&op=login ) 
ERR: Db Error: Table 'a0303094705.user_lock' doesn't exist
DELETE  FROM `user_lock` WHERE ( pid = '194296133001' )
[2017-03-12 07:33:10] /index.php?act=login&op=login ( act=login&op=login ) 
ERR: Db Error: Table 'a0303094705.user_lock' doesn't exist
DELETE  FROM `user_lock` WHERE ( pid = '19429613301' )
[2017-03-12 07:33:34] /index.php?act=login&op=login ( act=login&op=login ) 
ERR: Db Error: Table 'a0303094705.user_lock' doesn't exist
SELECT * FROM `user_lock` WHERE ( pid = '194296133001' ) LIMIT 1  
[2017-03-12 07:33:34] /index.php?act=login&op=login ( act=login&op=login ) 
ERR: Db Error: Table 'a0303094705.user_lock' doesn't exist
DELETE  FROM `user_lock` WHERE ( pid = '194296133001' )
[2017-03-12 07:33:34] /index.php?act=login&op=login ( act=login&op=login ) 
ERR: Db Error: Table 'a0303094705.user_lock' doesn't exist
DELETE  FROM `user_lock` WHERE ( pid = '19429613301' )
[2017-03-12 10:53:40] /index.php?act=login&op=login ( act=login&op=login ) 
ERR: Db Error: Table 'a0303094705.user_lock' doesn't exist
SELECT * FROM `user_lock` WHERE ( pid = '177962360101' ) LIMIT 1  
[2017-03-12 10:53:40] /index.php?act=login&op=login ( act=login&op=login ) 
ERR: Db Error: Table 'a0303094705.user_lock' doesn't exist
DELETE  FROM `user_lock` WHERE ( pid = '177962360101' )
[2017-03-12 10:53:40] /index.php?act=login&op=login ( act=login&op=login ) 
ERR: Db Error: Table 'a0303094705.user_lock' doesn't exist
DELETE  FROM `user_lock` WHERE ( pid = '17796236011' )
[2017-03-12 11:01:49] /index.php?act=login&op=login ( act=login&op=login ) 
ERR: Db Error: Table 'a0303094705.user_lock' doesn't exist
SELECT * FROM `user_lock` WHERE ( pid = '372756750201' ) LIMIT 1  
[2017-03-12 11:01:49] /index.php?act=login&op=login ( act=login&op=login ) 
ERR: Db Error: Table 'a0303094705.user_lock' doesn't exist
DELETE  FROM `user_lock` WHERE ( pid = '372756750201' )
[2017-03-12 11:01:49] /index.php?act=login&op=login ( act=login&op=login ) 
ERR: Db Error: Table 'a0303094705.user_lock' doesn't exist
DELETE  FROM `user_lock` WHERE ( pid = '37275675021' )
[2017-03-12 12:19:32] /index.php?act=login&op=login ( act=login&op=login ) 
ERR: Db Error: Table 'a0303094705.user_lock' doesn't exist
SELECT * FROM `user_lock` WHERE ( pid = '372756750201' ) LIMIT 1  
[2017-03-12 12:19:32] /index.php?act=login&op=login ( act=login&op=login ) 
ERR: Db Error: Table 'a0303094705.user_lock' doesn't exist
DELETE  FROM `user_lock` WHERE ( pid = '372756750201' )
[2017-03-12 12:19:32] /index.php?act=login&op=login ( act=login&op=login ) 
ERR: Db Error: Table 'a0303094705.user_lock' doesn't exist
DELETE  FROM `user_lock` WHERE ( pid = '37275675021' )
[2017-03-12 13:48:05] /index.php?act=login&op=login ( act=login&op=login ) 
ERR: Db Error: Table 'a0303094705.user_lock' doesn't exist
SELECT * FROM `user_lock` WHERE ( pid = '372756750201' ) LIMIT 1  
[2017-03-12 13:48:05] /index.php?act=login&op=login ( act=login&op=login ) 
ERR: Db Error: Table 'a0303094705.user_lock' doesn't exist
DELETE  FROM `user_lock` WHERE ( pid = '372756750201' )
[2017-03-12 13:48:05] /index.php?act=login&op=login ( act=login&op=login ) 
ERR: Db Error: Table 'a0303094705.user_lock' doesn't exist
DELETE  FROM `user_lock` WHERE ( pid = '37275675021' )
[2017-03-12 17:20:13] /index.php?act=login&op=login ( act=login&op=login ) 
ERR: Db Error: Table 'a0303094705.user_lock' doesn't exist
SELECT * FROM `user_lock` WHERE ( pid = '308060983301' ) LIMIT 1  
[2017-03-12 17:20:13] /index.php?act=login&op=login ( act=login&op=login ) 
ERR: Db Error: Table 'a0303094705.user_lock' doesn't exist
DELETE  FROM `user_lock` WHERE ( pid = '308060983301' )
[2017-03-12 17:20:13] /index.php?act=login&op=login ( act=login&op=login ) 
ERR: Db Error: Table 'a0303094705.user_lock' doesn't exist
DELETE  FROM `user_lock` WHERE ( pid = '30806098331' )
[2017-03-12 17:52:00] /index.php?act=login&op=login ( act=login&op=login ) 
ERR: Db Error: Table 'a0303094705.user_lock' doesn't exist
SELECT * FROM `user_lock` WHERE ( pid = '372756750201' ) LIMIT 1  
[2017-03-12 17:52:00] /index.php?act=login&op=login ( act=login&op=login ) 
ERR: Db Error: Table 'a0303094705.user_lock' doesn't exist
DELETE  FROM `user_lock` WHERE ( pid = '372756750201' )
[2017-03-12 17:52:00] /index.php?act=login&op=login ( act=login&op=login ) 
ERR: Db Error: Table 'a0303094705.user_lock' doesn't exist
DELETE  FROM `user_lock` WHERE ( pid = '37275675021' )
[2017-03-12 18:37:53] /admin/index.php?act=login&op=login ( act=login&op=login ) 
ERR: Db Error: Table 'a0303094705.user_lock' doesn't exist
SELECT * FROM `user_lock` WHERE ( pid = '178089168605' ) LIMIT 1  
[2017-03-12 18:37:53] /admin/index.php?act=login&op=login ( act=login&op=login ) 
ERR: Db Error: Table 'a0303094705.user_lock' doesn't exist
DELETE  FROM `user_lock` WHERE ( pid = '178089168605' )
[2017-03-12 18:37:53] /admin/index.php?act=login&op=login ( act=login&op=login ) 
ERR: Db Error: Table 'a0303094705.user_lock' doesn't exist
DELETE  FROM `user_lock` WHERE ( pid = '17808916865' )
