[2017-03-08 00:15:30] /index.php?act=login&op=login ( act=login&op=login ) 
ERR: Db Error: Table 'a0302174411.user_lock' doesn't exist
SELECT * FROM `user_lock` WHERE ( pid = '193336202301' ) LIMIT 1  
[2017-03-08 00:15:30] /index.php?act=login&op=login ( act=login&op=login ) 
ERR: Db Error: Table 'a0302174411.user_lock' doesn't exist
SELECT * FROM `user_lock` WHERE ( pid = '19333620231' ) LIMIT 1  
[2017-03-08 00:15:30] /index.php?act=login&op=login ( act=login&op=login ) 
ERR: Db Error: Table 'a0302174411.user_lock' doesn't exist
SELECT * FROM `user_lock` WHERE ( pid = '19333620231' ) LIMIT 1  
[2017-03-08 00:15:30] /index.php?act=login&op=login ( act=login&op=login ) 
ERR: Db Error: Table 'a0302174411.user_lock' doesn't exist
INSERT  INTO `user_lock` (pid,pvalue,expiretime) VALUES ('19333620231','1','1488903929')
[2017-03-08 00:18:21] /admin/index.php?act=login&op=login ( act=login&op=login ) 
ERR: Db Error: Table 'a0302174411.user_lock' doesn't exist
SELECT * FROM `user_lock` WHERE ( pid = '210228050105' ) LIMIT 1  
[2017-03-08 00:18:21] /admin/index.php?act=login&op=login ( act=login&op=login ) 
ERR: Db Error: Table 'a0302174411.user_lock' doesn't exist
DELETE  FROM `user_lock` WHERE ( pid = '210228050105' )
[2017-03-08 00:18:21] /admin/index.php?act=login&op=login ( act=login&op=login ) 
ERR: Db Error: Table 'a0302174411.user_lock' doesn't exist
DELETE  FROM `user_lock` WHERE ( pid = '21022805015' )
[2017-03-08 00:35:39] /index.php?act=login&op=login ( act=login&op=login ) 
ERR: Db Error: Table 'a0302174411.user_lock' doesn't exist
SELECT * FROM `user_lock` WHERE ( pid = '210228050101' ) LIMIT 1  
[2017-03-08 00:35:39] /index.php?act=login&op=login ( act=login&op=login ) 
ERR: Db Error: Table 'a0302174411.user_lock' doesn't exist
DELETE  FROM `user_lock` WHERE ( pid = '210228050101' )
[2017-03-08 00:35:39] /index.php?act=login&op=login ( act=login&op=login ) 
ERR: Db Error: Table 'a0302174411.user_lock' doesn't exist
DELETE  FROM `user_lock` WHERE ( pid = '21022805011' )
[2017-03-08 00:46:08] /index.php?act=login&op=login ( act=login&op=login ) 
ERR: Db Error: Table 'a0302174411.user_lock' doesn't exist
SELECT * FROM `user_lock` WHERE ( pid = '210228050101' ) LIMIT 1  
[2017-03-08 00:46:08] /index.php?act=login&op=login ( act=login&op=login ) 
ERR: Db Error: Table 'a0302174411.user_lock' doesn't exist
DELETE  FROM `user_lock` WHERE ( pid = '210228050101' )
[2017-03-08 00:46:08] /index.php?act=login&op=login ( act=login&op=login ) 
ERR: Db Error: Table 'a0302174411.user_lock' doesn't exist
DELETE  FROM `user_lock` WHERE ( pid = '21022805011' )
[2017-03-08 16:17:12] /index.php?act=login&op=login ( act=login&op=login ) 
ERR: Db Error: Table 'a0302174411.user_lock' doesn't exist
SELECT * FROM `user_lock` WHERE ( pid = '462997806001' ) LIMIT 1  
[2017-03-08 16:17:12] /index.php?act=login&op=login ( act=login&op=login ) 
ERR: Db Error: Table 'a0302174411.user_lock' doesn't exist
DELETE  FROM `user_lock` WHERE ( pid = '462997806001' )
[2017-03-08 16:17:12] /index.php?act=login&op=login ( act=login&op=login ) 
ERR: Db Error: Table 'a0302174411.user_lock' doesn't exist
DELETE  FROM `user_lock` WHERE ( pid = '46299780601' )
[2017-03-08 16:20:25] /index.php?act=login&op=login ( act=login&op=login ) 
ERR: Db Error: Table 'a0302174411.user_lock' doesn't exist
SELECT * FROM `user_lock` WHERE ( pid = '462997806001' ) LIMIT 1  
[2017-03-08 16:20:25] /index.php?act=login&op=login ( act=login&op=login ) 
ERR: Db Error: Table 'a0302174411.user_lock' doesn't exist
SELECT * FROM `user_lock` WHERE ( pid = '46299780601' ) LIMIT 1  
[2017-03-08 16:20:25] /index.php?act=login&op=login ( act=login&op=login ) 
ERR: Db Error: Table 'a0302174411.user_lock' doesn't exist
SELECT * FROM `user_lock` WHERE ( pid = '46299780601' ) LIMIT 1  
[2017-03-08 16:20:25] /index.php?act=login&op=login ( act=login&op=login ) 
ERR: Db Error: Table 'a0302174411.user_lock' doesn't exist
INSERT  INTO `user_lock` (pid,pvalue,expiretime) VALUES ('46299780601','1','1488961824')
[2017-03-08 16:20:52] /index.php?act=login&op=login ( act=login&op=login ) 
ERR: Db Error: Table 'a0302174411.user_lock' doesn't exist
SELECT * FROM `user_lock` WHERE ( pid = '462997806001' ) LIMIT 1  
[2017-03-08 16:20:52] /index.php?act=login&op=login ( act=login&op=login ) 
ERR: Db Error: Table 'a0302174411.user_lock' doesn't exist
SELECT * FROM `user_lock` WHERE ( pid = '46299780601' ) LIMIT 1  
[2017-03-08 16:20:52] /index.php?act=login&op=login ( act=login&op=login ) 
ERR: Db Error: Table 'a0302174411.user_lock' doesn't exist
SELECT * FROM `user_lock` WHERE ( pid = '46299780601' ) LIMIT 1  
[2017-03-08 16:20:52] /index.php?act=login&op=login ( act=login&op=login ) 
ERR: Db Error: Table 'a0302174411.user_lock' doesn't exist
INSERT  INTO `user_lock` (pid,pvalue,expiretime) VALUES ('46299780601','1','1488961851')
[2017-03-08 17:59:10] /index.php?act=login&op=login ( act=login&op=login ) 
ERR: Db Error: Table 'a0302174411.user_lock' doesn't exist
SELECT * FROM `user_lock` WHERE ( pid = '462997806001' ) LIMIT 1  
[2017-03-08 17:59:10] /index.php?act=login&op=login ( act=login&op=login ) 
ERR: Db Error: Table 'a0302174411.user_lock' doesn't exist
SELECT * FROM `user_lock` WHERE ( pid = '46299780601' ) LIMIT 1  
[2017-03-08 17:59:10] /index.php?act=login&op=login ( act=login&op=login ) 
ERR: Db Error: Table 'a0302174411.user_lock' doesn't exist
SELECT * FROM `user_lock` WHERE ( pid = '46299780601' ) LIMIT 1  
[2017-03-08 17:59:10] /index.php?act=login&op=login ( act=login&op=login ) 
ERR: Db Error: Table 'a0302174411.user_lock' doesn't exist
INSERT  INTO `user_lock` (pid,pvalue,expiretime) VALUES ('46299780601','1','1488967749')
[2017-03-08 17:59:37] /index.php?act=login&op=login ( act=login&op=login ) 
ERR: Db Error: Table 'a0302174411.user_lock' doesn't exist
SELECT * FROM `user_lock` WHERE ( pid = '462997806001' ) LIMIT 1  
[2017-03-08 17:59:37] /index.php?act=login&op=login ( act=login&op=login ) 
ERR: Db Error: Table 'a0302174411.user_lock' doesn't exist
DELETE  FROM `user_lock` WHERE ( pid = '462997806001' )
[2017-03-08 17:59:37] /index.php?act=login&op=login ( act=login&op=login ) 
ERR: Db Error: Table 'a0302174411.user_lock' doesn't exist
DELETE  FROM `user_lock` WHERE ( pid = '46299780601' )
[2017-03-08 18:00:47] /index.php?act=login&op=login ( act=login&op=login ) 
ERR: Db Error: Table 'a0302174411.user_lock' doesn't exist
SELECT * FROM `user_lock` WHERE ( pid = '462997806001' ) LIMIT 1  
[2017-03-08 18:00:47] /index.php?act=login&op=login ( act=login&op=login ) 
ERR: Db Error: Table 'a0302174411.user_lock' doesn't exist
SELECT * FROM `user_lock` WHERE ( pid = '46299780601' ) LIMIT 1  
[2017-03-08 18:00:47] /index.php?act=login&op=login ( act=login&op=login ) 
ERR: Db Error: Table 'a0302174411.user_lock' doesn't exist
SELECT * FROM `user_lock` WHERE ( pid = '46299780601' ) LIMIT 1  
[2017-03-08 18:00:47] /index.php?act=login&op=login ( act=login&op=login ) 
ERR: Db Error: Table 'a0302174411.user_lock' doesn't exist
INSERT  INTO `user_lock` (pid,pvalue,expiretime) VALUES ('46299780601','1','1488967846')
[2017-03-08 18:01:07] /index.php?act=login&op=login ( act=login&op=login ) 
ERR: Db Error: Table 'a0302174411.user_lock' doesn't exist
SELECT * FROM `user_lock` WHERE ( pid = '462997806001' ) LIMIT 1  
[2017-03-08 18:01:07] /index.php?act=login&op=login ( act=login&op=login ) 
ERR: Db Error: Table 'a0302174411.user_lock' doesn't exist
SELECT * FROM `user_lock` WHERE ( pid = '46299780601' ) LIMIT 1  
[2017-03-08 18:01:07] /index.php?act=login&op=login ( act=login&op=login ) 
ERR: Db Error: Table 'a0302174411.user_lock' doesn't exist
SELECT * FROM `user_lock` WHERE ( pid = '46299780601' ) LIMIT 1  
[2017-03-08 18:01:07] /index.php?act=login&op=login ( act=login&op=login ) 
ERR: Db Error: Table 'a0302174411.user_lock' doesn't exist
INSERT  INTO `user_lock` (pid,pvalue,expiretime) VALUES ('46299780601','1','1488967866')
[2017-03-08 18:01:47] /index.php?act=login&op=login ( act=login&op=login ) 
ERR: Db Error: Table 'a0302174411.user_lock' doesn't exist
SELECT * FROM `user_lock` WHERE ( pid = '462997806001' ) LIMIT 1  
[2017-03-08 18:01:47] /index.php?act=login&op=login ( act=login&op=login ) 
ERR: Db Error: Table 'a0302174411.user_lock' doesn't exist
SELECT * FROM `user_lock` WHERE ( pid = '46299780601' ) LIMIT 1  
[2017-03-08 18:01:47] /index.php?act=login&op=login ( act=login&op=login ) 
ERR: Db Error: Table 'a0302174411.user_lock' doesn't exist
SELECT * FROM `user_lock` WHERE ( pid = '46299780601' ) LIMIT 1  
[2017-03-08 18:01:47] /index.php?act=login&op=login ( act=login&op=login ) 
ERR: Db Error: Table 'a0302174411.user_lock' doesn't exist
INSERT  INTO `user_lock` (pid,pvalue,expiretime) VALUES ('46299780601','1','1488967906')
[2017-03-08 18:02:38] /admin/index.php?act=login&op=login ( act=login&op=login ) 
ERR: Db Error: Table 'a0302174411.user_lock' doesn't exist
SELECT * FROM `user_lock` WHERE ( pid = '462997806005' ) LIMIT 1  
[2017-03-08 18:02:38] /admin/index.php?act=login&op=login ( act=login&op=login ) 
ERR: Db Error: Table 'a0302174411.user_lock' doesn't exist
DELETE  FROM `user_lock` WHERE ( pid = '462997806005' )
[2017-03-08 18:02:38] /admin/index.php?act=login&op=login ( act=login&op=login ) 
ERR: Db Error: Table 'a0302174411.user_lock' doesn't exist
DELETE  FROM `user_lock` WHERE ( pid = '46299780605' )
[2017-03-08 18:03:55] /index.php?act=login&op=login ( act=login&op=login ) 
ERR: Db Error: Table 'a0302174411.user_lock' doesn't exist
SELECT * FROM `user_lock` WHERE ( pid = '462997806001' ) LIMIT 1  
[2017-03-08 18:03:55] /index.php?act=login&op=login ( act=login&op=login ) 
ERR: Db Error: Table 'a0302174411.user_lock' doesn't exist
DELETE  FROM `user_lock` WHERE ( pid = '462997806001' )
[2017-03-08 18:03:55] /index.php?act=login&op=login ( act=login&op=login ) 
ERR: Db Error: Table 'a0302174411.user_lock' doesn't exist
DELETE  FROM `user_lock` WHERE ( pid = '46299780601' )
[2017-03-08 18:08:21] /index.php?act=login&op=login ( act=login&op=login ) 
ERR: Db Error: Table 'a0302174411.user_lock' doesn't exist
SELECT * FROM `user_lock` WHERE ( pid = '462997806001' ) LIMIT 1  
[2017-03-08 18:08:21] /index.php?act=login&op=login ( act=login&op=login ) 
ERR: Db Error: Table 'a0302174411.user_lock' doesn't exist
SELECT * FROM `user_lock` WHERE ( pid = '46299780601' ) LIMIT 1  
[2017-03-08 18:08:21] /index.php?act=login&op=login ( act=login&op=login ) 
ERR: Db Error: Table 'a0302174411.user_lock' doesn't exist
SELECT * FROM `user_lock` WHERE ( pid = '46299780601' ) LIMIT 1  
[2017-03-08 18:08:21] /index.php?act=login&op=login ( act=login&op=login ) 
ERR: Db Error: Table 'a0302174411.user_lock' doesn't exist
INSERT  INTO `user_lock` (pid,pvalue,expiretime) VALUES ('46299780601','1','1488968300')
[2017-03-08 18:08:42] /index.php?act=login&op=login ( act=login&op=login ) 
ERR: Db Error: Table 'a0302174411.user_lock' doesn't exist
SELECT * FROM `user_lock` WHERE ( pid = '462997806001' ) LIMIT 1  
[2017-03-08 18:08:42] /index.php?act=login&op=login ( act=login&op=login ) 
ERR: Db Error: Table 'a0302174411.user_lock' doesn't exist
DELETE  FROM `user_lock` WHERE ( pid = '462997806001' )
[2017-03-08 18:08:42] /index.php?act=login&op=login ( act=login&op=login ) 
ERR: Db Error: Table 'a0302174411.user_lock' doesn't exist
DELETE  FROM `user_lock` WHERE ( pid = '46299780601' )
[2017-03-08 18:11:14] /index.php?act=login&op=login ( act=login&op=login ) 
ERR: Db Error: Table 'a0302174411.user_lock' doesn't exist
SELECT * FROM `user_lock` WHERE ( pid = '462997806001' ) LIMIT 1  
[2017-03-08 18:11:14] /index.php?act=login&op=login ( act=login&op=login ) 
ERR: Db Error: Table 'a0302174411.user_lock' doesn't exist
DELETE  FROM `user_lock` WHERE ( pid = '462997806001' )
[2017-03-08 18:11:14] /index.php?act=login&op=login ( act=login&op=login ) 
ERR: Db Error: Table 'a0302174411.user_lock' doesn't exist
DELETE  FROM `user_lock` WHERE ( pid = '46299780601' )
[2017-03-08 18:12:42] /index.php?act=login&op=login ( act=login&op=login ) 
ERR: Db Error: Table 'a0302174411.user_lock' doesn't exist
SELECT * FROM `user_lock` WHERE ( pid = '462997806001' ) LIMIT 1  
[2017-03-08 18:12:42] /index.php?act=login&op=login ( act=login&op=login ) 
ERR: Db Error: Table 'a0302174411.user_lock' doesn't exist
DELETE  FROM `user_lock` WHERE ( pid = '462997806001' )
[2017-03-08 18:12:42] /index.php?act=login&op=login ( act=login&op=login ) 
ERR: Db Error: Table 'a0302174411.user_lock' doesn't exist
DELETE  FROM `user_lock` WHERE ( pid = '46299780601' )
[2017-03-08 18:13:56] /index.php?act=login&op=login ( act=login&op=login ) 
ERR: Db Error: Table 'a0302174411.user_lock' doesn't exist
SELECT * FROM `user_lock` WHERE ( pid = '462997806001' ) LIMIT 1  
[2017-03-08 18:13:56] /index.php?act=login&op=login ( act=login&op=login ) 
ERR: Db Error: Table 'a0302174411.user_lock' doesn't exist
DELETE  FROM `user_lock` WHERE ( pid = '462997806001' )
[2017-03-08 18:13:56] /index.php?act=login&op=login ( act=login&op=login ) 
ERR: Db Error: Table 'a0302174411.user_lock' doesn't exist
DELETE  FROM `user_lock` WHERE ( pid = '46299780601' )
[2017-03-08 18:18:37] /index.php?act=login&op=login ( act=login&op=login ) 
ERR: Db Error: Table 'a0302174411.user_lock' doesn't exist
SELECT * FROM `user_lock` WHERE ( pid = '462997806001' ) LIMIT 1  
[2017-03-08 18:18:37] /index.php?act=login&op=login ( act=login&op=login ) 
ERR: Db Error: Table 'a0302174411.user_lock' doesn't exist
DELETE  FROM `user_lock` WHERE ( pid = '462997806001' )
[2017-03-08 18:18:37] /index.php?act=login&op=login ( act=login&op=login ) 
ERR: Db Error: Table 'a0302174411.user_lock' doesn't exist
DELETE  FROM `user_lock` WHERE ( pid = '46299780601' )
[2017-03-08 18:28:13] /index.php?act=login&op=login ( act=login&op=login ) 
ERR: Db Error: Table 'a0302174411.user_lock' doesn't exist
SELECT * FROM `user_lock` WHERE ( pid = '462997806001' ) LIMIT 1  
[2017-03-08 18:28:13] /index.php?act=login&op=login ( act=login&op=login ) 
ERR: Db Error: Table 'a0302174411.user_lock' doesn't exist
SELECT * FROM `user_lock` WHERE ( pid = '46299780601' ) LIMIT 1  
[2017-03-08 18:28:13] /index.php?act=login&op=login ( act=login&op=login ) 
ERR: Db Error: Table 'a0302174411.user_lock' doesn't exist
SELECT * FROM `user_lock` WHERE ( pid = '46299780601' ) LIMIT 1  
[2017-03-08 18:28:13] /index.php?act=login&op=login ( act=login&op=login ) 
ERR: Db Error: Table 'a0302174411.user_lock' doesn't exist
INSERT  INTO `user_lock` (pid,pvalue,expiretime) VALUES ('46299780601','1','1488969492')
[2017-03-08 18:28:50] /index.php?act=login&op=login ( act=login&op=login ) 
ERR: Db Error: Table 'a0302174411.user_lock' doesn't exist
SELECT * FROM `user_lock` WHERE ( pid = '462997806001' ) LIMIT 1  
[2017-03-08 18:28:50] /index.php?act=login&op=login ( act=login&op=login ) 
ERR: Db Error: Table 'a0302174411.user_lock' doesn't exist
DELETE  FROM `user_lock` WHERE ( pid = '462997806001' )
[2017-03-08 18:28:50] /index.php?act=login&op=login ( act=login&op=login ) 
ERR: Db Error: Table 'a0302174411.user_lock' doesn't exist
DELETE  FROM `user_lock` WHERE ( pid = '46299780601' )
[2017-03-08 21:28:02] /index.php?act=login&op=login ( act=login&op=login ) 
ERR: Db Error: Table 'a0302174411.user_lock' doesn't exist
SELECT * FROM `user_lock` WHERE ( pid = '197184999201' ) LIMIT 1  
[2017-03-08 21:28:02] /index.php?act=login&op=login ( act=login&op=login ) 
ERR: Db Error: Table 'a0302174411.user_lock' doesn't exist
DELETE  FROM `user_lock` WHERE ( pid = '197184999201' )
[2017-03-08 21:28:02] /index.php?act=login&op=login ( act=login&op=login ) 
ERR: Db Error: Table 'a0302174411.user_lock' doesn't exist
DELETE  FROM `user_lock` WHERE ( pid = '19718499921' )
