[2017-05-18 19:04:52] /admin/index.php?act=login&op=login ( act=login&op=login ) 
ERR: Db Error: Table 'posw.user_lock' doesn't exist
SELECT * FROM `user_lock` WHERE ( pid = '467437275005' ) LIMIT 1  
[2017-05-18 19:04:52] /admin/index.php?act=login&op=login ( act=login&op=login ) 
ERR: Db Error: Table 'posw.user_lock' doesn't exist
DELETE  FROM `user_lock` WHERE ( pid = '467437275005' )
[2017-05-18 19:04:52] /admin/index.php?act=login&op=login ( act=login&op=login ) 
ERR: Db Error: Table 'posw.user_lock' doesn't exist
DELETE  FROM `user_lock` WHERE ( pid = '46743727505' )
[2017-05-18 19:05:35] /index.php?act=login&op=login ( act=login&op=login ) 
ERR: Db Error: Table 'posw.user_lock' doesn't exist
SELECT * FROM `user_lock` WHERE ( pid = '467437275001' ) LIMIT 1  
[2017-05-18 19:05:35] /index.php?act=login&op=login ( act=login&op=login ) 
ERR: Db Error: Table 'posw.user_lock' doesn't exist
SELECT * FROM `user_lock` WHERE ( pid = '46743727501' ) LIMIT 1  
[2017-05-18 19:05:35] /index.php?act=login&op=login ( act=login&op=login ) 
ERR: Db Error: Table 'posw.user_lock' doesn't exist
SELECT * FROM `user_lock` WHERE ( pid = '46743727501' ) LIMIT 1  
[2017-05-18 19:05:35] /index.php?act=login&op=login ( act=login&op=login ) 
ERR: Db Error: Table 'posw.user_lock' doesn't exist
INSERT  INTO `user_lock` (pid,pvalue,expiretime) VALUES ('46743727501','1','1495106135')
[2017-05-18 19:07:49] /index.php?act=login&op=login ( act=login&op=login ) 
ERR: Db Error: Table 'posw.user_lock' doesn't exist
SELECT * FROM `user_lock` WHERE ( pid = '467437275001' ) LIMIT 1  
[2017-05-18 19:07:49] /index.php?act=login&op=login ( act=login&op=login ) 
ERR: Db Error: Table 'posw.user_lock' doesn't exist
SELECT * FROM `user_lock` WHERE ( pid = '46743727501' ) LIMIT 1  
[2017-05-18 19:07:49] /index.php?act=login&op=login ( act=login&op=login ) 
ERR: Db Error: Table 'posw.user_lock' doesn't exist
SELECT * FROM `user_lock` WHERE ( pid = '46743727501' ) LIMIT 1  
[2017-05-18 19:07:49] /index.php?act=login&op=login ( act=login&op=login ) 
ERR: Db Error: Table 'posw.user_lock' doesn't exist
INSERT  INTO `user_lock` (pid,pvalue,expiretime) VALUES ('46743727501','1','1495106269')
[2017-05-18 19:08:17] /index.php?act=login&op=login ( act=login&op=login ) 
ERR: Db Error: Table 'posw.user_lock' doesn't exist
SELECT * FROM `user_lock` WHERE ( pid = '467437275001' ) LIMIT 1  
[2017-05-18 19:08:17] /index.php?act=login&op=login ( act=login&op=login ) 
ERR: Db Error: Table 'posw.user_lock' doesn't exist
SELECT * FROM `user_lock` WHERE ( pid = '46743727501' ) LIMIT 1  
[2017-05-18 19:08:17] /index.php?act=login&op=login ( act=login&op=login ) 
ERR: Db Error: Table 'posw.user_lock' doesn't exist
SELECT * FROM `user_lock` WHERE ( pid = '46743727501' ) LIMIT 1  
[2017-05-18 19:08:17] /index.php?act=login&op=login ( act=login&op=login ) 
ERR: Db Error: Table 'posw.user_lock' doesn't exist
INSERT  INTO `user_lock` (pid,pvalue,expiretime) VALUES ('46743727501','1','1495106297')
