[2017-03-23 14:58:38] /index.php?act=login&op=login ( act=login&op=login ) 
ERR: Db Error: Table 'a0303094705.user_lock' doesn't exist
SELECT * FROM `user_lock` WHERE ( pid = '719419901001' ) LIMIT 1  
[2017-03-23 14:58:38] /index.php?act=login&op=login ( act=login&op=login ) 
ERR: Db Error: Table 'a0303094705.user_lock' doesn't exist
DELETE  FROM `user_lock` WHERE ( pid = '719419901001' )
[2017-03-23 14:58:38] /index.php?act=login&op=login ( act=login&op=login ) 
ERR: Db Error: Table 'a0303094705.user_lock' doesn't exist
DELETE  FROM `user_lock` WHERE ( pid = '71941990101' )
[2017-03-23 15:18:11] /admin/index.php?act=login&op=login ( act=login&op=login ) 
ERR: Db Error: Table 'a0303094705.user_lock' doesn't exist
SELECT * FROM `user_lock` WHERE ( pid = '204733291105' ) LIMIT 1  
[2017-03-23 15:18:11] /admin/index.php?act=login&op=login ( act=login&op=login ) 
ERR: Db Error: Table 'a0303094705.user_lock' doesn't exist
DELETE  FROM `user_lock` WHERE ( pid = '204733291105' )
[2017-03-23 15:18:11] /admin/index.php?act=login&op=login ( act=login&op=login ) 
ERR: Db Error: Table 'a0303094705.user_lock' doesn't exist
DELETE  FROM `user_lock` WHERE ( pid = '20473329115' )
[2017-03-23 15:30:33] /index.php?act=login&op=login ( act=login&op=login ) 
ERR: Db Error: Table 'a0303094705.user_lock' doesn't exist
SELECT * FROM `user_lock` WHERE ( pid = '204733291101' ) LIMIT 1  
[2017-03-23 15:30:33] /index.php?act=login&op=login ( act=login&op=login ) 
ERR: Db Error: Table 'a0303094705.user_lock' doesn't exist
SELECT * FROM `user_lock` WHERE ( pid = '20473329111' ) LIMIT 1  
[2017-03-23 15:30:33] /index.php?act=login&op=login ( act=login&op=login ) 
ERR: Db Error: Table 'a0303094705.user_lock' doesn't exist
SELECT * FROM `user_lock` WHERE ( pid = '20473329111' ) LIMIT 1  
[2017-03-23 15:30:33] /index.php?act=login&op=login ( act=login&op=login ) 
ERR: Db Error: Table 'a0303094705.user_lock' doesn't exist
INSERT  INTO `user_lock` (pid,pvalue,expiretime) VALUES ('20473329111','1','1490254832')
[2017-03-23 15:30:49] /index.php?act=login&op=login ( act=login&op=login ) 
ERR: Db Error: Table 'a0303094705.user_lock' doesn't exist
SELECT * FROM `user_lock` WHERE ( pid = '204733291101' ) LIMIT 1  
[2017-03-23 15:30:49] /index.php?act=login&op=login ( act=login&op=login ) 
ERR: Db Error: Table 'a0303094705.user_lock' doesn't exist
SELECT * FROM `user_lock` WHERE ( pid = '20473329111' ) LIMIT 1  
[2017-03-23 15:30:49] /index.php?act=login&op=login ( act=login&op=login ) 
ERR: Db Error: Table 'a0303094705.user_lock' doesn't exist
SELECT * FROM `user_lock` WHERE ( pid = '20473329111' ) LIMIT 1  
[2017-03-23 15:30:49] /index.php?act=login&op=login ( act=login&op=login ) 
ERR: Db Error: Table 'a0303094705.user_lock' doesn't exist
INSERT  INTO `user_lock` (pid,pvalue,expiretime) VALUES ('20473329111','1','1490254848')
[2017-03-23 15:31:05] /index.php?act=login&op=login ( act=login&op=login ) 
ERR: Db Error: Table 'a0303094705.user_lock' doesn't exist
SELECT * FROM `user_lock` WHERE ( pid = '204733291101' ) LIMIT 1  
[2017-03-23 15:31:05] /index.php?act=login&op=login ( act=login&op=login ) 
ERR: Db Error: Table 'a0303094705.user_lock' doesn't exist
DELETE  FROM `user_lock` WHERE ( pid = '204733291101' )
[2017-03-23 15:31:05] /index.php?act=login&op=login ( act=login&op=login ) 
ERR: Db Error: Table 'a0303094705.user_lock' doesn't exist
DELETE  FROM `user_lock` WHERE ( pid = '20473329111' )
[2017-03-23 15:32:11] /index.php?act=login&op=login ( act=login&op=login ) 
ERR: Db Error: Table 'a0303094705.user_lock' doesn't exist
SELECT * FROM `user_lock` WHERE ( pid = '204733291101' ) LIMIT 1  
[2017-03-23 15:32:11] /index.php?act=login&op=login ( act=login&op=login ) 
ERR: Db Error: Table 'a0303094705.user_lock' doesn't exist
DELETE  FROM `user_lock` WHERE ( pid = '204733291101' )
[2017-03-23 15:32:11] /index.php?act=login&op=login ( act=login&op=login ) 
ERR: Db Error: Table 'a0303094705.user_lock' doesn't exist
DELETE  FROM `user_lock` WHERE ( pid = '20473329111' )
[2017-03-23 20:33:51] /index.php?act=login&op=login ( act=login&op=login ) 
ERR: Db Error: Table 'a0303094705.user_lock' doesn't exist
SELECT * FROM `user_lock` WHERE ( pid = '370426472201' ) LIMIT 1  
[2017-03-23 20:33:51] /index.php?act=login&op=login ( act=login&op=login ) 
ERR: Db Error: Table 'a0303094705.user_lock' doesn't exist
DELETE  FROM `user_lock` WHERE ( pid = '370426472201' )
[2017-03-23 20:33:51] /index.php?act=login&op=login ( act=login&op=login ) 
ERR: Db Error: Table 'a0303094705.user_lock' doesn't exist
DELETE  FROM `user_lock` WHERE ( pid = '37042647221' )
[2017-03-23 20:38:09] /admin/index.php?act=login&op=login ( act=login&op=login ) 
ERR: Db Error: Table 'a0303094705.user_lock' doesn't exist
SELECT * FROM `user_lock` WHERE ( pid = '370426472205' ) LIMIT 1  
[2017-03-23 20:38:09] /admin/index.php?act=login&op=login ( act=login&op=login ) 
ERR: Db Error: Table 'a0303094705.user_lock' doesn't exist
DELETE  FROM `user_lock` WHERE ( pid = '370426472205' )
[2017-03-23 20:38:09] /admin/index.php?act=login&op=login ( act=login&op=login ) 
ERR: Db Error: Table 'a0303094705.user_lock' doesn't exist
DELETE  FROM `user_lock` WHERE ( pid = '37042647225' )
[2017-03-23 20:39:38] /admin/index.php?act=login&op=login ( act=login&op=login ) 
ERR: Db Error: Table 'a0303094705.user_lock' doesn't exist
SELECT * FROM `user_lock` WHERE ( pid = '370426472205' ) LIMIT 1  
[2017-03-23 20:39:38] /admin/index.php?act=login&op=login ( act=login&op=login ) 
ERR: Db Error: Table 'a0303094705.user_lock' doesn't exist
DELETE  FROM `user_lock` WHERE ( pid = '370426472205' )
[2017-03-23 20:39:38] /admin/index.php?act=login&op=login ( act=login&op=login ) 
ERR: Db Error: Table 'a0303094705.user_lock' doesn't exist
DELETE  FROM `user_lock` WHERE ( pid = '37042647225' )
[2017-03-23 20:50:05] /index.php?act=login&op=login ( act=login&op=login ) 
ERR: Db Error: Table 'a0303094705.user_lock' doesn't exist
SELECT * FROM `user_lock` WHERE ( pid = '719419901001' ) LIMIT 1  
[2017-03-23 20:50:05] /index.php?act=login&op=login ( act=login&op=login ) 
ERR: Db Error: Table 'a0303094705.user_lock' doesn't exist
DELETE  FROM `user_lock` WHERE ( pid = '719419901001' )
[2017-03-23 20:50:05] /index.php?act=login&op=login ( act=login&op=login ) 
ERR: Db Error: Table 'a0303094705.user_lock' doesn't exist
DELETE  FROM `user_lock` WHERE ( pid = '71941990101' )
[2017-03-23 22:01:54] /index.php?act=login&op=login ( act=login&op=login ) 
ERR: Db Error: Table 'a0303094705.user_lock' doesn't exist
SELECT * FROM `user_lock` WHERE ( pid = '103217649401' ) LIMIT 1  
[2017-03-23 22:01:54] /index.php?act=login&op=login ( act=login&op=login ) 
ERR: Db Error: Table 'a0303094705.user_lock' doesn't exist
SELECT * FROM `user_lock` WHERE ( pid = '10321764941' ) LIMIT 1  
[2017-03-23 22:01:54] /index.php?act=login&op=login ( act=login&op=login ) 
ERR: Db Error: Table 'a0303094705.user_lock' doesn't exist
SELECT * FROM `user_lock` WHERE ( pid = '10321764941' ) LIMIT 1  
[2017-03-23 22:01:54] /index.php?act=login&op=login ( act=login&op=login ) 
ERR: Db Error: Table 'a0303094705.user_lock' doesn't exist
INSERT  INTO `user_lock` (pid,pvalue,expiretime) VALUES ('10321764941','1','1490278313')
[2017-03-23 22:02:43] /index.php?act=login&op=login ( act=login&op=login ) 
ERR: Db Error: Table 'a0303094705.user_lock' doesn't exist
SELECT * FROM `user_lock` WHERE ( pid = '103217649401' ) LIMIT 1  
[2017-03-23 22:02:43] /index.php?act=login&op=login ( act=login&op=login ) 
ERR: Db Error: Table 'a0303094705.user_lock' doesn't exist
SELECT * FROM `user_lock` WHERE ( pid = '10321764941' ) LIMIT 1  
[2017-03-23 22:02:43] /index.php?act=login&op=login ( act=login&op=login ) 
ERR: Db Error: Table 'a0303094705.user_lock' doesn't exist
SELECT * FROM `user_lock` WHERE ( pid = '10321764941' ) LIMIT 1  
[2017-03-23 22:02:43] /index.php?act=login&op=login ( act=login&op=login ) 
ERR: Db Error: Table 'a0303094705.user_lock' doesn't exist
INSERT  INTO `user_lock` (pid,pvalue,expiretime) VALUES ('10321764941','1','1490278361')
[2017-03-23 22:03:31] /index.php?act=login&op=login ( act=login&op=login ) 
ERR: Db Error: Table 'a0303094705.user_lock' doesn't exist
SELECT * FROM `user_lock` WHERE ( pid = '466306133001' ) LIMIT 1  
[2017-03-23 22:03:31] /index.php?act=login&op=login ( act=login&op=login ) 
ERR: Db Error: Table 'a0303094705.user_lock' doesn't exist
DELETE  FROM `user_lock` WHERE ( pid = '466306133001' )
[2017-03-23 22:03:31] /index.php?act=login&op=login ( act=login&op=login ) 
ERR: Db Error: Table 'a0303094705.user_lock' doesn't exist
DELETE  FROM `user_lock` WHERE ( pid = '46630613301' )
[2017-03-23 22:03:46] /index.php?act=login&op=login ( act=login&op=login ) 
ERR: Db Error: Table 'a0303094705.user_lock' doesn't exist
SELECT * FROM `user_lock` WHERE ( pid = '103217649401' ) LIMIT 1  
[2017-03-23 22:03:46] /index.php?act=login&op=login ( act=login&op=login ) 
ERR: Db Error: Table 'a0303094705.user_lock' doesn't exist
SELECT * FROM `user_lock` WHERE ( pid = '10321764941' ) LIMIT 1  
[2017-03-23 22:03:46] /index.php?act=login&op=login ( act=login&op=login ) 
ERR: Db Error: Table 'a0303094705.user_lock' doesn't exist
SELECT * FROM `user_lock` WHERE ( pid = '10321764941' ) LIMIT 1  
[2017-03-23 22:03:46] /index.php?act=login&op=login ( act=login&op=login ) 
ERR: Db Error: Table 'a0303094705.user_lock' doesn't exist
INSERT  INTO `user_lock` (pid,pvalue,expiretime) VALUES ('10321764941','1','1490278425')
[2017-03-23 22:08:02] /index.php?act=login&op=login ( act=login&op=login ) 
ERR: Db Error: Table 'a0303094705.user_lock' doesn't exist
SELECT * FROM `user_lock` WHERE ( pid = '103217649401' ) LIMIT 1  
[2017-03-23 22:08:02] /index.php?act=login&op=login ( act=login&op=login ) 
ERR: Db Error: Table 'a0303094705.user_lock' doesn't exist
SELECT * FROM `user_lock` WHERE ( pid = '10321764941' ) LIMIT 1  
[2017-03-23 22:08:02] /index.php?act=login&op=login ( act=login&op=login ) 
ERR: Db Error: Table 'a0303094705.user_lock' doesn't exist
SELECT * FROM `user_lock` WHERE ( pid = '10321764941' ) LIMIT 1  
[2017-03-23 22:08:02] /index.php?act=login&op=login ( act=login&op=login ) 
ERR: Db Error: Table 'a0303094705.user_lock' doesn't exist
INSERT  INTO `user_lock` (pid,pvalue,expiretime) VALUES ('10321764941','1','1490278681')
[2017-03-23 22:08:34] /index.php?act=login&op=login ( act=login&op=login ) 
ERR: Db Error: Table 'a0303094705.user_lock' doesn't exist
SELECT * FROM `user_lock` WHERE ( pid = '103217649401' ) LIMIT 1  
[2017-03-23 22:08:34] /index.php?act=login&op=login ( act=login&op=login ) 
ERR: Db Error: Table 'a0303094705.user_lock' doesn't exist
SELECT * FROM `user_lock` WHERE ( pid = '10321764941' ) LIMIT 1  
[2017-03-23 22:08:34] /index.php?act=login&op=login ( act=login&op=login ) 
ERR: Db Error: Table 'a0303094705.user_lock' doesn't exist
SELECT * FROM `user_lock` WHERE ( pid = '10321764941' ) LIMIT 1  
[2017-03-23 22:08:34] /index.php?act=login&op=login ( act=login&op=login ) 
ERR: Db Error: Table 'a0303094705.user_lock' doesn't exist
INSERT  INTO `user_lock` (pid,pvalue,expiretime) VALUES ('10321764941','1','1490278713')
[2017-03-23 22:13:01] /index.php?act=login&op=login ( act=login&op=login ) 
ERR: Db Error: Table 'a0303094705.user_lock' doesn't exist
SELECT * FROM `user_lock` WHERE ( pid = '207329508501' ) LIMIT 1  
[2017-03-23 22:13:01] /index.php?act=login&op=login ( act=login&op=login ) 
ERR: Db Error: Table 'a0303094705.user_lock' doesn't exist
DELETE  FROM `user_lock` WHERE ( pid = '207329508501' )
[2017-03-23 22:13:01] /index.php?act=login&op=login ( act=login&op=login ) 
ERR: Db Error: Table 'a0303094705.user_lock' doesn't exist
DELETE  FROM `user_lock` WHERE ( pid = '20732950851' )
[2017-03-23 22:22:17] /index.php?act=login&op=login ( act=login&op=login ) 
ERR: Db Error: Table 'a0303094705.user_lock' doesn't exist
SELECT * FROM `user_lock` WHERE ( pid = '374816839701' ) LIMIT 1  
[2017-03-23 22:22:17] /index.php?act=login&op=login ( act=login&op=login ) 
ERR: Db Error: Table 'a0303094705.user_lock' doesn't exist
SELECT * FROM `user_lock` WHERE ( pid = '37481683971' ) LIMIT 1  
[2017-03-23 22:22:17] /index.php?act=login&op=login ( act=login&op=login ) 
ERR: Db Error: Table 'a0303094705.user_lock' doesn't exist
SELECT * FROM `user_lock` WHERE ( pid = '37481683971' ) LIMIT 1  
[2017-03-23 22:22:17] /index.php?act=login&op=login ( act=login&op=login ) 
ERR: Db Error: Table 'a0303094705.user_lock' doesn't exist
INSERT  INTO `user_lock` (pid,pvalue,expiretime) VALUES ('37481683971','1','1490279536')
[2017-03-23 22:22:18] /index.php?act=login&op=login ( act=login&op=login ) 
ERR: Db Error: Table 'a0303094705.user_lock' doesn't exist
SELECT * FROM `user_lock` WHERE ( pid = '374816839701' ) LIMIT 1  
[2017-03-23 22:22:18] /index.php?act=login&op=login ( act=login&op=login ) 
ERR: Db Error: Table 'a0303094705.user_lock' doesn't exist
SELECT * FROM `user_lock` WHERE ( pid = '37481683971' ) LIMIT 1  
[2017-03-23 22:22:18] /index.php?act=login&op=login ( act=login&op=login ) 
ERR: Db Error: Table 'a0303094705.user_lock' doesn't exist
SELECT * FROM `user_lock` WHERE ( pid = '37481683971' ) LIMIT 1  
[2017-03-23 22:22:18] /index.php?act=login&op=login ( act=login&op=login ) 
ERR: Db Error: Table 'a0303094705.user_lock' doesn't exist
INSERT  INTO `user_lock` (pid,pvalue,expiretime) VALUES ('37481683971','1','1490279537')
[2017-03-23 22:34:19] /index.php?act=login&op=login ( act=login&op=login ) 
ERR: Db Error: Table 'a0303094705.user_lock' doesn't exist
SELECT * FROM `user_lock` WHERE ( pid = '374816839701' ) LIMIT 1  
[2017-03-23 22:34:19] /index.php?act=login&op=login ( act=login&op=login ) 
ERR: Db Error: Table 'a0303094705.user_lock' doesn't exist
SELECT * FROM `user_lock` WHERE ( pid = '37481683971' ) LIMIT 1  
[2017-03-23 22:34:19] /index.php?act=login&op=login ( act=login&op=login ) 
ERR: Db Error: Table 'a0303094705.user_lock' doesn't exist
SELECT * FROM `user_lock` WHERE ( pid = '37481683971' ) LIMIT 1  
[2017-03-23 22:34:19] /index.php?act=login&op=login ( act=login&op=login ) 
ERR: Db Error: Table 'a0303094705.user_lock' doesn't exist
INSERT  INTO `user_lock` (pid,pvalue,expiretime) VALUES ('37481683971','1','1490280258')
[2017-03-23 22:34:57] /index.php?act=login&op=login ( act=login&op=login ) 
ERR: Db Error: Table 'a0303094705.user_lock' doesn't exist
SELECT * FROM `user_lock` WHERE ( pid = '374816839701' ) LIMIT 1  
[2017-03-23 22:34:57] /index.php?act=login&op=login ( act=login&op=login ) 
ERR: Db Error: Table 'a0303094705.user_lock' doesn't exist
SELECT * FROM `user_lock` WHERE ( pid = '37481683971' ) LIMIT 1  
[2017-03-23 22:34:57] /index.php?act=login&op=login ( act=login&op=login ) 
ERR: Db Error: Table 'a0303094705.user_lock' doesn't exist
SELECT * FROM `user_lock` WHERE ( pid = '37481683971' ) LIMIT 1  
[2017-03-23 22:34:57] /index.php?act=login&op=login ( act=login&op=login ) 
ERR: Db Error: Table 'a0303094705.user_lock' doesn't exist
INSERT  INTO `user_lock` (pid,pvalue,expiretime) VALUES ('37481683971','1','1490280296')
[2017-03-23 22:44:17] /admin/index.php?act=login&op=login ( act=login&op=login ) 
ERR: Db Error: Table 'a0303094705.user_lock' doesn't exist
SELECT * FROM `user_lock` WHERE ( pid = '719419901005' ) LIMIT 1  
[2017-03-23 22:44:17] /admin/index.php?act=login&op=login ( act=login&op=login ) 
ERR: Db Error: Table 'a0303094705.user_lock' doesn't exist
DELETE  FROM `user_lock` WHERE ( pid = '719419901005' )
[2017-03-23 22:44:17] /admin/index.php?act=login&op=login ( act=login&op=login ) 
ERR: Db Error: Table 'a0303094705.user_lock' doesn't exist
DELETE  FROM `user_lock` WHERE ( pid = '71941990105' )
[2017-03-23 23:02:01] /index.php?act=login&op=login ( act=login&op=login ) 
ERR: Db Error: Table 'a0303094705.user_lock' doesn't exist
SELECT * FROM `user_lock` WHERE ( pid = '374816839701' ) LIMIT 1  
[2017-03-23 23:02:01] /index.php?act=login&op=login ( act=login&op=login ) 
ERR: Db Error: Table 'a0303094705.user_lock' doesn't exist
SELECT * FROM `user_lock` WHERE ( pid = '37481683971' ) LIMIT 1  
[2017-03-23 23:02:01] /index.php?act=login&op=login ( act=login&op=login ) 
ERR: Db Error: Table 'a0303094705.user_lock' doesn't exist
SELECT * FROM `user_lock` WHERE ( pid = '37481683971' ) LIMIT 1  
[2017-03-23 23:02:01] /index.php?act=login&op=login ( act=login&op=login ) 
ERR: Db Error: Table 'a0303094705.user_lock' doesn't exist
INSERT  INTO `user_lock` (pid,pvalue,expiretime) VALUES ('37481683971','1','1490281920')
[2017-03-23 23:04:10] /index.php?act=login&op=login ( act=login&op=login ) 
ERR: Db Error: Table 'a0303094705.user_lock' doesn't exist
SELECT * FROM `user_lock` WHERE ( pid = '374816839701' ) LIMIT 1  
[2017-03-23 23:04:10] /index.php?act=login&op=login ( act=login&op=login ) 
ERR: Db Error: Table 'a0303094705.user_lock' doesn't exist
SELECT * FROM `user_lock` WHERE ( pid = '37481683971' ) LIMIT 1  
[2017-03-23 23:04:10] /index.php?act=login&op=login ( act=login&op=login ) 
ERR: Db Error: Table 'a0303094705.user_lock' doesn't exist
SELECT * FROM `user_lock` WHERE ( pid = '37481683971' ) LIMIT 1  
[2017-03-23 23:04:10] /index.php?act=login&op=login ( act=login&op=login ) 
ERR: Db Error: Table 'a0303094705.user_lock' doesn't exist
INSERT  INTO `user_lock` (pid,pvalue,expiretime) VALUES ('37481683971','1','1490282049')
[2017-03-23 23:06:18] /index.php?act=login&op=login ( act=login&op=login ) 
ERR: Db Error: Table 'a0303094705.user_lock' doesn't exist
SELECT * FROM `user_lock` WHERE ( pid = '374816839701' ) LIMIT 1  
[2017-03-23 23:06:18] /index.php?act=login&op=login ( act=login&op=login ) 
ERR: Db Error: Table 'a0303094705.user_lock' doesn't exist
DELETE  FROM `user_lock` WHERE ( pid = '374816839701' )
[2017-03-23 23:06:18] /index.php?act=login&op=login ( act=login&op=login ) 
ERR: Db Error: Table 'a0303094705.user_lock' doesn't exist
DELETE  FROM `user_lock` WHERE ( pid = '37481683971' )
[2017-03-23 23:10:08] /index.php?act=login&op=login ( act=login&op=login ) 
ERR: Db Error: Table 'a0303094705.user_lock' doesn't exist
SELECT * FROM `user_lock` WHERE ( pid = '186376297101' ) LIMIT 1  
[2017-03-23 23:10:08] /index.php?act=login&op=login ( act=login&op=login ) 
ERR: Db Error: Table 'a0303094705.user_lock' doesn't exist
DELETE  FROM `user_lock` WHERE ( pid = '186376297101' )
[2017-03-23 23:10:08] /index.php?act=login&op=login ( act=login&op=login ) 
ERR: Db Error: Table 'a0303094705.user_lock' doesn't exist
DELETE  FROM `user_lock` WHERE ( pid = '18637629711' )
[2017-03-23 23:10:22] /index.php?act=login&op=login ( act=login&op=login ) 
ERR: Db Error: Table 'a0303094705.user_lock' doesn't exist
SELECT * FROM `user_lock` WHERE ( pid = '103217649401' ) LIMIT 1  
[2017-03-23 23:10:22] /index.php?act=login&op=login ( act=login&op=login ) 
ERR: Db Error: Table 'a0303094705.user_lock' doesn't exist
SELECT * FROM `user_lock` WHERE ( pid = '10321764941' ) LIMIT 1  
[2017-03-23 23:10:22] /index.php?act=login&op=login ( act=login&op=login ) 
ERR: Db Error: Table 'a0303094705.user_lock' doesn't exist
SELECT * FROM `user_lock` WHERE ( pid = '10321764941' ) LIMIT 1  
[2017-03-23 23:10:22] /index.php?act=login&op=login ( act=login&op=login ) 
ERR: Db Error: Table 'a0303094705.user_lock' doesn't exist
INSERT  INTO `user_lock` (pid,pvalue,expiretime) VALUES ('10321764941','1','1490282420')
[2017-03-23 23:11:05] /index.php?act=login&op=login ( act=login&op=login ) 
ERR: Db Error: Table 'a0303094705.user_lock' doesn't exist
SELECT * FROM `user_lock` WHERE ( pid = '103217649401' ) LIMIT 1  
[2017-03-23 23:11:05] /index.php?act=login&op=login ( act=login&op=login ) 
ERR: Db Error: Table 'a0303094705.user_lock' doesn't exist
SELECT * FROM `user_lock` WHERE ( pid = '10321764941' ) LIMIT 1  
[2017-03-23 23:11:05] /index.php?act=login&op=login ( act=login&op=login ) 
ERR: Db Error: Table 'a0303094705.user_lock' doesn't exist
SELECT * FROM `user_lock` WHERE ( pid = '10321764941' ) LIMIT 1  
[2017-03-23 23:11:05] /index.php?act=login&op=login ( act=login&op=login ) 
ERR: Db Error: Table 'a0303094705.user_lock' doesn't exist
INSERT  INTO `user_lock` (pid,pvalue,expiretime) VALUES ('10321764941','1','1490282464')
[2017-03-23 23:14:02] /index.php?act=login&op=login ( act=login&op=login ) 
ERR: Db Error: Table 'a0303094705.user_lock' doesn't exist
SELECT * FROM `user_lock` WHERE ( pid = '186376297101' ) LIMIT 1  
[2017-03-23 23:14:02] /index.php?act=login&op=login ( act=login&op=login ) 
ERR: Db Error: Table 'a0303094705.user_lock' doesn't exist
DELETE  FROM `user_lock` WHERE ( pid = '186376297101' )
[2017-03-23 23:14:02] /index.php?act=login&op=login ( act=login&op=login ) 
ERR: Db Error: Table 'a0303094705.user_lock' doesn't exist
DELETE  FROM `user_lock` WHERE ( pid = '18637629711' )
[2017-03-23 23:14:33] /index.php?act=login&op=login ( act=login&op=login ) 
ERR: Db Error: Table 'a0303094705.user_lock' doesn't exist
SELECT * FROM `user_lock` WHERE ( pid = '103217649401' ) LIMIT 1  
[2017-03-23 23:14:33] /index.php?act=login&op=login ( act=login&op=login ) 
ERR: Db Error: Table 'a0303094705.user_lock' doesn't exist
DELETE  FROM `user_lock` WHERE ( pid = '103217649401' )
[2017-03-23 23:14:33] /index.php?act=login&op=login ( act=login&op=login ) 
ERR: Db Error: Table 'a0303094705.user_lock' doesn't exist
DELETE  FROM `user_lock` WHERE ( pid = '10321764941' )
