[2017-03-02 11:12:01] /admin/index.php?act=login&op=login ( act=login&op=login ) 
ERR: Db Error: Table 'qygl.user_lock' doesn't exist
SELECT * FROM `user_lock` WHERE ( pid = '368327398005' ) LIMIT 1  
[2017-03-02 11:12:01] /admin/index.php?act=login&op=login ( act=login&op=login ) 
ERR: Db Error: Table 'qygl.user_lock' doesn't exist
DELETE  FROM `user_lock` WHERE ( pid = '368327398005' )
[2017-03-02 11:12:01] /admin/index.php?act=login&op=login ( act=login&op=login ) 
ERR: Db Error: Table 'qygl.user_lock' doesn't exist
DELETE  FROM `user_lock` WHERE ( pid = '36832739805' )
[2017-03-02 11:35:24] /admin/modules/system/index.php?act=article_class&op=article_class_add ( act=article_class&op=article_class_add ) 
ERR: Db Error: Unknown column 'ac_name' in 'field list'
INSERT INTO `user_article_type` (`ac_name`) VALUES('分类')
[2017-03-02 11:45:12] /index.php?act=login&op=login ( act=login&op=login ) 
ERR: Db Error: Table 'qygl.user_lock' doesn't exist
SELECT * FROM `user_lock` WHERE ( pid = '368327398001' ) LIMIT 1  
[2017-03-02 11:45:12] /index.php?act=login&op=login ( act=login&op=login ) 
ERR: Db Error: Table 'qygl.user_lock' doesn't exist
DELETE  FROM `user_lock` WHERE ( pid = '368327398001' )
[2017-03-02 11:45:12] /index.php?act=login&op=login ( act=login&op=login ) 
ERR: Db Error: Table 'qygl.user_lock' doesn't exist
DELETE  FROM `user_lock` WHERE ( pid = '36832739801' )
[2017-03-02 13:43:28] /admin/index.php?act=login&op=login ( act=login&op=login ) 
ERR: Db Error: La table 'qygl.user_lock' n'existe pas
SELECT * FROM `user_lock` WHERE ( pid = '213070643305' ) LIMIT 1  
[2017-03-02 13:43:28] /admin/index.php?act=login&op=login ( act=login&op=login ) 
ERR: Db Error: La table 'qygl.user_lock' n'existe pas
DELETE  FROM `user_lock` WHERE ( pid = '213070643305' )
[2017-03-02 13:43:28] /admin/index.php?act=login&op=login ( act=login&op=login ) 
ERR: Db Error: La table 'qygl.user_lock' n'existe pas
DELETE  FROM `user_lock` WHERE ( pid = '21307064335' )
[2017-03-02 13:52:07] /admin/modules/system/index.php?act=article_class&op=article_class_edit&id=4 ( act=article_class&op=article_class_edit ) 
ERR: Db Error: Champ 'ac_id' inconnu dans field list
UPDATE `user_article_type` AS `article_type` SET ac_id = '0', typename = '啊啊'  WHERE  id = ''
[2017-03-02 13:57:19] /index.php?act=login&op=login ( act=login&op=login ) 
ERR: Db Error: La table 'qygl.user_lock' n'existe pas
SELECT * FROM `user_lock` WHERE ( pid = '213070643301' ) LIMIT 1  
[2017-03-02 13:57:19] /index.php?act=login&op=login ( act=login&op=login ) 
ERR: Db Error: La table 'qygl.user_lock' n'existe pas
DELETE  FROM `user_lock` WHERE ( pid = '213070643301' )
[2017-03-02 13:57:19] /index.php?act=login&op=login ( act=login&op=login ) 
ERR: Db Error: La table 'qygl.user_lock' n'existe pas
DELETE  FROM `user_lock` WHERE ( pid = '21307064331' )
[2017-03-02 14:54:21] /index.php?act=login&op=login ( act=login&op=login ) 
ERR: Db Error: Table 'qygl.user_lock' doesn't exist
SELECT * FROM `user_lock` WHERE ( pid = '368327398001' ) LIMIT 1  
[2017-03-02 14:54:21] /index.php?act=login&op=login ( act=login&op=login ) 
ERR: Db Error: Table 'qygl.user_lock' doesn't exist
DELETE  FROM `user_lock` WHERE ( pid = '368327398001' )
[2017-03-02 14:54:21] /index.php?act=login&op=login ( act=login&op=login ) 
ERR: Db Error: Table 'qygl.user_lock' doesn't exist
DELETE  FROM `user_lock` WHERE ( pid = '36832739801' )
[2017-03-02 15:10:06] /index.php?act=login&op=login ( act=login&op=login ) 
ERR: Db Error: Table 'qygl.user_lock' doesn't exist
SELECT * FROM `user_lock` WHERE ( pid = '236436304201' ) LIMIT 1  
[2017-03-02 15:10:06] /index.php?act=login&op=login ( act=login&op=login ) 
ERR: Db Error: Table 'qygl.user_lock' doesn't exist
DELETE  FROM `user_lock` WHERE ( pid = '236436304201' )
[2017-03-02 15:10:06] /index.php?act=login&op=login ( act=login&op=login ) 
ERR: Db Error: Table 'qygl.user_lock' doesn't exist
DELETE  FROM `user_lock` WHERE ( pid = '23643630421' )
[2017-03-02 15:10:39] /admin/index.php?act=login&op=login ( act=login&op=login ) 
ERR: Db Error: Table 'qygl.user_lock' doesn't exist
SELECT * FROM `user_lock` WHERE ( pid = '236436304205' ) LIMIT 1  
[2017-03-02 15:10:39] /admin/index.php?act=login&op=login ( act=login&op=login ) 
ERR: Db Error: Table 'qygl.user_lock' doesn't exist
DELETE  FROM `user_lock` WHERE ( pid = '236436304205' )
[2017-03-02 15:10:39] /admin/index.php?act=login&op=login ( act=login&op=login ) 
ERR: Db Error: Table 'qygl.user_lock' doesn't exist
DELETE  FROM `user_lock` WHERE ( pid = '23643630425' )
[2017-03-02 15:12:30] /index.php?act=login&op=login ( act=login&op=login ) 
ERR: Db Error: Table 'qygl.user_lock' doesn't exist
SELECT * FROM `user_lock` WHERE ( pid = '236436304201' ) LIMIT 1  
[2017-03-02 15:12:30] /index.php?act=login&op=login ( act=login&op=login ) 
ERR: Db Error: Table 'qygl.user_lock' doesn't exist
DELETE  FROM `user_lock` WHERE ( pid = '236436304201' )
[2017-03-02 15:12:30] /index.php?act=login&op=login ( act=login&op=login ) 
ERR: Db Error: Table 'qygl.user_lock' doesn't exist
DELETE  FROM `user_lock` WHERE ( pid = '23643630421' )
[2017-03-02 15:37:33] /index.php?act=login&op=login ( act=login&op=login ) 
ERR: Db Error: Table 'qygl.user_lock' doesn't exist
SELECT * FROM `user_lock` WHERE ( pid = '372756750201' ) LIMIT 1  
[2017-03-02 15:37:33] /index.php?act=login&op=login ( act=login&op=login ) 
ERR: Db Error: Table 'qygl.user_lock' doesn't exist
DELETE  FROM `user_lock` WHERE ( pid = '372756750201' )
[2017-03-02 15:37:33] /index.php?act=login&op=login ( act=login&op=login ) 
ERR: Db Error: Table 'qygl.user_lock' doesn't exist
DELETE  FROM `user_lock` WHERE ( pid = '37275675021' )
[2017-03-02 18:27:50] /index.php?act=login&op=login ( act=login&op=login ) 
ERR: Db Error: Table 'qygl.user_lock' doesn't exist
SELECT * FROM `user_lock` WHERE ( pid = '103417882601' ) LIMIT 1  
[2017-03-02 18:27:50] /index.php?act=login&op=login ( act=login&op=login ) 
ERR: Db Error: Table 'qygl.user_lock' doesn't exist
DELETE  FROM `user_lock` WHERE ( pid = '103417882601' )
[2017-03-02 18:27:50] /index.php?act=login&op=login ( act=login&op=login ) 
ERR: Db Error: Table 'qygl.user_lock' doesn't exist
DELETE  FROM `user_lock` WHERE ( pid = '10341788261' )
[2017-03-02 18:29:20] /admin/index.php?act=login&op=login ( act=login&op=login ) 
ERR: Db Error: Table 'qygl.user_lock' doesn't exist
SELECT * FROM `user_lock` WHERE ( pid = '103417882605' ) LIMIT 1  
[2017-03-02 18:29:20] /admin/index.php?act=login&op=login ( act=login&op=login ) 
ERR: Db Error: Table 'qygl.user_lock' doesn't exist
DELETE  FROM `user_lock` WHERE ( pid = '103417882605' )
[2017-03-02 18:29:20] /admin/index.php?act=login&op=login ( act=login&op=login ) 
ERR: Db Error: Table 'qygl.user_lock' doesn't exist
DELETE  FROM `user_lock` WHERE ( pid = '10341788265' )
[2017-03-02 18:30:22] /index.php?act=login&op=login ( act=login&op=login ) 
ERR: Db Error: Table 'qygl.user_lock' doesn't exist
SELECT * FROM `user_lock` WHERE ( pid = '103417882601' ) LIMIT 1  
[2017-03-02 18:30:22] /index.php?act=login&op=login ( act=login&op=login ) 
ERR: Db Error: Table 'qygl.user_lock' doesn't exist
DELETE  FROM `user_lock` WHERE ( pid = '103417882601' )
[2017-03-02 18:30:22] /index.php?act=login&op=login ( act=login&op=login ) 
ERR: Db Error: Table 'qygl.user_lock' doesn't exist
DELETE  FROM `user_lock` WHERE ( pid = '10341788261' )
[2017-03-02 18:33:14] /index.php?act=login&op=login ( act=login&op=login ) 
ERR: Db Error: Table 'qygl.user_lock' doesn't exist
SELECT * FROM `user_lock` WHERE ( pid = '103417882601' ) LIMIT 1  
[2017-03-02 18:33:14] /index.php?act=login&op=login ( act=login&op=login ) 
ERR: Db Error: Table 'qygl.user_lock' doesn't exist
DELETE  FROM `user_lock` WHERE ( pid = '103417882601' )
[2017-03-02 18:33:14] /index.php?act=login&op=login ( act=login&op=login ) 
ERR: Db Error: Table 'qygl.user_lock' doesn't exist
DELETE  FROM `user_lock` WHERE ( pid = '10341788261' )
[2017-03-02 18:34:52] /index.php?act=login&op=login ( act=login&op=login ) 
ERR: Db Error: Table 'qygl.user_lock' doesn't exist
SELECT * FROM `user_lock` WHERE ( pid = '103417882601' ) LIMIT 1  
[2017-03-02 18:34:52] /index.php?act=login&op=login ( act=login&op=login ) 
ERR: Db Error: Table 'qygl.user_lock' doesn't exist
DELETE  FROM `user_lock` WHERE ( pid = '103417882601' )
[2017-03-02 18:34:52] /index.php?act=login&op=login ( act=login&op=login ) 
ERR: Db Error: Table 'qygl.user_lock' doesn't exist
DELETE  FROM `user_lock` WHERE ( pid = '10341788261' )
[2017-03-02 18:38:48] /index.php?act=login&op=login ( act=login&op=login ) 
ERR: Db Error: Table 'qygl.user_lock' doesn't exist
SELECT * FROM `user_lock` WHERE ( pid = '103417882601' ) LIMIT 1  
[2017-03-02 18:38:48] /index.php?act=login&op=login ( act=login&op=login ) 
ERR: Db Error: Table 'qygl.user_lock' doesn't exist
DELETE  FROM `user_lock` WHERE ( pid = '103417882601' )
[2017-03-02 18:38:48] /index.php?act=login&op=login ( act=login&op=login ) 
ERR: Db Error: Table 'qygl.user_lock' doesn't exist
DELETE  FROM `user_lock` WHERE ( pid = '10341788261' )
[2017-03-02 18:51:40] /index.php?act=login&op=login ( act=login&op=login ) 
ERR: Db Error: Table 'qygl.user_lock' doesn't exist
SELECT * FROM `user_lock` WHERE ( pid = '103417882601' ) LIMIT 1  
[2017-03-02 18:51:40] /index.php?act=login&op=login ( act=login&op=login ) 
ERR: Db Error: Table 'qygl.user_lock' doesn't exist
DELETE  FROM `user_lock` WHERE ( pid = '103417882601' )
[2017-03-02 18:51:40] /index.php?act=login&op=login ( act=login&op=login ) 
ERR: Db Error: Table 'qygl.user_lock' doesn't exist
DELETE  FROM `user_lock` WHERE ( pid = '10341788261' )
[2017-03-02 18:59:20] /index.php?act=login&op=login ( act=login&op=login ) 
ERR: Db Error: Table 'qygl.user_lock' doesn't exist
SELECT * FROM `user_lock` WHERE ( pid = '103417882601' ) LIMIT 1  
[2017-03-02 18:59:20] /index.php?act=login&op=login ( act=login&op=login ) 
ERR: Db Error: Table 'qygl.user_lock' doesn't exist
DELETE  FROM `user_lock` WHERE ( pid = '103417882601' )
[2017-03-02 18:59:20] /index.php?act=login&op=login ( act=login&op=login ) 
ERR: Db Error: Table 'qygl.user_lock' doesn't exist
DELETE  FROM `user_lock` WHERE ( pid = '10341788261' )
[2017-03-02 19:00:16] /index.php?act=login&op=login ( act=login&op=login ) 
ERR: Db Error: Table 'qygl.user_lock' doesn't exist
SELECT * FROM `user_lock` WHERE ( pid = '103417882601' ) LIMIT 1  
[2017-03-02 19:00:16] /index.php?act=login&op=login ( act=login&op=login ) 
ERR: Db Error: Table 'qygl.user_lock' doesn't exist
DELETE  FROM `user_lock` WHERE ( pid = '103417882601' )
[2017-03-02 19:00:16] /index.php?act=login&op=login ( act=login&op=login ) 
ERR: Db Error: Table 'qygl.user_lock' doesn't exist
DELETE  FROM `user_lock` WHERE ( pid = '10341788261' )
[2017-03-02 19:09:23] /index.php?act=login&op=login ( act=login&op=login ) 
ERR: Db Error: Table 'qygl.user_lock' doesn't exist
SELECT * FROM `user_lock` WHERE ( pid = '463280945001' ) LIMIT 1  
[2017-03-02 19:09:23] /index.php?act=login&op=login ( act=login&op=login ) 
ERR: Db Error: Table 'qygl.user_lock' doesn't exist
DELETE  FROM `user_lock` WHERE ( pid = '463280945001' )
[2017-03-02 19:09:23] /index.php?act=login&op=login ( act=login&op=login ) 
ERR: Db Error: Table 'qygl.user_lock' doesn't exist
DELETE  FROM `user_lock` WHERE ( pid = '46328094501' )
[2017-03-02 19:22:34] /index.php?act=login&op=login ( act=login&op=login ) 
ERR: Db Error: Table 'qygl.user_lock' doesn't exist
SELECT * FROM `user_lock` WHERE ( pid = '463280945001' ) LIMIT 1  
[2017-03-02 19:22:34] /index.php?act=login&op=login ( act=login&op=login ) 
ERR: Db Error: Table 'qygl.user_lock' doesn't exist
DELETE  FROM `user_lock` WHERE ( pid = '463280945001' )
[2017-03-02 19:22:34] /index.php?act=login&op=login ( act=login&op=login ) 
ERR: Db Error: Table 'qygl.user_lock' doesn't exist
DELETE  FROM `user_lock` WHERE ( pid = '46328094501' )
[2017-03-02 19:23:07] /index.php?act=login&op=login ( act=login&op=login ) 
ERR: Db Error: Table 'qygl.user_lock' doesn't exist
SELECT * FROM `user_lock` WHERE ( pid = '463280945001' ) LIMIT 1  
[2017-03-02 19:23:07] /index.php?act=login&op=login ( act=login&op=login ) 
ERR: Db Error: Table 'qygl.user_lock' doesn't exist
DELETE  FROM `user_lock` WHERE ( pid = '463280945001' )
[2017-03-02 19:23:07] /index.php?act=login&op=login ( act=login&op=login ) 
ERR: Db Error: Table 'qygl.user_lock' doesn't exist
DELETE  FROM `user_lock` WHERE ( pid = '46328094501' )
[2017-03-02 19:24:38] /admin/index.php?act=login&op=login ( act=login&op=login ) 
ERR: Db Error: Table 'qygl.user_lock' doesn't exist
SELECT * FROM `user_lock` WHERE ( pid = '463280945005' ) LIMIT 1  
[2017-03-02 19:24:38] /admin/index.php?act=login&op=login ( act=login&op=login ) 
ERR: Db Error: Table 'qygl.user_lock' doesn't exist
DELETE  FROM `user_lock` WHERE ( pid = '463280945005' )
[2017-03-02 19:24:38] /admin/index.php?act=login&op=login ( act=login&op=login ) 
ERR: Db Error: Table 'qygl.user_lock' doesn't exist
DELETE  FROM `user_lock` WHERE ( pid = '46328094505' )
[2017-03-02 19:45:34] /index.php?act=login&op=login ( act=login&op=login ) 
ERR: Db Error: Table 'qygl.user_lock' doesn't exist
SELECT * FROM `user_lock` WHERE ( pid = '287181966101' ) LIMIT 1  
[2017-03-02 19:45:34] /index.php?act=login&op=login ( act=login&op=login ) 
ERR: Db Error: Table 'qygl.user_lock' doesn't exist
DELETE  FROM `user_lock` WHERE ( pid = '287181966101' )
[2017-03-02 19:45:34] /index.php?act=login&op=login ( act=login&op=login ) 
ERR: Db Error: Table 'qygl.user_lock' doesn't exist
DELETE  FROM `user_lock` WHERE ( pid = '28718196611' )
[2017-03-02 19:48:01] /admin/index.php?act=login&op=login ( act=login&op=login ) 
ERR: Db Error: Table 'qygl.user_lock' doesn't exist
SELECT * FROM `user_lock` WHERE ( pid = '287181966105' ) LIMIT 1  
[2017-03-02 19:48:01] /admin/index.php?act=login&op=login ( act=login&op=login ) 
ERR: Db Error: Table 'qygl.user_lock' doesn't exist
DELETE  FROM `user_lock` WHERE ( pid = '287181966105' )
[2017-03-02 19:48:01] /admin/index.php?act=login&op=login ( act=login&op=login ) 
ERR: Db Error: Table 'qygl.user_lock' doesn't exist
DELETE  FROM `user_lock` WHERE ( pid = '28718196615' )
[2017-03-02 21:02:24] /index.php?act=login&op=login ( act=login&op=login ) 
ERR: Db Error: Table 'qygl.user_lock' doesn't exist
SELECT * FROM `user_lock` WHERE ( pid = '372756750201' ) LIMIT 1  
[2017-03-02 21:02:24] /index.php?act=login&op=login ( act=login&op=login ) 
ERR: Db Error: Table 'qygl.user_lock' doesn't exist
DELETE  FROM `user_lock` WHERE ( pid = '372756750201' )
[2017-03-02 21:02:24] /index.php?act=login&op=login ( act=login&op=login ) 
ERR: Db Error: Table 'qygl.user_lock' doesn't exist
DELETE  FROM `user_lock` WHERE ( pid = '37275675021' )
[2017-03-02 21:03:30] /index.php?act=login&op=login ( act=login&op=login ) 
ERR: Db Error: Table 'qygl.user_lock' doesn't exist
SELECT * FROM `user_lock` WHERE ( pid = '372756750201' ) LIMIT 1  
[2017-03-02 21:03:30] /index.php?act=login&op=login ( act=login&op=login ) 
ERR: Db Error: Table 'qygl.user_lock' doesn't exist
DELETE  FROM `user_lock` WHERE ( pid = '372756750201' )
[2017-03-02 21:03:30] /index.php?act=login&op=login ( act=login&op=login ) 
ERR: Db Error: Table 'qygl.user_lock' doesn't exist
DELETE  FROM `user_lock` WHERE ( pid = '37275675021' )
[2017-03-02 21:07:26] /index.php?act=login&op=login ( act=login&op=login ) 
ERR: Db Error: Table 'qygl.user_lock' doesn't exist
SELECT * FROM `user_lock` WHERE ( pid = '372756750201' ) LIMIT 1  
[2017-03-02 21:07:27] /index.php?act=login&op=login ( act=login&op=login ) 
ERR: Db Error: Table 'qygl.user_lock' doesn't exist
SELECT * FROM `user_lock` WHERE ( pid = '37275675021' ) LIMIT 1  
[2017-03-02 21:07:27] /index.php?act=login&op=login ( act=login&op=login ) 
ERR: Db Error: Table 'qygl.user_lock' doesn't exist
SELECT * FROM `user_lock` WHERE ( pid = '37275675021' ) LIMIT 1  
[2017-03-02 21:07:27] /index.php?act=login&op=login ( act=login&op=login ) 
ERR: Db Error: Table 'qygl.user_lock' doesn't exist
INSERT  INTO `user_lock` (pid,pvalue,expiretime) VALUES ('37275675021','1','1488460646')
[2017-03-02 21:08:48] /admin/index.php?act=login&op=login ( act=login&op=login ) 
ERR: Db Error: Table 'qygl.user_lock' doesn't exist
SELECT * FROM `user_lock` WHERE ( pid = '372756750205' ) LIMIT 1  
[2017-03-02 21:08:48] /admin/index.php?act=login&op=login ( act=login&op=login ) 
ERR: Db Error: Table 'qygl.user_lock' doesn't exist
SELECT * FROM `user_lock` WHERE ( pid = '37275675025' ) LIMIT 1  
[2017-03-02 21:08:48] /admin/index.php?act=login&op=login ( act=login&op=login ) 
ERR: Db Error: Table 'qygl.user_lock' doesn't exist
SELECT * FROM `user_lock` WHERE ( pid = '37275675025' ) LIMIT 1  
[2017-03-02 21:08:48] /admin/index.php?act=login&op=login ( act=login&op=login ) 
ERR: Db Error: Table 'qygl.user_lock' doesn't exist
INSERT  INTO `user_lock` (pid,pvalue,expiretime) VALUES ('37275675025','1','1488460728')
[2017-03-02 21:10:59] /admin/index.php?act=login&op=login ( act=login&op=login ) 
ERR: Db Error: Table 'qygl.user_lock' doesn't exist
SELECT * FROM `user_lock` WHERE ( pid = '372756750205' ) LIMIT 1  
[2017-03-02 21:10:59] /admin/index.php?act=login&op=login ( act=login&op=login ) 
ERR: Db Error: Table 'qygl.user_lock' doesn't exist
DELETE  FROM `user_lock` WHERE ( pid = '372756750205' )
[2017-03-02 21:10:59] /admin/index.php?act=login&op=login ( act=login&op=login ) 
ERR: Db Error: Table 'qygl.user_lock' doesn't exist
DELETE  FROM `user_lock` WHERE ( pid = '37275675025' )
[2017-03-02 21:11:41] /index.php?act=login&op=login ( act=login&op=login ) 
ERR: Db Error: Table 'qygl.user_lock' doesn't exist
SELECT * FROM `user_lock` WHERE ( pid = '372756750201' ) LIMIT 1  
[2017-03-02 21:11:41] /index.php?act=login&op=login ( act=login&op=login ) 
ERR: Db Error: Table 'qygl.user_lock' doesn't exist
DELETE  FROM `user_lock` WHERE ( pid = '372756750201' )
[2017-03-02 21:11:41] /index.php?act=login&op=login ( act=login&op=login ) 
ERR: Db Error: Table 'qygl.user_lock' doesn't exist
DELETE  FROM `user_lock` WHERE ( pid = '37275675021' )
[2017-03-02 23:37:37] /index.php?act=login&op=login ( act=login&op=login ) 
ERR: Db Error: Table 'a0302174411.user_lock' doesn't exist
SELECT * FROM `user_lock` WHERE ( pid = '103417882601' ) LIMIT 1  
[2017-03-02 23:37:37] /index.php?act=login&op=login ( act=login&op=login ) 
ERR: Db Error: Table 'a0302174411.user_lock' doesn't exist
DELETE  FROM `user_lock` WHERE ( pid = '103417882601' )
[2017-03-02 23:37:37] /index.php?act=login&op=login ( act=login&op=login ) 
ERR: Db Error: Table 'a0302174411.user_lock' doesn't exist
DELETE  FROM `user_lock` WHERE ( pid = '10341788261' )
[2017-03-02 23:40:18] /index.php?act=login&op=login ( act=login&op=login ) 
ERR: Db Error: Table 'a0302174411.user_lock' doesn't exist
SELECT * FROM `user_lock` WHERE ( pid = '188022407401' ) LIMIT 1  
[2017-03-02 23:40:18] /index.php?act=login&op=login ( act=login&op=login ) 
ERR: Db Error: Table 'a0302174411.user_lock' doesn't exist
DELETE  FROM `user_lock` WHERE ( pid = '188022407401' )
[2017-03-02 23:40:18] /index.php?act=login&op=login ( act=login&op=login ) 
ERR: Db Error: Table 'a0302174411.user_lock' doesn't exist
DELETE  FROM `user_lock` WHERE ( pid = '18802240741' )
[2017-03-02 23:42:00] /admin/index.php?act=login&op=login ( act=login&op=login ) 
ERR: Db Error: Table 'a0302174411.user_lock' doesn't exist
SELECT * FROM `user_lock` WHERE ( pid = '188022407405' ) LIMIT 1  
[2017-03-02 23:42:00] /admin/index.php?act=login&op=login ( act=login&op=login ) 
ERR: Db Error: Table 'a0302174411.user_lock' doesn't exist
DELETE  FROM `user_lock` WHERE ( pid = '188022407405' )
[2017-03-02 23:42:00] /admin/index.php?act=login&op=login ( act=login&op=login ) 
ERR: Db Error: Table 'a0302174411.user_lock' doesn't exist
DELETE  FROM `user_lock` WHERE ( pid = '18802240745' )
[2017-03-02 23:43:08] /admin/index.php?act=login&op=login ( act=login&op=login ) 
ERR: Db Error: Table 'a0302174411.user_lock' doesn't exist
SELECT * FROM `user_lock` WHERE ( pid = '103417882605' ) LIMIT 1  
[2017-03-02 23:43:08] /admin/index.php?act=login&op=login ( act=login&op=login ) 
ERR: Db Error: Table 'a0302174411.user_lock' doesn't exist
DELETE  FROM `user_lock` WHERE ( pid = '103417882605' )
[2017-03-02 23:43:08] /admin/index.php?act=login&op=login ( act=login&op=login ) 
ERR: Db Error: Table 'a0302174411.user_lock' doesn't exist
DELETE  FROM `user_lock` WHERE ( pid = '10341788265' )
[2017-03-02 23:44:04] /index.php?act=login&op=login ( act=login&op=login ) 
ERR: Db Error: Table 'a0302174411.user_lock' doesn't exist
SELECT * FROM `user_lock` WHERE ( pid = '103417882601' ) LIMIT 1  
[2017-03-02 23:44:04] /index.php?act=login&op=login ( act=login&op=login ) 
ERR: Db Error: Table 'a0302174411.user_lock' doesn't exist
DELETE  FROM `user_lock` WHERE ( pid = '103417882601' )
[2017-03-02 23:44:04] /index.php?act=login&op=login ( act=login&op=login ) 
ERR: Db Error: Table 'a0302174411.user_lock' doesn't exist
DELETE  FROM `user_lock` WHERE ( pid = '10341788261' )
