[2017-03-27 11:26:49] /index.php?act=login&op=login ( act=login&op=login ) 
ERR: Db Error: Table 'a0303094705.user_lock' doesn't exist
SELECT * FROM `user_lock` WHERE ( pid = '193338502501' ) LIMIT 1  
[2017-03-27 11:26:49] /index.php?act=login&op=login ( act=login&op=login ) 
ERR: Db Error: Table 'a0303094705.user_lock' doesn't exist
DELETE  FROM `user_lock` WHERE ( pid = '193338502501' )
[2017-03-27 11:26:49] /index.php?act=login&op=login ( act=login&op=login ) 
ERR: Db Error: Table 'a0303094705.user_lock' doesn't exist
DELETE  FROM `user_lock` WHERE ( pid = '19333850251' )
[2017-03-27 11:29:28] /index.php?act=login&op=login ( act=login&op=login ) 
ERR: Db Error: Table 'a0303094705.user_lock' doesn't exist
SELECT * FROM `user_lock` WHERE ( pid = '974588232001' ) LIMIT 1  
[2017-03-27 11:29:28] /index.php?act=login&op=login ( act=login&op=login ) 
ERR: Db Error: Table 'a0303094705.user_lock' doesn't exist
DELETE  FROM `user_lock` WHERE ( pid = '974588232001' )
[2017-03-27 11:29:28] /index.php?act=login&op=login ( act=login&op=login ) 
ERR: Db Error: Table 'a0303094705.user_lock' doesn't exist
DELETE  FROM `user_lock` WHERE ( pid = '97458823201' )
[2017-03-27 11:32:20] /admin/index.php?act=login&op=login ( act=login&op=login ) 
ERR: Db Error: Table 'a0303094705.user_lock' doesn't exist
SELECT * FROM `user_lock` WHERE ( pid = '974588232005' ) LIMIT 1  
[2017-03-27 11:32:20] /admin/index.php?act=login&op=login ( act=login&op=login ) 
ERR: Db Error: Table 'a0303094705.user_lock' doesn't exist
DELETE  FROM `user_lock` WHERE ( pid = '974588232005' )
[2017-03-27 11:32:20] /admin/index.php?act=login&op=login ( act=login&op=login ) 
ERR: Db Error: Table 'a0303094705.user_lock' doesn't exist
DELETE  FROM `user_lock` WHERE ( pid = '97458823205' )
[2017-03-27 11:58:44] /index.php?act=login&op=login ( act=login&op=login ) 
ERR: Db Error: Table 'a0303094705.user_lock' doesn't exist
SELECT * FROM `user_lock` WHERE ( pid = '368454885801' ) LIMIT 1  
[2017-03-27 11:58:44] /index.php?act=login&op=login ( act=login&op=login ) 
ERR: Db Error: Table 'a0303094705.user_lock' doesn't exist
SELECT * FROM `user_lock` WHERE ( pid = '36845488581' ) LIMIT 1  
[2017-03-27 11:58:44] /index.php?act=login&op=login ( act=login&op=login ) 
ERR: Db Error: Table 'a0303094705.user_lock' doesn't exist
SELECT * FROM `user_lock` WHERE ( pid = '36845488581' ) LIMIT 1  
[2017-03-27 11:58:44] /index.php?act=login&op=login ( act=login&op=login ) 
ERR: Db Error: Table 'a0303094705.user_lock' doesn't exist
INSERT  INTO `user_lock` (pid,pvalue,expiretime) VALUES ('36845488581','1','1490587723')
[2017-03-27 11:58:55] /index.php?act=login&op=login ( act=login&op=login ) 
ERR: Db Error: Table 'a0303094705.user_lock' doesn't exist
SELECT * FROM `user_lock` WHERE ( pid = '368454885801' ) LIMIT 1  
[2017-03-27 11:58:55] /index.php?act=login&op=login ( act=login&op=login ) 
ERR: Db Error: Table 'a0303094705.user_lock' doesn't exist
DELETE  FROM `user_lock` WHERE ( pid = '368454885801' )
[2017-03-27 11:58:55] /index.php?act=login&op=login ( act=login&op=login ) 
ERR: Db Error: Table 'a0303094705.user_lock' doesn't exist
DELETE  FROM `user_lock` WHERE ( pid = '36845488581' )
[2017-03-27 12:00:07] /admin/index.php?act=login&op=login ( act=login&op=login ) 
ERR: Db Error: Table 'a0303094705.user_lock' doesn't exist
SELECT * FROM `user_lock` WHERE ( pid = '368454885805' ) LIMIT 1  
[2017-03-27 12:00:07] /admin/index.php?act=login&op=login ( act=login&op=login ) 
ERR: Db Error: Table 'a0303094705.user_lock' doesn't exist
SELECT * FROM `user_lock` WHERE ( pid = '36845488585' ) LIMIT 1  
[2017-03-27 12:00:07] /admin/index.php?act=login&op=login ( act=login&op=login ) 
ERR: Db Error: Table 'a0303094705.user_lock' doesn't exist
SELECT * FROM `user_lock` WHERE ( pid = '36845488585' ) LIMIT 1  
[2017-03-27 12:00:07] /admin/index.php?act=login&op=login ( act=login&op=login ) 
ERR: Db Error: Table 'a0303094705.user_lock' doesn't exist
INSERT  INTO `user_lock` (pid,pvalue,expiretime) VALUES ('36845488585','1','1490587806')
[2017-03-27 12:00:21] /admin/index.php?act=login&op=login ( act=login&op=login ) 
ERR: Db Error: Table 'a0303094705.user_lock' doesn't exist
SELECT * FROM `user_lock` WHERE ( pid = '368454885805' ) LIMIT 1  
[2017-03-27 12:00:21] /admin/index.php?act=login&op=login ( act=login&op=login ) 
ERR: Db Error: Table 'a0303094705.user_lock' doesn't exist
DELETE  FROM `user_lock` WHERE ( pid = '368454885805' )
[2017-03-27 12:00:21] /admin/index.php?act=login&op=login ( act=login&op=login ) 
ERR: Db Error: Table 'a0303094705.user_lock' doesn't exist
DELETE  FROM `user_lock` WHERE ( pid = '36845488585' )
[2017-03-27 12:13:29] /admin/index.php?act=login&op=login ( act=login&op=login ) 
ERR: Db Error: Table 'a0303094705.user_lock' doesn't exist
SELECT * FROM `user_lock` WHERE ( pid = '193338502505' ) LIMIT 1  
[2017-03-27 12:13:29] /admin/index.php?act=login&op=login ( act=login&op=login ) 
ERR: Db Error: Table 'a0303094705.user_lock' doesn't exist
DELETE  FROM `user_lock` WHERE ( pid = '193338502505' )
[2017-03-27 12:13:29] /admin/index.php?act=login&op=login ( act=login&op=login ) 
ERR: Db Error: Table 'a0303094705.user_lock' doesn't exist
DELETE  FROM `user_lock` WHERE ( pid = '19333850255' )
