[2017-05-15 11:02:50] /index.php?act=login&op=login ( act=login&op=login ) 
ERR: Db Error: Table 'posw.user_lock' doesn't exist
SELECT * FROM `user_lock` WHERE ( pid = '241595817601' ) LIMIT 1  
[2017-05-15 11:02:50] /index.php?act=login&op=login ( act=login&op=login ) 
ERR: Db Error: Table 'posw.user_lock' doesn't exist
SELECT * FROM `user_lock` WHERE ( pid = '24159581761' ) LIMIT 1  
[2017-05-15 11:02:50] /index.php?act=login&op=login ( act=login&op=login ) 
ERR: Db Error: Table 'posw.user_lock' doesn't exist
SELECT * FROM `user_lock` WHERE ( pid = '24159581761' ) LIMIT 1  
[2017-05-15 11:02:50] /index.php?act=login&op=login ( act=login&op=login ) 
ERR: Db Error: Table 'posw.user_lock' doesn't exist
INSERT  INTO `user_lock` (pid,pvalue,expiretime) VALUES ('24159581761','1','1494817970')
[2017-05-15 11:03:24] /index.php?act=login&op=login ( act=login&op=login ) 
ERR: Db Error: Table 'posw.user_lock' doesn't exist
SELECT * FROM `user_lock` WHERE ( pid = '241595817601' ) LIMIT 1  
[2017-05-15 11:03:24] /index.php?act=login&op=login ( act=login&op=login ) 
ERR: Db Error: Table 'posw.user_lock' doesn't exist
DELETE  FROM `user_lock` WHERE ( pid = '241595817601' )
[2017-05-15 11:03:24] /index.php?act=login&op=login ( act=login&op=login ) 
ERR: Db Error: Table 'posw.user_lock' doesn't exist
DELETE  FROM `user_lock` WHERE ( pid = '24159581761' )
[2017-05-15 11:03:56] /admin/index.php?act=login&op=login ( act=login&op=login ) 
ERR: Db Error: Table 'posw.user_lock' doesn't exist
SELECT * FROM `user_lock` WHERE ( pid = '241595817605' ) LIMIT 1  
[2017-05-15 11:03:56] /admin/index.php?act=login&op=login ( act=login&op=login ) 
ERR: Db Error: Table 'posw.user_lock' doesn't exist
DELETE  FROM `user_lock` WHERE ( pid = '241595817605' )
[2017-05-15 11:03:56] /admin/index.php?act=login&op=login ( act=login&op=login ) 
ERR: Db Error: Table 'posw.user_lock' doesn't exist
DELETE  FROM `user_lock` WHERE ( pid = '24159581765' )
