[2017-07-14 09:48:45] /index.php?act=login&op=login ( act=login&op=login ) 
ERR: Db Error: Table 'posw13.user_lock' doesn't exist
SELECT * FROM `user_lock` WHERE ( pid = '241595850301' ) LIMIT 1  
[2017-07-14 09:48:45] /index.php?act=login&op=login ( act=login&op=login ) 
ERR: Db Error: Table 'posw13.user_lock' doesn't exist
SELECT * FROM `user_lock` WHERE ( pid = '24159585031' ) LIMIT 1  
[2017-07-14 09:48:45] /index.php?act=login&op=login ( act=login&op=login ) 
ERR: Db Error: Table 'posw13.user_lock' doesn't exist
SELECT * FROM `user_lock` WHERE ( pid = '24159585031' ) LIMIT 1  
[2017-07-14 09:48:45] /index.php?act=login&op=login ( act=login&op=login ) 
ERR: Db Error: Table 'posw13.user_lock' doesn't exist
INSERT  INTO `user_lock` (pid,pvalue,expiretime) VALUES ('24159585031','1','1499997525')
[2017-07-14 09:48:58] /index.php?act=login&op=login ( act=login&op=login ) 
ERR: Db Error: Table 'posw13.user_lock' doesn't exist
SELECT * FROM `user_lock` WHERE ( pid = '241595850301' ) LIMIT 1  
[2017-07-14 09:48:58] /index.php?act=login&op=login ( act=login&op=login ) 
ERR: Db Error: Table 'posw13.user_lock' doesn't exist
DELETE  FROM `user_lock` WHERE ( pid = '241595850301' )
[2017-07-14 09:48:58] /index.php?act=login&op=login ( act=login&op=login ) 
ERR: Db Error: Table 'posw13.user_lock' doesn't exist
DELETE  FROM `user_lock` WHERE ( pid = '24159585031' )
[2017-07-14 10:15:39] /admin/index.php?act=login&op=login ( act=login&op=login ) 
ERR: Db Error: Table 'posw13.user_lock' doesn't exist
SELECT * FROM `user_lock` WHERE ( pid = '366118170505' ) LIMIT 1  
[2017-07-14 10:15:39] /admin/index.php?act=login&op=login ( act=login&op=login ) 
ERR: Db Error: Table 'posw13.user_lock' doesn't exist
DELETE  FROM `user_lock` WHERE ( pid = '366118170505' )
[2017-07-14 10:15:39] /admin/index.php?act=login&op=login ( act=login&op=login ) 
ERR: Db Error: Table 'posw13.user_lock' doesn't exist
DELETE  FROM `user_lock` WHERE ( pid = '36611817055' )
