[2017-03-22 19:17:55] /admin/index.php?act=login&op=login ( act=login&op=login ) 
ERR: Db Error: Table 'a0303094705.user_lock' doesn't exist
SELECT * FROM `user_lock` WHERE ( pid = '719419901005' ) LIMIT 1  
[2017-03-22 19:17:55] /admin/index.php?act=login&op=login ( act=login&op=login ) 
ERR: Db Error: Table 'a0303094705.user_lock' doesn't exist
DELETE  FROM `user_lock` WHERE ( pid = '719419901005' )
[2017-03-22 19:17:55] /admin/index.php?act=login&op=login ( act=login&op=login ) 
ERR: Db Error: Table 'a0303094705.user_lock' doesn't exist
DELETE  FROM `user_lock` WHERE ( pid = '71941990105' )
[2017-03-22 21:15:36] /index.php?act=login&op=login ( act=login&op=login ) 
ERR: Db Error: Table 'a0303094705.user_lock' doesn't exist
SELECT * FROM `user_lock` WHERE ( pid = '719419901001' ) LIMIT 1  
[2017-03-22 21:15:36] /index.php?act=login&op=login ( act=login&op=login ) 
ERR: Db Error: Table 'a0303094705.user_lock' doesn't exist
DELETE  FROM `user_lock` WHERE ( pid = '719419901001' )
[2017-03-22 21:15:36] /index.php?act=login&op=login ( act=login&op=login ) 
ERR: Db Error: Table 'a0303094705.user_lock' doesn't exist
DELETE  FROM `user_lock` WHERE ( pid = '71941990101' )
[2017-03-22 21:32:35] /index.php?act=login&op=login ( act=login&op=login ) 
ERR: Db Error: Table 'a0303094705.user_lock' doesn't exist
SELECT * FROM `user_lock` WHERE ( pid = '372992937401' ) LIMIT 1  
[2017-03-22 21:32:35] /index.php?act=login&op=login ( act=login&op=login ) 
ERR: Db Error: Table 'a0303094705.user_lock' doesn't exist
DELETE  FROM `user_lock` WHERE ( pid = '372992937401' )
[2017-03-22 21:32:35] /index.php?act=login&op=login ( act=login&op=login ) 
ERR: Db Error: Table 'a0303094705.user_lock' doesn't exist
DELETE  FROM `user_lock` WHERE ( pid = '37299293741' )
[2017-03-22 21:32:36] /index.php?act=login&op=login ( act=login&op=login ) 
ERR: Db Error: Table 'a0303094705.user_lock' doesn't exist
SELECT * FROM `user_lock` WHERE ( pid = '372992937401' ) LIMIT 1  
[2017-03-22 21:32:36] /index.php?act=login&op=login ( act=login&op=login ) 
ERR: Db Error: Table 'a0303094705.user_lock' doesn't exist
DELETE  FROM `user_lock` WHERE ( pid = '372992937401' )
[2017-03-22 21:32:36] /index.php?act=login&op=login ( act=login&op=login ) 
ERR: Db Error: Table 'a0303094705.user_lock' doesn't exist
DELETE  FROM `user_lock` WHERE ( pid = '37299293741' )
