[2017-07-21 10:59:32] /index.php?act=login&op=login ( act=login&op=login ) 
ERR: Db Error: Table 'posw13.user_lock' doesn't exist
SELECT * FROM `user_lock` WHERE ( pid = '241595850301' ) LIMIT 1  
[2017-07-21 10:59:32] /index.php?act=login&op=login ( act=login&op=login ) 
ERR: Db Error: Table 'posw13.user_lock' doesn't exist
SELECT * FROM `user_lock` WHERE ( pid = '24159585031' ) LIMIT 1  
[2017-07-21 10:59:32] /index.php?act=login&op=login ( act=login&op=login ) 
ERR: Db Error: Table 'posw13.user_lock' doesn't exist
SELECT * FROM `user_lock` WHERE ( pid = '24159585031' ) LIMIT 1  
[2017-07-21 10:59:32] /index.php?act=login&op=login ( act=login&op=login ) 
ERR: Db Error: Table 'posw13.user_lock' doesn't exist
INSERT  INTO `user_lock` (pid,pvalue,expiretime) VALUES ('24159585031','1','1500606572')
[2017-07-21 10:59:59] /admin/index.php?act=login&op=login ( act=login&op=login ) 
ERR: Db Error: Table 'posw13.user_lock' doesn't exist
SELECT * FROM `user_lock` WHERE ( pid = '241595850305' ) LIMIT 1  
[2017-07-21 11:00:01] /admin/index.php?act=login&op=login ( act=login&op=login ) 
ERR: Db Error: Table 'posw13.user_lock' doesn't exist
DELETE  FROM `user_lock` WHERE ( pid = '241595850305' )
[2017-07-21 11:00:01] /admin/index.php?act=login&op=login ( act=login&op=login ) 
ERR: Db Error: Table 'posw13.user_lock' doesn't exist
DELETE  FROM `user_lock` WHERE ( pid = '24159585035' )
[2017-07-21 11:01:46] /index.php?act=login&op=login ( act=login&op=login ) 
ERR: Db Error: Table 'posw13.user_lock' doesn't exist
SELECT * FROM `user_lock` WHERE ( pid = '190920455801' ) LIMIT 1  
[2017-07-21 11:01:46] /index.php?act=login&op=login ( act=login&op=login ) 
ERR: Db Error: Table 'posw13.user_lock' doesn't exist
SELECT * FROM `user_lock` WHERE ( pid = '19092045581' ) LIMIT 1  
[2017-07-21 11:01:46] /index.php?act=login&op=login ( act=login&op=login ) 
ERR: Db Error: Table 'posw13.user_lock' doesn't exist
SELECT * FROM `user_lock` WHERE ( pid = '19092045581' ) LIMIT 1  
[2017-07-21 11:01:46] /index.php?act=login&op=login ( act=login&op=login ) 
ERR: Db Error: Table 'posw13.user_lock' doesn't exist
INSERT  INTO `user_lock` (pid,pvalue,expiretime) VALUES ('19092045581','1','1500606706')
[2017-07-21 11:02:00] /index.php?act=login&op=login ( act=login&op=login ) 
ERR: Db Error: Table 'posw13.user_lock' doesn't exist
SELECT * FROM `user_lock` WHERE ( pid = '190920455801' ) LIMIT 1  
[2017-07-21 11:02:00] /index.php?act=login&op=login ( act=login&op=login ) 
ERR: Db Error: Table 'posw13.user_lock' doesn't exist
DELETE  FROM `user_lock` WHERE ( pid = '190920455801' )
[2017-07-21 11:02:00] /index.php?act=login&op=login ( act=login&op=login ) 
ERR: Db Error: Table 'posw13.user_lock' doesn't exist
DELETE  FROM `user_lock` WHERE ( pid = '19092045581' )
[2017-07-21 15:16:01] /admin/index.php?act=login&op=login ( act=login&op=login ) 
ERR: Db Error: Table 'posw13.user_lock' doesn't exist
SELECT * FROM `user_lock` WHERE ( pid = '189578414505' ) LIMIT 1  
[2017-07-21 15:16:01] /admin/index.php?act=login&op=login ( act=login&op=login ) 
ERR: Db Error: Table 'posw13.user_lock' doesn't exist
DELETE  FROM `user_lock` WHERE ( pid = '189578414505' )
[2017-07-21 15:16:01] /admin/index.php?act=login&op=login ( act=login&op=login ) 
ERR: Db Error: Table 'posw13.user_lock' doesn't exist
DELETE  FROM `user_lock` WHERE ( pid = '18957841455' )
[2017-07-21 15:18:30] /admin/index.php?act=login&op=login ( act=login&op=login ) 
ERR: Db Error: Table 'posw13.user_lock' doesn't exist
SELECT * FROM `user_lock` WHERE ( pid = '241595850305' ) LIMIT 1  
[2017-07-21 15:18:30] /admin/index.php?act=login&op=login ( act=login&op=login ) 
ERR: Db Error: Table 'posw13.user_lock' doesn't exist
SELECT * FROM `user_lock` WHERE ( pid = '24159585035' ) LIMIT 1  
[2017-07-21 15:18:30] /admin/index.php?act=login&op=login ( act=login&op=login ) 
ERR: Db Error: Table 'posw13.user_lock' doesn't exist
SELECT * FROM `user_lock` WHERE ( pid = '24159585035' ) LIMIT 1  
[2017-07-21 15:18:30] /admin/index.php?act=login&op=login ( act=login&op=login ) 
ERR: Db Error: Table 'posw13.user_lock' doesn't exist
INSERT  INTO `user_lock` (pid,pvalue,expiretime) VALUES ('24159585035','1','1500622110')
[2017-07-21 15:18:39] /admin/index.php?act=login&op=login ( act=login&op=login ) 
ERR: Db Error: Table 'posw13.user_lock' doesn't exist
SELECT * FROM `user_lock` WHERE ( pid = '241595850305' ) LIMIT 1  
[2017-07-21 15:18:39] /admin/index.php?act=login&op=login ( act=login&op=login ) 
ERR: Db Error: Table 'posw13.user_lock' doesn't exist
SELECT * FROM `user_lock` WHERE ( pid = '24159585035' ) LIMIT 1  
[2017-07-21 15:18:39] /admin/index.php?act=login&op=login ( act=login&op=login ) 
ERR: Db Error: Table 'posw13.user_lock' doesn't exist
SELECT * FROM `user_lock` WHERE ( pid = '24159585035' ) LIMIT 1  
[2017-07-21 15:18:39] /admin/index.php?act=login&op=login ( act=login&op=login ) 
ERR: Db Error: Table 'posw13.user_lock' doesn't exist
INSERT  INTO `user_lock` (pid,pvalue,expiretime) VALUES ('24159585035','1','1500622119')
[2017-07-21 15:18:49] /admin/index.php?act=login&op=login ( act=login&op=login ) 
ERR: Db Error: Table 'posw13.user_lock' doesn't exist
SELECT * FROM `user_lock` WHERE ( pid = '241595850305' ) LIMIT 1  
[2017-07-21 15:18:49] /admin/index.php?act=login&op=login ( act=login&op=login ) 
ERR: Db Error: Table 'posw13.user_lock' doesn't exist
SELECT * FROM `user_lock` WHERE ( pid = '24159585035' ) LIMIT 1  
[2017-07-21 15:18:49] /admin/index.php?act=login&op=login ( act=login&op=login ) 
ERR: Db Error: Table 'posw13.user_lock' doesn't exist
SELECT * FROM `user_lock` WHERE ( pid = '24159585035' ) LIMIT 1  
[2017-07-21 15:18:49] /admin/index.php?act=login&op=login ( act=login&op=login ) 
ERR: Db Error: Table 'posw13.user_lock' doesn't exist
INSERT  INTO `user_lock` (pid,pvalue,expiretime) VALUES ('24159585035','1','1500622129')
[2017-07-21 15:19:00] /admin/index.php?act=login&op=login ( act=login&op=login ) 
ERR: Db Error: Table 'posw13.user_lock' doesn't exist
SELECT * FROM `user_lock` WHERE ( pid = '241595850305' ) LIMIT 1  
[2017-07-21 15:19:00] /admin/index.php?act=login&op=login ( act=login&op=login ) 
ERR: Db Error: Table 'posw13.user_lock' doesn't exist
SELECT * FROM `user_lock` WHERE ( pid = '24159585035' ) LIMIT 1  
[2017-07-21 15:19:00] /admin/index.php?act=login&op=login ( act=login&op=login ) 
ERR: Db Error: Table 'posw13.user_lock' doesn't exist
SELECT * FROM `user_lock` WHERE ( pid = '24159585035' ) LIMIT 1  
[2017-07-21 15:19:00] /admin/index.php?act=login&op=login ( act=login&op=login ) 
ERR: Db Error: Table 'posw13.user_lock' doesn't exist
INSERT  INTO `user_lock` (pid,pvalue,expiretime) VALUES ('24159585035','1','1500622140')
[2017-07-21 15:19:25] /admin/index.php?act=login&op=login ( act=login&op=login ) 
ERR: Db Error: Table 'posw13.user_lock' doesn't exist
SELECT * FROM `user_lock` WHERE ( pid = '241595850305' ) LIMIT 1  
[2017-07-21 15:19:25] /admin/index.php?act=login&op=login ( act=login&op=login ) 
ERR: Db Error: Table 'posw13.user_lock' doesn't exist
DELETE  FROM `user_lock` WHERE ( pid = '241595850305' )
[2017-07-21 15:19:25] /admin/index.php?act=login&op=login ( act=login&op=login ) 
ERR: Db Error: Table 'posw13.user_lock' doesn't exist
DELETE  FROM `user_lock` WHERE ( pid = '24159585035' )
[2017-07-21 15:24:45] /index.php?act=login&op=login ( act=login&op=login ) 
ERR: Db Error: Table 'posw13.user_lock' doesn't exist
SELECT * FROM `user_lock` WHERE ( pid = '241595850301' ) LIMIT 1  
[2017-07-21 15:24:45] /index.php?act=login&op=login ( act=login&op=login ) 
ERR: Db Error: Table 'posw13.user_lock' doesn't exist
SELECT * FROM `user_lock` WHERE ( pid = '24159585031' ) LIMIT 1  
[2017-07-21 15:24:45] /index.php?act=login&op=login ( act=login&op=login ) 
ERR: Db Error: Table 'posw13.user_lock' doesn't exist
SELECT * FROM `user_lock` WHERE ( pid = '24159585031' ) LIMIT 1  
[2017-07-21 15:24:45] /index.php?act=login&op=login ( act=login&op=login ) 
ERR: Db Error: Table 'posw13.user_lock' doesn't exist
INSERT  INTO `user_lock` (pid,pvalue,expiretime) VALUES ('24159585031','1','1500622485')
[2017-07-21 15:24:57] /index.php?act=login&op=login ( act=login&op=login ) 
ERR: Db Error: Table 'posw13.user_lock' doesn't exist
SELECT * FROM `user_lock` WHERE ( pid = '241595850301' ) LIMIT 1  
[2017-07-21 15:24:57] /index.php?act=login&op=login ( act=login&op=login ) 
ERR: Db Error: Table 'posw13.user_lock' doesn't exist
DELETE  FROM `user_lock` WHERE ( pid = '241595850301' )
[2017-07-21 15:24:57] /index.php?act=login&op=login ( act=login&op=login ) 
ERR: Db Error: Table 'posw13.user_lock' doesn't exist
DELETE  FROM `user_lock` WHERE ( pid = '24159585031' )
[2017-07-21 15:29:05] /index.php?act=login&op=login ( act=login&op=login ) 
ERR: Db Error: Table 'posw13.user_lock' doesn't exist
SELECT * FROM `user_lock` WHERE ( pid = '189578414501' ) LIMIT 1  
[2017-07-21 15:29:05] /index.php?act=login&op=login ( act=login&op=login ) 
ERR: Db Error: Table 'posw13.user_lock' doesn't exist
DELETE  FROM `user_lock` WHERE ( pid = '189578414501' )
[2017-07-21 15:29:05] /index.php?act=login&op=login ( act=login&op=login ) 
ERR: Db Error: Table 'posw13.user_lock' doesn't exist
DELETE  FROM `user_lock` WHERE ( pid = '18957841451' )
