[2017-02-28 15:29:09] /index.php?act=login&op=login ( act=login&op=login ) 
ERR: Db Error: La table 'qygl.user_lock' n'existe pas
SELECT * FROM `user_lock` WHERE ( pid = '213070643301' ) LIMIT 1  
[2017-02-28 15:29:09] /index.php?act=login&op=login ( act=login&op=login ) 
ERR: Db Error: La table 'qygl.user_lock' n'existe pas
DELETE  FROM `user_lock` WHERE ( pid = '213070643301' )
[2017-02-28 15:29:09] /index.php?act=login&op=login ( act=login&op=login ) 
ERR: Db Error: La table 'qygl.user_lock' n'existe pas
DELETE  FROM `user_lock` WHERE ( pid = '21307064331' )
[2017-02-28 15:31:35] /admin/index.php?act=login&op=login ( act=login&op=login ) 
ERR: Db Error: La table 'qygl.user_lock' n'existe pas
SELECT * FROM `user_lock` WHERE ( pid = '213070643305' ) LIMIT 1  
[2017-02-28 15:31:35] /admin/index.php?act=login&op=login ( act=login&op=login ) 
ERR: Db Error: La table 'qygl.user_lock' n'existe pas
DELETE  FROM `user_lock` WHERE ( pid = '213070643305' )
[2017-02-28 15:31:35] /admin/index.php?act=login&op=login ( act=login&op=login ) 
ERR: Db Error: La table 'qygl.user_lock' n'existe pas
DELETE  FROM `user_lock` WHERE ( pid = '21307064335' )
[2017-02-28 16:30:11] /index.php?act=login&op=login ( act=login&op=login ) 
ERR: Db Error: La table 'qygl.user_lock' n'existe pas
SELECT * FROM `user_lock` WHERE ( pid = '213070643301' ) LIMIT 1  
[2017-02-28 16:30:11] /index.php?act=login&op=login ( act=login&op=login ) 
ERR: Db Error: La table 'qygl.user_lock' n'existe pas
DELETE  FROM `user_lock` WHERE ( pid = '213070643301' )
[2017-02-28 16:30:11] /index.php?act=login&op=login ( act=login&op=login ) 
ERR: Db Error: La table 'qygl.user_lock' n'existe pas
DELETE  FROM `user_lock` WHERE ( pid = '21307064331' )
[2017-02-28 17:06:55] /index.php?act=login&op=login ( act=login&op=login ) 
ERR: Db Error: Table 'qygl.user_lock' doesn't exist
SELECT * FROM `user_lock` WHERE ( pid = '368327398001' ) LIMIT 1  
[2017-02-28 17:06:55] /index.php?act=login&op=login ( act=login&op=login ) 
ERR: Db Error: Table 'qygl.user_lock' doesn't exist
DELETE  FROM `user_lock` WHERE ( pid = '368327398001' )
[2017-02-28 17:06:55] /index.php?act=login&op=login ( act=login&op=login ) 
ERR: Db Error: Table 'qygl.user_lock' doesn't exist
DELETE  FROM `user_lock` WHERE ( pid = '36832739801' )
[2017-02-28 17:25:44] /index.php?act=login&op=login ( act=login&op=login ) 
ERR: Db Error: Table 'qygl.user_lock' doesn't exist
SELECT * FROM `user_lock` WHERE ( pid = '368327398001' ) LIMIT 1  
[2017-02-28 17:25:44] /index.php?act=login&op=login ( act=login&op=login ) 
ERR: Db Error: Table 'qygl.user_lock' doesn't exist
DELETE  FROM `user_lock` WHERE ( pid = '368327398001' )
[2017-02-28 17:25:44] /index.php?act=login&op=login ( act=login&op=login ) 
ERR: Db Error: Table 'qygl.user_lock' doesn't exist
DELETE  FROM `user_lock` WHERE ( pid = '36832739801' )
[2017-02-28 17:27:56] /admin/index.php?act=login&op=login ( act=login&op=login ) 
ERR: Db Error: Table 'qygl.user_lock' doesn't exist
SELECT * FROM `user_lock` WHERE ( pid = '368327398005' ) LIMIT 1  
[2017-02-28 17:27:56] /admin/index.php?act=login&op=login ( act=login&op=login ) 
ERR: Db Error: Table 'qygl.user_lock' doesn't exist
DELETE  FROM `user_lock` WHERE ( pid = '368327398005' )
[2017-02-28 17:27:56] /admin/index.php?act=login&op=login ( act=login&op=login ) 
ERR: Db Error: Table 'qygl.user_lock' doesn't exist
DELETE  FROM `user_lock` WHERE ( pid = '36832739805' )
