[2017-03-09 09:45:40] /admin/index.php?act=login&op=login ( act=login&op=login ) 
ERR: Db Error: Table 'a0303094705.user_lock' doesn't exist
SELECT * FROM `user_lock` WHERE ( pid = '466773585005' ) LIMIT 1  
[2017-03-09 09:45:40] /admin/index.php?act=login&op=login ( act=login&op=login ) 
ERR: Db Error: Table 'a0303094705.user_lock' doesn't exist
DELETE  FROM `user_lock` WHERE ( pid = '466773585005' )
[2017-03-09 09:45:40] /admin/index.php?act=login&op=login ( act=login&op=login ) 
ERR: Db Error: Table 'a0303094705.user_lock' doesn't exist
DELETE  FROM `user_lock` WHERE ( pid = '46677358505' )
[2017-03-09 09:46:13] /index.php?act=login&op=login ( act=login&op=login ) 
ERR: Db Error: Table 'a0303094705.user_lock' doesn't exist
SELECT * FROM `user_lock` WHERE ( pid = '466773585001' ) LIMIT 1  
[2017-03-09 09:46:13] /index.php?act=login&op=login ( act=login&op=login ) 
ERR: Db Error: Table 'a0303094705.user_lock' doesn't exist
DELETE  FROM `user_lock` WHERE ( pid = '466773585001' )
[2017-03-09 09:46:13] /index.php?act=login&op=login ( act=login&op=login ) 
ERR: Db Error: Table 'a0303094705.user_lock' doesn't exist
DELETE  FROM `user_lock` WHERE ( pid = '46677358501' )
[2017-03-09 11:27:53] /admin/index.php?act=login&op=login ( act=login&op=login ) 
ERR: Db Error: Table 'a0303094705.user_lock' doesn't exist
SELECT * FROM `user_lock` WHERE ( pid = '241592132205' ) LIMIT 1  
[2017-03-09 11:27:53] /admin/index.php?act=login&op=login ( act=login&op=login ) 
ERR: Db Error: Table 'a0303094705.user_lock' doesn't exist
DELETE  FROM `user_lock` WHERE ( pid = '241592132205' )
[2017-03-09 11:27:53] /admin/index.php?act=login&op=login ( act=login&op=login ) 
ERR: Db Error: Table 'a0303094705.user_lock' doesn't exist
DELETE  FROM `user_lock` WHERE ( pid = '24159213225' )
[2017-03-09 11:34:17] /index.php?act=login&op=login ( act=login&op=login ) 
ERR: Db Error: Table 'a0303094705.user_lock' doesn't exist
SELECT * FROM `user_lock` WHERE ( pid = '241592132201' ) LIMIT 1  
[2017-03-09 11:34:17] /index.php?act=login&op=login ( act=login&op=login ) 
ERR: Db Error: Table 'a0303094705.user_lock' doesn't exist
SELECT * FROM `user_lock` WHERE ( pid = '24159213221' ) LIMIT 1  
[2017-03-09 11:34:17] /index.php?act=login&op=login ( act=login&op=login ) 
ERR: Db Error: Table 'a0303094705.user_lock' doesn't exist
SELECT * FROM `user_lock` WHERE ( pid = '24159213221' ) LIMIT 1  
[2017-03-09 11:34:17] /index.php?act=login&op=login ( act=login&op=login ) 
ERR: Db Error: Table 'a0303094705.user_lock' doesn't exist
INSERT  INTO `user_lock` (pid,pvalue,expiretime) VALUES ('24159213221','1','1489031056')
[2017-03-09 11:35:05] /admin/index.php?act=login&op=login ( act=login&op=login ) 
ERR: Db Error: Table 'a0303094705.user_lock' doesn't exist
SELECT * FROM `user_lock` WHERE ( pid = '241592132205' ) LIMIT 1  
[2017-03-09 11:35:05] /admin/index.php?act=login&op=login ( act=login&op=login ) 
ERR: Db Error: Table 'a0303094705.user_lock' doesn't exist
DELETE  FROM `user_lock` WHERE ( pid = '241592132205' )
[2017-03-09 11:35:05] /admin/index.php?act=login&op=login ( act=login&op=login ) 
ERR: Db Error: Table 'a0303094705.user_lock' doesn't exist
DELETE  FROM `user_lock` WHERE ( pid = '24159213225' )
[2017-03-09 11:35:23] /index.php?act=login&op=login ( act=login&op=login ) 
ERR: Db Error: Table 'a0303094705.user_lock' doesn't exist
SELECT * FROM `user_lock` WHERE ( pid = '241592132201' ) LIMIT 1  
[2017-03-09 11:35:23] /index.php?act=login&op=login ( act=login&op=login ) 
ERR: Db Error: Table 'a0303094705.user_lock' doesn't exist
SELECT * FROM `user_lock` WHERE ( pid = '24159213221' ) LIMIT 1  
[2017-03-09 11:35:23] /index.php?act=login&op=login ( act=login&op=login ) 
ERR: Db Error: Table 'a0303094705.user_lock' doesn't exist
SELECT * FROM `user_lock` WHERE ( pid = '24159213221' ) LIMIT 1  
[2017-03-09 11:35:23] /index.php?act=login&op=login ( act=login&op=login ) 
ERR: Db Error: Table 'a0303094705.user_lock' doesn't exist
INSERT  INTO `user_lock` (pid,pvalue,expiretime) VALUES ('24159213221','1','1489031122')
[2017-03-09 11:36:02] /index.php?act=login&op=login ( act=login&op=login ) 
ERR: Db Error: Table 'a0303094705.user_lock' doesn't exist
SELECT * FROM `user_lock` WHERE ( pid = '241592132201' ) LIMIT 1  
[2017-03-09 11:36:02] /index.php?act=login&op=login ( act=login&op=login ) 
ERR: Db Error: Table 'a0303094705.user_lock' doesn't exist
SELECT * FROM `user_lock` WHERE ( pid = '24159213221' ) LIMIT 1  
[2017-03-09 11:36:02] /index.php?act=login&op=login ( act=login&op=login ) 
ERR: Db Error: Table 'a0303094705.user_lock' doesn't exist
SELECT * FROM `user_lock` WHERE ( pid = '24159213221' ) LIMIT 1  
[2017-03-09 11:36:02] /index.php?act=login&op=login ( act=login&op=login ) 
ERR: Db Error: Table 'a0303094705.user_lock' doesn't exist
INSERT  INTO `user_lock` (pid,pvalue,expiretime) VALUES ('24159213221','1','1489031160')
[2017-03-09 11:37:12] /index.php?act=login&op=login ( act=login&op=login ) 
ERR: Db Error: Table 'a0303094705.user_lock' doesn't exist
SELECT * FROM `user_lock` WHERE ( pid = '241592132201' ) LIMIT 1  
[2017-03-09 11:37:12] /index.php?act=login&op=login ( act=login&op=login ) 
ERR: Db Error: Table 'a0303094705.user_lock' doesn't exist
SELECT * FROM `user_lock` WHERE ( pid = '24159213221' ) LIMIT 1  
[2017-03-09 11:37:12] /index.php?act=login&op=login ( act=login&op=login ) 
ERR: Db Error: Table 'a0303094705.user_lock' doesn't exist
SELECT * FROM `user_lock` WHERE ( pid = '24159213221' ) LIMIT 1  
[2017-03-09 11:37:12] /index.php?act=login&op=login ( act=login&op=login ) 
ERR: Db Error: Table 'a0303094705.user_lock' doesn't exist
INSERT  INTO `user_lock` (pid,pvalue,expiretime) VALUES ('24159213221','1','1489031231')
[2017-03-09 11:37:23] /index.php?act=login&op=login ( act=login&op=login ) 
ERR: Db Error: Table 'a0303094705.user_lock' doesn't exist
SELECT * FROM `user_lock` WHERE ( pid = '241592132201' ) LIMIT 1  
[2017-03-09 11:37:23] /index.php?act=login&op=login ( act=login&op=login ) 
ERR: Db Error: Table 'a0303094705.user_lock' doesn't exist
SELECT * FROM `user_lock` WHERE ( pid = '24159213221' ) LIMIT 1  
[2017-03-09 11:37:23] /index.php?act=login&op=login ( act=login&op=login ) 
ERR: Db Error: Table 'a0303094705.user_lock' doesn't exist
SELECT * FROM `user_lock` WHERE ( pid = '24159213221' ) LIMIT 1  
[2017-03-09 11:37:23] /index.php?act=login&op=login ( act=login&op=login ) 
ERR: Db Error: Table 'a0303094705.user_lock' doesn't exist
INSERT  INTO `user_lock` (pid,pvalue,expiretime) VALUES ('24159213221','1','1489031242')
[2017-03-09 11:38:15] /index.php?act=login&op=login ( act=login&op=login ) 
ERR: Db Error: Table 'a0303094705.user_lock' doesn't exist
SELECT * FROM `user_lock` WHERE ( pid = '241592132201' ) LIMIT 1  
[2017-03-09 11:38:15] /index.php?act=login&op=login ( act=login&op=login ) 
ERR: Db Error: Table 'a0303094705.user_lock' doesn't exist
SELECT * FROM `user_lock` WHERE ( pid = '24159213221' ) LIMIT 1  
[2017-03-09 11:38:15] /index.php?act=login&op=login ( act=login&op=login ) 
ERR: Db Error: Table 'a0303094705.user_lock' doesn't exist
SELECT * FROM `user_lock` WHERE ( pid = '24159213221' ) LIMIT 1  
[2017-03-09 11:38:15] /index.php?act=login&op=login ( act=login&op=login ) 
ERR: Db Error: Table 'a0303094705.user_lock' doesn't exist
INSERT  INTO `user_lock` (pid,pvalue,expiretime) VALUES ('24159213221','1','1489031294')
[2017-03-09 11:39:46] /index.php?act=login&op=login ( act=login&op=login ) 
ERR: Db Error: Table 'a0303094705.user_lock' doesn't exist
SELECT * FROM `user_lock` WHERE ( pid = '241592132201' ) LIMIT 1  
[2017-03-09 11:39:46] /index.php?act=login&op=login ( act=login&op=login ) 
ERR: Db Error: Table 'a0303094705.user_lock' doesn't exist
SELECT * FROM `user_lock` WHERE ( pid = '24159213221' ) LIMIT 1  
[2017-03-09 11:39:46] /index.php?act=login&op=login ( act=login&op=login ) 
ERR: Db Error: Table 'a0303094705.user_lock' doesn't exist
SELECT * FROM `user_lock` WHERE ( pid = '24159213221' ) LIMIT 1  
[2017-03-09 11:39:46] /index.php?act=login&op=login ( act=login&op=login ) 
ERR: Db Error: Table 'a0303094705.user_lock' doesn't exist
INSERT  INTO `user_lock` (pid,pvalue,expiretime) VALUES ('24159213221','1','1489031385')
[2017-03-09 11:40:53] /index.php?act=login&op=login ( act=login&op=login ) 
ERR: Db Error: Table 'a0303094705.user_lock' doesn't exist
SELECT * FROM `user_lock` WHERE ( pid = '241592132201' ) LIMIT 1  
[2017-03-09 11:40:53] /index.php?act=login&op=login ( act=login&op=login ) 
ERR: Db Error: Table 'a0303094705.user_lock' doesn't exist
SELECT * FROM `user_lock` WHERE ( pid = '24159213221' ) LIMIT 1  
[2017-03-09 11:40:53] /index.php?act=login&op=login ( act=login&op=login ) 
ERR: Db Error: Table 'a0303094705.user_lock' doesn't exist
SELECT * FROM `user_lock` WHERE ( pid = '24159213221' ) LIMIT 1  
[2017-03-09 11:40:53] /index.php?act=login&op=login ( act=login&op=login ) 
ERR: Db Error: Table 'a0303094705.user_lock' doesn't exist
INSERT  INTO `user_lock` (pid,pvalue,expiretime) VALUES ('24159213221','1','1489031452')
[2017-03-09 11:41:30] /admin/modules/member/index.php?act=member&op=ajax&branch=check_email&member_email=190476670%40qq.com&user_name=190476670%40qq.com&member_id= ( act=member&op=ajax ) 
ERR: Db Error: Unknown column 'member_email' in 'where clause'
SELECT * FROM `user_users` WHERE ( member_email = '190476670@qq.com' ) AND ( member_id <> '0' ) LIMIT 1  
[2017-03-09 11:41:52] /index.php?act=login&op=login ( act=login&op=login ) 
ERR: Db Error: Table 'a0303094705.user_lock' doesn't exist
SELECT * FROM `user_lock` WHERE ( pid = '241592132201' ) LIMIT 1  
[2017-03-09 11:41:52] /index.php?act=login&op=login ( act=login&op=login ) 
ERR: Db Error: Table 'a0303094705.user_lock' doesn't exist
DELETE  FROM `user_lock` WHERE ( pid = '241592132201' )
[2017-03-09 11:41:52] /index.php?act=login&op=login ( act=login&op=login ) 
ERR: Db Error: Table 'a0303094705.user_lock' doesn't exist
DELETE  FROM `user_lock` WHERE ( pid = '24159213221' )
[2017-03-09 11:42:39] /index.php?act=login&op=login ( act=login&op=login ) 
ERR: Db Error: Table 'a0303094705.user_lock' doesn't exist
SELECT * FROM `user_lock` WHERE ( pid = '197187359701' ) LIMIT 1  
[2017-03-09 11:42:39] /index.php?act=login&op=login ( act=login&op=login ) 
ERR: Db Error: Table 'a0303094705.user_lock' doesn't exist
DELETE  FROM `user_lock` WHERE ( pid = '197187359701' )
[2017-03-09 11:42:39] /index.php?act=login&op=login ( act=login&op=login ) 
ERR: Db Error: Table 'a0303094705.user_lock' doesn't exist
DELETE  FROM `user_lock` WHERE ( pid = '19718735971' )
[2017-03-09 11:42:56] /index.php?act=login&op=login ( act=login&op=login ) 
ERR: Db Error: Table 'a0303094705.user_lock' doesn't exist
SELECT * FROM `user_lock` WHERE ( pid = '241592132201' ) LIMIT 1  
[2017-03-09 11:42:56] /index.php?act=login&op=login ( act=login&op=login ) 
ERR: Db Error: Table 'a0303094705.user_lock' doesn't exist
DELETE  FROM `user_lock` WHERE ( pid = '241592132201' )
[2017-03-09 11:42:56] /index.php?act=login&op=login ( act=login&op=login ) 
ERR: Db Error: Table 'a0303094705.user_lock' doesn't exist
DELETE  FROM `user_lock` WHERE ( pid = '24159213221' )
[2017-03-09 11:51:44] /index.php?act=login&op=login ( act=login&op=login ) 
ERR: Db Error: Table 'a0303094705.user_lock' doesn't exist
SELECT * FROM `user_lock` WHERE ( pid = '197186722901' ) LIMIT 1  
[2017-03-09 11:51:44] /index.php?act=login&op=login ( act=login&op=login ) 
ERR: Db Error: Table 'a0303094705.user_lock' doesn't exist
DELETE  FROM `user_lock` WHERE ( pid = '197186722901' )
[2017-03-09 11:51:44] /index.php?act=login&op=login ( act=login&op=login ) 
ERR: Db Error: Table 'a0303094705.user_lock' doesn't exist
DELETE  FROM `user_lock` WHERE ( pid = '19718672291' )
[2017-03-09 11:51:45] /index.php?act=login&op=login ( act=login&op=login ) 
ERR: Db Error: Table 'a0303094705.user_lock' doesn't exist
SELECT * FROM `user_lock` WHERE ( pid = '197186722901' ) LIMIT 1  
[2017-03-09 11:51:45] /index.php?act=login&op=login ( act=login&op=login ) 
ERR: Db Error: Table 'a0303094705.user_lock' doesn't exist
DELETE  FROM `user_lock` WHERE ( pid = '197186722901' )
[2017-03-09 11:51:45] /index.php?act=login&op=login ( act=login&op=login ) 
ERR: Db Error: Table 'a0303094705.user_lock' doesn't exist
DELETE  FROM `user_lock` WHERE ( pid = '19718672291' )
[2017-03-09 11:52:20] /index.php?act=login&op=login ( act=login&op=login ) 
ERR: Db Error: Table 'a0303094705.user_lock' doesn't exist
SELECT * FROM `user_lock` WHERE ( pid = '197186722901' ) LIMIT 1  
[2017-03-09 11:52:20] /index.php?act=login&op=login ( act=login&op=login ) 
ERR: Db Error: Table 'a0303094705.user_lock' doesn't exist
DELETE  FROM `user_lock` WHERE ( pid = '197186722901' )
[2017-03-09 11:52:20] /index.php?act=login&op=login ( act=login&op=login ) 
ERR: Db Error: Table 'a0303094705.user_lock' doesn't exist
DELETE  FROM `user_lock` WHERE ( pid = '19718672291' )
[2017-03-09 11:54:02] /index.php?act=login&op=login ( act=login&op=login ) 
ERR: Db Error: Table 'a0303094705.user_lock' doesn't exist
SELECT * FROM `user_lock` WHERE ( pid = '197186722901' ) LIMIT 1  
[2017-03-09 11:54:02] /index.php?act=login&op=login ( act=login&op=login ) 
ERR: Db Error: Table 'a0303094705.user_lock' doesn't exist
DELETE  FROM `user_lock` WHERE ( pid = '197186722901' )
[2017-03-09 11:54:02] /index.php?act=login&op=login ( act=login&op=login ) 
ERR: Db Error: Table 'a0303094705.user_lock' doesn't exist
DELETE  FROM `user_lock` WHERE ( pid = '19718672291' )
[2017-03-09 11:54:03] /index.php?act=login&op=login ( act=login&op=login ) 
ERR: Db Error: Table 'a0303094705.user_lock' doesn't exist
SELECT * FROM `user_lock` WHERE ( pid = '197186722901' ) LIMIT 1  
[2017-03-09 11:54:03] /index.php?act=login&op=login ( act=login&op=login ) 
ERR: Db Error: Table 'a0303094705.user_lock' doesn't exist
DELETE  FROM `user_lock` WHERE ( pid = '197186722901' )
[2017-03-09 11:54:03] /index.php?act=login&op=login ( act=login&op=login ) 
ERR: Db Error: Table 'a0303094705.user_lock' doesn't exist
DELETE  FROM `user_lock` WHERE ( pid = '19718672291' )
[2017-03-09 11:54:22] /index.php?act=login&op=login ( act=login&op=login ) 
ERR: Db Error: Table 'a0303094705.user_lock' doesn't exist
SELECT * FROM `user_lock` WHERE ( pid = '197186722901' ) LIMIT 1  
[2017-03-09 11:54:22] /index.php?act=login&op=login ( act=login&op=login ) 
ERR: Db Error: Table 'a0303094705.user_lock' doesn't exist
DELETE  FROM `user_lock` WHERE ( pid = '197186722901' )
[2017-03-09 11:54:22] /index.php?act=login&op=login ( act=login&op=login ) 
ERR: Db Error: Table 'a0303094705.user_lock' doesn't exist
DELETE  FROM `user_lock` WHERE ( pid = '19718672291' )
[2017-03-09 12:04:28] /index.php?act=login&op=login ( act=login&op=login ) 
ERR: Db Error: Table 'a0303094705.user_lock' doesn't exist
SELECT * FROM `user_lock` WHERE ( pid = '197187359701' ) LIMIT 1  
[2017-03-09 12:04:28] /index.php?act=login&op=login ( act=login&op=login ) 
ERR: Db Error: Table 'a0303094705.user_lock' doesn't exist
DELETE  FROM `user_lock` WHERE ( pid = '197187359701' )
[2017-03-09 12:04:28] /index.php?act=login&op=login ( act=login&op=login ) 
ERR: Db Error: Table 'a0303094705.user_lock' doesn't exist
DELETE  FROM `user_lock` WHERE ( pid = '19718735971' )
[2017-03-09 12:07:24] /index.php?act=login&op=login ( act=login&op=login ) 
ERR: Db Error: Table 'a0303094705.user_lock' doesn't exist
SELECT * FROM `user_lock` WHERE ( pid = '197187359701' ) LIMIT 1  
[2017-03-09 12:07:24] /index.php?act=login&op=login ( act=login&op=login ) 
ERR: Db Error: Table 'a0303094705.user_lock' doesn't exist
DELETE  FROM `user_lock` WHERE ( pid = '197187359701' )
[2017-03-09 12:07:24] /index.php?act=login&op=login ( act=login&op=login ) 
ERR: Db Error: Table 'a0303094705.user_lock' doesn't exist
DELETE  FROM `user_lock` WHERE ( pid = '19718735971' )
[2017-03-09 14:21:26] /admin/index.php?act=login&op=login ( act=login&op=login ) 
ERR: Db Error: Table 'a0303094705.user_lock' doesn't exist
SELECT * FROM `user_lock` WHERE ( pid = '466773585005' ) LIMIT 1  
[2017-03-09 14:21:26] /admin/index.php?act=login&op=login ( act=login&op=login ) 
ERR: Db Error: Table 'a0303094705.user_lock' doesn't exist
SELECT * FROM `user_lock` WHERE ( pid = '46677358505' ) LIMIT 1  
[2017-03-09 14:21:26] /admin/index.php?act=login&op=login ( act=login&op=login ) 
ERR: Db Error: Table 'a0303094705.user_lock' doesn't exist
SELECT * FROM `user_lock` WHERE ( pid = '46677358505' ) LIMIT 1  
[2017-03-09 14:21:26] /admin/index.php?act=login&op=login ( act=login&op=login ) 
ERR: Db Error: Table 'a0303094705.user_lock' doesn't exist
INSERT  INTO `user_lock` (pid,pvalue,expiretime) VALUES ('46677358505','1','1489041085')
[2017-03-09 14:21:45] /admin/index.php?act=login&op=login ( act=login&op=login ) 
ERR: Db Error: Table 'a0303094705.user_lock' doesn't exist
SELECT * FROM `user_lock` WHERE ( pid = '466773585005' ) LIMIT 1  
[2017-03-09 14:21:45] /admin/index.php?act=login&op=login ( act=login&op=login ) 
ERR: Db Error: Table 'a0303094705.user_lock' doesn't exist
SELECT * FROM `user_lock` WHERE ( pid = '46677358505' ) LIMIT 1  
[2017-03-09 14:21:45] /admin/index.php?act=login&op=login ( act=login&op=login ) 
ERR: Db Error: Table 'a0303094705.user_lock' doesn't exist
SELECT * FROM `user_lock` WHERE ( pid = '46677358505' ) LIMIT 1  
[2017-03-09 14:21:45] /admin/index.php?act=login&op=login ( act=login&op=login ) 
ERR: Db Error: Table 'a0303094705.user_lock' doesn't exist
INSERT  INTO `user_lock` (pid,pvalue,expiretime) VALUES ('46677358505','1','1489041104')
[2017-03-09 16:14:56] /index.php?act=login&op=login ( act=login&op=login ) 
ERR: Db Error: Table 'a0303094705.user_lock' doesn't exist
SELECT * FROM `user_lock` WHERE ( pid = '241592132201' ) LIMIT 1  
[2017-03-09 16:14:56] /index.php?act=login&op=login ( act=login&op=login ) 
ERR: Db Error: Table 'a0303094705.user_lock' doesn't exist
SELECT * FROM `user_lock` WHERE ( pid = '24159213221' ) LIMIT 1  
[2017-03-09 16:14:56] /index.php?act=login&op=login ( act=login&op=login ) 
ERR: Db Error: Table 'a0303094705.user_lock' doesn't exist
SELECT * FROM `user_lock` WHERE ( pid = '24159213221' ) LIMIT 1  
[2017-03-09 16:14:56] /index.php?act=login&op=login ( act=login&op=login ) 
ERR: Db Error: Table 'a0303094705.user_lock' doesn't exist
INSERT  INTO `user_lock` (pid,pvalue,expiretime) VALUES ('24159213221','1','1489047895')
[2017-03-09 16:15:36] /index.php?act=login&op=login ( act=login&op=login ) 
ERR: Db Error: Table 'a0303094705.user_lock' doesn't exist
SELECT * FROM `user_lock` WHERE ( pid = '241592132201' ) LIMIT 1  
[2017-03-09 16:15:36] /index.php?act=login&op=login ( act=login&op=login ) 
ERR: Db Error: Table 'a0303094705.user_lock' doesn't exist
DELETE  FROM `user_lock` WHERE ( pid = '241592132201' )
[2017-03-09 16:15:36] /index.php?act=login&op=login ( act=login&op=login ) 
ERR: Db Error: Table 'a0303094705.user_lock' doesn't exist
DELETE  FROM `user_lock` WHERE ( pid = '24159213221' )
[2017-03-09 16:54:10] /admin/index.php?act=login&op=login ( act=login&op=login ) 
ERR: Db Error: Table 'a0303094705.user_lock' doesn't exist
SELECT * FROM `user_lock` WHERE ( pid = '466773585005' ) LIMIT 1  
[2017-03-09 16:54:10] /admin/index.php?act=login&op=login ( act=login&op=login ) 
ERR: Db Error: Table 'a0303094705.user_lock' doesn't exist
SELECT * FROM `user_lock` WHERE ( pid = '46677358505' ) LIMIT 1  
[2017-03-09 16:54:10] /admin/index.php?act=login&op=login ( act=login&op=login ) 
ERR: Db Error: Table 'a0303094705.user_lock' doesn't exist
SELECT * FROM `user_lock` WHERE ( pid = '46677358505' ) LIMIT 1  
[2017-03-09 16:54:10] /admin/index.php?act=login&op=login ( act=login&op=login ) 
ERR: Db Error: Table 'a0303094705.user_lock' doesn't exist
INSERT  INTO `user_lock` (pid,pvalue,expiretime) VALUES ('46677358505','1','1489050248')
[2017-03-09 16:54:30] /admin/index.php?act=login&op=login ( act=login&op=login ) 
ERR: Db Error: Table 'a0303094705.user_lock' doesn't exist
SELECT * FROM `user_lock` WHERE ( pid = '466773585005' ) LIMIT 1  
[2017-03-09 16:54:30] /admin/index.php?act=login&op=login ( act=login&op=login ) 
ERR: Db Error: Table 'a0303094705.user_lock' doesn't exist
SELECT * FROM `user_lock` WHERE ( pid = '46677358505' ) LIMIT 1  
[2017-03-09 16:54:30] /admin/index.php?act=login&op=login ( act=login&op=login ) 
ERR: Db Error: Table 'a0303094705.user_lock' doesn't exist
SELECT * FROM `user_lock` WHERE ( pid = '46677358505' ) LIMIT 1  
[2017-03-09 16:54:30] /admin/index.php?act=login&op=login ( act=login&op=login ) 
ERR: Db Error: Table 'a0303094705.user_lock' doesn't exist
INSERT  INTO `user_lock` (pid,pvalue,expiretime) VALUES ('46677358505','1','1489050269')
[2017-03-09 16:56:13] /index.php?act=login&op=login ( act=login&op=login ) 
ERR: Db Error: Table 'a0303094705.user_lock' doesn't exist
SELECT * FROM `user_lock` WHERE ( pid = '466773585001' ) LIMIT 1  
[2017-03-09 16:56:13] /index.php?act=login&op=login ( act=login&op=login ) 
ERR: Db Error: Table 'a0303094705.user_lock' doesn't exist
DELETE  FROM `user_lock` WHERE ( pid = '466773585001' )
[2017-03-09 16:56:13] /index.php?act=login&op=login ( act=login&op=login ) 
ERR: Db Error: Table 'a0303094705.user_lock' doesn't exist
DELETE  FROM `user_lock` WHERE ( pid = '46677358501' )
[2017-03-09 16:56:40] /admin/index.php?act=login&op=login ( act=login&op=login ) 
ERR: Db Error: Table 'a0303094705.user_lock' doesn't exist
SELECT * FROM `user_lock` WHERE ( pid = '466773585005' ) LIMIT 1  
[2017-03-09 16:56:40] /admin/index.php?act=login&op=login ( act=login&op=login ) 
ERR: Db Error: Table 'a0303094705.user_lock' doesn't exist
SELECT * FROM `user_lock` WHERE ( pid = '46677358505' ) LIMIT 1  
[2017-03-09 16:56:40] /admin/index.php?act=login&op=login ( act=login&op=login ) 
ERR: Db Error: Table 'a0303094705.user_lock' doesn't exist
SELECT * FROM `user_lock` WHERE ( pid = '46677358505' ) LIMIT 1  
[2017-03-09 16:56:40] /admin/index.php?act=login&op=login ( act=login&op=login ) 
ERR: Db Error: Table 'a0303094705.user_lock' doesn't exist
INSERT  INTO `user_lock` (pid,pvalue,expiretime) VALUES ('46677358505','1','1489050399')
[2017-03-09 16:57:39] /admin/index.php?act=login&op=login ( act=login&op=login ) 
ERR: Db Error: Table 'a0303094705.user_lock' doesn't exist
SELECT * FROM `user_lock` WHERE ( pid = '466773585005' ) LIMIT 1  
[2017-03-09 16:57:39] /admin/index.php?act=login&op=login ( act=login&op=login ) 
ERR: Db Error: Table 'a0303094705.user_lock' doesn't exist
SELECT * FROM `user_lock` WHERE ( pid = '46677358505' ) LIMIT 1  
[2017-03-09 16:57:39] /admin/index.php?act=login&op=login ( act=login&op=login ) 
ERR: Db Error: Table 'a0303094705.user_lock' doesn't exist
SELECT * FROM `user_lock` WHERE ( pid = '46677358505' ) LIMIT 1  
[2017-03-09 16:57:39] /admin/index.php?act=login&op=login ( act=login&op=login ) 
ERR: Db Error: Table 'a0303094705.user_lock' doesn't exist
INSERT  INTO `user_lock` (pid,pvalue,expiretime) VALUES ('46677358505','1','1489050458')
[2017-03-09 16:58:01] /admin/index.php?act=login&op=login ( act=login&op=login ) 
ERR: Db Error: Table 'a0303094705.user_lock' doesn't exist
SELECT * FROM `user_lock` WHERE ( pid = '466773585005' ) LIMIT 1  
[2017-03-09 16:58:01] /admin/index.php?act=login&op=login ( act=login&op=login ) 
ERR: Db Error: Table 'a0303094705.user_lock' doesn't exist
SELECT * FROM `user_lock` WHERE ( pid = '46677358505' ) LIMIT 1  
[2017-03-09 16:58:01] /admin/index.php?act=login&op=login ( act=login&op=login ) 
ERR: Db Error: Table 'a0303094705.user_lock' doesn't exist
SELECT * FROM `user_lock` WHERE ( pid = '46677358505' ) LIMIT 1  
[2017-03-09 16:58:01] /admin/index.php?act=login&op=login ( act=login&op=login ) 
ERR: Db Error: Table 'a0303094705.user_lock' doesn't exist
INSERT  INTO `user_lock` (pid,pvalue,expiretime) VALUES ('46677358505','1','1489050480')
[2017-03-09 17:00:27] /admin/index.php?act=login&op=login ( act=login&op=login ) 
ERR: Db Error: Table 'a0303094705.user_lock' doesn't exist
SELECT * FROM `user_lock` WHERE ( pid = '466773585005' ) LIMIT 1  
[2017-03-09 17:00:27] /admin/index.php?act=login&op=login ( act=login&op=login ) 
ERR: Db Error: Table 'a0303094705.user_lock' doesn't exist
DELETE  FROM `user_lock` WHERE ( pid = '466773585005' )
[2017-03-09 17:00:27] /admin/index.php?act=login&op=login ( act=login&op=login ) 
ERR: Db Error: Table 'a0303094705.user_lock' doesn't exist
DELETE  FROM `user_lock` WHERE ( pid = '46677358505' )
[2017-03-09 18:09:43] /index.php?act=login&op=login ( act=login&op=login ) 
ERR: Db Error: Table 'a0303094705.user_lock' doesn't exist
SELECT * FROM `user_lock` WHERE ( pid = '241592132201' ) LIMIT 1  
[2017-03-09 18:09:43] /index.php?act=login&op=login ( act=login&op=login ) 
ERR: Db Error: Table 'a0303094705.user_lock' doesn't exist
SELECT * FROM `user_lock` WHERE ( pid = '24159213221' ) LIMIT 1  
[2017-03-09 18:09:43] /index.php?act=login&op=login ( act=login&op=login ) 
ERR: Db Error: Table 'a0303094705.user_lock' doesn't exist
SELECT * FROM `user_lock` WHERE ( pid = '24159213221' ) LIMIT 1  
[2017-03-09 18:09:43] /index.php?act=login&op=login ( act=login&op=login ) 
ERR: Db Error: Table 'a0303094705.user_lock' doesn't exist
INSERT  INTO `user_lock` (pid,pvalue,expiretime) VALUES ('24159213221','1','1489054782')
[2017-03-09 18:10:52] /index.php?act=login&op=login ( act=login&op=login ) 
ERR: Db Error: Table 'a0303094705.user_lock' doesn't exist
SELECT * FROM `user_lock` WHERE ( pid = '241592132201' ) LIMIT 1  
[2017-03-09 18:10:52] /index.php?act=login&op=login ( act=login&op=login ) 
ERR: Db Error: Table 'a0303094705.user_lock' doesn't exist
SELECT * FROM `user_lock` WHERE ( pid = '24159213221' ) LIMIT 1  
[2017-03-09 18:10:52] /index.php?act=login&op=login ( act=login&op=login ) 
ERR: Db Error: Table 'a0303094705.user_lock' doesn't exist
SELECT * FROM `user_lock` WHERE ( pid = '24159213221' ) LIMIT 1  
[2017-03-09 18:10:52] /index.php?act=login&op=login ( act=login&op=login ) 
ERR: Db Error: Table 'a0303094705.user_lock' doesn't exist
INSERT  INTO `user_lock` (pid,pvalue,expiretime) VALUES ('24159213221','1','1489054851')
[2017-03-09 18:13:32] /index.php?act=login&op=login ( act=login&op=login ) 
ERR: Db Error: Table 'a0303094705.user_lock' doesn't exist
SELECT * FROM `user_lock` WHERE ( pid = '241592132201' ) LIMIT 1  
[2017-03-09 18:13:32] /index.php?act=login&op=login ( act=login&op=login ) 
ERR: Db Error: Table 'a0303094705.user_lock' doesn't exist
SELECT * FROM `user_lock` WHERE ( pid = '24159213221' ) LIMIT 1  
[2017-03-09 18:13:32] /index.php?act=login&op=login ( act=login&op=login ) 
ERR: Db Error: Table 'a0303094705.user_lock' doesn't exist
SELECT * FROM `user_lock` WHERE ( pid = '24159213221' ) LIMIT 1  
[2017-03-09 18:13:32] /index.php?act=login&op=login ( act=login&op=login ) 
ERR: Db Error: Table 'a0303094705.user_lock' doesn't exist
INSERT  INTO `user_lock` (pid,pvalue,expiretime) VALUES ('24159213221','1','1489055011')
[2017-03-09 18:14:59] /index.php?act=login&op=login ( act=login&op=login ) 
ERR: Db Error: Table 'a0303094705.user_lock' doesn't exist
SELECT * FROM `user_lock` WHERE ( pid = '241592132201' ) LIMIT 1  
[2017-03-09 18:14:59] /index.php?act=login&op=login ( act=login&op=login ) 
ERR: Db Error: Table 'a0303094705.user_lock' doesn't exist
SELECT * FROM `user_lock` WHERE ( pid = '24159213221' ) LIMIT 1  
[2017-03-09 18:14:59] /index.php?act=login&op=login ( act=login&op=login ) 
ERR: Db Error: Table 'a0303094705.user_lock' doesn't exist
SELECT * FROM `user_lock` WHERE ( pid = '24159213221' ) LIMIT 1  
[2017-03-09 18:14:59] /index.php?act=login&op=login ( act=login&op=login ) 
ERR: Db Error: Table 'a0303094705.user_lock' doesn't exist
INSERT  INTO `user_lock` (pid,pvalue,expiretime) VALUES ('24159213221','1','1489055098')
[2017-03-09 18:15:49] /index.php?act=login&op=login ( act=login&op=login ) 
ERR: Db Error: Table 'a0303094705.user_lock' doesn't exist
SELECT * FROM `user_lock` WHERE ( pid = '241592132201' ) LIMIT 1  
[2017-03-09 18:15:49] /index.php?act=login&op=login ( act=login&op=login ) 
ERR: Db Error: Table 'a0303094705.user_lock' doesn't exist
SELECT * FROM `user_lock` WHERE ( pid = '24159213221' ) LIMIT 1  
[2017-03-09 18:15:49] /index.php?act=login&op=login ( act=login&op=login ) 
ERR: Db Error: Table 'a0303094705.user_lock' doesn't exist
SELECT * FROM `user_lock` WHERE ( pid = '24159213221' ) LIMIT 1  
[2017-03-09 18:15:49] /index.php?act=login&op=login ( act=login&op=login ) 
ERR: Db Error: Table 'a0303094705.user_lock' doesn't exist
INSERT  INTO `user_lock` (pid,pvalue,expiretime) VALUES ('24159213221','1','1489055148')
[2017-03-09 18:16:19] /index.php?act=login&op=login ( act=login&op=login ) 
ERR: Db Error: Table 'a0303094705.user_lock' doesn't exist
SELECT * FROM `user_lock` WHERE ( pid = '241592132201' ) LIMIT 1  
[2017-03-09 18:16:19] /index.php?act=login&op=login ( act=login&op=login ) 
ERR: Db Error: Table 'a0303094705.user_lock' doesn't exist
SELECT * FROM `user_lock` WHERE ( pid = '24159213221' ) LIMIT 1  
[2017-03-09 18:16:19] /index.php?act=login&op=login ( act=login&op=login ) 
ERR: Db Error: Table 'a0303094705.user_lock' doesn't exist
SELECT * FROM `user_lock` WHERE ( pid = '24159213221' ) LIMIT 1  
[2017-03-09 18:16:19] /index.php?act=login&op=login ( act=login&op=login ) 
ERR: Db Error: Table 'a0303094705.user_lock' doesn't exist
INSERT  INTO `user_lock` (pid,pvalue,expiretime) VALUES ('24159213221','1','1489055178')
[2017-03-09 18:20:41] /index.php?act=login&op=login ( act=login&op=login ) 
ERR: Db Error: Table 'a0303094705.user_lock' doesn't exist
SELECT * FROM `user_lock` WHERE ( pid = '241592132201' ) LIMIT 1  
[2017-03-09 18:20:41] /index.php?act=login&op=login ( act=login&op=login ) 
ERR: Db Error: Table 'a0303094705.user_lock' doesn't exist
SELECT * FROM `user_lock` WHERE ( pid = '24159213221' ) LIMIT 1  
[2017-03-09 18:20:41] /index.php?act=login&op=login ( act=login&op=login ) 
ERR: Db Error: Table 'a0303094705.user_lock' doesn't exist
SELECT * FROM `user_lock` WHERE ( pid = '24159213221' ) LIMIT 1  
[2017-03-09 18:20:41] /index.php?act=login&op=login ( act=login&op=login ) 
ERR: Db Error: Table 'a0303094705.user_lock' doesn't exist
INSERT  INTO `user_lock` (pid,pvalue,expiretime) VALUES ('24159213221','1','1489055440')
[2017-03-09 18:23:09] /index.php?act=login&op=login ( act=login&op=login ) 
ERR: Db Error: Table 'a0303094705.user_lock' doesn't exist
SELECT * FROM `user_lock` WHERE ( pid = '241592132201' ) LIMIT 1  
[2017-03-09 18:23:09] /index.php?act=login&op=login ( act=login&op=login ) 
ERR: Db Error: Table 'a0303094705.user_lock' doesn't exist
SELECT * FROM `user_lock` WHERE ( pid = '24159213221' ) LIMIT 1  
[2017-03-09 18:23:09] /index.php?act=login&op=login ( act=login&op=login ) 
ERR: Db Error: Table 'a0303094705.user_lock' doesn't exist
SELECT * FROM `user_lock` WHERE ( pid = '24159213221' ) LIMIT 1  
[2017-03-09 18:23:09] /index.php?act=login&op=login ( act=login&op=login ) 
ERR: Db Error: Table 'a0303094705.user_lock' doesn't exist
INSERT  INTO `user_lock` (pid,pvalue,expiretime) VALUES ('24159213221','1','1489055588')
[2017-03-09 18:23:37] /index.php?act=login&op=login ( act=login&op=login ) 
ERR: Db Error: Table 'a0303094705.user_lock' doesn't exist
SELECT * FROM `user_lock` WHERE ( pid = '241592132201' ) LIMIT 1  
[2017-03-09 18:23:37] /index.php?act=login&op=login ( act=login&op=login ) 
ERR: Db Error: Table 'a0303094705.user_lock' doesn't exist
SELECT * FROM `user_lock` WHERE ( pid = '24159213221' ) LIMIT 1  
[2017-03-09 18:23:37] /index.php?act=login&op=login ( act=login&op=login ) 
ERR: Db Error: Table 'a0303094705.user_lock' doesn't exist
SELECT * FROM `user_lock` WHERE ( pid = '24159213221' ) LIMIT 1  
[2017-03-09 18:23:37] /index.php?act=login&op=login ( act=login&op=login ) 
ERR: Db Error: Table 'a0303094705.user_lock' doesn't exist
INSERT  INTO `user_lock` (pid,pvalue,expiretime) VALUES ('24159213221','1','1489055616')
[2017-03-09 18:26:57] /index.php?act=login&op=login ( act=login&op=login ) 
ERR: Db Error: Table 'a0303094705.user_lock' doesn't exist
SELECT * FROM `user_lock` WHERE ( pid = '241592132201' ) LIMIT 1  
[2017-03-09 18:26:57] /index.php?act=login&op=login ( act=login&op=login ) 
ERR: Db Error: Table 'a0303094705.user_lock' doesn't exist
SELECT * FROM `user_lock` WHERE ( pid = '24159213221' ) LIMIT 1  
[2017-03-09 18:26:57] /index.php?act=login&op=login ( act=login&op=login ) 
ERR: Db Error: Table 'a0303094705.user_lock' doesn't exist
SELECT * FROM `user_lock` WHERE ( pid = '24159213221' ) LIMIT 1  
[2017-03-09 18:26:57] /index.php?act=login&op=login ( act=login&op=login ) 
ERR: Db Error: Table 'a0303094705.user_lock' doesn't exist
INSERT  INTO `user_lock` (pid,pvalue,expiretime) VALUES ('24159213221','1','1489055816')
[2017-03-09 18:34:19] /index.php?act=login&op=login ( act=login&op=login ) 
ERR: Db Error: Table 'a0303094705.user_lock' doesn't exist
SELECT * FROM `user_lock` WHERE ( pid = '241592132201' ) LIMIT 1  
[2017-03-09 18:34:19] /index.php?act=login&op=login ( act=login&op=login ) 
ERR: Db Error: Table 'a0303094705.user_lock' doesn't exist
SELECT * FROM `user_lock` WHERE ( pid = '24159213221' ) LIMIT 1  
[2017-03-09 18:34:19] /index.php?act=login&op=login ( act=login&op=login ) 
ERR: Db Error: Table 'a0303094705.user_lock' doesn't exist
SELECT * FROM `user_lock` WHERE ( pid = '24159213221' ) LIMIT 1  
[2017-03-09 18:34:19] /index.php?act=login&op=login ( act=login&op=login ) 
ERR: Db Error: Table 'a0303094705.user_lock' doesn't exist
INSERT  INTO `user_lock` (pid,pvalue,expiretime) VALUES ('24159213221','1','1489056258')
[2017-03-09 18:35:43] /index.php?act=login&op=login ( act=login&op=login ) 
ERR: Db Error: Table 'a0303094705.user_lock' doesn't exist
SELECT * FROM `user_lock` WHERE ( pid = '241592132201' ) LIMIT 1  
[2017-03-09 18:35:43] /index.php?act=login&op=login ( act=login&op=login ) 
ERR: Db Error: Table 'a0303094705.user_lock' doesn't exist
SELECT * FROM `user_lock` WHERE ( pid = '24159213221' ) LIMIT 1  
[2017-03-09 18:35:43] /index.php?act=login&op=login ( act=login&op=login ) 
ERR: Db Error: Table 'a0303094705.user_lock' doesn't exist
SELECT * FROM `user_lock` WHERE ( pid = '24159213221' ) LIMIT 1  
[2017-03-09 18:35:43] /index.php?act=login&op=login ( act=login&op=login ) 
ERR: Db Error: Table 'a0303094705.user_lock' doesn't exist
INSERT  INTO `user_lock` (pid,pvalue,expiretime) VALUES ('24159213221','1','1489056342')
[2017-03-09 18:36:28] /index.php?act=login&op=login ( act=login&op=login ) 
ERR: Db Error: Table 'a0303094705.user_lock' doesn't exist
SELECT * FROM `user_lock` WHERE ( pid = '241592132201' ) LIMIT 1  
[2017-03-09 18:36:28] /index.php?act=login&op=login ( act=login&op=login ) 
ERR: Db Error: Table 'a0303094705.user_lock' doesn't exist
SELECT * FROM `user_lock` WHERE ( pid = '24159213221' ) LIMIT 1  
[2017-03-09 18:36:28] /index.php?act=login&op=login ( act=login&op=login ) 
ERR: Db Error: Table 'a0303094705.user_lock' doesn't exist
SELECT * FROM `user_lock` WHERE ( pid = '24159213221' ) LIMIT 1  
[2017-03-09 18:36:28] /index.php?act=login&op=login ( act=login&op=login ) 
ERR: Db Error: Table 'a0303094705.user_lock' doesn't exist
INSERT  INTO `user_lock` (pid,pvalue,expiretime) VALUES ('24159213221','1','1489056387')
[2017-03-09 20:06:22] /index.php?act=login&op=login ( act=login&op=login ) 
ERR: Db Error: Table 'a0303094705.user_lock' doesn't exist
SELECT * FROM `user_lock` WHERE ( pid = '372756750201' ) LIMIT 1  
[2017-03-09 20:06:22] /index.php?act=login&op=login ( act=login&op=login ) 
ERR: Db Error: Table 'a0303094705.user_lock' doesn't exist
SELECT * FROM `user_lock` WHERE ( pid = '37275675021' ) LIMIT 1  
[2017-03-09 20:06:22] /index.php?act=login&op=login ( act=login&op=login ) 
ERR: Db Error: Table 'a0303094705.user_lock' doesn't exist
SELECT * FROM `user_lock` WHERE ( pid = '37275675021' ) LIMIT 1  
[2017-03-09 20:06:22] /index.php?act=login&op=login ( act=login&op=login ) 
ERR: Db Error: Table 'a0303094705.user_lock' doesn't exist
INSERT  INTO `user_lock` (pid,pvalue,expiretime) VALUES ('37275675021','1','1489061781')
[2017-03-09 20:06:42] /index.php?act=login&op=login ( act=login&op=login ) 
ERR: Db Error: Table 'a0303094705.user_lock' doesn't exist
SELECT * FROM `user_lock` WHERE ( pid = '372756750201' ) LIMIT 1  
[2017-03-09 20:06:42] /index.php?act=login&op=login ( act=login&op=login ) 
ERR: Db Error: Table 'a0303094705.user_lock' doesn't exist
SELECT * FROM `user_lock` WHERE ( pid = '37275675021' ) LIMIT 1  
[2017-03-09 20:06:42] /index.php?act=login&op=login ( act=login&op=login ) 
ERR: Db Error: Table 'a0303094705.user_lock' doesn't exist
SELECT * FROM `user_lock` WHERE ( pid = '37275675021' ) LIMIT 1  
[2017-03-09 20:06:42] /index.php?act=login&op=login ( act=login&op=login ) 
ERR: Db Error: Table 'a0303094705.user_lock' doesn't exist
INSERT  INTO `user_lock` (pid,pvalue,expiretime) VALUES ('37275675021','1','1489061801')
[2017-03-09 20:07:22] /admin/index.php?act=login&op=login ( act=login&op=login ) 
ERR: Db Error: Table 'a0303094705.user_lock' doesn't exist
SELECT * FROM `user_lock` WHERE ( pid = '372756750205' ) LIMIT 1  
[2017-03-09 20:07:22] /admin/index.php?act=login&op=login ( act=login&op=login ) 
ERR: Db Error: Table 'a0303094705.user_lock' doesn't exist
DELETE  FROM `user_lock` WHERE ( pid = '372756750205' )
[2017-03-09 20:07:22] /admin/index.php?act=login&op=login ( act=login&op=login ) 
ERR: Db Error: Table 'a0303094705.user_lock' doesn't exist
DELETE  FROM `user_lock` WHERE ( pid = '37275675025' )
[2017-03-09 20:08:06] /index.php?act=login&op=login ( act=login&op=login ) 
ERR: Db Error: Table 'a0303094705.user_lock' doesn't exist
SELECT * FROM `user_lock` WHERE ( pid = '372756750201' ) LIMIT 1  
[2017-03-09 20:08:06] /index.php?act=login&op=login ( act=login&op=login ) 
ERR: Db Error: Table 'a0303094705.user_lock' doesn't exist
DELETE  FROM `user_lock` WHERE ( pid = '372756750201' )
[2017-03-09 20:08:06] /index.php?act=login&op=login ( act=login&op=login ) 
ERR: Db Error: Table 'a0303094705.user_lock' doesn't exist
DELETE  FROM `user_lock` WHERE ( pid = '37275675021' )
