[2017-03-06 09:55:40] /index.php?act=login&op=login ( act=login&op=login ) 
ERR: Db Error: Table 'a0302174411.user_lock' doesn't exist
SELECT * FROM `user_lock` WHERE ( pid = '462997573001' ) LIMIT 1  
[2017-03-06 09:55:40] /index.php?act=login&op=login ( act=login&op=login ) 
ERR: Db Error: Table 'a0302174411.user_lock' doesn't exist
DELETE  FROM `user_lock` WHERE ( pid = '462997573001' )
[2017-03-06 09:55:40] /index.php?act=login&op=login ( act=login&op=login ) 
ERR: Db Error: Table 'a0302174411.user_lock' doesn't exist
DELETE  FROM `user_lock` WHERE ( pid = '46299757301' )
[2017-03-06 10:00:56] /admin/index.php?act=login&op=login ( act=login&op=login ) 
ERR: Db Error: Table 'a0302174411.user_lock' doesn't exist
SELECT * FROM `user_lock` WHERE ( pid = '462997573005' ) LIMIT 1  
[2017-03-06 10:00:56] /admin/index.php?act=login&op=login ( act=login&op=login ) 
ERR: Db Error: Table 'a0302174411.user_lock' doesn't exist
DELETE  FROM `user_lock` WHERE ( pid = '462997573005' )
[2017-03-06 10:00:56] /admin/index.php?act=login&op=login ( act=login&op=login ) 
ERR: Db Error: Table 'a0302174411.user_lock' doesn't exist
DELETE  FROM `user_lock` WHERE ( pid = '46299757305' )
[2017-03-06 11:56:19] /index.php?act=login&op=login ( act=login&op=login ) 
ERR: Db Error: Table 'a0302174411.user_lock' doesn't exist
SELECT * FROM `user_lock` WHERE ( pid = '306104963701' ) LIMIT 1  
[2017-03-06 11:56:19] /index.php?act=login&op=login ( act=login&op=login ) 
ERR: Db Error: Table 'a0302174411.user_lock' doesn't exist
DELETE  FROM `user_lock` WHERE ( pid = '306104963701' )
[2017-03-06 11:56:19] /index.php?act=login&op=login ( act=login&op=login ) 
ERR: Db Error: Table 'a0302174411.user_lock' doesn't exist
DELETE  FROM `user_lock` WHERE ( pid = '30610496371' )
[2017-03-06 11:57:10] /admin/index.php?act=login&op=login ( act=login&op=login ) 
ERR: Db Error: Table 'a0302174411.user_lock' doesn't exist
SELECT * FROM `user_lock` WHERE ( pid = '306104963705' ) LIMIT 1  
[2017-03-06 11:57:10] /admin/index.php?act=login&op=login ( act=login&op=login ) 
ERR: Db Error: Table 'a0302174411.user_lock' doesn't exist
DELETE  FROM `user_lock` WHERE ( pid = '306104963705' )
[2017-03-06 11:57:10] /admin/index.php?act=login&op=login ( act=login&op=login ) 
ERR: Db Error: Table 'a0302174411.user_lock' doesn't exist
DELETE  FROM `user_lock` WHERE ( pid = '30610496375' )
[2017-03-06 14:23:13] /index.php?act=login&op=login ( act=login&op=login ) 
ERR: Db Error: Table 'a0302174411.user_lock' doesn't exist
SELECT * FROM `user_lock` WHERE ( pid = '462935234001' ) LIMIT 1  
[2017-03-06 14:23:13] /index.php?act=login&op=login ( act=login&op=login ) 
ERR: Db Error: Table 'a0302174411.user_lock' doesn't exist
DELETE  FROM `user_lock` WHERE ( pid = '462935234001' )
[2017-03-06 14:23:13] /index.php?act=login&op=login ( act=login&op=login ) 
ERR: Db Error: Table 'a0302174411.user_lock' doesn't exist
DELETE  FROM `user_lock` WHERE ( pid = '46293523401' )
[2017-03-06 14:24:23] /admin/index.php?act=login&op=login ( act=login&op=login ) 
ERR: Db Error: Table 'a0302174411.user_lock' doesn't exist
SELECT * FROM `user_lock` WHERE ( pid = '462935234005' ) LIMIT 1  
[2017-03-06 14:24:23] /admin/index.php?act=login&op=login ( act=login&op=login ) 
ERR: Db Error: Table 'a0302174411.user_lock' doesn't exist
DELETE  FROM `user_lock` WHERE ( pid = '462935234005' )
[2017-03-06 14:24:23] /admin/index.php?act=login&op=login ( act=login&op=login ) 
ERR: Db Error: Table 'a0302174411.user_lock' doesn't exist
DELETE  FROM `user_lock` WHERE ( pid = '46293523405' )
[2017-03-06 23:30:13] /index.php?act=login&op=login ( act=login&op=login ) 
ERR: Db Error: Table 'a0302174411.user_lock' doesn't exist
SELECT * FROM `user_lock` WHERE ( pid = '196464089401' ) LIMIT 1  
[2017-03-06 23:30:13] /index.php?act=login&op=login ( act=login&op=login ) 
ERR: Db Error: Table 'a0302174411.user_lock' doesn't exist
DELETE  FROM `user_lock` WHERE ( pid = '196464089401' )
[2017-03-06 23:30:13] /index.php?act=login&op=login ( act=login&op=login ) 
ERR: Db Error: Table 'a0302174411.user_lock' doesn't exist
DELETE  FROM `user_lock` WHERE ( pid = '19646408941' )
[2017-03-06 23:33:32] /admin/index.php?act=login&op=login ( act=login&op=login ) 
ERR: Db Error: Table 'a0302174411.user_lock' doesn't exist
SELECT * FROM `user_lock` WHERE ( pid = '196464089405' ) LIMIT 1  
[2017-03-06 23:33:32] /admin/index.php?act=login&op=login ( act=login&op=login ) 
ERR: Db Error: Table 'a0302174411.user_lock' doesn't exist
SELECT * FROM `user_lock` WHERE ( pid = '19646408945' ) LIMIT 1  
[2017-03-06 23:33:32] /admin/index.php?act=login&op=login ( act=login&op=login ) 
ERR: Db Error: Table 'a0302174411.user_lock' doesn't exist
SELECT * FROM `user_lock` WHERE ( pid = '19646408945' ) LIMIT 1  
[2017-03-06 23:33:32] /admin/index.php?act=login&op=login ( act=login&op=login ) 
ERR: Db Error: Table 'a0302174411.user_lock' doesn't exist
INSERT  INTO `user_lock` (pid,pvalue,expiretime) VALUES ('19646408945','1','1488815011')
[2017-03-06 23:33:48] /admin/index.php?act=login&op=login ( act=login&op=login ) 
ERR: Db Error: Table 'a0302174411.user_lock' doesn't exist
SELECT * FROM `user_lock` WHERE ( pid = '196464089405' ) LIMIT 1  
[2017-03-06 23:33:48] /admin/index.php?act=login&op=login ( act=login&op=login ) 
ERR: Db Error: Table 'a0302174411.user_lock' doesn't exist
DELETE  FROM `user_lock` WHERE ( pid = '196464089405' )
[2017-03-06 23:33:48] /admin/index.php?act=login&op=login ( act=login&op=login ) 
ERR: Db Error: Table 'a0302174411.user_lock' doesn't exist
DELETE  FROM `user_lock` WHERE ( pid = '19646408945' )
[2017-03-06 23:36:35] /admin/index.php?act=login&op=login ( act=login&op=login ) 
ERR: Db Error: Table 'a0302174411.user_lock' doesn't exist
SELECT * FROM `user_lock` WHERE ( pid = '196464089405' ) LIMIT 1  
[2017-03-06 23:36:35] /admin/index.php?act=login&op=login ( act=login&op=login ) 
ERR: Db Error: Table 'a0302174411.user_lock' doesn't exist
DELETE  FROM `user_lock` WHERE ( pid = '196464089405' )
[2017-03-06 23:36:35] /admin/index.php?act=login&op=login ( act=login&op=login ) 
ERR: Db Error: Table 'a0302174411.user_lock' doesn't exist
DELETE  FROM `user_lock` WHERE ( pid = '19646408945' )
[2017-03-06 23:44:46] /index.php?act=login&op=login ( act=login&op=login ) 
ERR: Db Error: Table 'a0302174411.user_lock' doesn't exist
SELECT * FROM `user_lock` WHERE ( pid = '196464089401' ) LIMIT 1  
[2017-03-06 23:44:46] /index.php?act=login&op=login ( act=login&op=login ) 
ERR: Db Error: Table 'a0302174411.user_lock' doesn't exist
SELECT * FROM `user_lock` WHERE ( pid = '19646408941' ) LIMIT 1  
[2017-03-06 23:44:46] /index.php?act=login&op=login ( act=login&op=login ) 
ERR: Db Error: Table 'a0302174411.user_lock' doesn't exist
SELECT * FROM `user_lock` WHERE ( pid = '19646408941' ) LIMIT 1  
[2017-03-06 23:44:46] /index.php?act=login&op=login ( act=login&op=login ) 
ERR: Db Error: Table 'a0302174411.user_lock' doesn't exist
INSERT  INTO `user_lock` (pid,pvalue,expiretime) VALUES ('19646408941','1','1488815684')
[2017-03-06 23:45:27] /index.php?act=login&op=login ( act=login&op=login ) 
ERR: Db Error: Table 'a0302174411.user_lock' doesn't exist
SELECT * FROM `user_lock` WHERE ( pid = '196464089401' ) LIMIT 1  
[2017-03-06 23:45:27] /index.php?act=login&op=login ( act=login&op=login ) 
ERR: Db Error: Table 'a0302174411.user_lock' doesn't exist
SELECT * FROM `user_lock` WHERE ( pid = '19646408941' ) LIMIT 1  
[2017-03-06 23:45:27] /index.php?act=login&op=login ( act=login&op=login ) 
ERR: Db Error: Table 'a0302174411.user_lock' doesn't exist
SELECT * FROM `user_lock` WHERE ( pid = '19646408941' ) LIMIT 1  
[2017-03-06 23:45:27] /index.php?act=login&op=login ( act=login&op=login ) 
ERR: Db Error: Table 'a0302174411.user_lock' doesn't exist
INSERT  INTO `user_lock` (pid,pvalue,expiretime) VALUES ('19646408941','1','1488815726')
[2017-03-06 23:45:41] /index.php?act=login&op=login ( act=login&op=login ) 
ERR: Db Error: Table 'a0302174411.user_lock' doesn't exist
SELECT * FROM `user_lock` WHERE ( pid = '196464089401' ) LIMIT 1  
[2017-03-06 23:45:41] /index.php?act=login&op=login ( act=login&op=login ) 
ERR: Db Error: Table 'a0302174411.user_lock' doesn't exist
SELECT * FROM `user_lock` WHERE ( pid = '19646408941' ) LIMIT 1  
[2017-03-06 23:45:41] /index.php?act=login&op=login ( act=login&op=login ) 
ERR: Db Error: Table 'a0302174411.user_lock' doesn't exist
SELECT * FROM `user_lock` WHERE ( pid = '19646408941' ) LIMIT 1  
[2017-03-06 23:45:41] /index.php?act=login&op=login ( act=login&op=login ) 
ERR: Db Error: Table 'a0302174411.user_lock' doesn't exist
INSERT  INTO `user_lock` (pid,pvalue,expiretime) VALUES ('19646408941','1','1488815740')
[2017-03-06 23:45:56] /index.php?act=login&op=login ( act=login&op=login ) 
ERR: Db Error: Table 'a0302174411.user_lock' doesn't exist
SELECT * FROM `user_lock` WHERE ( pid = '196464089401' ) LIMIT 1  
[2017-03-06 23:45:56] /index.php?act=login&op=login ( act=login&op=login ) 
ERR: Db Error: Table 'a0302174411.user_lock' doesn't exist
SELECT * FROM `user_lock` WHERE ( pid = '19646408941' ) LIMIT 1  
[2017-03-06 23:45:56] /index.php?act=login&op=login ( act=login&op=login ) 
ERR: Db Error: Table 'a0302174411.user_lock' doesn't exist
SELECT * FROM `user_lock` WHERE ( pid = '19646408941' ) LIMIT 1  
[2017-03-06 23:45:56] /index.php?act=login&op=login ( act=login&op=login ) 
ERR: Db Error: Table 'a0302174411.user_lock' doesn't exist
INSERT  INTO `user_lock` (pid,pvalue,expiretime) VALUES ('19646408941','1','1488815755')
[2017-03-06 23:46:12] /index.php?act=login&op=login ( act=login&op=login ) 
ERR: Db Error: Table 'a0302174411.user_lock' doesn't exist
SELECT * FROM `user_lock` WHERE ( pid = '196464089401' ) LIMIT 1  
[2017-03-06 23:46:12] /index.php?act=login&op=login ( act=login&op=login ) 
ERR: Db Error: Table 'a0302174411.user_lock' doesn't exist
SELECT * FROM `user_lock` WHERE ( pid = '19646408941' ) LIMIT 1  
[2017-03-06 23:46:12] /index.php?act=login&op=login ( act=login&op=login ) 
ERR: Db Error: Table 'a0302174411.user_lock' doesn't exist
SELECT * FROM `user_lock` WHERE ( pid = '19646408941' ) LIMIT 1  
[2017-03-06 23:46:12] /index.php?act=login&op=login ( act=login&op=login ) 
ERR: Db Error: Table 'a0302174411.user_lock' doesn't exist
INSERT  INTO `user_lock` (pid,pvalue,expiretime) VALUES ('19646408941','1','1488815771')
[2017-03-06 23:48:18] /index.php?act=login&op=login ( act=login&op=login ) 
ERR: Db Error: Table 'a0302174411.user_lock' doesn't exist
SELECT * FROM `user_lock` WHERE ( pid = '196464089401' ) LIMIT 1  
[2017-03-06 23:48:18] /index.php?act=login&op=login ( act=login&op=login ) 
ERR: Db Error: Table 'a0302174411.user_lock' doesn't exist
SELECT * FROM `user_lock` WHERE ( pid = '19646408941' ) LIMIT 1  
[2017-03-06 23:48:18] /index.php?act=login&op=login ( act=login&op=login ) 
ERR: Db Error: Table 'a0302174411.user_lock' doesn't exist
SELECT * FROM `user_lock` WHERE ( pid = '19646408941' ) LIMIT 1  
[2017-03-06 23:48:18] /index.php?act=login&op=login ( act=login&op=login ) 
ERR: Db Error: Table 'a0302174411.user_lock' doesn't exist
INSERT  INTO `user_lock` (pid,pvalue,expiretime) VALUES ('19646408941','1','1488815897')
[2017-03-06 23:48:33] /index.php?act=login&op=login ( act=login&op=login ) 
ERR: Db Error: Table 'a0302174411.user_lock' doesn't exist
SELECT * FROM `user_lock` WHERE ( pid = '196464089401' ) LIMIT 1  
[2017-03-06 23:48:33] /index.php?act=login&op=login ( act=login&op=login ) 
ERR: Db Error: Table 'a0302174411.user_lock' doesn't exist
SELECT * FROM `user_lock` WHERE ( pid = '19646408941' ) LIMIT 1  
[2017-03-06 23:48:33] /index.php?act=login&op=login ( act=login&op=login ) 
ERR: Db Error: Table 'a0302174411.user_lock' doesn't exist
SELECT * FROM `user_lock` WHERE ( pid = '19646408941' ) LIMIT 1  
[2017-03-06 23:48:33] /index.php?act=login&op=login ( act=login&op=login ) 
ERR: Db Error: Table 'a0302174411.user_lock' doesn't exist
INSERT  INTO `user_lock` (pid,pvalue,expiretime) VALUES ('19646408941','1','1488815912')
[2017-03-06 23:50:10] /index.php?act=login&op=login ( act=login&op=login ) 
ERR: Db Error: Table 'a0302174411.user_lock' doesn't exist
SELECT * FROM `user_lock` WHERE ( pid = '196464089401' ) LIMIT 1  
[2017-03-06 23:50:10] /index.php?act=login&op=login ( act=login&op=login ) 
ERR: Db Error: Table 'a0302174411.user_lock' doesn't exist
SELECT * FROM `user_lock` WHERE ( pid = '19646408941' ) LIMIT 1  
[2017-03-06 23:50:10] /index.php?act=login&op=login ( act=login&op=login ) 
ERR: Db Error: Table 'a0302174411.user_lock' doesn't exist
SELECT * FROM `user_lock` WHERE ( pid = '19646408941' ) LIMIT 1  
[2017-03-06 23:50:10] /index.php?act=login&op=login ( act=login&op=login ) 
ERR: Db Error: Table 'a0302174411.user_lock' doesn't exist
INSERT  INTO `user_lock` (pid,pvalue,expiretime) VALUES ('19646408941','1','1488816009')
[2017-03-06 23:51:09] /index.php?act=login&op=login ( act=login&op=login ) 
ERR: Db Error: Table 'a0302174411.user_lock' doesn't exist
SELECT * FROM `user_lock` WHERE ( pid = '196464089401' ) LIMIT 1  
[2017-03-06 23:51:09] /index.php?act=login&op=login ( act=login&op=login ) 
ERR: Db Error: Table 'a0302174411.user_lock' doesn't exist
SELECT * FROM `user_lock` WHERE ( pid = '19646408941' ) LIMIT 1  
[2017-03-06 23:51:09] /index.php?act=login&op=login ( act=login&op=login ) 
ERR: Db Error: Table 'a0302174411.user_lock' doesn't exist
SELECT * FROM `user_lock` WHERE ( pid = '19646408941' ) LIMIT 1  
[2017-03-06 23:51:09] /index.php?act=login&op=login ( act=login&op=login ) 
ERR: Db Error: Table 'a0302174411.user_lock' doesn't exist
INSERT  INTO `user_lock` (pid,pvalue,expiretime) VALUES ('19646408941','1','1488816068')
[2017-03-06 23:51:37] /index.php?act=login&op=login ( act=login&op=login ) 
ERR: Db Error: Table 'a0302174411.user_lock' doesn't exist
SELECT * FROM `user_lock` WHERE ( pid = '196464089401' ) LIMIT 1  
[2017-03-06 23:51:37] /index.php?act=login&op=login ( act=login&op=login ) 
ERR: Db Error: Table 'a0302174411.user_lock' doesn't exist
SELECT * FROM `user_lock` WHERE ( pid = '19646408941' ) LIMIT 1  
[2017-03-06 23:51:37] /index.php?act=login&op=login ( act=login&op=login ) 
ERR: Db Error: Table 'a0302174411.user_lock' doesn't exist
SELECT * FROM `user_lock` WHERE ( pid = '19646408941' ) LIMIT 1  
[2017-03-06 23:51:37] /index.php?act=login&op=login ( act=login&op=login ) 
ERR: Db Error: Table 'a0302174411.user_lock' doesn't exist
INSERT  INTO `user_lock` (pid,pvalue,expiretime) VALUES ('19646408941','1','1488816096')
[2017-03-06 23:56:03] /index.php?act=login&op=login ( act=login&op=login ) 
ERR: Db Error: Table 'a0302174411.user_lock' doesn't exist
SELECT * FROM `user_lock` WHERE ( pid = '196464089401' ) LIMIT 1  
[2017-03-06 23:56:03] /index.php?act=login&op=login ( act=login&op=login ) 
ERR: Db Error: Table 'a0302174411.user_lock' doesn't exist
SELECT * FROM `user_lock` WHERE ( pid = '19646408941' ) LIMIT 1  
[2017-03-06 23:56:03] /index.php?act=login&op=login ( act=login&op=login ) 
ERR: Db Error: Table 'a0302174411.user_lock' doesn't exist
SELECT * FROM `user_lock` WHERE ( pid = '19646408941' ) LIMIT 1  
[2017-03-06 23:56:03] /index.php?act=login&op=login ( act=login&op=login ) 
ERR: Db Error: Table 'a0302174411.user_lock' doesn't exist
INSERT  INTO `user_lock` (pid,pvalue,expiretime) VALUES ('19646408941','1','1488816362')
[2017-03-06 23:58:57] /index.php?act=login&op=login ( act=login&op=login ) 
ERR: Db Error: Table 'a0302174411.user_lock' doesn't exist
SELECT * FROM `user_lock` WHERE ( pid = '196464089401' ) LIMIT 1  
[2017-03-06 23:58:57] /index.php?act=login&op=login ( act=login&op=login ) 
ERR: Db Error: Table 'a0302174411.user_lock' doesn't exist
SELECT * FROM `user_lock` WHERE ( pid = '19646408941' ) LIMIT 1  
[2017-03-06 23:58:57] /index.php?act=login&op=login ( act=login&op=login ) 
ERR: Db Error: Table 'a0302174411.user_lock' doesn't exist
SELECT * FROM `user_lock` WHERE ( pid = '19646408941' ) LIMIT 1  
[2017-03-06 23:58:57] /index.php?act=login&op=login ( act=login&op=login ) 
ERR: Db Error: Table 'a0302174411.user_lock' doesn't exist
INSERT  INTO `user_lock` (pid,pvalue,expiretime) VALUES ('19646408941','1','1488816536')
