[2019-12-25 10:05:18] /index.php?act=login&op=login ( act=login&op=login ) 
ERR: Db Error: Table 'sg.user_lock' doesn't exist
SELECT * FROM `user_lock` WHERE ( pid = '213070643301' ) LIMIT 1  
[2019-12-25 10:05:18] /index.php?act=login&op=login ( act=login&op=login ) 
ERR: Db Error: Table 'sg.user_lock' doesn't exist
DELETE  FROM `user_lock` WHERE ( pid = '213070643301' )
[2019-12-25 10:05:18] /index.php?act=login&op=login ( act=login&op=login ) 
ERR: Db Error: Table 'sg.user_lock' doesn't exist
DELETE  FROM `user_lock` WHERE ( pid = '21307064331' )
[2019-12-25 10:07:14] /index.php?act=login&op=login ( act=login&op=login ) 
ERR: Db Error: Table 'sg.user_lock' doesn't exist
SELECT * FROM `user_lock` WHERE ( pid = '213070643301' ) LIMIT 1  
[2019-12-25 10:07:14] /index.php?act=login&op=login ( act=login&op=login ) 
ERR: Db Error: Table 'sg.user_lock' doesn't exist
DELETE  FROM `user_lock` WHERE ( pid = '213070643301' )
[2019-12-25 10:07:14] /index.php?act=login&op=login ( act=login&op=login ) 
ERR: Db Error: Table 'sg.user_lock' doesn't exist
DELETE  FROM `user_lock` WHERE ( pid = '21307064331' )
[2019-12-25 10:09:48] /admin/index.php?act=login&op=login ( act=login&op=login ) 
ERR: Db Error: Table 'sg.user_lock' doesn't exist
SELECT * FROM `user_lock` WHERE ( pid = '213070643305' ) LIMIT 1  
[2019-12-25 10:09:48] /admin/index.php?act=login&op=login ( act=login&op=login ) 
ERR: Db Error: Table 'sg.user_lock' doesn't exist
DELETE  FROM `user_lock` WHERE ( pid = '213070643305' )
[2019-12-25 10:09:48] /admin/index.php?act=login&op=login ( act=login&op=login ) 
ERR: Db Error: Table 'sg.user_lock' doesn't exist
DELETE  FROM `user_lock` WHERE ( pid = '21307064335' )
[2019-12-25 11:23:47] /index.php?act=login&op=login ( act=login&op=login ) 
ERR: Db Error: Table 'sg.user_lock' doesn't exist
SELECT * FROM `user_lock` WHERE ( pid = '213070643301' ) LIMIT 1  
[2019-12-25 11:23:47] /index.php?act=login&op=login ( act=login&op=login ) 
ERR: Db Error: Table 'sg.user_lock' doesn't exist
DELETE  FROM `user_lock` WHERE ( pid = '213070643301' )
[2019-12-25 11:23:47] /index.php?act=login&op=login ( act=login&op=login ) 
ERR: Db Error: Table 'sg.user_lock' doesn't exist
DELETE  FROM `user_lock` WHERE ( pid = '21307064331' )
[2019-12-25 13:52:25] /index.php?act=login&op=login ( act=login&op=login ) 
ERR: Db Error: Table 'sg.user_lock' doesn't exist
SELECT * FROM `user_lock` WHERE ( pid = '213070643301' ) LIMIT 1  
[2019-12-25 13:52:25] /index.php?act=login&op=login ( act=login&op=login ) 
ERR: Db Error: Table 'sg.user_lock' doesn't exist
SELECT * FROM `user_lock` WHERE ( pid = '21307064331' ) LIMIT 1  
[2019-12-25 13:52:25] /index.php?act=login&op=login ( act=login&op=login ) 
ERR: Db Error: Table 'sg.user_lock' doesn't exist
SELECT * FROM `user_lock` WHERE ( pid = '21307064331' ) LIMIT 1  
[2019-12-25 13:52:25] /index.php?act=login&op=login ( act=login&op=login ) 
ERR: Db Error: Table 'sg.user_lock' doesn't exist
INSERT  INTO `user_lock` (pid,pvalue,expiretime) VALUES ('21307064331','1','1577253745')
[2019-12-25 13:52:33] /index.php?act=login&op=login ( act=login&op=login ) 
ERR: Db Error: Table 'sg.user_lock' doesn't exist
SELECT * FROM `user_lock` WHERE ( pid = '213070643301' ) LIMIT 1  
[2019-12-25 13:52:33] /index.php?act=login&op=login ( act=login&op=login ) 
ERR: Db Error: Table 'sg.user_lock' doesn't exist
SELECT * FROM `user_lock` WHERE ( pid = '21307064331' ) LIMIT 1  
[2019-12-25 13:52:33] /index.php?act=login&op=login ( act=login&op=login ) 
ERR: Db Error: Table 'sg.user_lock' doesn't exist
SELECT * FROM `user_lock` WHERE ( pid = '21307064331' ) LIMIT 1  
[2019-12-25 13:52:33] /index.php?act=login&op=login ( act=login&op=login ) 
ERR: Db Error: Table 'sg.user_lock' doesn't exist
INSERT  INTO `user_lock` (pid,pvalue,expiretime) VALUES ('21307064331','1','1577253753')
[2019-12-25 13:53:01] /index.php?act=login&op=login ( act=login&op=login ) 
ERR: Db Error: Table 'sg.user_lock' doesn't exist
SELECT * FROM `user_lock` WHERE ( pid = '213070643301' ) LIMIT 1  
[2019-12-25 13:53:01] /index.php?act=login&op=login ( act=login&op=login ) 
ERR: Db Error: Table 'sg.user_lock' doesn't exist
SELECT * FROM `user_lock` WHERE ( pid = '21307064331' ) LIMIT 1  
[2019-12-25 13:53:01] /index.php?act=login&op=login ( act=login&op=login ) 
ERR: Db Error: Table 'sg.user_lock' doesn't exist
SELECT * FROM `user_lock` WHERE ( pid = '21307064331' ) LIMIT 1  
[2019-12-25 13:53:01] /index.php?act=login&op=login ( act=login&op=login ) 
ERR: Db Error: Table 'sg.user_lock' doesn't exist
INSERT  INTO `user_lock` (pid,pvalue,expiretime) VALUES ('21307064331','1','1577253781')
[2019-12-25 13:54:41] /index.php?act=login&op=login ( act=login&op=login ) 
ERR: Db Error: Table 'sg.user_lock' doesn't exist
SELECT * FROM `user_lock` WHERE ( pid = '213070643301' ) LIMIT 1  
[2019-12-25 13:54:41] /index.php?act=login&op=login ( act=login&op=login ) 
ERR: Db Error: Table 'sg.user_lock' doesn't exist
SELECT * FROM `user_lock` WHERE ( pid = '21307064331' ) LIMIT 1  
[2019-12-25 13:54:41] /index.php?act=login&op=login ( act=login&op=login ) 
ERR: Db Error: Table 'sg.user_lock' doesn't exist
SELECT * FROM `user_lock` WHERE ( pid = '21307064331' ) LIMIT 1  
[2019-12-25 13:54:41] /index.php?act=login&op=login ( act=login&op=login ) 
ERR: Db Error: Table 'sg.user_lock' doesn't exist
INSERT  INTO `user_lock` (pid,pvalue,expiretime) VALUES ('21307064331','1','1577253881')
[2019-12-25 13:54:49] /index.php?act=login&op=login ( act=login&op=login ) 
ERR: Db Error: Table 'sg.user_lock' doesn't exist
SELECT * FROM `user_lock` WHERE ( pid = '213070643301' ) LIMIT 1  
[2019-12-25 13:54:49] /index.php?act=login&op=login ( act=login&op=login ) 
ERR: Db Error: Table 'sg.user_lock' doesn't exist
SELECT * FROM `user_lock` WHERE ( pid = '21307064331' ) LIMIT 1  
[2019-12-25 13:54:49] /index.php?act=login&op=login ( act=login&op=login ) 
ERR: Db Error: Table 'sg.user_lock' doesn't exist
SELECT * FROM `user_lock` WHERE ( pid = '21307064331' ) LIMIT 1  
[2019-12-25 13:54:49] /index.php?act=login&op=login ( act=login&op=login ) 
ERR: Db Error: Table 'sg.user_lock' doesn't exist
INSERT  INTO `user_lock` (pid,pvalue,expiretime) VALUES ('21307064331','1','1577253889')
[2019-12-25 14:05:36] /index.php?act=login&op=login ( act=login&op=login ) 
ERR: Db Error: Table 'sg.user_lock' doesn't exist
SELECT * FROM `user_lock` WHERE ( pid = '213070643301' ) LIMIT 1  
[2019-12-25 14:05:36] /index.php?act=login&op=login ( act=login&op=login ) 
ERR: Db Error: Table 'sg.user_lock' doesn't exist
SELECT * FROM `user_lock` WHERE ( pid = '21307064331' ) LIMIT 1  
[2019-12-25 14:05:36] /index.php?act=login&op=login ( act=login&op=login ) 
ERR: Db Error: Table 'sg.user_lock' doesn't exist
SELECT * FROM `user_lock` WHERE ( pid = '21307064331' ) LIMIT 1  
[2019-12-25 14:05:36] /index.php?act=login&op=login ( act=login&op=login ) 
ERR: Db Error: Table 'sg.user_lock' doesn't exist
INSERT  INTO `user_lock` (pid,pvalue,expiretime) VALUES ('21307064331','1','1577254536')
[2019-12-25 14:06:05] /admin/index.php?act=login&op=login ( act=login&op=login ) 
ERR: Db Error: Table 'sg.user_lock' doesn't exist
SELECT * FROM `user_lock` WHERE ( pid = '213070643305' ) LIMIT 1  
[2019-12-25 14:06:05] /admin/index.php?act=login&op=login ( act=login&op=login ) 
ERR: Db Error: Table 'sg.user_lock' doesn't exist
DELETE  FROM `user_lock` WHERE ( pid = '213070643305' )
[2019-12-25 14:06:05] /admin/index.php?act=login&op=login ( act=login&op=login ) 
ERR: Db Error: Table 'sg.user_lock' doesn't exist
DELETE  FROM `user_lock` WHERE ( pid = '21307064335' )
[2019-12-25 14:06:50] /index.php?act=login&op=login ( act=login&op=login ) 
ERR: Db Error: Table 'sg.user_lock' doesn't exist
SELECT * FROM `user_lock` WHERE ( pid = '213070643301' ) LIMIT 1  
[2019-12-25 14:06:50] /index.php?act=login&op=login ( act=login&op=login ) 
ERR: Db Error: Table 'sg.user_lock' doesn't exist
DELETE  FROM `user_lock` WHERE ( pid = '213070643301' )
[2019-12-25 14:06:50] /index.php?act=login&op=login ( act=login&op=login ) 
ERR: Db Error: Table 'sg.user_lock' doesn't exist
DELETE  FROM `user_lock` WHERE ( pid = '21307064331' )
[2019-12-25 14:06:59] /index.php?act=login&op=login ( act=login&op=login ) 
ERR: Db Error: Table 'sg.user_lock' doesn't exist
SELECT * FROM `user_lock` WHERE ( pid = '213070643301' ) LIMIT 1  
[2019-12-25 14:06:59] /index.php?act=login&op=login ( act=login&op=login ) 
ERR: Db Error: Table 'sg.user_lock' doesn't exist
SELECT * FROM `user_lock` WHERE ( pid = '21307064331' ) LIMIT 1  
[2019-12-25 14:06:59] /index.php?act=login&op=login ( act=login&op=login ) 
ERR: Db Error: Table 'sg.user_lock' doesn't exist
SELECT * FROM `user_lock` WHERE ( pid = '21307064331' ) LIMIT 1  
[2019-12-25 14:06:59] /index.php?act=login&op=login ( act=login&op=login ) 
ERR: Db Error: Table 'sg.user_lock' doesn't exist
INSERT  INTO `user_lock` (pid,pvalue,expiretime) VALUES ('21307064331','1','1577254619')
[2019-12-25 15:00:39] /index.php?act=login&op=login ( act=login&op=login ) 
ERR: Db Error: Table 'sg.user_lock' doesn't exist
SELECT * FROM `user_lock` WHERE ( pid = '213070643301' ) LIMIT 1  
[2019-12-25 15:00:39] /index.php?act=login&op=login ( act=login&op=login ) 
ERR: Db Error: Table 'sg.user_lock' doesn't exist
SELECT * FROM `user_lock` WHERE ( pid = '21307064331' ) LIMIT 1  
[2019-12-25 15:00:39] /index.php?act=login&op=login ( act=login&op=login ) 
ERR: Db Error: Table 'sg.user_lock' doesn't exist
SELECT * FROM `user_lock` WHERE ( pid = '21307064331' ) LIMIT 1  
[2019-12-25 15:00:39] /index.php?act=login&op=login ( act=login&op=login ) 
ERR: Db Error: Table 'sg.user_lock' doesn't exist
INSERT  INTO `user_lock` (pid,pvalue,expiretime) VALUES ('21307064331','1','1577257839')
[2019-12-25 15:00:51] /index.php?act=login&op=login ( act=login&op=login ) 
ERR: Db Error: Table 'sg.user_lock' doesn't exist
SELECT * FROM `user_lock` WHERE ( pid = '213070643301' ) LIMIT 1  
[2019-12-25 15:00:51] /index.php?act=login&op=login ( act=login&op=login ) 
ERR: Db Error: Table 'sg.user_lock' doesn't exist
SELECT * FROM `user_lock` WHERE ( pid = '21307064331' ) LIMIT 1  
[2019-12-25 15:00:51] /index.php?act=login&op=login ( act=login&op=login ) 
ERR: Db Error: Table 'sg.user_lock' doesn't exist
SELECT * FROM `user_lock` WHERE ( pid = '21307064331' ) LIMIT 1  
[2019-12-25 15:00:51] /index.php?act=login&op=login ( act=login&op=login ) 
ERR: Db Error: Table 'sg.user_lock' doesn't exist
INSERT  INTO `user_lock` (pid,pvalue,expiretime) VALUES ('21307064331','1','1577257851')
[2019-12-25 15:02:39] /index.php?act=login&op=login ( act=login&op=login ) 
ERR: Db Error: Table 'sg.user_lock' doesn't exist
SELECT * FROM `user_lock` WHERE ( pid = '213070643301' ) LIMIT 1  
[2019-12-25 15:02:39] /index.php?act=login&op=login ( act=login&op=login ) 
ERR: Db Error: Table 'sg.user_lock' doesn't exist
DELETE  FROM `user_lock` WHERE ( pid = '213070643301' )
[2019-12-25 15:02:39] /index.php?act=login&op=login ( act=login&op=login ) 
ERR: Db Error: Table 'sg.user_lock' doesn't exist
DELETE  FROM `user_lock` WHERE ( pid = '21307064331' )
[2019-12-25 15:14:47] /admin/index.php?act=login&op=login ( act=login&op=login ) 
ERR: Db Error: Table 'sg.user_lock' doesn't exist
SELECT * FROM `user_lock` WHERE ( pid = '213070643305' ) LIMIT 1  
[2019-12-25 15:14:47] /admin/index.php?act=login&op=login ( act=login&op=login ) 
ERR: Db Error: Table 'sg.user_lock' doesn't exist
DELETE  FROM `user_lock` WHERE ( pid = '213070643305' )
[2019-12-25 15:14:47] /admin/index.php?act=login&op=login ( act=login&op=login ) 
ERR: Db Error: Table 'sg.user_lock' doesn't exist
DELETE  FROM `user_lock` WHERE ( pid = '21307064335' )
[2019-12-25 15:16:35] /index.php?act=login&op=login ( act=login&op=login ) 
ERR: Db Error: Table 'sg.user_lock' doesn't exist
SELECT * FROM `user_lock` WHERE ( pid = '213070643301' ) LIMIT 1  
[2019-12-25 15:16:35] /index.php?act=login&op=login ( act=login&op=login ) 
ERR: Db Error: Table 'sg.user_lock' doesn't exist
DELETE  FROM `user_lock` WHERE ( pid = '213070643301' )
[2019-12-25 15:16:35] /index.php?act=login&op=login ( act=login&op=login ) 
ERR: Db Error: Table 'sg.user_lock' doesn't exist
DELETE  FROM `user_lock` WHERE ( pid = '21307064331' )
[2019-12-25 15:30:52] /index.php?act=login&op=login ( act=login&op=login ) 
ERR: Db Error: Table 'sg.user_lock' doesn't exist
SELECT * FROM `user_lock` WHERE ( pid = '213070643301' ) LIMIT 1  
[2019-12-25 15:30:52] /index.php?act=login&op=login ( act=login&op=login ) 
ERR: Db Error: Table 'sg.user_lock' doesn't exist
SELECT * FROM `user_lock` WHERE ( pid = '21307064331' ) LIMIT 1  
[2019-12-25 15:30:52] /index.php?act=login&op=login ( act=login&op=login ) 
ERR: Db Error: Table 'sg.user_lock' doesn't exist
SELECT * FROM `user_lock` WHERE ( pid = '21307064331' ) LIMIT 1  
[2019-12-25 15:30:52] /index.php?act=login&op=login ( act=login&op=login ) 
ERR: Db Error: Table 'sg.user_lock' doesn't exist
INSERT  INTO `user_lock` (pid,pvalue,expiretime) VALUES ('21307064331','1','1577259652')
[2019-12-25 15:31:02] /index.php?act=login&op=login ( act=login&op=login ) 
ERR: Db Error: Table 'sg.user_lock' doesn't exist
SELECT * FROM `user_lock` WHERE ( pid = '213070643301' ) LIMIT 1  
[2019-12-25 15:31:02] /index.php?act=login&op=login ( act=login&op=login ) 
ERR: Db Error: Table 'sg.user_lock' doesn't exist
DELETE  FROM `user_lock` WHERE ( pid = '213070643301' )
[2019-12-25 15:31:02] /index.php?act=login&op=login ( act=login&op=login ) 
ERR: Db Error: Table 'sg.user_lock' doesn't exist
DELETE  FROM `user_lock` WHERE ( pid = '21307064331' )
[2019-12-25 15:39:22] /index.php?act=login&op=login ( act=login&op=login ) 
ERR: Db Error: Table 'sg.user_lock' doesn't exist
SELECT * FROM `user_lock` WHERE ( pid = '213070643301' ) LIMIT 1  
[2019-12-25 15:39:22] /index.php?act=login&op=login ( act=login&op=login ) 
ERR: Db Error: Table 'sg.user_lock' doesn't exist
DELETE  FROM `user_lock` WHERE ( pid = '213070643301' )
[2019-12-25 15:39:22] /index.php?act=login&op=login ( act=login&op=login ) 
ERR: Db Error: Table 'sg.user_lock' doesn't exist
DELETE  FROM `user_lock` WHERE ( pid = '21307064331' )
[2019-12-25 16:17:01] /?act=member&op=home ( act=member&op=home ) 
ERR: Db Error: You have an error in your SQL syntax; check the manual that corresponds to your MySQL server version for the right syntax to use near 'and date='2019-12-25' LIMIT 1' at line 1
SELECT * FROM `user_reg_day` WHERE user_id= and date='2019-12-25' LIMIT 1  
[2019-12-25 16:17:01] /?act=member&op=home ( act=member&op=home ) 
ERR: Db Error: You have an error in your SQL syntax; check the manual that corresponds to your MySQL server version for the right syntax to use near 'LIMIT 1' at line 1
SELECT sum(b0) as sum FROM `user_bonuslog` WHERE uid =  LIMIT 1  
[2019-12-25 16:18:17] /?act=member&op=home ( act=member&op=home ) 
ERR: Db Error: You have an error in your SQL syntax; check the manual that corresponds to your MySQL server version for the right syntax to use near 'and date='2019-12-25' LIMIT 1' at line 1
SELECT * FROM `user_reg_day` WHERE user_id= and date='2019-12-25' LIMIT 1  
[2019-12-25 16:18:17] /?act=member&op=home ( act=member&op=home ) 
ERR: Db Error: You have an error in your SQL syntax; check the manual that corresponds to your MySQL server version for the right syntax to use near 'LIMIT 1' at line 1
SELECT sum(b0) as sum FROM `user_bonuslog` WHERE uid =  LIMIT 1  
[2019-12-25 16:28:15] /?act=member&op=home ( act=member&op=home ) 
ERR: Db Error: You have an error in your SQL syntax; check the manual that corresponds to your MySQL server version for the right syntax to use near 'and date='2019-12-25' LIMIT 1' at line 1
SELECT * FROM `user_reg_day` WHERE user_id= and date='2019-12-25' LIMIT 1  
[2019-12-25 16:28:15] /?act=member&op=home ( act=member&op=home ) 
ERR: Db Error: You have an error in your SQL syntax; check the manual that corresponds to your MySQL server version for the right syntax to use near 'LIMIT 1' at line 1
SELECT sum(b0) as sum FROM `user_bonuslog` WHERE uid =  LIMIT 1  
[2019-12-25 18:01:15] /index.php?act=login&op=login ( act=login&op=login ) 
ERR: Db Error: Table 'sg.user_lock' doesn't exist
SELECT * FROM `user_lock` WHERE ( pid = '213070643301' ) LIMIT 1  
[2019-12-25 18:01:15] /index.php?act=login&op=login ( act=login&op=login ) 
ERR: Db Error: Table 'sg.user_lock' doesn't exist
DELETE  FROM `user_lock` WHERE ( pid = '213070643301' )
[2019-12-25 18:01:15] /index.php?act=login&op=login ( act=login&op=login ) 
ERR: Db Error: Table 'sg.user_lock' doesn't exist
DELETE  FROM `user_lock` WHERE ( pid = '21307064331' )
[2019-12-25 18:01:32] /index.php?act=login&op=login ( act=login&op=login ) 
ERR: Db Error: Table 'sg.user_lock' doesn't exist
SELECT * FROM `user_lock` WHERE ( pid = '213070643301' ) LIMIT 1  
[2019-12-25 18:01:32] /index.php?act=login&op=login ( act=login&op=login ) 
ERR: Db Error: Table 'sg.user_lock' doesn't exist
DELETE  FROM `user_lock` WHERE ( pid = '213070643301' )
[2019-12-25 18:01:32] /index.php?act=login&op=login ( act=login&op=login ) 
ERR: Db Error: Table 'sg.user_lock' doesn't exist
DELETE  FROM `user_lock` WHERE ( pid = '21307064331' )
[2019-12-25 18:03:26] /index.php?act=login&op=login ( act=login&op=login ) 
ERR: Db Error: Table 'sg.user_lock' doesn't exist
SELECT * FROM `user_lock` WHERE ( pid = '213070643301' ) LIMIT 1  
[2019-12-25 18:03:26] /index.php?act=login&op=login ( act=login&op=login ) 
ERR: Db Error: Table 'sg.user_lock' doesn't exist
DELETE  FROM `user_lock` WHERE ( pid = '213070643301' )
[2019-12-25 18:03:26] /index.php?act=login&op=login ( act=login&op=login ) 
ERR: Db Error: Table 'sg.user_lock' doesn't exist
DELETE  FROM `user_lock` WHERE ( pid = '21307064331' )
[2019-12-25 18:03:59] /index.php?act=login&op=login ( act=login&op=login ) 
ERR: Db Error: Table 'sg.user_lock' doesn't exist
SELECT * FROM `user_lock` WHERE ( pid = '213070643301' ) LIMIT 1  
[2019-12-25 18:03:59] /index.php?act=login&op=login ( act=login&op=login ) 
ERR: Db Error: Table 'sg.user_lock' doesn't exist
DELETE  FROM `user_lock` WHERE ( pid = '213070643301' )
[2019-12-25 18:03:59] /index.php?act=login&op=login ( act=login&op=login ) 
ERR: Db Error: Table 'sg.user_lock' doesn't exist
DELETE  FROM `user_lock` WHERE ( pid = '21307064331' )
[2019-12-25 18:06:41] /?act=member&op=home ( act=member&op=home ) 
ERR: Db Error: You have an error in your SQL syntax; check the manual that corresponds to your MySQL server version for the right syntax to use near 'and date='2019-12-25' LIMIT 1' at line 1
SELECT * FROM `user_reg_day` WHERE user_id= and date='2019-12-25' LIMIT 1  
[2019-12-25 18:06:41] /?act=member&op=home ( act=member&op=home ) 
ERR: Db Error: You have an error in your SQL syntax; check the manual that corresponds to your MySQL server version for the right syntax to use near 'LIMIT 1' at line 1
SELECT sum(b0) as sum FROM `user_bonuslog` WHERE uid =  LIMIT 1  
[2019-12-25 18:08:07] /?act=member&op=home ( act=member&op=home ) 
ERR: Db Error: You have an error in your SQL syntax; check the manual that corresponds to your MySQL server version for the right syntax to use near 'and date='2019-12-25' LIMIT 1' at line 1
SELECT * FROM `user_reg_day` WHERE user_id= and date='2019-12-25' LIMIT 1  
[2019-12-25 18:08:07] /?act=member&op=home ( act=member&op=home ) 
ERR: Db Error: You have an error in your SQL syntax; check the manual that corresponds to your MySQL server version for the right syntax to use near 'LIMIT 1' at line 1
SELECT sum(b0) as sum FROM `user_bonuslog` WHERE uid =  LIMIT 1  
[2019-12-25 18:08:28] /?act=member&op=home ( act=member&op=home ) 
ERR: Db Error: You have an error in your SQL syntax; check the manual that corresponds to your MySQL server version for the right syntax to use near 'and date='2019-12-25' LIMIT 1' at line 1
SELECT * FROM `user_reg_day` WHERE user_id= and date='2019-12-25' LIMIT 1  
[2019-12-25 18:08:28] /?act=member&op=home ( act=member&op=home ) 
ERR: Db Error: You have an error in your SQL syntax; check the manual that corresponds to your MySQL server version for the right syntax to use near 'LIMIT 1' at line 1
SELECT sum(b0) as sum FROM `user_bonuslog` WHERE uid =  LIMIT 1  
[2019-12-25 18:08:29] /?act=member&op=home ( act=member&op=home ) 
ERR: Db Error: You have an error in your SQL syntax; check the manual that corresponds to your MySQL server version for the right syntax to use near 'and date='2019-12-25' LIMIT 1' at line 1
SELECT * FROM `user_reg_day` WHERE user_id= and date='2019-12-25' LIMIT 1  
[2019-12-25 18:08:29] /?act=member&op=home ( act=member&op=home ) 
ERR: Db Error: You have an error in your SQL syntax; check the manual that corresponds to your MySQL server version for the right syntax to use near 'LIMIT 1' at line 1
SELECT sum(b0) as sum FROM `user_bonuslog` WHERE uid =  LIMIT 1  
[2019-12-25 18:10:18] /?act=member&op=home ( act=member&op=home ) 
ERR: Db Error: You have an error in your SQL syntax; check the manual that corresponds to your MySQL server version for the right syntax to use near 'and date='2019-12-25' LIMIT 1' at line 1
SELECT * FROM `user_reg_day` WHERE user_id= and date='2019-12-25' LIMIT 1  
[2019-12-25 18:10:18] /?act=member&op=home ( act=member&op=home ) 
ERR: Db Error: You have an error in your SQL syntax; check the manual that corresponds to your MySQL server version for the right syntax to use near 'LIMIT 1' at line 1
SELECT sum(b0) as sum FROM `user_bonuslog` WHERE uid =  LIMIT 1  
[2019-12-25 18:10:56] /?act=member&op=home ( act=member&op=home ) 
ERR: Db Error: You have an error in your SQL syntax; check the manual that corresponds to your MySQL server version for the right syntax to use near 'and date='2019-12-25' LIMIT 1' at line 1
SELECT * FROM `user_reg_day` WHERE user_id= and date='2019-12-25' LIMIT 1  
[2019-12-25 18:10:56] /?act=member&op=home ( act=member&op=home ) 
ERR: Db Error: You have an error in your SQL syntax; check the manual that corresponds to your MySQL server version for the right syntax to use near 'LIMIT 1' at line 1
SELECT sum(b0) as sum FROM `user_bonuslog` WHERE uid =  LIMIT 1  
[2019-12-25 18:11:00] /?act=member&op=home ( act=member&op=home ) 
ERR: Db Error: You have an error in your SQL syntax; check the manual that corresponds to your MySQL server version for the right syntax to use near 'and date='2019-12-25' LIMIT 1' at line 1
SELECT * FROM `user_reg_day` WHERE user_id= and date='2019-12-25' LIMIT 1  
[2019-12-25 18:11:00] /?act=member&op=home ( act=member&op=home ) 
ERR: Db Error: You have an error in your SQL syntax; check the manual that corresponds to your MySQL server version for the right syntax to use near 'LIMIT 1' at line 1
SELECT sum(b0) as sum FROM `user_bonuslog` WHERE uid =  LIMIT 1  
[2019-12-25 18:14:59] /?act=member&op=home ( act=member&op=home ) 
ERR: Db Error: You have an error in your SQL syntax; check the manual that corresponds to your MySQL server version for the right syntax to use near 'and date='2019-12-25' LIMIT 1' at line 1
SELECT * FROM `user_reg_day` WHERE user_id= and date='2019-12-25' LIMIT 1  
[2019-12-25 18:14:59] /?act=member&op=home ( act=member&op=home ) 
ERR: Db Error: You have an error in your SQL syntax; check the manual that corresponds to your MySQL server version for the right syntax to use near 'LIMIT 1' at line 1
SELECT sum(b0) as sum FROM `user_bonuslog` WHERE uid =  LIMIT 1  
[2019-12-25 18:15:18] /?act=member&op=home ( act=member&op=home ) 
ERR: Db Error: You have an error in your SQL syntax; check the manual that corresponds to your MySQL server version for the right syntax to use near 'and date='2019-12-25' LIMIT 1' at line 1
SELECT * FROM `user_reg_day` WHERE user_id= and date='2019-12-25' LIMIT 1  
[2019-12-25 18:15:18] /?act=member&op=home ( act=member&op=home ) 
ERR: Db Error: You have an error in your SQL syntax; check the manual that corresponds to your MySQL server version for the right syntax to use near 'LIMIT 1' at line 1
SELECT sum(b0) as sum FROM `user_bonuslog` WHERE uid =  LIMIT 1  
[2019-12-25 18:16:04] /?act=member&op=home ( act=member&op=home ) 
ERR: Db Error: You have an error in your SQL syntax; check the manual that corresponds to your MySQL server version for the right syntax to use near 'and date='2019-12-25' LIMIT 1' at line 1
SELECT * FROM `user_reg_day` WHERE user_id= and date='2019-12-25' LIMIT 1  
[2019-12-25 18:16:04] /?act=member&op=home ( act=member&op=home ) 
ERR: Db Error: You have an error in your SQL syntax; check the manual that corresponds to your MySQL server version for the right syntax to use near 'LIMIT 1' at line 1
SELECT sum(b0) as sum FROM `user_bonuslog` WHERE uid =  LIMIT 1  
[2019-12-25 18:16:30] /?act=member&op=home ( act=member&op=home ) 
ERR: Db Error: You have an error in your SQL syntax; check the manual that corresponds to your MySQL server version for the right syntax to use near 'and date='2019-12-25' LIMIT 1' at line 1
SELECT * FROM `user_reg_day` WHERE user_id= and date='2019-12-25' LIMIT 1  
[2019-12-25 18:16:30] /?act=member&op=home ( act=member&op=home ) 
ERR: Db Error: You have an error in your SQL syntax; check the manual that corresponds to your MySQL server version for the right syntax to use near 'LIMIT 1' at line 1
SELECT sum(b0) as sum FROM `user_bonuslog` WHERE uid =  LIMIT 1  
[2019-12-25 18:16:46] /?act=member&op=home ( act=member&op=home ) 
ERR: Db Error: You have an error in your SQL syntax; check the manual that corresponds to your MySQL server version for the right syntax to use near 'and date='2019-12-25' LIMIT 1' at line 1
SELECT * FROM `user_reg_day` WHERE user_id= and date='2019-12-25' LIMIT 1  
[2019-12-25 18:16:46] /?act=member&op=home ( act=member&op=home ) 
ERR: Db Error: You have an error in your SQL syntax; check the manual that corresponds to your MySQL server version for the right syntax to use near 'LIMIT 1' at line 1
SELECT sum(b0) as sum FROM `user_bonuslog` WHERE uid =  LIMIT 1  
[2019-12-25 18:17:52] /?act=member&op=home ( act=member&op=home ) 
ERR: Db Error: You have an error in your SQL syntax; check the manual that corresponds to your MySQL server version for the right syntax to use near 'and date='2019-12-25' LIMIT 1' at line 1
SELECT * FROM `user_reg_day` WHERE user_id= and date='2019-12-25' LIMIT 1  
[2019-12-25 18:17:52] /?act=member&op=home ( act=member&op=home ) 
ERR: Db Error: You have an error in your SQL syntax; check the manual that corresponds to your MySQL server version for the right syntax to use near 'LIMIT 1' at line 1
SELECT sum(b0) as sum FROM `user_bonuslog` WHERE uid =  LIMIT 1  
[2019-12-25 18:43:43] /?act=member&op=home ( act=member&op=home ) 
ERR: Db Error: You have an error in your SQL syntax; check the manual that corresponds to your MySQL server version for the right syntax to use near 'and date='2019-12-25' LIMIT 1' at line 1
SELECT * FROM `user_reg_day` WHERE user_id= and date='2019-12-25' LIMIT 1  
[2019-12-25 18:43:43] /?act=member&op=home ( act=member&op=home ) 
ERR: Db Error: You have an error in your SQL syntax; check the manual that corresponds to your MySQL server version for the right syntax to use near 'LIMIT 1' at line 1
SELECT sum(b0) as sum FROM `user_bonuslog` WHERE uid =  LIMIT 1  
[2019-12-25 18:47:06] /?act=member&op=home ( act=member&op=home ) 
ERR: Db Error: You have an error in your SQL syntax; check the manual that corresponds to your MySQL server version for the right syntax to use near 'and date='2019-12-25' LIMIT 1' at line 1
SELECT * FROM `user_reg_day` WHERE user_id= and date='2019-12-25' LIMIT 1  
[2019-12-25 18:47:06] /?act=member&op=home ( act=member&op=home ) 
ERR: Db Error: You have an error in your SQL syntax; check the manual that corresponds to your MySQL server version for the right syntax to use near 'LIMIT 1' at line 1
SELECT sum(b0) as sum FROM `user_bonuslog` WHERE uid =  LIMIT 1  
[2019-12-25 19:01:12] /?act=member&op=home ( act=member&op=home ) 
ERR: Db Error: You have an error in your SQL syntax; check the manual that corresponds to your MySQL server version for the right syntax to use near 'and date='2019-12-25' LIMIT 1' at line 1
SELECT * FROM `user_reg_day` WHERE user_id= and date='2019-12-25' LIMIT 1  
[2019-12-25 19:01:12] /?act=member&op=home ( act=member&op=home ) 
ERR: Db Error: You have an error in your SQL syntax; check the manual that corresponds to your MySQL server version for the right syntax to use near 'LIMIT 1' at line 1
SELECT sum(b0) as sum FROM `user_bonuslog` WHERE uid =  LIMIT 1  
