[2019-12-26 08:57:01] /?act=member&op=home ( act=member&op=home ) 
ERR: Db Error: You have an error in your SQL syntax; check the manual that corresponds to your MySQL server version for the right syntax to use near 'and date='2019-12-26' LIMIT 1' at line 1
SELECT * FROM `user_reg_day` WHERE user_id= and date='2019-12-26' LIMIT 1  
[2019-12-26 08:57:01] /?act=member&op=home ( act=member&op=home ) 
ERR: Db Error: You have an error in your SQL syntax; check the manual that corresponds to your MySQL server version for the right syntax to use near 'LIMIT 1' at line 1
SELECT sum(b0) as sum FROM `user_bonuslog` WHERE uid =  LIMIT 1  
[2019-12-26 09:58:17] /?act=member&op=home ( act=member&op=home ) 
ERR: Db Error: You have an error in your SQL syntax; check the manual that corresponds to your MySQL server version for the right syntax to use near 'and date='2019-12-26' LIMIT 1' at line 1
SELECT * FROM `user_reg_day` WHERE user_id= and date='2019-12-26' LIMIT 1  
[2019-12-26 09:58:17] /?act=member&op=home ( act=member&op=home ) 
ERR: Db Error: You have an error in your SQL syntax; check the manual that corresponds to your MySQL server version for the right syntax to use near 'LIMIT 1' at line 1
SELECT sum(b0) as sum FROM `user_bonuslog` WHERE uid =  LIMIT 1  
[2019-12-26 10:10:20] /?act=member&op=home ( act=member&op=home ) 
ERR: Db Error: You have an error in your SQL syntax; check the manual that corresponds to your MySQL server version for the right syntax to use near 'and date='2019-12-26' LIMIT 1' at line 1
SELECT * FROM `user_reg_day` WHERE user_id= and date='2019-12-26' LIMIT 1  
[2019-12-26 10:10:20] /?act=member&op=home ( act=member&op=home ) 
ERR: Db Error: You have an error in your SQL syntax; check the manual that corresponds to your MySQL server version for the right syntax to use near 'LIMIT 1' at line 1
SELECT sum(b0) as sum FROM `user_bonuslog` WHERE uid =  LIMIT 1  
[2019-12-26 10:11:45] /?act=member&op=home ( act=member&op=home ) 
ERR: Db Error: You have an error in your SQL syntax; check the manual that corresponds to your MySQL server version for the right syntax to use near 'and date='2019-12-26' LIMIT 1' at line 1
SELECT * FROM `user_reg_day` WHERE user_id= and date='2019-12-26' LIMIT 1  
[2019-12-26 10:11:45] /?act=member&op=home ( act=member&op=home ) 
ERR: Db Error: You have an error in your SQL syntax; check the manual that corresponds to your MySQL server version for the right syntax to use near 'LIMIT 1' at line 1
SELECT sum(b0) as sum FROM `user_bonuslog` WHERE uid =  LIMIT 1  
[2019-12-26 10:12:43] /?act=member&op=home ( act=member&op=home ) 
ERR: Db Error: You have an error in your SQL syntax; check the manual that corresponds to your MySQL server version for the right syntax to use near 'and date='2019-12-26' LIMIT 1' at line 1
SELECT * FROM `user_reg_day` WHERE user_id= and date='2019-12-26' LIMIT 1  
[2019-12-26 10:12:43] /?act=member&op=home ( act=member&op=home ) 
ERR: Db Error: You have an error in your SQL syntax; check the manual that corresponds to your MySQL server version for the right syntax to use near 'LIMIT 1' at line 1
SELECT sum(b0) as sum FROM `user_bonuslog` WHERE uid =  LIMIT 1  
[2019-12-26 10:25:15] /?act=member&op=home ( act=member&op=home ) 
ERR: Db Error: You have an error in your SQL syntax; check the manual that corresponds to your MySQL server version for the right syntax to use near 'and date='2019-12-26' LIMIT 1' at line 1
SELECT * FROM `user_reg_day` WHERE user_id= and date='2019-12-26' LIMIT 1  
[2019-12-26 10:25:15] /?act=member&op=home ( act=member&op=home ) 
ERR: Db Error: You have an error in your SQL syntax; check the manual that corresponds to your MySQL server version for the right syntax to use near 'LIMIT 1' at line 1
SELECT sum(b0) as sum FROM `user_bonuslog` WHERE uid =  LIMIT 1  
[2019-12-26 10:25:27] /?act=member&op=home ( act=member&op=home ) 
ERR: Db Error: You have an error in your SQL syntax; check the manual that corresponds to your MySQL server version for the right syntax to use near 'and date='2019-12-26' LIMIT 1' at line 1
SELECT * FROM `user_reg_day` WHERE user_id= and date='2019-12-26' LIMIT 1  
[2019-12-26 10:25:27] /?act=member&op=home ( act=member&op=home ) 
ERR: Db Error: You have an error in your SQL syntax; check the manual that corresponds to your MySQL server version for the right syntax to use near 'LIMIT 1' at line 1
SELECT sum(b0) as sum FROM `user_bonuslog` WHERE uid =  LIMIT 1  
[2019-12-26 10:25:34] /index.php?act=login&op=login ( act=login&op=login ) 
ERR: Db Error: Table 'sg.user_lock' doesn't exist
SELECT * FROM `user_lock` WHERE ( pid = '213070643301' ) LIMIT 1  
[2019-12-26 10:25:34] /index.php?act=login&op=login ( act=login&op=login ) 
ERR: Db Error: Table 'sg.user_lock' doesn't exist
DELETE  FROM `user_lock` WHERE ( pid = '213070643301' )
[2019-12-26 10:25:34] /index.php?act=login&op=login ( act=login&op=login ) 
ERR: Db Error: Table 'sg.user_lock' doesn't exist
DELETE  FROM `user_lock` WHERE ( pid = '21307064331' )
[2019-12-26 10:34:05] /?act=member&op=home ( act=member&op=home ) 
ERR: Db Error: You have an error in your SQL syntax; check the manual that corresponds to your MySQL server version for the right syntax to use near 'and date='2019-12-26' LIMIT 1' at line 1
SELECT * FROM `user_reg_day` WHERE user_id= and date='2019-12-26' LIMIT 1  
[2019-12-26 10:34:05] /?act=member&op=home ( act=member&op=home ) 
ERR: Db Error: You have an error in your SQL syntax; check the manual that corresponds to your MySQL server version for the right syntax to use near 'LIMIT 1' at line 1
SELECT sum(b0) as sum FROM `user_bonuslog` WHERE uid =  LIMIT 1  
[2019-12-26 10:35:18] /?act=member&op=home ( act=member&op=home ) 
ERR: Db Error: You have an error in your SQL syntax; check the manual that corresponds to your MySQL server version for the right syntax to use near 'and date='2019-12-26' LIMIT 1' at line 1
SELECT * FROM `user_reg_day` WHERE user_id= and date='2019-12-26' LIMIT 1  
[2019-12-26 10:35:18] /?act=member&op=home ( act=member&op=home ) 
ERR: Db Error: You have an error in your SQL syntax; check the manual that corresponds to your MySQL server version for the right syntax to use near 'LIMIT 1' at line 1
SELECT sum(b0) as sum FROM `user_bonuslog` WHERE uid =  LIMIT 1  
[2019-12-26 10:35:28] /?act=member&op=home ( act=member&op=home ) 
ERR: Db Error: You have an error in your SQL syntax; check the manual that corresponds to your MySQL server version for the right syntax to use near 'and date='2019-12-26' LIMIT 1' at line 1
SELECT * FROM `user_reg_day` WHERE user_id= and date='2019-12-26' LIMIT 1  
[2019-12-26 10:35:28] /?act=member&op=home ( act=member&op=home ) 
ERR: Db Error: You have an error in your SQL syntax; check the manual that corresponds to your MySQL server version for the right syntax to use near 'LIMIT 1' at line 1
SELECT sum(b0) as sum FROM `user_bonuslog` WHERE uid =  LIMIT 1  
[2019-12-26 10:35:34] /?act=member&op=home ( act=member&op=home ) 
ERR: Db Error: You have an error in your SQL syntax; check the manual that corresponds to your MySQL server version for the right syntax to use near 'and date='2019-12-26' LIMIT 1' at line 1
SELECT * FROM `user_reg_day` WHERE user_id= and date='2019-12-26' LIMIT 1  
[2019-12-26 10:35:34] /?act=member&op=home ( act=member&op=home ) 
ERR: Db Error: You have an error in your SQL syntax; check the manual that corresponds to your MySQL server version for the right syntax to use near 'LIMIT 1' at line 1
SELECT sum(b0) as sum FROM `user_bonuslog` WHERE uid =  LIMIT 1  
[2019-12-26 10:35:44] /?act=member&op=home ( act=member&op=home ) 
ERR: Db Error: You have an error in your SQL syntax; check the manual that corresponds to your MySQL server version for the right syntax to use near 'and date='2019-12-26' LIMIT 1' at line 1
SELECT * FROM `user_reg_day` WHERE user_id= and date='2019-12-26' LIMIT 1  
[2019-12-26 10:35:44] /?act=member&op=home ( act=member&op=home ) 
ERR: Db Error: You have an error in your SQL syntax; check the manual that corresponds to your MySQL server version for the right syntax to use near 'LIMIT 1' at line 1
SELECT sum(b0) as sum FROM `user_bonuslog` WHERE uid =  LIMIT 1  
[2019-12-26 10:35:57] /?act=member&op=home ( act=member&op=home ) 
ERR: Db Error: You have an error in your SQL syntax; check the manual that corresponds to your MySQL server version for the right syntax to use near 'and date='2019-12-26' LIMIT 1' at line 1
SELECT * FROM `user_reg_day` WHERE user_id= and date='2019-12-26' LIMIT 1  
[2019-12-26 10:35:57] /?act=member&op=home ( act=member&op=home ) 
ERR: Db Error: You have an error in your SQL syntax; check the manual that corresponds to your MySQL server version for the right syntax to use near 'LIMIT 1' at line 1
SELECT sum(b0) as sum FROM `user_bonuslog` WHERE uid =  LIMIT 1  
[2019-12-26 10:36:05] /?act=member&op=home ( act=member&op=home ) 
ERR: Db Error: You have an error in your SQL syntax; check the manual that corresponds to your MySQL server version for the right syntax to use near 'and date='2019-12-26' LIMIT 1' at line 1
SELECT * FROM `user_reg_day` WHERE user_id= and date='2019-12-26' LIMIT 1  
[2019-12-26 10:36:05] /?act=member&op=home ( act=member&op=home ) 
ERR: Db Error: You have an error in your SQL syntax; check the manual that corresponds to your MySQL server version for the right syntax to use near 'LIMIT 1' at line 1
SELECT sum(b0) as sum FROM `user_bonuslog` WHERE uid =  LIMIT 1  
[2019-12-26 10:52:53] /?act=member&op=home ( act=member&op=home ) 
ERR: Db Error: You have an error in your SQL syntax; check the manual that corresponds to your MySQL server version for the right syntax to use near 'and date='2019-12-26' LIMIT 1' at line 1
SELECT * FROM `user_reg_day` WHERE user_id= and date='2019-12-26' LIMIT 1  
[2019-12-26 10:52:53] /?act=member&op=home ( act=member&op=home ) 
ERR: Db Error: You have an error in your SQL syntax; check the manual that corresponds to your MySQL server version for the right syntax to use near 'LIMIT 1' at line 1
SELECT sum(b0) as sum FROM `user_bonuslog` WHERE uid =  LIMIT 1  
[2019-12-26 10:53:08] /?act=member&op=home ( act=member&op=home ) 
ERR: Db Error: You have an error in your SQL syntax; check the manual that corresponds to your MySQL server version for the right syntax to use near 'and date='2019-12-26' LIMIT 1' at line 1
SELECT * FROM `user_reg_day` WHERE user_id= and date='2019-12-26' LIMIT 1  
[2019-12-26 10:53:08] /?act=member&op=home ( act=member&op=home ) 
ERR: Db Error: You have an error in your SQL syntax; check the manual that corresponds to your MySQL server version for the right syntax to use near 'LIMIT 1' at line 1
SELECT sum(b0) as sum FROM `user_bonuslog` WHERE uid =  LIMIT 1  
[2019-12-26 10:55:33] /?act=member&op=home ( act=member&op=home ) 
ERR: Db Error: You have an error in your SQL syntax; check the manual that corresponds to your MySQL server version for the right syntax to use near 'and date='2019-12-26' LIMIT 1' at line 1
SELECT * FROM `user_reg_day` WHERE user_id= and date='2019-12-26' LIMIT 1  
[2019-12-26 10:55:33] /?act=member&op=home ( act=member&op=home ) 
ERR: Db Error: You have an error in your SQL syntax; check the manual that corresponds to your MySQL server version for the right syntax to use near 'LIMIT 1' at line 1
SELECT sum(b0) as sum FROM `user_bonuslog` WHERE uid =  LIMIT 1  
[2019-12-26 10:57:05] /?act=member&op=home ( act=member&op=home ) 
ERR: Db Error: You have an error in your SQL syntax; check the manual that corresponds to your MySQL server version for the right syntax to use near 'and date='2019-12-26' LIMIT 1' at line 1
SELECT * FROM `user_reg_day` WHERE user_id= and date='2019-12-26' LIMIT 1  
[2019-12-26 10:57:05] /?act=member&op=home ( act=member&op=home ) 
ERR: Db Error: You have an error in your SQL syntax; check the manual that corresponds to your MySQL server version for the right syntax to use near 'LIMIT 1' at line 1
SELECT sum(b0) as sum FROM `user_bonuslog` WHERE uid =  LIMIT 1  
[2019-12-26 10:58:09] /?act=member&op=home ( act=member&op=home ) 
ERR: Db Error: You have an error in your SQL syntax; check the manual that corresponds to your MySQL server version for the right syntax to use near 'and date='2019-12-26' LIMIT 1' at line 1
SELECT * FROM `user_reg_day` WHERE user_id= and date='2019-12-26' LIMIT 1  
[2019-12-26 10:58:09] /?act=member&op=home ( act=member&op=home ) 
ERR: Db Error: You have an error in your SQL syntax; check the manual that corresponds to your MySQL server version for the right syntax to use near 'LIMIT 1' at line 1
SELECT sum(b0) as sum FROM `user_bonuslog` WHERE uid =  LIMIT 1  
[2019-12-26 11:03:16] /?act=member&op=home ( act=member&op=home ) 
ERR: Db Error: You have an error in your SQL syntax; check the manual that corresponds to your MySQL server version for the right syntax to use near 'and date='2019-12-26' LIMIT 1' at line 1
SELECT * FROM `user_reg_day` WHERE user_id= and date='2019-12-26' LIMIT 1  
[2019-12-26 11:03:16] /?act=member&op=home ( act=member&op=home ) 
ERR: Db Error: You have an error in your SQL syntax; check the manual that corresponds to your MySQL server version for the right syntax to use near 'LIMIT 1' at line 1
SELECT sum(b0) as sum FROM `user_bonuslog` WHERE uid =  LIMIT 1  
[2019-12-26 11:08:43] /?act=member&op=home ( act=member&op=home ) 
ERR: Db Error: You have an error in your SQL syntax; check the manual that corresponds to your MySQL server version for the right syntax to use near 'and date='2019-12-26' LIMIT 1' at line 1
SELECT * FROM `user_reg_day` WHERE user_id= and date='2019-12-26' LIMIT 1  
[2019-12-26 11:08:43] /?act=member&op=home ( act=member&op=home ) 
ERR: Db Error: You have an error in your SQL syntax; check the manual that corresponds to your MySQL server version for the right syntax to use near 'LIMIT 1' at line 1
SELECT sum(b0) as sum FROM `user_bonuslog` WHERE uid =  LIMIT 1  
[2019-12-26 11:11:20] /?act=member&op=home ( act=member&op=home ) 
ERR: Db Error: You have an error in your SQL syntax; check the manual that corresponds to your MySQL server version for the right syntax to use near 'and date='2019-12-26' LIMIT 1' at line 1
SELECT * FROM `user_reg_day` WHERE user_id= and date='2019-12-26' LIMIT 1  
[2019-12-26 11:11:20] /?act=member&op=home ( act=member&op=home ) 
ERR: Db Error: You have an error in your SQL syntax; check the manual that corresponds to your MySQL server version for the right syntax to use near 'LIMIT 1' at line 1
SELECT sum(b0) as sum FROM `user_bonuslog` WHERE uid =  LIMIT 1  
[2019-12-26 11:11:42] /admin/index.php?act=login&op=login ( act=login&op=login ) 
ERR: Db Error: Table 'sg.user_lock' doesn't exist
SELECT * FROM `user_lock` WHERE ( pid = '213070643305' ) LIMIT 1  
[2019-12-26 11:11:42] /admin/index.php?act=login&op=login ( act=login&op=login ) 
ERR: Db Error: Table 'sg.user_lock' doesn't exist
DELETE  FROM `user_lock` WHERE ( pid = '213070643305' )
[2019-12-26 11:11:42] /admin/index.php?act=login&op=login ( act=login&op=login ) 
ERR: Db Error: Table 'sg.user_lock' doesn't exist
DELETE  FROM `user_lock` WHERE ( pid = '21307064335' )
[2019-12-26 11:13:01] /?act=member&op=home ( act=member&op=home ) 
ERR: Db Error: You have an error in your SQL syntax; check the manual that corresponds to your MySQL server version for the right syntax to use near 'and date='2019-12-26' LIMIT 1' at line 1
SELECT * FROM `user_reg_day` WHERE user_id= and date='2019-12-26' LIMIT 1  
[2019-12-26 11:13:01] /?act=member&op=home ( act=member&op=home ) 
ERR: Db Error: You have an error in your SQL syntax; check the manual that corresponds to your MySQL server version for the right syntax to use near 'LIMIT 1' at line 1
SELECT sum(b0) as sum FROM `user_bonuslog` WHERE uid =  LIMIT 1  
[2019-12-26 11:13:10] /index.php?act=login&op=login ( act=login&op=login ) 
ERR: Db Error: Table 'sg.user_lock' doesn't exist
SELECT * FROM `user_lock` WHERE ( pid = '213070643301' ) LIMIT 1  
[2019-12-26 11:13:10] /index.php?act=login&op=login ( act=login&op=login ) 
ERR: Db Error: Table 'sg.user_lock' doesn't exist
SELECT * FROM `user_lock` WHERE ( pid = '21307064331' ) LIMIT 1  
[2019-12-26 11:13:10] /index.php?act=login&op=login ( act=login&op=login ) 
ERR: Db Error: Table 'sg.user_lock' doesn't exist
SELECT * FROM `user_lock` WHERE ( pid = '21307064331' ) LIMIT 1  
[2019-12-26 11:13:10] /index.php?act=login&op=login ( act=login&op=login ) 
ERR: Db Error: Table 'sg.user_lock' doesn't exist
INSERT  INTO `user_lock` (pid,pvalue,expiretime) VALUES ('21307064331','1','1577330590')
[2019-12-26 11:47:12] /?act=member&op=home ( act=member&op=home ) 
ERR: Db Error: You have an error in your SQL syntax; check the manual that corresponds to your MySQL server version for the right syntax to use near 'and date='2019-12-26' LIMIT 1' at line 1
SELECT * FROM `user_reg_day` WHERE user_id= and date='2019-12-26' LIMIT 1  
[2019-12-26 11:47:12] /?act=member&op=home ( act=member&op=home ) 
ERR: Db Error: You have an error in your SQL syntax; check the manual that corresponds to your MySQL server version for the right syntax to use near 'LIMIT 1' at line 1
SELECT sum(b0) as sum FROM `user_bonuslog` WHERE uid =  LIMIT 1  
[2019-12-26 14:28:03] /admin/index.php?act=login&op=login ( act=login&op=login ) 
ERR: Db Error: Table 'sg.user_lock' doesn't exist
SELECT * FROM `user_lock` WHERE ( pid = '213070643305' ) LIMIT 1  
[2019-12-26 14:28:03] /admin/index.php?act=login&op=login ( act=login&op=login ) 
ERR: Db Error: Table 'sg.user_lock' doesn't exist
DELETE  FROM `user_lock` WHERE ( pid = '213070643305' )
[2019-12-26 14:28:03] /admin/index.php?act=login&op=login ( act=login&op=login ) 
ERR: Db Error: Table 'sg.user_lock' doesn't exist
DELETE  FROM `user_lock` WHERE ( pid = '21307064335' )
[2019-12-26 15:11:57] /?act=member&op=home ( act=member&op=home ) 
ERR: Db Error: You have an error in your SQL syntax; check the manual that corresponds to your MySQL server version for the right syntax to use near 'and date='2019-12-26' LIMIT 1' at line 1
SELECT * FROM `user_reg_day` WHERE user_id= and date='2019-12-26' LIMIT 1  
[2019-12-26 15:11:57] /?act=member&op=home ( act=member&op=home ) 
ERR: Db Error: You have an error in your SQL syntax; check the manual that corresponds to your MySQL server version for the right syntax to use near 'LIMIT 1' at line 1
SELECT sum(b0) as sum FROM `user_bonuslog` WHERE uid =  LIMIT 1  
[2019-12-26 15:26:24] /index.php?act=login&op=login ( act=login&op=login ) 
ERR: Db Error: Table 'sg.user_lock' doesn't exist
SELECT * FROM `user_lock` WHERE ( pid = '213070643301' ) LIMIT 1  
[2019-12-26 15:26:24] /index.php?act=login&op=login ( act=login&op=login ) 
ERR: Db Error: Table 'sg.user_lock' doesn't exist
DELETE  FROM `user_lock` WHERE ( pid = '213070643301' )
[2019-12-26 15:26:24] /index.php?act=login&op=login ( act=login&op=login ) 
ERR: Db Error: Table 'sg.user_lock' doesn't exist
DELETE  FROM `user_lock` WHERE ( pid = '21307064331' )
[2019-12-26 15:54:05] /index.php?act=login&op=login ( act=login&op=login ) 
ERR: Db Error: Table 'sg.user_lock' doesn't exist
SELECT * FROM `user_lock` WHERE ( pid = '213070643301' ) LIMIT 1  
[2019-12-26 15:54:05] /index.php?act=login&op=login ( act=login&op=login ) 
ERR: Db Error: Table 'sg.user_lock' doesn't exist
SELECT * FROM `user_lock` WHERE ( pid = '21307064331' ) LIMIT 1  
[2019-12-26 15:54:05] /index.php?act=login&op=login ( act=login&op=login ) 
ERR: Db Error: Table 'sg.user_lock' doesn't exist
SELECT * FROM `user_lock` WHERE ( pid = '21307064331' ) LIMIT 1  
[2019-12-26 15:54:05] /index.php?act=login&op=login ( act=login&op=login ) 
ERR: Db Error: Table 'sg.user_lock' doesn't exist
INSERT  INTO `user_lock` (pid,pvalue,expiretime) VALUES ('21307064331','1','1577347445')
[2019-12-26 15:54:12] /index.php?act=login&op=login ( act=login&op=login ) 
ERR: Db Error: Table 'sg.user_lock' doesn't exist
SELECT * FROM `user_lock` WHERE ( pid = '213070643301' ) LIMIT 1  
[2019-12-26 15:54:12] /index.php?act=login&op=login ( act=login&op=login ) 
ERR: Db Error: Table 'sg.user_lock' doesn't exist
SELECT * FROM `user_lock` WHERE ( pid = '21307064331' ) LIMIT 1  
[2019-12-26 15:54:12] /index.php?act=login&op=login ( act=login&op=login ) 
ERR: Db Error: Table 'sg.user_lock' doesn't exist
SELECT * FROM `user_lock` WHERE ( pid = '21307064331' ) LIMIT 1  
[2019-12-26 15:54:12] /index.php?act=login&op=login ( act=login&op=login ) 
ERR: Db Error: Table 'sg.user_lock' doesn't exist
INSERT  INTO `user_lock` (pid,pvalue,expiretime) VALUES ('21307064331','1','1577347452')
[2019-12-26 15:54:36] /index.php?act=login&op=login ( act=login&op=login ) 
ERR: Db Error: Table 'sg.user_lock' doesn't exist
SELECT * FROM `user_lock` WHERE ( pid = '213070643301' ) LIMIT 1  
[2019-12-26 15:54:36] /index.php?act=login&op=login ( act=login&op=login ) 
ERR: Db Error: Table 'sg.user_lock' doesn't exist
DELETE  FROM `user_lock` WHERE ( pid = '213070643301' )
[2019-12-26 15:54:36] /index.php?act=login&op=login ( act=login&op=login ) 
ERR: Db Error: Table 'sg.user_lock' doesn't exist
DELETE  FROM `user_lock` WHERE ( pid = '21307064331' )
[2019-12-26 15:57:50] /admin/index.php?act=login&op=login ( act=login&op=login ) 
ERR: Db Error: Table 'sg.user_lock' doesn't exist
SELECT * FROM `user_lock` WHERE ( pid = '213070643305' ) LIMIT 1  
[2019-12-26 15:57:50] /admin/index.php?act=login&op=login ( act=login&op=login ) 
ERR: Db Error: Table 'sg.user_lock' doesn't exist
DELETE  FROM `user_lock` WHERE ( pid = '213070643305' )
[2019-12-26 15:57:50] /admin/index.php?act=login&op=login ( act=login&op=login ) 
ERR: Db Error: Table 'sg.user_lock' doesn't exist
DELETE  FROM `user_lock` WHERE ( pid = '21307064335' )
[2019-12-26 15:59:55] /?act=member&op=home ( act=member&op=home ) 
ERR: Db Error: You have an error in your SQL syntax; check the manual that corresponds to your MySQL server version for the right syntax to use near 'and date='2019-12-26' LIMIT 1' at line 1
SELECT * FROM `user_reg_day` WHERE user_id= and date='2019-12-26' LIMIT 1  
[2019-12-26 15:59:55] /?act=member&op=home ( act=member&op=home ) 
ERR: Db Error: You have an error in your SQL syntax; check the manual that corresponds to your MySQL server version for the right syntax to use near 'LIMIT 1' at line 1
SELECT sum(b0) as sum FROM `user_bonuslog` WHERE uid =  LIMIT 1  
[2019-12-26 16:00:03] /index.php?act=login&op=login ( act=login&op=login ) 
ERR: Db Error: Table 'sg.user_lock' doesn't exist
SELECT * FROM `user_lock` WHERE ( pid = '213070643301' ) LIMIT 1  
[2019-12-26 16:00:03] /index.php?act=login&op=login ( act=login&op=login ) 
ERR: Db Error: Table 'sg.user_lock' doesn't exist
DELETE  FROM `user_lock` WHERE ( pid = '213070643301' )
[2019-12-26 16:00:03] /index.php?act=login&op=login ( act=login&op=login ) 
ERR: Db Error: Table 'sg.user_lock' doesn't exist
DELETE  FROM `user_lock` WHERE ( pid = '21307064331' )
[2019-12-26 16:00:29] /admin/modules/member/index.php?act=member&op=ajax&branch=check_email&member_email=sfs%40qq.c&user_name=sfs%40qq.c&member_id= ( act=member&op=ajax ) 
ERR: Db Error: Unknown column 'member_email' in 'where clause'
SELECT * FROM `user_users` WHERE ( member_email = 'sfs@qq.c' ) AND ( member_id <> '0' ) LIMIT 1  
[2019-12-26 16:00:29] /admin/modules/member/index.php?act=member&op=ajax&branch=check_email&member_email=sfs%40qq.co&user_name=sfs%40qq.co&member_id= ( act=member&op=ajax ) 
ERR: Db Error: Unknown column 'member_email' in 'where clause'
SELECT * FROM `user_users` WHERE ( member_email = 'sfs@qq.co' ) AND ( member_id <> '0' ) LIMIT 1  
[2019-12-26 16:00:29] /admin/modules/member/index.php?act=member&op=ajax&branch=check_email&member_email=sfs%40qq.com&user_name=sfs%40qq.com&member_id= ( act=member&op=ajax ) 
ERR: Db Error: Unknown column 'member_email' in 'where clause'
SELECT * FROM `user_users` WHERE ( member_email = 'sfs@qq.com' ) AND ( member_id <> '0' ) LIMIT 1  
[2019-12-26 16:04:01] /index.php?act=login&op=login ( act=login&op=login ) 
ERR: Db Error: Table 'sg.user_lock' doesn't exist
SELECT * FROM `user_lock` WHERE ( pid = '213070643301' ) LIMIT 1  
[2019-12-26 16:04:01] /index.php?act=login&op=login ( act=login&op=login ) 
ERR: Db Error: Table 'sg.user_lock' doesn't exist
DELETE  FROM `user_lock` WHERE ( pid = '213070643301' )
[2019-12-26 16:04:01] /index.php?act=login&op=login ( act=login&op=login ) 
ERR: Db Error: Table 'sg.user_lock' doesn't exist
DELETE  FROM `user_lock` WHERE ( pid = '21307064331' )
[2019-12-26 16:16:21] /admin/index.php?act=login&op=login ( act=login&op=login ) 
ERR: Db Error: Table 'sg.user_lock' doesn't exist
SELECT * FROM `user_lock` WHERE ( pid = '213070643305' ) LIMIT 1  
[2019-12-26 16:16:21] /admin/index.php?act=login&op=login ( act=login&op=login ) 
ERR: Db Error: Table 'sg.user_lock' doesn't exist
SELECT * FROM `user_lock` WHERE ( pid = '21307064335' ) LIMIT 1  
[2019-12-26 16:16:21] /admin/index.php?act=login&op=login ( act=login&op=login ) 
ERR: Db Error: Table 'sg.user_lock' doesn't exist
SELECT * FROM `user_lock` WHERE ( pid = '21307064335' ) LIMIT 1  
[2019-12-26 16:16:21] /admin/index.php?act=login&op=login ( act=login&op=login ) 
ERR: Db Error: Table 'sg.user_lock' doesn't exist
INSERT  INTO `user_lock` (pid,pvalue,expiretime) VALUES ('21307064335','1','1577348781')
[2019-12-26 16:18:13] /admin/index.php?act=login&op=login ( act=login&op=login ) 
ERR: Db Error: Table 'sg.user_lock' doesn't exist
SELECT * FROM `user_lock` WHERE ( pid = '213070643305' ) LIMIT 1  
[2019-12-26 16:18:13] /admin/index.php?act=login&op=login ( act=login&op=login ) 
ERR: Db Error: Table 'sg.user_lock' doesn't exist
DELETE  FROM `user_lock` WHERE ( pid = '213070643305' )
[2019-12-26 16:18:13] /admin/index.php?act=login&op=login ( act=login&op=login ) 
ERR: Db Error: Table 'sg.user_lock' doesn't exist
DELETE  FROM `user_lock` WHERE ( pid = '21307064335' )
[2019-12-26 16:19:29] /index.php?act=login&op=login ( act=login&op=login ) 
ERR: Db Error: Table 'sg.user_lock' doesn't exist
SELECT * FROM `user_lock` WHERE ( pid = '213070643301' ) LIMIT 1  
[2019-12-26 16:19:29] /index.php?act=login&op=login ( act=login&op=login ) 
ERR: Db Error: Table 'sg.user_lock' doesn't exist
SELECT * FROM `user_lock` WHERE ( pid = '21307064331' ) LIMIT 1  
[2019-12-26 16:19:29] /index.php?act=login&op=login ( act=login&op=login ) 
ERR: Db Error: Table 'sg.user_lock' doesn't exist
SELECT * FROM `user_lock` WHERE ( pid = '21307064331' ) LIMIT 1  
[2019-12-26 16:19:29] /index.php?act=login&op=login ( act=login&op=login ) 
ERR: Db Error: Table 'sg.user_lock' doesn't exist
INSERT  INTO `user_lock` (pid,pvalue,expiretime) VALUES ('21307064331','1','1577348969')
