[2019-12-24 15:24:39] /admin/index.php?act=login&op=login ( act=login&op=login ) 
ERR: Db Error: Table 'sg.user_lock' doesn't exist
SELECT * FROM `user_lock` WHERE ( pid = '213070643305' ) LIMIT 1  
[2019-12-24 15:24:39] /admin/index.php?act=login&op=login ( act=login&op=login ) 
ERR: Db Error: Table 'sg.user_lock' doesn't exist
DELETE  FROM `user_lock` WHERE ( pid = '213070643305' )
[2019-12-24 15:24:39] /admin/index.php?act=login&op=login ( act=login&op=login ) 
ERR: Db Error: Table 'sg.user_lock' doesn't exist
DELETE  FROM `user_lock` WHERE ( pid = '21307064335' )
[2019-12-24 15:25:10] /index.php?act=login&op=login ( act=login&op=login ) 
ERR: Db Error: Table 'sg.user_lock' doesn't exist
SELECT * FROM `user_lock` WHERE ( pid = '213070643301' ) LIMIT 1  
[2019-12-24 15:25:10] /index.php?act=login&op=login ( act=login&op=login ) 
ERR: Db Error: Table 'sg.user_lock' doesn't exist
DELETE  FROM `user_lock` WHERE ( pid = '213070643301' )
[2019-12-24 15:25:10] /index.php?act=login&op=login ( act=login&op=login ) 
ERR: Db Error: Table 'sg.user_lock' doesn't exist
DELETE  FROM `user_lock` WHERE ( pid = '21307064331' )
[2019-12-24 15:28:04] /index.php?act=login&op=login ( act=login&op=login ) 
ERR: Db Error: Table 'sg.user_lock' doesn't exist
SELECT * FROM `user_lock` WHERE ( pid = '213070643301' ) LIMIT 1  
[2019-12-24 15:28:04] /index.php?act=login&op=login ( act=login&op=login ) 
ERR: Db Error: Table 'sg.user_lock' doesn't exist
DELETE  FROM `user_lock` WHERE ( pid = '213070643301' )
[2019-12-24 15:28:04] /index.php?act=login&op=login ( act=login&op=login ) 
ERR: Db Error: Table 'sg.user_lock' doesn't exist
DELETE  FROM `user_lock` WHERE ( pid = '21307064331' )
[2019-12-24 16:08:22] /index.php?act=login&op=login ( act=login&op=login ) 
ERR: Db Error: Table 'sg.user_lock' doesn't exist
SELECT * FROM `user_lock` WHERE ( pid = '213070643301' ) LIMIT 1  
[2019-12-24 16:08:22] /index.php?act=login&op=login ( act=login&op=login ) 
ERR: Db Error: Table 'sg.user_lock' doesn't exist
SELECT * FROM `user_lock` WHERE ( pid = '21307064331' ) LIMIT 1  
[2019-12-24 16:08:22] /index.php?act=login&op=login ( act=login&op=login ) 
ERR: Db Error: Table 'sg.user_lock' doesn't exist
SELECT * FROM `user_lock` WHERE ( pid = '21307064331' ) LIMIT 1  
[2019-12-24 16:08:22] /index.php?act=login&op=login ( act=login&op=login ) 
ERR: Db Error: Table 'sg.user_lock' doesn't exist
INSERT  INTO `user_lock` (pid,pvalue,expiretime) VALUES ('21307064331','1','1577175502')
[2019-12-24 16:08:29] /index.php?act=login&op=login ( act=login&op=login ) 
ERR: Db Error: Table 'sg.user_lock' doesn't exist
SELECT * FROM `user_lock` WHERE ( pid = '213070643301' ) LIMIT 1  
[2019-12-24 16:08:29] /index.php?act=login&op=login ( act=login&op=login ) 
ERR: Db Error: Table 'sg.user_lock' doesn't exist
DELETE  FROM `user_lock` WHERE ( pid = '213070643301' )
[2019-12-24 16:08:29] /index.php?act=login&op=login ( act=login&op=login ) 
ERR: Db Error: Table 'sg.user_lock' doesn't exist
DELETE  FROM `user_lock` WHERE ( pid = '21307064331' )
[2019-12-24 16:08:46] /index.php?act=login&op=login ( act=login&op=login ) 
ERR: Db Error: Table 'sg.user_lock' doesn't exist
SELECT * FROM `user_lock` WHERE ( pid = '213070643301' ) LIMIT 1  
[2019-12-24 16:08:46] /index.php?act=login&op=login ( act=login&op=login ) 
ERR: Db Error: Table 'sg.user_lock' doesn't exist
DELETE  FROM `user_lock` WHERE ( pid = '213070643301' )
[2019-12-24 16:08:46] /index.php?act=login&op=login ( act=login&op=login ) 
ERR: Db Error: Table 'sg.user_lock' doesn't exist
DELETE  FROM `user_lock` WHERE ( pid = '21307064331' )
[2019-12-24 17:45:24] /index.php?act=login&op=login ( act=login&op=login ) 
ERR: Db Error: Table 'sg.user_lock' doesn't exist
SELECT * FROM `user_lock` WHERE ( pid = '213070643301' ) LIMIT 1  
[2019-12-24 17:45:24] /index.php?act=login&op=login ( act=login&op=login ) 
ERR: Db Error: Table 'sg.user_lock' doesn't exist
DELETE  FROM `user_lock` WHERE ( pid = '213070643301' )
[2019-12-24 17:45:24] /index.php?act=login&op=login ( act=login&op=login ) 
ERR: Db Error: Table 'sg.user_lock' doesn't exist
DELETE  FROM `user_lock` WHERE ( pid = '21307064331' )
